planning: env=0, path=- || (  0% complete) success rate = ---- planning time = ----sec
planning: env=0, path=2000 || (  0% complete) success rate =  1.0 planning time = 1.61sec
planning: env=0, path=2001 || (  1% complete) success rate =  1.0 planning time = 0.0966sec
planning: env=0, path=2002 || (  2% complete) success rate =  1.0 planning time = 4.47sec
planning: env=0, path=2003 || (  3% complete) success rate =  1.0 planning time = 0.313sec
planning: env=0, path=2005 || (  5% complete) success rate = 0.833 planning time = 0.648sec
planning: env=0, path=2006 || (  6% complete) success rate = 0.857 planning time = 2.82sec
planning: env=0, path=2007 || (  7% complete) success rate = 0.875 planning time = 0.33sec
planning: env=0, path=2008 || (  8% complete) success rate = 0.889 planning time = 0.787sec
planning: env=0, path=2009 || (  9% complete) success rate =  0.9 planning time = 0.326sec
planning: env=0, path=2010 || ( 10% complete) success rate = 0.909 planning time = 0.361sec
planning: env=0, path=2011 || ( 11% complete) success rate = 0.917 planning time = 0.706sec
planning: env=0, path=2011 || ( 13% complete) success rate = 0.917 planning time = 0.706sec
planning: env=0, path=2013 || ( 13% complete) success rate = 0.857 planning time = 0.213sec
planning: env=0, path=2015 || ( 15% complete) success rate = 0.812 planning time = 0.402sec
planning: env=0, path=2016 || ( 16% complete) success rate = 0.824 planning time = 0.484sec
planning: env=0, path=2017 || ( 17% complete) success rate = 0.833 planning time = 0.385sec
planning: env=0, path=2018 || ( 18% complete) success rate = 0.842 planning time = 0.245sec
planning: env=0, path=2019 || ( 19% complete) success rate = 0.85 planning time = 0.534sec
planning: env=0, path=2020 || ( 20% complete) success rate = 0.857 planning time = 0.118sec
planning: env=0, path=2021 || ( 21% complete) success rate = 0.864 planning time = 3.46sec
planning: env=0, path=2022 || ( 22% complete) success rate = 0.87 planning time = 3.66sec
planning: env=0, path=2023 || ( 23% complete) success rate = 0.875 planning time = 0.622sec
planning: env=0, path=2024 || ( 24% complete) success rate = 0.88 planning time = 0.721sec
planning: env=0, path=2025 || ( 25% complete) success rate = 0.885 planning time = 5.04sec
planning: env=0, path=2026 || ( 26% complete) success rate = 0.889 planning time = 0.432sec
planning: env=0, path=2027 || ( 27% complete) success rate = 0.893 planning time = 1.14sec
planning: env=0, path=2028 || ( 28% complete) success rate = 0.897 planning time = 5.73sec
planning: env=0, path=2029 || ( 29% complete) success rate =  0.9 planning time = 0.445sec
planning: env=0, path=2030 || ( 30% complete) success rate = 0.903 planning time = 0.279sec
planning: env=0, path=2031 || ( 31% complete) success rate = 0.906 planning time = 0.657sec
planning: env=0, path=2032 || ( 32% complete) success rate = 0.909 planning time = 0.347sec
planning: env=0, path=2033 || ( 33% complete) success rate = 0.912 planning time = 0.245sec
planning: env=0, path=2034 || ( 34% complete) success rate = 0.914 planning time = 0.0405sec
planning: env=0, path=2035 || ( 35% complete) success rate = 0.917 planning time = 0.328sec
planning: env=0, path=2036 || ( 36% complete) success rate = 0.919 planning time = 0.252sec
planning: env=0, path=2037 || ( 37% complete) success rate = 0.921 planning time = 0.379sec
planning: env=0, path=2038 || ( 38% complete) success rate = 0.923 planning time = 0.448sec
planning: env=0, path=2039 || ( 39% complete) success rate = 0.925 planning time = 0.499sec
planning: env=0, path=2040 || ( 40% complete) success rate = 0.927 planning time = 0.261sec
planning: env=0, path=2041 || ( 41% complete) success rate = 0.929 planning time = 1.53sec
planning: env=0, path=2042 || ( 42% complete) success rate = 0.93 planning time = 3.95sec
planning: env=0, path=2043 || ( 43% complete) success rate = 0.932 planning time = 0.249sec
planning: env=0, path=2044 || ( 44% complete) success rate = 0.933 planning time = 0.189sec
planning: env=0, path=2045 || ( 45% complete) success rate = 0.935 planning time = 0.646sec
planning: env=0, path=2046 || ( 46% complete) success rate = 0.936 planning time = 0.498sec
planning: env=0, path=2046 || ( 49% complete) success rate = 0.936 planning time = 0.498sec
planning: env=0, path=2046 || ( 50% complete) success rate = 0.936 planning time = 0.498sec
planning: env=0, path=2050 || ( 50% complete) success rate = 0.882 planning time = 0.502sec
planning: env=0, path=2051 || ( 51% complete) success rate = 0.885 planning time = 0.395sec
planning: env=0, path=2051 || ( 54% complete) success rate = 0.885 planning time = 0.395sec
planning: env=0, path=2054 || ( 54% complete) success rate = 0.855 planning time = 0.718sec
planning: env=0, path=2055 || ( 55% complete) success rate = 0.857 planning time = 0.233sec
planning: env=0, path=2056 || ( 56% complete) success rate = 0.86 planning time = 0.566sec
planning: env=0, path=2056 || ( 59% complete) success rate = 0.86 planning time = 0.566sec
planning: env=0, path=2059 || ( 59% complete) success rate = 0.833 planning time = 0.678sec
planning: env=0, path=2060 || ( 60% complete) success rate = 0.836 planning time = 0.581sec
planning: env=0, path=2061 || ( 61% complete) success rate = 0.839 planning time = 0.123sec
planning: env=0, path=2062 || ( 62% complete) success rate = 0.841 planning time = 0.503sec
planning: env=0, path=2063 || ( 63% complete) success rate = 0.844 planning time = 0.35sec
planning: env=0, path=2064 || ( 64% complete) success rate = 0.846 planning time = 0.577sec
planning: env=0, path=2064 || ( 66% complete) success rate = 0.846 planning time = 0.577sec
planning: env=0, path=2067 || ( 67% complete) success rate = 0.824 planning time = 0.659sec
planning: env=0, path=2068 || ( 68% complete) success rate = 0.826 planning time = 0.421sec
planning: env=0, path=2068 || ( 70% complete) success rate = 0.826 planning time = 0.421sec
planning: env=0, path=2070 || ( 70% complete) success rate = 0.817 planning time = 0.609sec
planning: env=0, path=2071 || ( 71% complete) success rate = 0.819 planning time = 0.206sec
planning: env=0, path=2071 || ( 73% complete) success rate = 0.819 planning time = 0.206sec
planning: env=0, path=2071 || ( 74% complete) success rate = 0.819 planning time = 0.206sec
planning: env=0, path=2074 || ( 74% complete) success rate =  0.8 planning time = 0.601sec
planning: env=0, path=2075 || ( 75% complete) success rate = 0.803 planning time = 0.26sec
planning: env=0, path=2076 || ( 76% complete) success rate = 0.805 planning time = 0.435sec
planning: env=0, path=2076 || ( 78% complete) success rate = 0.805 planning time = 0.435sec
planning: env=0, path=2076 || ( 79% complete) success rate = 0.805 planning time = 0.435sec
planning: env=0, path=2076 || ( 80% complete) success rate = 0.805 planning time = 0.435sec
planning: env=0, path=2076 || ( 82% complete) success rate = 0.805 planning time = 0.435sec
planning: env=0, path=2082 || ( 82% complete) success rate = 0.759 planning time = 0.574sec
planning: env=0, path=2083 || ( 83% complete) success rate = 0.762 planning time = 0.459sec
planning: env=0, path=2084 || ( 84% complete) success rate = 0.765 planning time = 0.637sec
planning: env=0, path=2085 || ( 85% complete) success rate = 0.767 planning time = 0.244sec
planning: env=0, path=2085 || ( 87% complete) success rate = 0.767 planning time = 0.244sec
planning: env=0, path=2087 || ( 87% complete) success rate = 0.761 planning time = 0.528sec
planning: env=0, path=2088 || ( 88% complete) success rate = 0.764 planning time = 4.09sec
planning: env=0, path=2089 || ( 89% complete) success rate = 0.767 planning time = 0.488sec
planning: env=0, path=2090 || ( 90% complete) success rate = 0.769 planning time = 0.166sec
planning: env=0, path=2091 || ( 91% complete) success rate = 0.772 planning time = 0.165sec
planning: env=0, path=2092 || ( 92% complete) success rate = 0.774 planning time = 0.402sec
planning: env=0, path=2093 || ( 93% complete) success rate = 0.777 planning time = 0.391sec
planning: env=0, path=2094 || ( 94% complete) success rate = 0.779 planning time = 0.704sec
planning: env=0, path=2095 || ( 95% complete) success rate = 0.781 planning time = 0.706sec
planning: env=0, path=2096 || ( 96% complete) success rate = 0.784 planning time = 0.619sec
planning: env=0, path=2097 || ( 97% complete) success rate = 0.786 planning time = 0.139sec
planning: env=0, path=2098 || ( 98% complete) success rate = 0.788 planning time = 2.73sec
planning: env=0, path=2099 || ( 99% complete) success rate = 0.79 planning time = 0.651sec
planning: env=0, path=2099 || (100% complete) success rate = 0.79 planning time = 0.651sec
planning: env=1, path=- || (  0% complete) success rate = ---- planning time = ----sec
planning: env=1, path=2000 || (  0% complete) success rate =  1.0 planning time = 0.673sec
planning: env=1, path=2001 || (  1% complete) success rate =  1.0 planning time = 0.625sec
planning: env=1, path=2002 || (  2% complete) success rate =  1.0 planning time = 0.523sec
planning: env=1, path=2003 || (  3% complete) success rate =  1.0 planning time = 0.283sec
planning: env=1, path=2004 || (  4% complete) success rate =  1.0 planning time = 0.486sec
planning: env=1, path=2005 || (  5% complete) success rate =  1.0 planning time = 0.224sec
planning: env=1, path=2005 || (  7% complete) success rate =  1.0 planning time = 0.224sec
planning: env=1, path=2005 || (  8% complete) success rate =  1.0 planning time = 0.224sec
planning: env=1, path=2008 || (  8% complete) success rate = 0.778 planning time = 0.676sec
planning: env=1, path=2009 || (  9% complete) success rate =  0.8 planning time = 0.735sec
planning: env=1, path=2010 || ( 10% complete) success rate = 0.818 planning time = 0.397sec
planning: env=1, path=2011 || ( 11% complete) success rate = 0.833 planning time = 0.698sec
planning: env=1, path=2012 || ( 12% complete) success rate = 0.846 planning time = 0.333sec
planning: env=1, path=2013 || ( 13% complete) success rate = 0.857 planning time = 0.537sec
planning: env=1, path=2014 || ( 14% complete) success rate = 0.867 planning time = 0.272sec
planning: env=1, path=2015 || ( 15% complete) success rate = 0.875 planning time =  2.8sec
planning: env=1, path=2015 || ( 17% complete) success rate = 0.875 planning time =  2.8sec
planning: env=1, path=2015 || ( 18% complete) success rate = 0.875 planning time =  2.8sec
planning: env=1, path=2015 || ( 19% complete) success rate = 0.875 planning time =  2.8sec
planning: env=1, path=2019 || ( 19% complete) success rate = 0.75 planning time = 0.313sec
planning: env=1, path=2019 || ( 21% complete) success rate = 0.75 planning time = 0.313sec
planning: env=1, path=2021 || ( 21% complete) success rate = 0.727 planning time = 0.435sec
planning: env=1, path=2022 || ( 22% complete) success rate = 0.739 planning time = 0.61sec
planning: env=1, path=2023 || ( 23% complete) success rate = 0.75 planning time = 2.05sec
planning: env=1, path=2024 || ( 24% complete) success rate = 0.76 planning time = 0.799sec
planning: env=1, path=2025 || ( 25% complete) success rate = 0.769 planning time = 0.114sec
planning: env=1, path=2026 || ( 26% complete) success rate = 0.778 planning time = 0.223sec
planning: env=1, path=2027 || ( 27% complete) success rate = 0.786 planning time = 0.42sec
planning: env=1, path=2029 || ( 29% complete) success rate = 0.767 planning time = 0.596sec
planning: env=1, path=2030 || ( 30% complete) success rate = 0.774 planning time = 0.739sec
planning: env=1, path=2031 || ( 31% complete) success rate = 0.781 planning time = 0.422sec
planning: env=1, path=2032 || ( 32% complete) success rate = 0.788 planning time = 0.407sec
planning: env=1, path=2033 || ( 33% complete) success rate = 0.794 planning time = 0.285sec
planning: env=1, path=2033 || ( 35% complete) success rate = 0.794 planning time = 0.285sec
planning: env=1, path=2035 || ( 35% complete) success rate = 0.778 planning time = 0.345sec
planning: env=1, path=2036 || ( 36% complete) success rate = 0.784 planning time = 0.633sec
planning: env=1, path=2037 || ( 37% complete) success rate = 0.789 planning time = 9.15sec
planning: env=1, path=2038 || ( 38% complete) success rate = 0.795 planning time =  1.4sec
planning: env=1, path=2039 || ( 39% complete) success rate =  0.8 planning time = 1.98sec
planning: env=1, path=2040 || ( 40% complete) success rate = 0.805 planning time = 0.529sec
planning: env=1, path=2041 || ( 41% complete) success rate = 0.81 planning time = 0.284sec
planning: env=1, path=2042 || ( 42% complete) success rate = 0.814 planning time = 0.365sec
planning: env=1, path=2042 || ( 44% complete) success rate = 0.814 planning time = 0.365sec
planning: env=1, path=2042 || ( 45% complete) success rate = 0.814 planning time = 0.365sec
planning: env=1, path=2045 || ( 45% complete) success rate = 0.783 planning time = 0.564sec
planning: env=1, path=2046 || ( 46% complete) success rate = 0.787 planning time = 0.248sec
planning: env=1, path=2047 || ( 47% complete) success rate = 0.792 planning time = 0.249sec
planning: env=1, path=2048 || ( 48% complete) success rate = 0.796 planning time = 0.157sec
planning: env=1, path=2048 || ( 50% complete) success rate = 0.796 planning time = 0.157sec
planning: env=1, path=2050 || ( 50% complete) success rate = 0.784 planning time = 0.336sec
planning: env=1, path=2051 || ( 51% complete) success rate = 0.788 planning time = 3.16sec
planning: env=1, path=2052 || ( 52% complete) success rate = 0.792 planning time = 0.483sec
planning: env=1, path=2053 || ( 53% complete) success rate = 0.796 planning time = 0.431sec
planning: env=1, path=2054 || ( 54% complete) success rate =  0.8 planning time = 0.911sec
planning: env=1, path=2055 || ( 55% complete) success rate = 0.804 planning time = 0.623sec
planning: env=1, path=2056 || ( 56% complete) success rate = 0.807 planning time = 0.47sec
planning: env=1, path=2058 || ( 58% complete) success rate = 0.797 planning time = 0.498sec
planning: env=1, path=2059 || ( 59% complete) success rate =  0.8 planning time = 0.297sec
planning: env=1, path=2060 || ( 60% complete) success rate = 0.803 planning time = 0.682sec
planning: env=1, path=2060 || ( 63% complete) success rate = 0.803 planning time = 0.682sec
planning: env=1, path=2063 || ( 63% complete) success rate = 0.781 planning time = 0.619sec
planning: env=1, path=2064 || ( 64% complete) success rate = 0.785 planning time = 0.656sec
planning: env=1, path=2064 || ( 66% complete) success rate = 0.785 planning time = 0.656sec
planning: env=1, path=2066 || ( 66% complete) success rate = 0.776 planning time = 0.208sec
planning: env=1, path=2067 || ( 67% complete) success rate = 0.779 planning time = 0.435sec
planning: env=1, path=2068 || ( 68% complete) success rate = 0.783 planning time = 0.444sec
planning: env=1, path=2069 || ( 69% complete) success rate = 0.786 planning time = 0.577sec
planning: env=1, path=2070 || ( 70% complete) success rate = 0.789 planning time = 0.247sec
planning: env=1, path=2071 || ( 71% complete) success rate = 0.792 planning time = 0.424sec
planning: env=1, path=2072 || ( 72% complete) success rate = 0.795 planning time = 0.412sec
planning: env=1, path=2072 || ( 74% complete) success rate = 0.795 planning time = 0.412sec
planning: env=1, path=2072 || ( 75% complete) success rate = 0.795 planning time = 0.412sec
planning: env=1, path=2075 || ( 75% complete) success rate = 0.776 planning time = 0.41sec
planning: env=1, path=2076 || ( 76% complete) success rate = 0.779 planning time = 4.43sec
planning: env=1, path=2076 || ( 78% complete) success rate = 0.779 planning time = 4.43sec
planning: env=1, path=2078 || ( 78% complete) success rate = 0.772 planning time = 3.28sec
planning: env=1, path=2079 || ( 79% complete) success rate = 0.775 planning time = 0.591sec
planning: env=1, path=2081 || ( 81% complete) success rate = 0.768 planning time = 0.396sec
planning: env=1, path=2081 || ( 83% complete) success rate = 0.768 planning time = 0.396sec
planning: env=1, path=2083 || ( 83% complete) success rate = 0.762 planning time = 1.05sec
planning: env=1, path=2084 || ( 84% complete) success rate = 0.765 planning time = 0.786sec
planning: env=1, path=2085 || ( 85% complete) success rate = 0.767 planning time = 0.406sec
planning: env=1, path=2086 || ( 86% complete) success rate = 0.77 planning time = 0.507sec
planning: env=1, path=2087 || ( 87% complete) success rate = 0.773 planning time = 0.757sec
planning: env=1, path=2088 || ( 88% complete) success rate = 0.775 planning time = 0.486sec
planning: env=1, path=2089 || ( 89% complete) success rate = 0.778 planning time = 0.354sec
planning: env=1, path=2090 || ( 90% complete) success rate = 0.78 planning time = 0.411sec
planning: env=1, path=2091 || ( 91% complete) success rate = 0.783 planning time = 0.242sec
planning: env=1, path=2092 || ( 92% complete) success rate = 0.785 planning time = 0.692sec
planning: env=1, path=2093 || ( 93% complete) success rate = 0.787 planning time = 0.66sec
planning: env=1, path=2094 || ( 94% complete) success rate = 0.789 planning time = 0.283sec
planning: env=1, path=2095 || ( 95% complete) success rate = 0.792 planning time = 1.26sec
planning: env=1, path=2096 || ( 96% complete) success rate = 0.794 planning time = 0.0714sec
planning: env=1, path=2097 || ( 97% complete) success rate = 0.796 planning time = 0.664sec
planning: env=1, path=2098 || ( 98% complete) success rate = 0.798 planning time = 0.495sec
planning: env=1, path=2099 || ( 99% complete) success rate =  0.8 planning time = 0.437sec
planning: env=1, path=2099 || (100% complete) success rate =  0.8 planning time = 0.437sec
planning: env=2, path=- || (  0% complete) success rate = ---- planning time = ----sec
planning: env=2, path=2000 || (  0% complete) success rate =  1.0 planning time = 0.385sec
planning: env=2, path=2000 || (  2% complete) success rate =  1.0 planning time = 0.385sec
planning: env=2, path=2000 || (  3% complete) success rate =  1.0 planning time = 0.385sec
planning: env=2, path=2003 || (  3% complete) success rate =  0.5 planning time = 0.348sec
planning: env=2, path=2004 || (  4% complete) success rate =  0.6 planning time = 0.535sec
planning: env=2, path=2005 || (  5% complete) success rate = 0.667 planning time = 0.785sec
planning: env=2, path=2006 || (  6% complete) success rate = 0.714 planning time = 0.536sec
planning: env=2, path=2007 || (  7% complete) success rate = 0.75 planning time = 9.61sec
planning: env=2, path=2008 || (  8% complete) success rate = 0.778 planning time = 0.326sec
planning: env=2, path=2009 || (  9% complete) success rate =  0.8 planning time = 0.51sec
planning: env=2, path=2009 || ( 11% complete) success rate =  0.8 planning time = 0.51sec
planning: env=2, path=2011 || ( 11% complete) success rate = 0.75 planning time = 0.459sec
planning: env=2, path=2011 || ( 13% complete) success rate = 0.75 planning time = 0.459sec
planning: env=2, path=2013 || ( 13% complete) success rate = 0.714 planning time = 0.424sec
planning: env=2, path=2014 || ( 14% complete) success rate = 0.733 planning time = 0.69sec
planning: env=2, path=2015 || ( 15% complete) success rate = 0.75 planning time = 0.171sec
planning: env=2, path=2016 || ( 16% complete) success rate = 0.765 planning time = 0.28sec
planning: env=2, path=2017 || ( 17% complete) success rate = 0.778 planning time = 0.175sec
planning: env=2, path=2018 || ( 18% complete) success rate = 0.789 planning time = 0.347sec
planning: env=2, path=2019 || ( 19% complete) success rate =  0.8 planning time = 0.489sec
planning: env=2, path=2020 || ( 20% complete) success rate = 0.81 planning time = 0.315sec
planning: env=2, path=2021 || ( 21% complete) success rate = 0.818 planning time = 0.326sec
planning: env=2, path=2022 || ( 22% complete) success rate = 0.826 planning time = 0.633sec
planning: env=2, path=2023 || ( 23% complete) success rate = 0.833 planning time = 0.648sec
planning: env=2, path=2024 || ( 24% complete) success rate = 0.84 planning time = 0.318sec
planning: env=2, path=2025 || ( 25% complete) success rate = 0.846 planning time = 0.496sec
planning: env=2, path=2026 || ( 26% complete) success rate = 0.852 planning time = 0.639sec
planning: env=2, path=2027 || ( 27% complete) success rate = 0.857 planning time = 0.639sec
planning: env=2, path=2028 || ( 28% complete) success rate = 0.862 planning time = 1.33sec
planning: env=2, path=2029 || ( 29% complete) success rate = 0.867 planning time = 0.243sec
planning: env=2, path=2030 || ( 30% complete) success rate = 0.871 planning time = 2.88sec
planning: env=2, path=2031 || ( 31% complete) success rate = 0.875 planning time = 0.327sec
planning: env=2, path=2031 || ( 33% complete) success rate = 0.875 planning time = 0.327sec
planning: env=2, path=2033 || ( 33% complete) success rate = 0.853 planning time = 1.27sec
planning: env=2, path=2034 || ( 34% complete) success rate = 0.857 planning time = 0.457sec
planning: env=2, path=2035 || ( 35% complete) success rate = 0.861 planning time = 13.0sec
planning: env=2, path=2036 || ( 36% complete) success rate = 0.865 planning time = 3.34sec
planning: env=2, path=2037 || ( 37% complete) success rate = 0.868 planning time = 0.567sec
planning: env=2, path=2038 || ( 38% complete) success rate = 0.872 planning time = 3.71sec
planning: env=2, path=2039 || ( 39% complete) success rate = 0.875 planning time = 3.33sec
planning: env=2, path=2040 || ( 40% complete) success rate = 0.878 planning time = 0.326sec
planning: env=2, path=2041 || ( 41% complete) success rate = 0.881 planning time = 0.324sec
planning: env=2, path=2042 || ( 42% complete) success rate = 0.884 planning time = 0.789sec
planning: env=2, path=2043 || ( 43% complete) success rate = 0.886 planning time = 0.504sec
planning: env=2, path=2044 || ( 44% complete) success rate = 0.889 planning time = 3.39sec
planning: env=2, path=2045 || ( 45% complete) success rate = 0.891 planning time = 6.03sec
planning: env=2, path=2046 || ( 46% complete) success rate = 0.894 planning time = 0.645sec
planning: env=2, path=2047 || ( 47% complete) success rate = 0.896 planning time = 0.297sec
planning: env=2, path=2048 || ( 48% complete) success rate = 0.898 planning time = 0.548sec
planning: env=2, path=2049 || ( 49% complete) success rate =  0.9 planning time = 0.302sec
planning: env=2, path=2050 || ( 50% complete) success rate = 0.902 planning time = 0.493sec
planning: env=2, path=2051 || ( 51% complete) success rate = 0.904 planning time = 0.164sec
planning: env=2, path=2052 || ( 52% complete) success rate = 0.906 planning time = 0.808sec
planning: env=2, path=2053 || ( 53% complete) success rate = 0.907 planning time = 0.312sec
planning: env=2, path=2054 || ( 54% complete) success rate = 0.909 planning time = 0.318sec
planning: env=2, path=2054 || ( 56% complete) success rate = 0.909 planning time = 0.318sec
planning: env=2, path=2056 || ( 56% complete) success rate = 0.895 planning time = 0.317sec
planning: env=2, path=2057 || ( 57% complete) success rate = 0.897 planning time = 0.26sec
planning: env=2, path=2058 || ( 58% complete) success rate = 0.898 planning time = 0.35sec
planning: env=2, path=2058 || ( 60% complete) success rate = 0.898 planning time = 0.35sec
planning: env=2, path=2060 || ( 60% complete) success rate = 0.885 planning time = 1.54sec
planning: env=2, path=2061 || ( 61% complete) success rate = 0.887 planning time = 0.294sec
planning: env=2, path=2061 || ( 63% complete) success rate = 0.887 planning time = 0.294sec
planning: env=2, path=2063 || ( 63% complete) success rate = 0.875 planning time = 0.595sec
planning: env=2, path=2064 || ( 64% complete) success rate = 0.877 planning time = 0.517sec
planning: env=2, path=2065 || ( 65% complete) success rate = 0.879 planning time = 0.26sec
planning: env=2, path=2066 || ( 66% complete) success rate = 0.881 planning time = 0.821sec
planning: env=2, path=2067 || ( 67% complete) success rate = 0.882 planning time = 0.696sec
planning: env=2, path=2068 || ( 68% complete) success rate = 0.884 planning time = 0.507sec
planning: env=2, path=2069 || ( 69% complete) success rate = 0.886 planning time = 0.491sec
planning: env=2, path=2070 || ( 70% complete) success rate = 0.887 planning time = 0.332sec
planning: env=2, path=2071 || ( 71% complete) success rate = 0.889 planning time = 0.539sec
planning: env=2, path=2072 || ( 72% complete) success rate = 0.89 planning time = 0.347sec
planning: env=2, path=2073 || ( 73% complete) success rate = 0.892 planning time = 0.452sec
planning: env=2, path=2074 || ( 74% complete) success rate = 0.893 planning time = 0.0809sec
planning: env=2, path=2075 || ( 75% complete) success rate = 0.895 planning time = 0.556sec
planning: env=2, path=2076 || ( 76% complete) success rate = 0.896 planning time = 0.257sec
planning: env=2, path=2076 || ( 78% complete) success rate = 0.896 planning time = 0.257sec
planning: env=2, path=2078 || ( 78% complete) success rate = 0.886 planning time = 0.596sec
planning: env=2, path=2079 || ( 79% complete) success rate = 0.887 planning time = 3.74sec
planning: env=2, path=2080 || ( 80% complete) success rate = 0.889 planning time = 1.78sec
planning: env=2, path=2081 || ( 81% complete) success rate = 0.89 planning time = 0.062sec
planning: env=2, path=2082 || ( 82% complete) success rate = 0.892 planning time = 3.67sec
planning: env=2, path=2083 || ( 83% complete) success rate = 0.893 planning time = 0.699sec
planning: env=2, path=2083 || ( 85% complete) success rate = 0.893 planning time = 0.699sec
planning: env=2, path=2085 || ( 85% complete) success rate = 0.884 planning time = 10.7sec
planning: env=2, path=2086 || ( 86% complete) success rate = 0.885 planning time = 0.621sec
planning: env=2, path=2087 || ( 87% complete) success rate = 0.886 planning time = 3.84sec
planning: env=2, path=2088 || ( 88% complete) success rate = 0.888 planning time = 0.489sec
planning: env=2, path=2088 || ( 90% complete) success rate = 0.888 planning time = 0.489sec
planning: env=2, path=2091 || ( 91% complete) success rate = 0.87 planning time = 0.223sec
planning: env=2, path=2091 || ( 93% complete) success rate = 0.87 planning time = 0.223sec
planning: env=2, path=2091 || ( 94% complete) success rate = 0.87 planning time = 0.223sec
planning: env=2, path=2094 || ( 94% complete) success rate = 0.853 planning time = 0.411sec
planning: env=2, path=2096 || ( 96% complete) success rate = 0.845 planning time = 0.673sec
planning: env=2, path=2097 || ( 97% complete) success rate = 0.847 planning time =  0.2sec
planning: env=2, path=2098 || ( 98% complete) success rate = 0.848 planning time = 2.91sec
planning: env=2, path=2099 || ( 99% complete) success rate = 0.85 planning time = 0.586sec
planning: env=2, path=2099 || (100% complete) success rate = 0.85 planning time = 0.586sec
planning: env=3, path=- || (  0% complete) success rate = ---- planning time = ----sec
planning: env=3, path=2000 || (  0% complete) success rate =  1.0 planning time = 0.441sec
planning: env=3, path=2001 || (  1% complete) success rate =  1.0 planning time = 0.392sec
planning: env=3, path=2002 || (  2% complete) success rate =  1.0 planning time = 0.219sec
planning: env=3, path=2003 || (  3% complete) success rate =  1.0 planning time = 0.553sec
planning: env=3, path=2004 || (  4% complete) success rate =  1.0 planning time = 0.241sec
planning: env=3, path=2005 || (  5% complete) success rate =  1.0 planning time = 0.176sec
planning: env=3, path=2006 || (  6% complete) success rate =  1.0 planning time = 0.239sec
planning: env=3, path=2007 || (  7% complete) success rate =  1.0 planning time =  0.3sec
planning: env=3, path=2007 || (  9% complete) success rate =  1.0 planning time =  0.3sec
planning: env=3, path=2009 || (  9% complete) success rate =  0.9 planning time = 4.24sec
planning: env=3, path=2010 || ( 10% complete) success rate = 0.909 planning time = 2.88sec
planning: env=3, path=2011 || ( 11% complete) success rate = 0.917 planning time = 0.175sec
planning: env=3, path=2012 || ( 12% complete) success rate = 0.923 planning time = 0.442sec
planning: env=3, path=2013 || ( 13% complete) success rate = 0.929 planning time = 0.65sec
planning: env=3, path=2014 || ( 14% complete) success rate = 0.933 planning time = 0.41sec
planning: env=3, path=2014 || ( 16% complete) success rate = 0.933 planning time = 0.41sec
planning: env=3, path=2016 || ( 16% complete) success rate = 0.882 planning time = 0.297sec
planning: env=3, path=2016 || ( 18% complete) success rate = 0.882 planning time = 0.297sec
planning: env=3, path=2018 || ( 18% complete) success rate = 0.842 planning time = 0.506sec
planning: env=3, path=2019 || ( 19% complete) success rate = 0.85 planning time = 0.959sec
planning: env=3, path=2020 || ( 20% complete) success rate = 0.857 planning time = 0.68sec
planning: env=3, path=2021 || ( 21% complete) success rate = 0.864 planning time = 0.256sec
planning: env=3, path=2022 || ( 22% complete) success rate = 0.87 planning time = 0.542sec
planning: env=3, path=2023 || ( 23% complete) success rate = 0.875 planning time = 0.467sec
planning: env=3, path=2024 || ( 24% complete) success rate = 0.88 planning time = 0.206sec
planning: env=3, path=2025 || ( 25% complete) success rate = 0.885 planning time = 0.916sec
planning: env=3, path=2025 || ( 27% complete) success rate = 0.885 planning time = 0.916sec
planning: env=3, path=2025 || ( 28% complete) success rate = 0.885 planning time = 0.916sec
planning: env=3, path=2029 || ( 29% complete) success rate =  0.8 planning time = 0.431sec
planning: env=3, path=2030 || ( 30% complete) success rate = 0.806 planning time = 0.256sec
planning: env=3, path=2031 || ( 31% complete) success rate = 0.812 planning time = 0.676sec
planning: env=3, path=2032 || ( 32% complete) success rate = 0.818 planning time = 0.385sec
planning: env=3, path=2033 || ( 33% complete) success rate = 0.824 planning time = 1.56sec
planning: env=3, path=2033 || ( 35% complete) success rate = 0.824 planning time = 1.56sec
planning: env=3, path=2035 || ( 35% complete) success rate = 0.806 planning time = 0.758sec
planning: env=3, path=2035 || ( 37% complete) success rate = 0.806 planning time = 0.758sec
planning: env=3, path=2035 || ( 38% complete) success rate = 0.806 planning time = 0.758sec
planning: env=3, path=2038 || ( 38% complete) success rate = 0.769 planning time = 0.214sec
planning: env=3, path=2039 || ( 39% complete) success rate = 0.775 planning time = 0.362sec
planning: env=3, path=2039 || ( 41% complete) success rate = 0.775 planning time = 0.362sec
planning: env=3, path=2039 || ( 42% complete) success rate = 0.775 planning time = 0.362sec
planning: env=3, path=2039 || ( 44% complete) success rate = 0.775 planning time = 0.362sec
planning: env=3, path=2044 || ( 44% complete) success rate = 0.711 planning time = 0.676sec
planning: env=3, path=2045 || ( 45% complete) success rate = 0.717 planning time = 0.645sec
planning: env=3, path=2046 || ( 46% complete) success rate = 0.723 planning time = 0.837sec
planning: env=3, path=2047 || ( 47% complete) success rate = 0.729 planning time = 0.215sec
planning: env=3, path=2048 || ( 48% complete) success rate = 0.735 planning time = 0.369sec
planning: env=3, path=2049 || ( 49% complete) success rate = 0.74 planning time = 0.111sec
planning: env=3, path=2049 || ( 51% complete) success rate = 0.74 planning time = 0.111sec
planning: env=3, path=2051 || ( 51% complete) success rate = 0.731 planning time = 0.935sec
planning: env=3, path=2053 || ( 53% complete) success rate = 0.722 planning time = 4.32sec
planning: env=3, path=2054 || ( 54% complete) success rate = 0.727 planning time = 0.498sec
planning: env=3, path=2055 || ( 55% complete) success rate = 0.732 planning time = 0.199sec
planning: env=3, path=2056 || ( 56% complete) success rate = 0.737 planning time = 0.605sec
planning: env=3, path=2057 || ( 57% complete) success rate = 0.741 planning time = 0.227sec
planning: env=3, path=2058 || ( 58% complete) success rate = 0.746 planning time = 0.469sec
planning: env=3, path=2059 || ( 59% complete) success rate = 0.75 planning time = 0.404sec
planning: env=3, path=2060 || ( 60% complete) success rate = 0.754 planning time = 0.269sec
planning: env=3, path=2061 || ( 61% complete) success rate = 0.758 planning time = 0.227sec
planning: env=3, path=2062 || ( 62% complete) success rate = 0.762 planning time = 0.529sec
planning: env=3, path=2063 || ( 63% complete) success rate = 0.766 planning time = 0.25sec
planning: env=3, path=2064 || ( 64% complete) success rate = 0.769 planning time = 0.183sec
planning: env=3, path=2065 || ( 65% complete) success rate = 0.773 planning time = 0.27sec
planning: env=3, path=2066 || ( 66% complete) success rate = 0.776 planning time = 0.311sec
planning: env=3, path=2067 || ( 67% complete) success rate = 0.779 planning time = 0.689sec
planning: env=3, path=2067 || ( 69% complete) success rate = 0.779 planning time = 0.689sec
planning: env=3, path=2069 || ( 69% complete) success rate = 0.771 planning time = 0.479sec
planning: env=3, path=2070 || ( 70% complete) success rate = 0.775 planning time = 0.54sec
planning: env=3, path=2071 || ( 71% complete) success rate = 0.778 planning time = 0.418sec
planning: env=3, path=2072 || ( 72% complete) success rate = 0.781 planning time = 0.546sec
planning: env=3, path=2072 || ( 74% complete) success rate = 0.781 planning time = 0.546sec
planning: env=3, path=2074 || ( 74% complete) success rate = 0.773 planning time = 1.74sec
planning: env=3, path=2074 || ( 76% complete) success rate = 0.773 planning time = 1.74sec
planning: env=3, path=2076 || ( 76% complete) success rate = 0.766 planning time =  0.4sec
planning: env=3, path=2077 || ( 77% complete) success rate = 0.769 planning time = 0.51sec
planning: env=3, path=2077 || ( 79% complete) success rate = 0.769 planning time = 0.51sec
planning: env=3, path=2079 || ( 79% complete) success rate = 0.762 planning time = 0.606sec
planning: env=3, path=2079 || ( 82% complete) success rate = 0.762 planning time = 0.606sec
planning: env=3, path=2082 || ( 82% complete) success rate = 0.747 planning time = 0.261sec
planning: env=3, path=2083 || ( 83% complete) success rate = 0.75 planning time = 0.582sec
planning: env=3, path=2084 || ( 84% complete) success rate = 0.753 planning time = 0.77sec
planning: env=3, path=2086 || ( 86% complete) success rate = 0.747 planning time = 0.337sec
planning: env=3, path=2086 || ( 88% complete) success rate = 0.747 planning time = 0.337sec
planning: env=3, path=2088 || ( 88% complete) success rate = 0.742 planning time = 0.747sec
planning: env=3, path=2089 || ( 89% complete) success rate = 0.744 planning time = 0.25sec
planning: env=3, path=2091 || ( 91% complete) success rate = 0.739 planning time =  1.5sec
planning: env=3, path=2092 || ( 92% complete) success rate = 0.742 planning time = 0.645sec
planning: env=3, path=2093 || ( 93% complete) success rate = 0.745 planning time = 0.541sec
planning: env=3, path=2094 || ( 94% complete) success rate = 0.747 planning time = 0.243sec
planning: env=3, path=2095 || ( 95% complete) success rate = 0.75 planning time = 1.31sec
planning: env=3, path=2096 || ( 96% complete) success rate = 0.753 planning time = 0.427sec
planning: env=3, path=2097 || ( 97% complete) success rate = 0.755 planning time = 0.581sec
planning: env=3, path=2098 || ( 98% complete) success rate = 0.758 planning time = 0.609sec
planning: env=3, path=2099 || ( 99% complete) success rate = 0.76 planning time = 0.511sec
planning: env=3, path=2099 || (100% complete) success rate = 0.76 planning time = 0.511sec
planning: env=4, path=- || (  0% complete) success rate = ---- planning time = ----sec
planning: env=4, path=2001 || (  1% complete) success rate =  0.5 planning time = 0.375sec
planning: env=4, path=2001 || (  3% complete) success rate =  0.5 planning time = 0.375sec
planning: env=4, path=2003 || (  3% complete) success rate =  0.5 planning time = 0.0629sec
planning: env=4, path=2005 || (  5% complete) success rate =  0.5 planning time = 0.447sec
planning: env=4, path=2005 || (  7% complete) success rate =  0.5 planning time = 0.447sec
planning: env=4, path=2005 || (  8% complete) success rate =  0.5 planning time = 0.447sec
planning: env=4, path=2008 || (  8% complete) success rate = 0.444 planning time = 0.522sec
planning: env=4, path=2009 || (  9% complete) success rate =  0.5 planning time = 0.987sec
planning: env=4, path=2009 || ( 11% complete) success rate =  0.5 planning time = 0.987sec
planning: env=4, path=2009 || ( 12% complete) success rate =  0.5 planning time = 0.987sec
planning: env=4, path=2012 || ( 12% complete) success rate = 0.462 planning time = 2.99sec
planning: env=4, path=2013 || ( 13% complete) success rate =  0.5 planning time = 0.556sec
planning: env=4, path=2014 || ( 14% complete) success rate = 0.533 planning time = 0.44sec
planning: env=4, path=2014 || ( 16% complete) success rate = 0.533 planning time = 0.44sec
planning: env=4, path=2014 || ( 17% complete) success rate = 0.533 planning time = 0.44sec
planning: env=4, path=2017 || ( 17% complete) success rate =  0.5 planning time = 0.479sec
planning: env=4, path=2018 || ( 18% complete) success rate = 0.526 planning time = 0.431sec
planning: env=4, path=2020 || ( 20% complete) success rate = 0.524 planning time = 0.43sec
planning: env=4, path=2020 || ( 22% complete) success rate = 0.524 planning time = 0.43sec
planning: env=4, path=2022 || ( 22% complete) success rate = 0.522 planning time = 0.549sec
planning: env=4, path=2023 || ( 23% complete) success rate = 0.542 planning time = 0.582sec
planning: env=4, path=2024 || ( 24% complete) success rate = 0.56 planning time = 1.88sec
planning: env=4, path=2025 || ( 25% complete) success rate = 0.577 planning time = 0.738sec
planning: env=4, path=2025 || ( 27% complete) success rate = 0.577 planning time = 0.738sec
planning: env=4, path=2027 || ( 27% complete) success rate = 0.571 planning time = 1.69sec
planning: env=4, path=2027 || ( 30% complete) success rate = 0.571 planning time = 1.69sec
planning: env=4, path=2030 || ( 30% complete) success rate = 0.548 planning time = 0.215sec
planning: env=4, path=2031 || ( 31% complete) success rate = 0.562 planning time = 0.476sec
planning: env=4, path=2032 || ( 32% complete) success rate = 0.576 planning time = 0.445sec
planning: env=4, path=2034 || ( 34% complete) success rate = 0.571 planning time = 7.06sec
planning: env=4, path=2035 || ( 35% complete) success rate = 0.583 planning time = 0.625sec
planning: env=4, path=2036 || ( 36% complete) success rate = 0.595 planning time = 0.161sec
planning: env=4, path=2037 || ( 37% complete) success rate = 0.605 planning time = 0.554sec
planning: env=4, path=2039 || ( 39% complete) success rate =  0.6 planning time = 0.66sec
planning: env=4, path=2040 || ( 40% complete) success rate = 0.61 planning time = 0.312sec
planning: env=4, path=2040 || ( 42% complete) success rate = 0.61 planning time = 0.312sec
planning: env=4, path=2042 || ( 42% complete) success rate = 0.605 planning time = 0.305sec
planning: env=4, path=2043 || ( 43% complete) success rate = 0.614 planning time = 0.949sec
planning: env=4, path=2044 || ( 44% complete) success rate = 0.622 planning time = 2.51sec
planning: env=4, path=2044 || ( 46% complete) success rate = 0.622 planning time = 2.51sec
planning: env=4, path=2044 || ( 47% complete) success rate = 0.622 planning time = 2.51sec
planning: env=4, path=2047 || ( 47% complete) success rate = 0.604 planning time = 6.77sec
planning: env=4, path=2047 || ( 49% complete) success rate = 0.604 planning time = 6.77sec
planning: env=4, path=2049 || ( 49% complete) success rate =  0.6 planning time = 0.585sec
planning: env=4, path=2050 || ( 50% complete) success rate = 0.608 planning time = 0.633sec
planning: env=4, path=2051 || ( 51% complete) success rate = 0.615 planning time = 0.68sec
planning: env=4, path=2052 || ( 52% complete) success rate = 0.623 planning time = 0.634sec
planning: env=4, path=2053 || ( 53% complete) success rate = 0.63 planning time = 0.756sec
planning: env=4, path=2053 || ( 55% complete) success rate = 0.63 planning time = 0.756sec
planning: env=4, path=2055 || ( 55% complete) success rate = 0.625 planning time =  8.4sec
planning: env=4, path=2055 || ( 57% complete) success rate = 0.625 planning time =  8.4sec
planning: env=4, path=2057 || ( 57% complete) success rate = 0.621 planning time = 0.705sec
planning: env=4, path=2057 || ( 59% complete) success rate = 0.621 planning time = 0.705sec
planning: env=4, path=2059 || ( 59% complete) success rate = 0.617 planning time = 0.247sec
planning: env=4, path=2060 || ( 60% complete) success rate = 0.623 planning time = 0.448sec
planning: env=4, path=2061 || ( 61% complete) success rate = 0.629 planning time = 0.618sec
planning: env=4, path=2062 || ( 62% complete) success rate = 0.635 planning time = 0.606sec
planning: env=4, path=2062 || ( 64% complete) success rate = 0.635 planning time = 0.606sec
planning: env=4, path=2064 || ( 64% complete) success rate = 0.631 planning time = 0.74sec
planning: env=4, path=2065 || ( 65% complete) success rate = 0.636 planning time = 0.288sec
planning: env=4, path=2066 || ( 66% complete) success rate = 0.642 planning time = 0.626sec
planning: env=4, path=2067 || ( 67% complete) success rate = 0.647 planning time = 0.0817sec
planning: env=4, path=2068 || ( 68% complete) success rate = 0.652 planning time = 0.136sec
planning: env=4, path=2068 || ( 70% complete) success rate = 0.652 planning time = 0.136sec
planning: env=4, path=2070 || ( 70% complete) success rate = 0.648 planning time = 1.03sec
planning: env=4, path=2071 || ( 71% complete) success rate = 0.653 planning time = 0.366sec
planning: env=4, path=2072 || ( 72% complete) success rate = 0.658 planning time = 0.636sec
planning: env=4, path=2073 || ( 73% complete) success rate = 0.662 planning time = 0.0848sec
planning: env=4, path=2073 || ( 75% complete) success rate = 0.662 planning time = 0.0848sec
planning: env=4, path=2075 || ( 75% complete) success rate = 0.658 planning time = 0.259sec
planning: env=4, path=2076 || ( 76% complete) success rate = 0.662 planning time = 0.296sec
planning: env=4, path=2076 || ( 78% complete) success rate = 0.662 planning time = 0.296sec
planning: env=4, path=2076 || ( 79% complete) success rate = 0.662 planning time = 0.296sec
planning: env=4, path=2076 || ( 80% complete) success rate = 0.662 planning time = 0.296sec
planning: env=4, path=2080 || ( 80% complete) success rate = 0.642 planning time = 0.651sec
planning: env=4, path=2081 || ( 81% complete) success rate = 0.646 planning time = 0.572sec
planning: env=4, path=2082 || ( 82% complete) success rate = 0.651 planning time = 0.547sec
planning: env=4, path=2083 || ( 83% complete) success rate = 0.655 planning time = 2.98sec
planning: env=4, path=2084 || ( 84% complete) success rate = 0.659 planning time = 0.687sec
planning: env=4, path=2084 || ( 87% complete) success rate = 0.659 planning time = 0.687sec
planning: env=4, path=2084 || ( 88% complete) success rate = 0.659 planning time = 0.687sec
planning: env=4, path=2088 || ( 88% complete) success rate = 0.64 planning time = 0.166sec
planning: env=4, path=2089 || ( 89% complete) success rate = 0.644 planning time = 0.387sec
planning: env=4, path=2090 || ( 90% complete) success rate = 0.648 planning time = 0.786sec
planning: env=4, path=2091 || ( 91% complete) success rate = 0.652 planning time = 0.378sec
planning: env=4, path=2092 || ( 92% complete) success rate = 0.656 planning time = 0.382sec
planning: env=4, path=2093 || ( 93% complete) success rate = 0.66 planning time = 0.202sec
planning: env=4, path=2094 || ( 94% complete) success rate = 0.663 planning time = 0.412sec
planning: env=4, path=2095 || ( 95% complete) success rate = 0.667 planning time = 0.527sec
planning: env=4, path=2095 || ( 97% complete) success rate = 0.667 planning time = 0.527sec
planning: env=4, path=2097 || ( 97% complete) success rate = 0.663 planning time =  5.8sec
planning: env=4, path=2098 || ( 98% complete) success rate = 0.667 planning time = 0.434sec
planning: env=4, path=2099 || ( 99% complete) success rate = 0.67 planning time = 0.565sec
planning: env=4, path=2099 || (100% complete) success rate = 0.67 planning time = 0.565sec
planning: env=5, path=- || (  0% complete) success rate = ---- planning time = ----sec
planning: env=5, path=2000 || (  0% complete) success rate =  1.0 planning time = 0.624sec
planning: env=5, path=2001 || (  1% complete) success rate =  1.0 planning time = 0.421sec
planning: env=5, path=2001 || (  3% complete) success rate =  1.0 planning time = 0.421sec
planning: env=5, path=2003 || (  3% complete) success rate = 0.75 planning time = 0.667sec
planning: env=5, path=2004 || (  4% complete) success rate =  0.8 planning time = 0.662sec
planning: env=5, path=2005 || (  5% complete) success rate = 0.833 planning time = 0.295sec
planning: env=5, path=2005 || (  7% complete) success rate = 0.833 planning time = 0.295sec
planning: env=5, path=2007 || (  7% complete) success rate = 0.75 planning time =  1.0sec
planning: env=5, path=2008 || (  8% complete) success rate = 0.778 planning time = 0.709sec
planning: env=5, path=2009 || (  9% complete) success rate =  0.8 planning time = 0.597sec
planning: env=5, path=2010 || ( 10% complete) success rate = 0.818 planning time = 0.321sec
planning: env=5, path=2011 || ( 11% complete) success rate = 0.833 planning time = 0.666sec
planning: env=5, path=2011 || ( 13% complete) success rate = 0.833 planning time = 0.666sec
planning: env=5, path=2011 || ( 14% complete) success rate = 0.833 planning time = 0.666sec
planning: env=5, path=2014 || ( 14% complete) success rate = 0.733 planning time = 0.449sec
planning: env=5, path=2015 || ( 15% complete) success rate = 0.75 planning time = 0.05sec
planning: env=5, path=2016 || ( 16% complete) success rate = 0.765 planning time = 0.389sec
planning: env=5, path=2017 || ( 17% complete) success rate = 0.778 planning time = 0.415sec
planning: env=5, path=2018 || ( 18% complete) success rate = 0.789 planning time = 0.726sec
planning: env=5, path=2019 || ( 19% complete) success rate =  0.8 planning time = 0.398sec
planning: env=5, path=2020 || ( 20% complete) success rate = 0.81 planning time = 0.472sec
planning: env=5, path=2020 || ( 22% complete) success rate = 0.81 planning time = 0.472sec
planning: env=5, path=2022 || ( 22% complete) success rate = 0.783 planning time = 0.572sec
planning: env=5, path=2024 || ( 24% complete) success rate = 0.76 planning time = 0.336sec
planning: env=5, path=2025 || ( 25% complete) success rate = 0.769 planning time = 0.46sec
planning: env=5, path=2026 || ( 26% complete) success rate = 0.778 planning time = 0.36sec
planning: env=5, path=2027 || ( 27% complete) success rate = 0.786 planning time = 0.533sec
planning: env=5, path=2028 || ( 28% complete) success rate = 0.793 planning time = 0.294sec
planning: env=5, path=2029 || ( 29% complete) success rate =  0.8 planning time = 0.357sec
planning: env=5, path=2029 || ( 31% complete) success rate =  0.8 planning time = 0.357sec
planning: env=5, path=2031 || ( 31% complete) success rate = 0.781 planning time = 0.258sec
planning: env=5, path=2031 || ( 33% complete) success rate = 0.781 planning time = 0.258sec
planning: env=5, path=2033 || ( 33% complete) success rate = 0.765 planning time = 0.521sec
planning: env=5, path=2034 || ( 34% complete) success rate = 0.771 planning time = 0.585sec
planning: env=5, path=2034 || ( 36% complete) success rate = 0.771 planning time = 0.585sec
planning: env=5, path=2036 || ( 36% complete) success rate = 0.757 planning time = 0.664sec
planning: env=5, path=2037 || ( 37% complete) success rate = 0.763 planning time = 0.358sec
planning: env=5, path=2038 || ( 38% complete) success rate = 0.769 planning time = 0.36sec
planning: env=5, path=2039 || ( 39% complete) success rate = 0.775 planning time = 0.452sec
planning: env=5, path=2040 || ( 40% complete) success rate = 0.78 planning time = 0.335sec
planning: env=5, path=2041 || ( 41% complete) success rate = 0.786 planning time = 0.526sec
planning: env=5, path=2042 || ( 42% complete) success rate = 0.791 planning time = 1.13sec
planning: env=5, path=2043 || ( 43% complete) success rate = 0.795 planning time = 0.361sec
planning: env=5, path=2043 || ( 45% complete) success rate = 0.795 planning time = 0.361sec
planning: env=5, path=2043 || ( 46% complete) success rate = 0.795 planning time = 0.361sec
planning: env=5, path=2046 || ( 46% complete) success rate = 0.766 planning time = 0.513sec
planning: env=5, path=2047 || ( 47% complete) success rate = 0.771 planning time = 0.231sec
planning: env=5, path=2048 || ( 48% complete) success rate = 0.776 planning time = 0.653sec
planning: env=5, path=2049 || ( 49% complete) success rate = 0.78 planning time = 0.694sec
planning: env=5, path=2050 || ( 50% complete) success rate = 0.784 planning time = 0.679sec
planning: env=5, path=2051 || ( 51% complete) success rate = 0.788 planning time = 0.542sec
planning: env=5, path=2052 || ( 52% complete) success rate = 0.792 planning time = 0.706sec
planning: env=5, path=2053 || ( 53% complete) success rate = 0.796 planning time = 0.528sec
planning: env=5, path=2054 || ( 54% complete) success rate =  0.8 planning time = 0.398sec
planning: env=5, path=2054 || ( 56% complete) success rate =  0.8 planning time = 0.398sec
planning: env=5, path=2056 || ( 56% complete) success rate = 0.789 planning time = 0.224sec
planning: env=5, path=2056 || ( 59% complete) success rate = 0.789 planning time = 0.224sec
planning: env=5, path=2059 || ( 59% complete) success rate = 0.767 planning time = 0.565sec
planning: env=5, path=2060 || ( 60% complete) success rate = 0.77 planning time = 0.209sec
planning: env=5, path=2061 || ( 61% complete) success rate = 0.774 planning time = 0.231sec
planning: env=5, path=2062 || ( 62% complete) success rate = 0.778 planning time = 0.166sec
planning: env=5, path=2063 || ( 63% complete) success rate = 0.781 planning time = 0.207sec
planning: env=5, path=2064 || ( 64% complete) success rate = 0.785 planning time = 1.58sec
planning: env=5, path=2065 || ( 65% complete) success rate = 0.788 planning time = 0.34sec
planning: env=5, path=2066 || ( 66% complete) success rate = 0.791 planning time = 0.283sec
planning: env=5, path=2066 || ( 68% complete) success rate = 0.791 planning time = 0.283sec
planning: env=5, path=2066 || ( 69% complete) success rate = 0.791 planning time = 0.283sec
planning: env=5, path=2069 || ( 69% complete) success rate = 0.771 planning time = 0.217sec
planning: env=5, path=2070 || ( 70% complete) success rate = 0.775 planning time = 0.489sec
planning: env=5, path=2071 || ( 71% complete) success rate = 0.778 planning time = 0.941sec
planning: env=5, path=2071 || ( 73% complete) success rate = 0.778 planning time = 0.941sec
planning: env=5, path=2073 || ( 73% complete) success rate = 0.77 planning time = 0.502sec
planning: env=5, path=2074 || ( 74% complete) success rate = 0.773 planning time = 0.143sec
planning: env=5, path=2075 || ( 75% complete) success rate = 0.776 planning time = 0.485sec
planning: env=5, path=2076 || ( 76% complete) success rate = 0.779 planning time = 0.47sec
planning: env=5, path=2077 || ( 77% complete) success rate = 0.782 planning time = 0.289sec
planning: env=5, path=2078 || ( 78% complete) success rate = 0.785 planning time = 2.88sec
planning: env=5, path=2079 || ( 79% complete) success rate = 0.787 planning time = 2.21sec
planning: env=5, path=2080 || ( 80% complete) success rate = 0.79 planning time = 0.175sec
planning: env=5, path=2081 || ( 81% complete) success rate = 0.793 planning time = 0.336sec
planning: env=5, path=2082 || ( 82% complete) success rate = 0.795 planning time = 0.593sec
planning: env=5, path=2083 || ( 83% complete) success rate = 0.798 planning time = 0.674sec
planning: env=5, path=2084 || ( 84% complete) success rate =  0.8 planning time = 0.656sec
planning: env=5, path=2085 || ( 85% complete) success rate = 0.802 planning time = 1.54sec
planning: env=5, path=2086 || ( 86% complete) success rate = 0.805 planning time = 0.373sec
planning: env=5, path=2087 || ( 87% complete) success rate = 0.807 planning time = 0.175sec
planning: env=5, path=2088 || ( 88% complete) success rate = 0.809 planning time = 0.351sec
planning: env=5, path=2089 || ( 89% complete) success rate = 0.811 planning time = 0.32sec
planning: env=5, path=2090 || ( 90% complete) success rate = 0.813 planning time = 0.716sec
planning: env=5, path=2091 || ( 91% complete) success rate = 0.815 planning time = 0.753sec
planning: env=5, path=2092 || ( 92% complete) success rate = 0.817 planning time = 0.147sec
planning: env=5, path=2093 || ( 93% complete) success rate = 0.819 planning time = 0.474sec
planning: env=5, path=2094 || ( 94% complete) success rate = 0.821 planning time = 0.303sec
planning: env=5, path=2095 || ( 95% complete) success rate = 0.823 planning time =  0.3sec
planning: env=5, path=2096 || ( 96% complete) success rate = 0.825 planning time = 0.251sec
planning: env=5, path=2097 || ( 97% complete) success rate = 0.827 planning time = 0.569sec
planning: env=5, path=2098 || ( 98% complete) success rate = 0.828 planning time = 4.44sec
planning: env=5, path=2099 || ( 99% complete) success rate = 0.83 planning time = 0.242sec
planning: env=5, path=2099 || (100% complete) success rate = 0.83 planning time = 0.242sec
planning: env=6, path=- || (  0% complete) success rate = ---- planning time = ----sec
planning: env=6, path=2000 || (  0% complete) success rate =  1.0 planning time = 0.642sec
planning: env=6, path=2001 || (  1% complete) success rate =  1.0 planning time = 0.365sec
planning: env=6, path=2002 || (  2% complete) success rate =  1.0 planning time = 0.419sec
planning: env=6, path=2003 || (  3% complete) success rate =  1.0 planning time = 0.0777sec
planning: env=6, path=2004 || (  4% complete) success rate =  1.0 planning time = 0.636sec
planning: env=6, path=2005 || (  5% complete) success rate =  1.0 planning time = 0.15sec
planning: env=6, path=2006 || (  6% complete) success rate =  1.0 planning time = 0.26sec
planning: env=6, path=2007 || (  7% complete) success rate =  1.0 planning time = 0.89sec
planning: env=6, path=2008 || (  8% complete) success rate =  1.0 planning time = 0.945sec
planning: env=6, path=2009 || (  9% complete) success rate =  1.0 planning time = 0.102sec
planning: env=6, path=2010 || ( 10% complete) success rate =  1.0 planning time = 3.92sec
planning: env=6, path=2011 || ( 11% complete) success rate =  1.0 planning time = 0.55sec
planning: env=6, path=2011 || ( 13% complete) success rate =  1.0 planning time = 0.55sec
planning: env=6, path=2011 || ( 14% complete) success rate =  1.0 planning time = 0.55sec
planning: env=6, path=2014 || ( 14% complete) success rate = 0.867 planning time = 0.594sec
planning: env=6, path=2015 || ( 15% complete) success rate = 0.875 planning time = 0.804sec
planning: env=6, path=2016 || ( 16% complete) success rate = 0.882 planning time = 0.457sec
planning: env=6, path=2017 || ( 17% complete) success rate = 0.889 planning time = 0.232sec
planning: env=6, path=2017 || ( 19% complete) success rate = 0.889 planning time = 0.232sec
planning: env=6, path=2019 || ( 19% complete) success rate = 0.85 planning time = 0.265sec
planning: env=6, path=2020 || ( 20% complete) success rate = 0.857 planning time = 0.539sec
planning: env=6, path=2021 || ( 21% complete) success rate = 0.864 planning time = 0.497sec
planning: env=6, path=2022 || ( 22% complete) success rate = 0.87 planning time = 0.193sec
planning: env=6, path=2023 || ( 23% complete) success rate = 0.875 planning time = 0.436sec
planning: env=6, path=2023 || ( 25% complete) success rate = 0.875 planning time = 0.436sec
planning: env=6, path=2025 || ( 25% complete) success rate = 0.846 planning time = 0.531sec
planning: env=6, path=2026 || ( 26% complete) success rate = 0.852 planning time = 0.53sec
planning: env=6, path=2026 || ( 28% complete) success rate = 0.852 planning time = 0.53sec
planning: env=6, path=2028 || ( 28% complete) success rate = 0.828 planning time = 0.627sec
planning: env=6, path=2029 || ( 29% complete) success rate = 0.833 planning time = 0.492sec
planning: env=6, path=2030 || ( 30% complete) success rate = 0.839 planning time = 0.201sec
planning: env=6, path=2031 || ( 31% complete) success rate = 0.844 planning time = 0.743sec
planning: env=6, path=2032 || ( 32% complete) success rate = 0.848 planning time = 0.467sec
planning: env=6, path=2033 || ( 33% complete) success rate = 0.853 planning time = 0.494sec
planning: env=6, path=2034 || ( 34% complete) success rate = 0.857 planning time = 0.505sec
planning: env=6, path=2035 || ( 35% complete) success rate = 0.861 planning time = 0.554sec
planning: env=6, path=2036 || ( 36% complete) success rate = 0.865 planning time = 0.746sec
planning: env=6, path=2037 || ( 37% complete) success rate = 0.868 planning time = 0.437sec
planning: env=6, path=2038 || ( 38% complete) success rate = 0.872 planning time = 0.445sec
planning: env=6, path=2039 || ( 39% complete) success rate = 0.875 planning time = 0.237sec
planning: env=6, path=2040 || ( 40% complete) success rate = 0.878 planning time = 0.232sec
planning: env=6, path=2041 || ( 41% complete) success rate = 0.881 planning time = 0.468sec
planning: env=6, path=2042 || ( 42% complete) success rate = 0.884 planning time = 0.12sec
planning: env=6, path=2043 || ( 43% complete) success rate = 0.886 planning time = 0.432sec
planning: env=6, path=2044 || ( 44% complete) success rate = 0.889 planning time = 0.281sec
planning: env=6, path=2045 || ( 45% complete) success rate = 0.891 planning time = 0.587sec
planning: env=6, path=2046 || ( 46% complete) success rate = 0.894 planning time = 0.523sec
planning: env=6, path=2047 || ( 47% complete) success rate = 0.896 planning time = 0.727sec
planning: env=6, path=2048 || ( 48% complete) success rate = 0.898 planning time = 0.614sec
planning: env=6, path=2049 || ( 49% complete) success rate =  0.9 planning time = 0.55sec
planning: env=6, path=2050 || ( 50% complete) success rate = 0.902 planning time = 0.544sec
planning: env=6, path=2051 || ( 51% complete) success rate = 0.904 planning time = 0.581sec
planning: env=6, path=2052 || ( 52% complete) success rate = 0.906 planning time = 0.662sec
planning: env=6, path=2053 || ( 53% complete) success rate = 0.907 planning time = 1.67sec
planning: env=6, path=2054 || ( 54% complete) success rate = 0.909 planning time = 0.558sec
planning: env=6, path=2055 || ( 55% complete) success rate = 0.911 planning time = 0.706sec
planning: env=6, path=2056 || ( 56% complete) success rate = 0.912 planning time = 0.309sec
planning: env=6, path=2057 || ( 57% complete) success rate = 0.914 planning time = 0.32sec
planning: env=6, path=2058 || ( 58% complete) success rate = 0.915 planning time = 0.22sec
planning: env=6, path=2059 || ( 59% complete) success rate = 0.917 planning time = 0.663sec
planning: env=6, path=2060 || ( 60% complete) success rate = 0.918 planning time = 1.45sec
planning: env=6, path=2061 || ( 61% complete) success rate = 0.919 planning time = 5.28sec
planning: env=6, path=2062 || ( 62% complete) success rate = 0.921 planning time = 0.138sec
planning: env=6, path=2063 || ( 63% complete) success rate = 0.922 planning time = 0.554sec
planning: env=6, path=2063 || ( 65% complete) success rate = 0.922 planning time = 0.554sec
planning: env=6, path=2065 || ( 65% complete) success rate = 0.909 planning time = 0.446sec
planning: env=6, path=2066 || ( 66% complete) success rate = 0.91 planning time = 0.278sec
planning: env=6, path=2066 || ( 68% complete) success rate = 0.91 planning time = 0.278sec
planning: env=6, path=2068 || ( 68% complete) success rate = 0.899 planning time = 0.247sec
planning: env=6, path=2069 || ( 69% complete) success rate =  0.9 planning time = 0.159sec
planning: env=6, path=2069 || ( 71% complete) success rate =  0.9 planning time = 0.159sec
planning: env=6, path=2072 || ( 72% complete) success rate = 0.877 planning time = 0.691sec
planning: env=6, path=2073 || ( 73% complete) success rate = 0.878 planning time = 0.131sec
planning: env=6, path=2074 || ( 74% complete) success rate = 0.88 planning time = 0.577sec
planning: env=6, path=2075 || ( 75% complete) success rate = 0.882 planning time = 0.557sec
planning: env=6, path=2076 || ( 76% complete) success rate = 0.883 planning time = 1.36sec
planning: env=6, path=2077 || ( 77% complete) success rate = 0.885 planning time = 0.304sec
planning: env=6, path=2077 || ( 79% complete) success rate = 0.885 planning time = 0.304sec
planning: env=6, path=2079 || ( 79% complete) success rate = 0.875 planning time = 0.546sec
planning: env=6, path=2080 || ( 80% complete) success rate = 0.877 planning time = 0.213sec
planning: env=6, path=2081 || ( 81% complete) success rate = 0.878 planning time = 0.286sec
planning: env=6, path=2082 || ( 82% complete) success rate = 0.88 planning time = 0.347sec
planning: env=6, path=2083 || ( 83% complete) success rate = 0.881 planning time = 0.518sec
planning: env=6, path=2084 || ( 84% complete) success rate = 0.882 planning time = 0.477sec
planning: env=6, path=2085 || ( 85% complete) success rate = 0.884 planning time = 0.266sec
planning: env=6, path=2086 || ( 86% complete) success rate = 0.885 planning time = 0.215sec
planning: env=6, path=2087 || ( 87% complete) success rate = 0.886 planning time = 0.97sec
planning: env=6, path=2088 || ( 88% complete) success rate = 0.888 planning time = 4.18sec
planning: env=6, path=2089 || ( 89% complete) success rate = 0.889 planning time = 1.59sec
planning: env=6, path=2090 || ( 90% complete) success rate = 0.89 planning time = 0.347sec
planning: env=6, path=2091 || ( 91% complete) success rate = 0.891 planning time = 0.441sec
planning: env=6, path=2092 || ( 92% complete) success rate = 0.892 planning time = 0.482sec
planning: env=6, path=2092 || ( 94% complete) success rate = 0.892 planning time = 0.482sec
planning: env=6, path=2092 || ( 95% complete) success rate = 0.892 planning time = 0.482sec
planning: env=6, path=2095 || ( 95% complete) success rate = 0.875 planning time = 0.371sec
planning: env=6, path=2095 || ( 97% complete) success rate = 0.875 planning time = 0.371sec
planning: env=6, path=2095 || ( 98% complete) success rate = 0.875 planning time = 0.371sec
planning: env=6, path=2098 || ( 98% complete) success rate = 0.859 planning time = 0.717sec
planning: env=6, path=2099 || ( 99% complete) success rate = 0.86 planning time = 0.595sec
planning: env=6, path=2099 || (100% complete) success rate = 0.86 planning time = 0.595sec
planning: env=7, path=- || (  0% complete) success rate = ---- planning time = ----sec
planning: env=7, path=2000 || (  0% complete) success rate =  1.0 planning time = 9.34sec
planning: env=7, path=2001 || (  1% complete) success rate =  1.0 planning time = 0.316sec
planning: env=7, path=2002 || (  2% complete) success rate =  1.0 planning time = 0.514sec
planning: env=7, path=2003 || (  3% complete) success rate =  1.0 planning time = 0.804sec
planning: env=7, path=2004 || (  4% complete) success rate =  1.0 planning time = 0.519sec
planning: env=7, path=2005 || (  5% complete) success rate =  1.0 planning time = 0.463sec
planning: env=7, path=2006 || (  6% complete) success rate =  1.0 planning time = 4.24sec
planning: env=7, path=2006 || (  8% complete) success rate =  1.0 planning time = 4.24sec
planning: env=7, path=2006 || (  9% complete) success rate =  1.0 planning time = 4.24sec
planning: env=7, path=2009 || (  9% complete) success rate =  0.8 planning time =  0.4sec
planning: env=7, path=2010 || ( 10% complete) success rate = 0.818 planning time = 0.675sec
planning: env=7, path=2011 || ( 11% complete) success rate = 0.833 planning time = 0.851sec
planning: env=7, path=2012 || ( 12% complete) success rate = 0.846 planning time = 0.189sec
planning: env=7, path=2013 || ( 13% complete) success rate = 0.857 planning time = 0.804sec
planning: env=7, path=2014 || ( 14% complete) success rate = 0.867 planning time = 0.509sec
planning: env=7, path=2015 || ( 15% complete) success rate = 0.875 planning time =  0.5sec
planning: env=7, path=2016 || ( 16% complete) success rate = 0.882 planning time = 0.608sec
planning: env=7, path=2016 || ( 18% complete) success rate = 0.882 planning time = 0.608sec
planning: env=7, path=2018 || ( 18% complete) success rate = 0.842 planning time = 0.275sec
planning: env=7, path=2019 || ( 19% complete) success rate = 0.85 planning time = 0.355sec
planning: env=7, path=2020 || ( 20% complete) success rate = 0.857 planning time = 0.754sec
planning: env=7, path=2021 || ( 21% complete) success rate = 0.864 planning time = 0.655sec
planning: env=7, path=2022 || ( 22% complete) success rate = 0.87 planning time =  7.3sec
planning: env=7, path=2023 || ( 23% complete) success rate = 0.875 planning time = 0.191sec
planning: env=7, path=2024 || ( 24% complete) success rate = 0.88 planning time = 0.665sec
planning: env=7, path=2024 || ( 26% complete) success rate = 0.88 planning time = 0.665sec
planning: env=7, path=2024 || ( 27% complete) success rate = 0.88 planning time = 0.665sec
planning: env=7, path=2027 || ( 27% complete) success rate = 0.821 planning time = 0.292sec
planning: env=7, path=2028 || ( 28% complete) success rate = 0.828 planning time = 2.73sec
planning: env=7, path=2029 || ( 29% complete) success rate = 0.833 planning time = 0.823sec
planning: env=7, path=2030 || ( 30% complete) success rate = 0.839 planning time = 0.253sec
planning: env=7, path=2031 || ( 31% complete) success rate = 0.844 planning time = 0.304sec
planning: env=7, path=2031 || ( 33% complete) success rate = 0.844 planning time = 0.304sec
planning: env=7, path=2034 || ( 34% complete) success rate =  0.8 planning time = 0.531sec
planning: env=7, path=2034 || ( 36% complete) success rate =  0.8 planning time = 0.531sec
planning: env=7, path=2034 || ( 37% complete) success rate =  0.8 planning time = 0.531sec
planning: env=7, path=2037 || ( 37% complete) success rate = 0.763 planning time = 0.326sec
planning: env=7, path=2039 || ( 39% complete) success rate = 0.75 planning time = 0.357sec
planning: env=7, path=2040 || ( 40% complete) success rate = 0.756 planning time = 0.341sec
planning: env=7, path=2040 || ( 42% complete) success rate = 0.756 planning time = 0.341sec
planning: env=7, path=2042 || ( 42% complete) success rate = 0.744 planning time = 0.131sec
planning: env=7, path=2043 || ( 43% complete) success rate = 0.75 planning time = 1.67sec
planning: env=7, path=2044 || ( 44% complete) success rate = 0.756 planning time = 0.266sec
planning: env=7, path=2045 || ( 45% complete) success rate = 0.761 planning time = 0.472sec
planning: env=7, path=2045 || ( 47% complete) success rate = 0.761 planning time = 0.472sec
planning: env=7, path=2048 || ( 48% complete) success rate = 0.735 planning time = 0.504sec
planning: env=7, path=2048 || ( 50% complete) success rate = 0.735 planning time = 0.504sec
planning: env=7, path=2048 || ( 51% complete) success rate = 0.735 planning time = 0.504sec
planning: env=7, path=2051 || ( 51% complete) success rate = 0.712 planning time = 0.168sec
planning: env=7, path=2052 || ( 52% complete) success rate = 0.717 planning time = 0.264sec
planning: env=7, path=2053 || ( 53% complete) success rate = 0.722 planning time = 0.529sec
planning: env=7, path=2053 || ( 55% complete) success rate = 0.722 planning time = 0.529sec
planning: env=7, path=2053 || ( 56% complete) success rate = 0.722 planning time = 0.529sec
planning: env=7, path=2053 || ( 57% complete) success rate = 0.722 planning time = 0.529sec
planning: env=7, path=2057 || ( 57% complete) success rate = 0.69 planning time = 0.61sec
planning: env=7, path=2058 || ( 58% complete) success rate = 0.695 planning time = 0.329sec
planning: env=7, path=2059 || ( 59% complete) success rate =  0.7 planning time = 0.45sec
planning: env=7, path=2060 || ( 60% complete) success rate = 0.705 planning time = 0.687sec
planning: env=7, path=2061 || ( 61% complete) success rate = 0.71 planning time = 3.13sec
planning: env=7, path=2062 || ( 62% complete) success rate = 0.714 planning time = 0.297sec
planning: env=7, path=2063 || ( 63% complete) success rate = 0.719 planning time = 0.393sec
planning: env=7, path=2063 || ( 65% complete) success rate = 0.719 planning time = 0.393sec
planning: env=7, path=2065 || ( 65% complete) success rate = 0.712 planning time = 1.54sec
planning: env=7, path=2066 || ( 66% complete) success rate = 0.716 planning time = 0.192sec
planning: env=7, path=2066 || ( 68% complete) success rate = 0.716 planning time = 0.192sec
planning: env=7, path=2068 || ( 68% complete) success rate = 0.71 planning time = 0.228sec
planning: env=7, path=2069 || ( 69% complete) success rate = 0.714 planning time = 0.417sec
planning: env=7, path=2070 || ( 70% complete) success rate = 0.718 planning time = 0.501sec
planning: env=7, path=2070 || ( 73% complete) success rate = 0.718 planning time = 0.501sec
planning: env=7, path=2073 || ( 73% complete) success rate = 0.703 planning time = 0.135sec
planning: env=7, path=2074 || ( 74% complete) success rate = 0.707 planning time = 0.406sec
planning: env=7, path=2075 || ( 75% complete) success rate = 0.711 planning time = 0.307sec
planning: env=7, path=2076 || ( 76% complete) success rate = 0.714 planning time = 0.711sec
planning: env=7, path=2076 || ( 78% complete) success rate = 0.714 planning time = 0.711sec
planning: env=7, path=2078 || ( 78% complete) success rate = 0.709 planning time = 0.387sec
planning: env=7, path=2078 || ( 80% complete) success rate = 0.709 planning time = 0.387sec
planning: env=7, path=2078 || ( 82% complete) success rate = 0.709 planning time = 0.387sec
planning: env=7, path=2078 || ( 83% complete) success rate = 0.709 planning time = 0.387sec
planning: env=7, path=2083 || ( 83% complete) success rate = 0.679 planning time = 0.755sec
planning: env=7, path=2084 || ( 84% complete) success rate = 0.682 planning time = 0.242sec
planning: env=7, path=2084 || ( 87% complete) success rate = 0.682 planning time = 0.242sec
planning: env=7, path=2087 || ( 87% complete) success rate = 0.67 planning time = 0.295sec
planning: env=7, path=2088 || ( 88% complete) success rate = 0.674 planning time = 0.391sec
planning: env=7, path=2088 || ( 90% complete) success rate = 0.674 planning time = 0.391sec
planning: env=7, path=2088 || ( 92% complete) success rate = 0.674 planning time = 0.391sec
planning: env=7, path=2088 || ( 93% complete) success rate = 0.674 planning time = 0.391sec
planning: env=7, path=2093 || ( 93% complete) success rate = 0.649 planning time = 0.254sec
planning: env=7, path=2093 || ( 95% complete) success rate = 0.649 planning time = 0.254sec
planning: env=7, path=2095 || ( 95% complete) success rate = 0.646 planning time = 0.0844sec
planning: env=7, path=2096 || ( 96% complete) success rate = 0.649 planning time = 0.515sec
planning: env=7, path=2096 || ( 98% complete) success rate = 0.649 planning time = 0.515sec
planning: env=7, path=2098 || ( 98% complete) success rate = 0.646 planning time = 0.615sec
planning: env=7, path=2099 || ( 99% complete) success rate = 0.65 planning time = 0.531sec
planning: env=7, path=2099 || (100% complete) success rate = 0.65 planning time = 0.531sec
planning: env=8, path=- || (  0% complete) success rate = ---- planning time = ----sec
planning: env=8, path=2000 || (  0% complete) success rate =  1.0 planning time = 1.66sec
planning: env=8, path=2000 || (  2% complete) success rate =  1.0 planning time = 1.66sec
planning: env=8, path=2002 || (  2% complete) success rate = 0.667 planning time = 4.56sec
planning: env=8, path=2003 || (  3% complete) success rate = 0.75 planning time = 0.747sec
planning: env=8, path=2004 || (  4% complete) success rate =  0.8 planning time = 0.292sec
planning: env=8, path=2004 || (  6% complete) success rate =  0.8 planning time = 0.292sec
planning: env=8, path=2006 || (  6% complete) success rate = 0.714 planning time = 0.432sec
planning: env=8, path=2007 || (  7% complete) success rate = 0.75 planning time = 0.554sec
planning: env=8, path=2008 || (  8% complete) success rate = 0.778 planning time = 0.231sec
planning: env=8, path=2010 || ( 10% complete) success rate = 0.727 planning time = 0.439sec
planning: env=8, path=2011 || ( 11% complete) success rate = 0.75 planning time = 0.67sec
planning: env=8, path=2012 || ( 12% complete) success rate = 0.769 planning time = 1.55sec
planning: env=8, path=2013 || ( 13% complete) success rate = 0.786 planning time = 0.365sec
planning: env=8, path=2014 || ( 14% complete) success rate =  0.8 planning time = 0.284sec
planning: env=8, path=2015 || ( 15% complete) success rate = 0.812 planning time = 0.434sec
planning: env=8, path=2015 || ( 17% complete) success rate = 0.812 planning time = 0.434sec
planning: env=8, path=2017 || ( 17% complete) success rate = 0.778 planning time = 0.775sec
planning: env=8, path=2018 || ( 18% complete) success rate = 0.789 planning time = 0.506sec
planning: env=8, path=2019 || ( 19% complete) success rate =  0.8 planning time = 0.493sec
planning: env=8, path=2019 || ( 21% complete) success rate =  0.8 planning time = 0.493sec
planning: env=8, path=2021 || ( 21% complete) success rate = 0.773 planning time = 3.75sec
planning: env=8, path=2022 || ( 22% complete) success rate = 0.783 planning time = 0.368sec
planning: env=8, path=2022 || ( 25% complete) success rate = 0.783 planning time = 0.368sec
planning: env=8, path=2025 || ( 25% complete) success rate = 0.731 planning time = 0.649sec
planning: env=8, path=2026 || ( 26% complete) success rate = 0.741 planning time = 0.228sec
planning: env=8, path=2027 || ( 27% complete) success rate = 0.75 planning time = 0.124sec
planning: env=8, path=2028 || ( 28% complete) success rate = 0.759 planning time = 0.953sec
planning: env=8, path=2029 || ( 29% complete) success rate = 0.767 planning time = 0.708sec
planning: env=8, path=2030 || ( 30% complete) success rate = 0.774 planning time = 0.421sec
planning: env=8, path=2031 || ( 31% complete) success rate = 0.781 planning time = 0.285sec
planning: env=8, path=2032 || ( 32% complete) success rate = 0.788 planning time = 0.395sec
planning: env=8, path=2033 || ( 33% complete) success rate = 0.794 planning time = 0.487sec
planning: env=8, path=2034 || ( 34% complete) success rate =  0.8 planning time = 0.438sec
planning: env=8, path=2035 || ( 35% complete) success rate = 0.806 planning time = 0.374sec
planning: env=8, path=2036 || ( 36% complete) success rate = 0.811 planning time = 0.394sec
planning: env=8, path=2037 || ( 37% complete) success rate = 0.816 planning time = 0.354sec
planning: env=8, path=2038 || ( 38% complete) success rate = 0.821 planning time = 0.536sec
planning: env=8, path=2039 || ( 39% complete) success rate = 0.825 planning time = 0.165sec
planning: env=8, path=2040 || ( 40% complete) success rate = 0.829 planning time = 0.395sec
planning: env=8, path=2041 || ( 41% complete) success rate = 0.833 planning time = 0.915sec
planning: env=8, path=2042 || ( 42% complete) success rate = 0.837 planning time = 0.641sec
planning: env=8, path=2043 || ( 43% complete) success rate = 0.841 planning time = 0.207sec
planning: env=8, path=2043 || ( 45% complete) success rate = 0.841 planning time = 0.207sec
planning: env=8, path=2045 || ( 45% complete) success rate = 0.826 planning time = 0.567sec
planning: env=8, path=2046 || ( 46% complete) success rate = 0.83 planning time = 0.373sec
planning: env=8, path=2047 || ( 47% complete) success rate = 0.833 planning time = 4.04sec
planning: env=8, path=2048 || ( 48% complete) success rate = 0.837 planning time = 0.676sec
planning: env=8, path=2049 || ( 49% complete) success rate = 0.84 planning time = 0.53sec
planning: env=8, path=2050 || ( 50% complete) success rate = 0.843 planning time = 0.699sec
planning: env=8, path=2051 || ( 51% complete) success rate = 0.846 planning time = 0.939sec
planning: env=8, path=2052 || ( 52% complete) success rate = 0.849 planning time = 0.356sec
planning: env=8, path=2053 || ( 53% complete) success rate = 0.852 planning time = 0.655sec
planning: env=8, path=2053 || ( 55% complete) success rate = 0.852 planning time = 0.655sec
planning: env=8, path=2053 || ( 56% complete) success rate = 0.852 planning time = 0.655sec
planning: env=8, path=2056 || ( 56% complete) success rate = 0.825 planning time = 16.6sec
planning: env=8, path=2057 || ( 57% complete) success rate = 0.828 planning time = 0.938sec
planning: env=8, path=2058 || ( 58% complete) success rate = 0.831 planning time = 0.162sec
planning: env=8, path=2059 || ( 59% complete) success rate = 0.833 planning time = 0.296sec
planning: env=8, path=2060 || ( 60% complete) success rate = 0.836 planning time = 0.487sec
planning: env=8, path=2062 || ( 62% complete) success rate = 0.825 planning time = 4.12sec
planning: env=8, path=2063 || ( 63% complete) success rate = 0.828 planning time = 0.21sec
planning: env=8, path=2064 || ( 64% complete) success rate = 0.831 planning time = 0.633sec
planning: env=8, path=2065 || ( 65% complete) success rate = 0.833 planning time = 0.724sec
planning: env=8, path=2066 || ( 66% complete) success rate = 0.836 planning time = 0.184sec
planning: env=8, path=2067 || ( 67% complete) success rate = 0.838 planning time = 0.187sec
planning: env=8, path=2068 || ( 68% complete) success rate = 0.841 planning time = 0.552sec
planning: env=8, path=2069 || ( 69% complete) success rate = 0.843 planning time = 0.565sec
planning: env=8, path=2070 || ( 70% complete) success rate = 0.845 planning time = 0.254sec
planning: env=8, path=2071 || ( 71% complete) success rate = 0.847 planning time = 0.628sec
planning: env=8, path=2072 || ( 72% complete) success rate = 0.849 planning time = 7.96sec
planning: env=8, path=2073 || ( 73% complete) success rate = 0.851 planning time = 0.876sec
planning: env=8, path=2074 || ( 74% complete) success rate = 0.853 planning time = 0.402sec
planning: env=8, path=2074 || ( 76% complete) success rate = 0.853 planning time = 0.402sec
planning: env=8, path=2076 || ( 76% complete) success rate = 0.844 planning time = 0.268sec
planning: env=8, path=2077 || ( 77% complete) success rate = 0.846 planning time = 0.635sec
planning: env=8, path=2078 || ( 78% complete) success rate = 0.848 planning time = 0.268sec
planning: env=8, path=2079 || ( 79% complete) success rate = 0.85 planning time = 0.648sec
planning: env=8, path=2081 || ( 81% complete) success rate = 0.841 planning time = 0.651sec
planning: env=8, path=2082 || ( 82% complete) success rate = 0.843 planning time = 3.75sec
planning: env=8, path=2083 || ( 83% complete) success rate = 0.845 planning time = 0.146sec
planning: env=8, path=2084 || ( 84% complete) success rate = 0.847 planning time = 0.175sec
planning: env=8, path=2085 || ( 85% complete) success rate = 0.849 planning time = 0.478sec
planning: env=8, path=2086 || ( 86% complete) success rate = 0.851 planning time = 0.292sec
planning: env=8, path=2087 || ( 87% complete) success rate = 0.852 planning time = 0.317sec
planning: env=8, path=2088 || ( 88% complete) success rate = 0.854 planning time = 0.436sec
planning: env=8, path=2089 || ( 89% complete) success rate = 0.856 planning time = 0.175sec
planning: env=8, path=2090 || ( 90% complete) success rate = 0.857 planning time = 0.77sec
planning: env=8, path=2091 || ( 91% complete) success rate = 0.859 planning time = 0.602sec
planning: env=8, path=2092 || ( 92% complete) success rate = 0.86 planning time = 0.172sec
planning: env=8, path=2093 || ( 93% complete) success rate = 0.862 planning time = 0.606sec
planning: env=8, path=2094 || ( 94% complete) success rate = 0.863 planning time = 0.69sec
planning: env=8, path=2096 || ( 96% complete) success rate = 0.856 planning time = 0.167sec
planning: env=8, path=2096 || ( 98% complete) success rate = 0.856 planning time = 0.167sec
planning: env=8, path=2096 || ( 99% complete) success rate = 0.856 planning time = 0.167sec
planning: env=8, path=2099 || ( 99% complete) success rate = 0.84 planning time = 0.254sec
planning: env=8, path=2099 || (100% complete) success rate = 0.84 planning time = 0.254sec
planning: env=9, path=- || (  0% complete) success rate = ---- planning time = ----sec
planning: env=9, path=2001 || (  1% complete) success rate =  0.5 planning time = 0.406sec
planning: env=9, path=2002 || (  2% complete) success rate = 0.667 planning time = 0.616sec
planning: env=9, path=2003 || (  3% complete) success rate = 0.75 planning time = 2.56sec
planning: env=9, path=2004 || (  4% complete) success rate =  0.8 planning time = 0.636sec
planning: env=9, path=2005 || (  5% complete) success rate = 0.833 planning time = 0.467sec
planning: env=9, path=2006 || (  6% complete) success rate = 0.857 planning time = 0.273sec
planning: env=9, path=2007 || (  7% complete) success rate = 0.875 planning time = 0.486sec
planning: env=9, path=2008 || (  8% complete) success rate = 0.889 planning time = 0.634sec
planning: env=9, path=2010 || ( 10% complete) success rate = 0.818 planning time = 0.515sec
planning: env=9, path=2011 || ( 11% complete) success rate = 0.833 planning time = 0.369sec
planning: env=9, path=2012 || ( 12% complete) success rate = 0.846 planning time = 0.29sec
planning: env=9, path=2013 || ( 13% complete) success rate = 0.857 planning time = 0.506sec
planning: env=9, path=2014 || ( 14% complete) success rate = 0.867 planning time = 0.512sec
planning: env=9, path=2015 || ( 15% complete) success rate = 0.875 planning time = 0.942sec
planning: env=9, path=2015 || ( 17% complete) success rate = 0.875 planning time = 0.942sec
planning: env=9, path=2017 || ( 17% complete) success rate = 0.833 planning time = 0.263sec
planning: env=9, path=2018 || ( 18% complete) success rate = 0.842 planning time = 0.13sec
planning: env=9, path=2019 || ( 19% complete) success rate = 0.85 planning time = 0.242sec
planning: env=9, path=2020 || ( 20% complete) success rate = 0.857 planning time = 0.564sec
planning: env=9, path=2021 || ( 21% complete) success rate = 0.864 planning time = 0.594sec
planning: env=9, path=2022 || ( 22% complete) success rate = 0.87 planning time = 0.48sec
planning: env=9, path=2023 || ( 23% complete) success rate = 0.875 planning time = 0.326sec
planning: env=9, path=2024 || ( 24% complete) success rate = 0.88 planning time = 0.581sec
planning: env=9, path=2025 || ( 25% complete) success rate = 0.885 planning time = 0.457sec
planning: env=9, path=2026 || ( 26% complete) success rate = 0.889 planning time =  1.2sec
planning: env=9, path=2027 || ( 27% complete) success rate = 0.893 planning time = 2.35sec
planning: env=9, path=2028 || ( 28% complete) success rate = 0.897 planning time = 0.664sec
planning: env=9, path=2028 || ( 30% complete) success rate = 0.897 planning time = 0.664sec
planning: env=9, path=2030 || ( 30% complete) success rate = 0.871 planning time = 0.271sec
planning: env=9, path=2031 || ( 31% complete) success rate = 0.875 planning time = 1.47sec
planning: env=9, path=2032 || ( 32% complete) success rate = 0.879 planning time = 0.28sec
planning: env=9, path=2033 || ( 33% complete) success rate = 0.882 planning time = 0.464sec
planning: env=9, path=2034 || ( 34% complete) success rate = 0.886 planning time = 0.269sec
planning: env=9, path=2035 || ( 35% complete) success rate = 0.889 planning time = 1.03sec
planning: env=9, path=2036 || ( 36% complete) success rate = 0.892 planning time =  0.7sec
planning: env=9, path=2037 || ( 37% complete) success rate = 0.895 planning time = 0.446sec
planning: env=9, path=2038 || ( 38% complete) success rate = 0.897 planning time = 2.86sec
planning: env=9, path=2038 || ( 40% complete) success rate = 0.897 planning time = 2.86sec
planning: env=9, path=2038 || ( 41% complete) success rate = 0.897 planning time = 2.86sec
planning: env=9, path=2041 || ( 41% complete) success rate = 0.857 planning time = 0.893sec
planning: env=9, path=2043 || ( 43% complete) success rate = 0.841 planning time = 0.51sec
planning: env=9, path=2044 || ( 44% complete) success rate = 0.844 planning time = 0.418sec
planning: env=9, path=2045 || ( 45% complete) success rate = 0.848 planning time = 0.434sec
planning: env=9, path=2045 || ( 47% complete) success rate = 0.848 planning time = 0.434sec
planning: env=9, path=2047 || ( 47% complete) success rate = 0.833 planning time = 0.103sec
planning: env=9, path=2048 || ( 48% complete) success rate = 0.837 planning time = 0.419sec
planning: env=9, path=2049 || ( 49% complete) success rate = 0.84 planning time = 0.92sec
planning: env=9, path=2050 || ( 50% complete) success rate = 0.843 planning time = 0.848sec
planning: env=9, path=2051 || ( 51% complete) success rate = 0.846 planning time = 0.195sec
planning: env=9, path=2052 || ( 52% complete) success rate = 0.849 planning time = 0.413sec
planning: env=9, path=2053 || ( 53% complete) success rate = 0.852 planning time = 0.678sec
planning: env=9, path=2054 || ( 54% complete) success rate = 0.855 planning time = 0.636sec
planning: env=9, path=2055 || ( 55% complete) success rate = 0.857 planning time = 0.532sec
planning: env=9, path=2056 || ( 56% complete) success rate = 0.86 planning time = 0.58sec
planning: env=9, path=2057 || ( 57% complete) success rate = 0.862 planning time = 0.284sec
planning: env=9, path=2058 || ( 58% complete) success rate = 0.864 planning time = 0.58sec
planning: env=9, path=2059 || ( 59% complete) success rate = 0.867 planning time = 0.105sec
planning: env=9, path=2060 || ( 60% complete) success rate = 0.869 planning time = 0.502sec
planning: env=9, path=2061 || ( 61% complete) success rate = 0.871 planning time = 0.538sec
planning: env=9, path=2062 || ( 62% complete) success rate = 0.873 planning time = 0.37sec
planning: env=9, path=2063 || ( 63% complete) success rate = 0.875 planning time = 0.734sec
planning: env=9, path=2064 || ( 64% complete) success rate = 0.877 planning time = 0.37sec
planning: env=9, path=2065 || ( 65% complete) success rate = 0.879 planning time = 0.179sec
planning: env=9, path=2067 || ( 67% complete) success rate = 0.868 planning time = 0.239sec
planning: env=9, path=2067 || ( 69% complete) success rate = 0.868 planning time = 0.239sec
planning: env=9, path=2069 || ( 69% complete) success rate = 0.857 planning time = 0.331sec
planning: env=9, path=2070 || ( 70% complete) success rate = 0.859 planning time = 0.679sec
planning: env=9, path=2071 || ( 71% complete) success rate = 0.861 planning time = 1.74sec
planning: env=9, path=2072 || ( 72% complete) success rate = 0.863 planning time = 0.275sec
planning: env=9, path=2073 || ( 73% complete) success rate = 0.865 planning time = 0.654sec
planning: env=9, path=2074 || ( 74% complete) success rate = 0.867 planning time = 0.348sec
planning: env=9, path=2075 || ( 75% complete) success rate = 0.868 planning time = 2.19sec
planning: env=9, path=2076 || ( 76% complete) success rate = 0.87 planning time = 0.474sec
planning: env=9, path=2076 || ( 78% complete) success rate = 0.87 planning time = 0.474sec
planning: env=9, path=2078 || ( 78% complete) success rate = 0.861 planning time = 0.331sec
planning: env=9, path=2079 || ( 79% complete) success rate = 0.863 planning time = 0.612sec
planning: env=9, path=2080 || ( 80% complete) success rate = 0.864 planning time = 0.863sec
planning: env=9, path=2080 || ( 82% complete) success rate = 0.864 planning time = 0.863sec
planning: env=9, path=2082 || ( 82% complete) success rate = 0.855 planning time = 0.288sec
planning: env=9, path=2083 || ( 83% complete) success rate = 0.857 planning time = 2.32sec
planning: env=9, path=2083 || ( 85% complete) success rate = 0.857 planning time = 2.32sec
planning: env=9, path=2083 || ( 87% complete) success rate = 0.857 planning time = 2.32sec
planning: env=9, path=2083 || ( 88% complete) success rate = 0.857 planning time = 2.32sec
planning: env=9, path=2088 || ( 88% complete) success rate = 0.82 planning time = 0.232sec
planning: env=9, path=2089 || ( 89% complete) success rate = 0.822 planning time = 0.21sec
planning: env=9, path=2090 || ( 90% complete) success rate = 0.824 planning time = 5.24sec
planning: env=9, path=2091 || ( 91% complete) success rate = 0.826 planning time = 0.499sec
planning: env=9, path=2092 || ( 92% complete) success rate = 0.828 planning time = 0.582sec
planning: env=9, path=2093 || ( 93% complete) success rate = 0.83 planning time = 0.173sec
planning: env=9, path=2093 || ( 95% complete) success rate = 0.83 planning time = 0.173sec
planning: env=9, path=2095 || ( 95% complete) success rate = 0.823 planning time = 0.25sec
planning: env=9, path=2096 || ( 96% complete) success rate = 0.825 planning time = 0.756sec
planning: env=9, path=2097 || ( 97% complete) success rate = 0.827 planning time = 0.621sec
planning: env=9, path=2098 || ( 98% complete) success rate = 0.828 planning time = 1.91sec
planning: env=9, path=2099 || ( 99% complete) success rate = 0.83 planning time = 0.182sec
planning: env=9, path=2099 || (100% complete) success rate = 0.83 planning time = 0.182sec
Namespace(N=10, NP=100, data_path='./data/complex/', device=0, disable_dropout=True, disable_lvc=False, env_type='c3d', epoch=150, model_path='./models_3d/', reproducible=False, result_path='./results_c3d_ep150_no_dropout/', s=0, sp=2000, world_size=[20.0])
using deep encoder, input_size=6000
loading...
cumulative: success rate=0.79, runtime (min/avg/max/stdev) = 0.04/3.22/43.64/6.48s
cumulative: success rate=0.80, runtime (min/avg/max/stdev) = 0.04/3.09/43.64/6.19s
cumulative: success rate=0.81, runtime (min/avg/max/stdev) = 0.04/3.11/43.64/5.96s
cumulative: success rate=0.80, runtime (min/avg/max/stdev) = 0.04/3.19/43.64/6.08s
cumulative: success rate=0.77, runtime (min/avg/max/stdev) = 0.04/3.40/43.64/6.13s
cumulative: success rate=0.78, runtime (min/avg/max/stdev) = 0.04/3.13/43.64/5.78s
cumulative: success rate=0.79, runtime (min/avg/max/stdev) = 0.04/3.00/43.64/5.74s
cumulative: success rate=0.78, runtime (min/avg/max/stdev) = 0.04/3.12/43.64/5.73s
cumulative: success rate=0.78, runtime (min/avg/max/stdev) = 0.04/3.06/43.64/5.64s
cumulative: success rate=0.79, runtime (min/avg/max/stdev) = 0.04/2.98/43.64/5.51s
