planning: env=0, path=- || (  0% complete) success rate = ---- planning time = ----sec
planning: env=0, path=2000 || (  0% complete) success rate =  1.0 planning time = 2.64sec
planning: env=0, path=2001 || (  1% complete) success rate =  1.0 planning time = 0.0632sec
planning: env=0, path=2002 || (  2% complete) success rate =  1.0 planning time = 3.27sec
planning: env=0, path=2003 || (  3% complete) success rate =  1.0 planning time = 0.228sec
planning: env=0, path=2004 || (  4% complete) success rate =  1.0 planning time = 0.38sec
planning: env=0, path=2005 || (  5% complete) success rate =  1.0 planning time = 0.339sec
planning: env=0, path=2006 || (  6% complete) success rate =  1.0 planning time = 0.762sec
planning: env=0, path=2007 || (  7% complete) success rate =  1.0 planning time = 0.189sec
planning: env=0, path=2008 || (  8% complete) success rate =  1.0 planning time = 0.465sec
planning: env=0, path=2009 || (  9% complete) success rate =  1.0 planning time = 0.287sec
planning: env=0, path=2010 || ( 10% complete) success rate =  1.0 planning time = 0.288sec
planning: env=0, path=2011 || ( 11% complete) success rate =  1.0 planning time = 1.15sec
planning: env=0, path=2012 || ( 12% complete) success rate =  1.0 planning time = 0.537sec
planning: env=0, path=2013 || ( 13% complete) success rate =  1.0 planning time = 0.291sec
planning: env=0, path=2015 || ( 15% complete) success rate = 0.938 planning time = 0.24sec
planning: env=0, path=2016 || ( 16% complete) success rate = 0.941 planning time = 0.251sec
planning: env=0, path=2017 || ( 17% complete) success rate = 0.944 planning time = 0.25sec
planning: env=0, path=2018 || ( 18% complete) success rate = 0.947 planning time = 0.183sec
planning: env=0, path=2019 || ( 19% complete) success rate = 0.95 planning time = 0.361sec
planning: env=0, path=2020 || ( 20% complete) success rate = 0.952 planning time = 0.376sec
planning: env=0, path=2020 || ( 22% complete) success rate = 0.952 planning time = 0.376sec
planning: env=0, path=2022 || ( 22% complete) success rate = 0.913 planning time = 1.08sec
planning: env=0, path=2023 || ( 23% complete) success rate = 0.917 planning time = 0.382sec
planning: env=0, path=2024 || ( 24% complete) success rate = 0.92 planning time = 0.738sec
planning: env=0, path=2025 || ( 25% complete) success rate = 0.923 planning time = 4.48sec
planning: env=0, path=2026 || ( 26% complete) success rate = 0.926 planning time = 0.328sec
planning: env=0, path=2026 || ( 28% complete) success rate = 0.926 planning time = 0.328sec
planning: env=0, path=2028 || ( 28% complete) success rate = 0.897 planning time = 0.502sec
planning: env=0, path=2029 || ( 29% complete) success rate =  0.9 planning time = 0.293sec
planning: env=0, path=2030 || ( 30% complete) success rate = 0.903 planning time = 0.251sec
planning: env=0, path=2031 || ( 31% complete) success rate = 0.906 planning time = 0.415sec
planning: env=0, path=2032 || ( 32% complete) success rate = 0.909 planning time = 0.216sec
planning: env=0, path=2033 || ( 33% complete) success rate = 0.912 planning time = 0.191sec
planning: env=0, path=2034 || ( 34% complete) success rate = 0.914 planning time = 0.104sec
planning: env=0, path=2035 || ( 35% complete) success rate = 0.917 planning time = 0.209sec
planning: env=0, path=2036 || ( 36% complete) success rate = 0.919 planning time = 0.167sec
planning: env=0, path=2037 || ( 37% complete) success rate = 0.921 planning time = 0.224sec
planning: env=0, path=2038 || ( 38% complete) success rate = 0.923 planning time = 0.251sec
planning: env=0, path=2039 || ( 39% complete) success rate = 0.925 planning time = 0.259sec
planning: env=0, path=2040 || ( 40% complete) success rate = 0.927 planning time = 0.15sec
planning: env=0, path=2041 || ( 41% complete) success rate = 0.929 planning time = 3.65sec
planning: env=0, path=2042 || ( 42% complete) success rate = 0.93 planning time = 0.305sec
planning: env=0, path=2043 || ( 43% complete) success rate = 0.932 planning time = 0.154sec
planning: env=0, path=2044 || ( 44% complete) success rate = 0.933 planning time = 0.146sec
planning: env=0, path=2045 || ( 45% complete) success rate = 0.935 planning time = 0.372sec
planning: env=0, path=2046 || ( 46% complete) success rate = 0.936 planning time = 0.406sec
planning: env=0, path=2047 || ( 47% complete) success rate = 0.938 planning time = 0.292sec
planning: env=0, path=2048 || ( 48% complete) success rate = 0.939 planning time = 0.756sec
planning: env=0, path=2049 || ( 49% complete) success rate = 0.94 planning time = 12.1sec
planning: env=0, path=2050 || ( 50% complete) success rate = 0.941 planning time = 0.306sec
planning: env=0, path=2051 || ( 51% complete) success rate = 0.942 planning time = 0.249sec
planning: env=0, path=2052 || ( 52% complete) success rate = 0.943 planning time = 6.02sec
planning: env=0, path=2053 || ( 53% complete) success rate = 0.944 planning time = 0.379sec
planning: env=0, path=2054 || ( 54% complete) success rate = 0.945 planning time = 1.17sec
planning: env=0, path=2055 || ( 55% complete) success rate = 0.946 planning time = 0.165sec
planning: env=0, path=2056 || ( 56% complete) success rate = 0.947 planning time = 0.346sec
planning: env=0, path=2058 || ( 58% complete) success rate = 0.932 planning time = 2.09sec
planning: env=0, path=2059 || ( 59% complete) success rate = 0.933 planning time = 0.457sec
planning: env=0, path=2060 || ( 60% complete) success rate = 0.934 planning time = 0.373sec
planning: env=0, path=2061 || ( 61% complete) success rate = 0.935 planning time = 0.118sec
planning: env=0, path=2062 || ( 62% complete) success rate = 0.937 planning time = 0.324sec
planning: env=0, path=2063 || ( 63% complete) success rate = 0.938 planning time = 0.243sec
planning: env=0, path=2064 || ( 64% complete) success rate = 0.938 planning time = 0.379sec
planning: env=0, path=2065 || ( 65% complete) success rate = 0.939 planning time = 0.81sec
planning: env=0, path=2066 || ( 66% complete) success rate = 0.94 planning time = 1.66sec
planning: env=0, path=2067 || ( 67% complete) success rate = 0.941 planning time = 0.401sec
planning: env=0, path=2068 || ( 68% complete) success rate = 0.942 planning time = 0.243sec
planning: env=0, path=2069 || ( 69% complete) success rate = 0.943 planning time = 1.67sec
planning: env=0, path=2070 || ( 70% complete) success rate = 0.944 planning time = 0.37sec
planning: env=0, path=2071 || ( 71% complete) success rate = 0.944 planning time = 0.128sec
planning: env=0, path=2072 || ( 72% complete) success rate = 0.945 planning time = 0.386sec
planning: env=0, path=2072 || ( 74% complete) success rate = 0.945 planning time = 0.386sec
planning: env=0, path=2072 || ( 75% complete) success rate = 0.945 planning time = 0.386sec
planning: env=0, path=2075 || ( 75% complete) success rate = 0.921 planning time = 0.157sec
planning: env=0, path=2076 || ( 76% complete) success rate = 0.922 planning time = 2.97sec
planning: env=0, path=2077 || ( 77% complete) success rate = 0.923 planning time = 0.829sec
planning: env=0, path=2078 || ( 78% complete) success rate = 0.924 planning time = 3.13sec
planning: env=0, path=2079 || ( 79% complete) success rate = 0.925 planning time = 4.88sec
planning: env=0, path=2081 || ( 81% complete) success rate = 0.915 planning time = 0.544sec
planning: env=0, path=2082 || ( 82% complete) success rate = 0.916 planning time = 0.376sec
planning: env=0, path=2083 || ( 83% complete) success rate = 0.917 planning time = 0.285sec
planning: env=0, path=2084 || ( 84% complete) success rate = 0.918 planning time = 0.446sec
planning: env=0, path=2085 || ( 85% complete) success rate = 0.919 planning time = 0.206sec
planning: env=0, path=2086 || ( 86% complete) success rate = 0.92 planning time = 4.33sec
planning: env=0, path=2087 || ( 87% complete) success rate = 0.92 planning time = 0.345sec
planning: env=0, path=2087 || ( 89% complete) success rate = 0.92 planning time = 0.345sec
planning: env=0, path=2089 || ( 89% complete) success rate = 0.911 planning time = 0.311sec
planning: env=0, path=2090 || ( 90% complete) success rate = 0.912 planning time = 0.108sec
planning: env=0, path=2091 || ( 91% complete) success rate = 0.913 planning time = 0.345sec
planning: env=0, path=2092 || ( 92% complete) success rate = 0.914 planning time = 0.256sec
planning: env=0, path=2093 || ( 93% complete) success rate = 0.915 planning time = 0.243sec
planning: env=0, path=2094 || ( 94% complete) success rate = 0.916 planning time = 0.354sec
planning: env=0, path=2095 || ( 95% complete) success rate = 0.917 planning time = 0.409sec
planning: env=0, path=2096 || ( 96% complete) success rate = 0.918 planning time = 0.397sec
planning: env=0, path=2097 || ( 97% complete) success rate = 0.918 planning time = 0.244sec
planning: env=0, path=2098 || ( 98% complete) success rate = 0.919 planning time = 6.89sec
planning: env=0, path=2098 || (100% complete) success rate = 0.919 planning time = 6.89sec
planning: env=1, path=- || (  0% complete) success rate = ---- planning time = ----sec
planning: env=1, path=2000 || (  0% complete) success rate =  1.0 planning time = 0.432sec
planning: env=1, path=2001 || (  1% complete) success rate =  1.0 planning time = 0.427sec
planning: env=1, path=2002 || (  2% complete) success rate =  1.0 planning time = 0.318sec
planning: env=1, path=2003 || (  3% complete) success rate =  1.0 planning time = 0.164sec
planning: env=1, path=2004 || (  4% complete) success rate =  1.0 planning time = 0.272sec
planning: env=1, path=2005 || (  5% complete) success rate =  1.0 planning time = 0.15sec
planning: env=1, path=2006 || (  6% complete) success rate =  1.0 planning time = 0.735sec
planning: env=1, path=2007 || (  7% complete) success rate =  1.0 planning time = 0.811sec
planning: env=1, path=2008 || (  8% complete) success rate =  1.0 planning time = 0.929sec
planning: env=1, path=2009 || (  9% complete) success rate =  1.0 planning time = 0.444sec
planning: env=1, path=2010 || ( 10% complete) success rate =  1.0 planning time = 0.245sec
planning: env=1, path=2011 || ( 11% complete) success rate =  1.0 planning time = 0.459sec
planning: env=1, path=2012 || ( 12% complete) success rate =  1.0 planning time = 0.228sec
planning: env=1, path=2013 || ( 13% complete) success rate =  1.0 planning time = 0.335sec
planning: env=1, path=2014 || ( 14% complete) success rate =  1.0 planning time = 0.187sec
planning: env=1, path=2015 || ( 15% complete) success rate =  1.0 planning time = 2.23sec
planning: env=1, path=2015 || ( 17% complete) success rate =  1.0 planning time = 2.23sec
planning: env=1, path=2017 || ( 17% complete) success rate = 0.944 planning time = 0.781sec
planning: env=1, path=2018 || ( 18% complete) success rate = 0.947 planning time = 7.65sec
planning: env=1, path=2019 || ( 19% complete) success rate = 0.95 planning time =  0.2sec
planning: env=1, path=2020 || ( 20% complete) success rate = 0.952 planning time = 2.47sec
planning: env=1, path=2021 || ( 21% complete) success rate = 0.955 planning time = 0.275sec
planning: env=1, path=2022 || ( 22% complete) success rate = 0.957 planning time = 0.362sec
planning: env=1, path=2023 || ( 23% complete) success rate = 0.958 planning time = 0.962sec
planning: env=1, path=2024 || ( 24% complete) success rate = 0.96 planning time = 4.48sec
planning: env=1, path=2025 || ( 25% complete) success rate = 0.962 planning time = 0.18sec
planning: env=1, path=2026 || ( 26% complete) success rate = 0.963 planning time = 0.223sec
planning: env=1, path=2027 || ( 27% complete) success rate = 0.964 planning time = 0.275sec
planning: env=1, path=2028 || ( 28% complete) success rate = 0.966 planning time =  1.5sec
planning: env=1, path=2029 || ( 29% complete) success rate = 0.967 planning time = 0.365sec
planning: env=1, path=2030 || ( 30% complete) success rate = 0.968 planning time = 0.476sec
planning: env=1, path=2031 || ( 31% complete) success rate = 0.969 planning time = 0.269sec
planning: env=1, path=2032 || ( 32% complete) success rate = 0.97 planning time = 0.234sec
planning: env=1, path=2033 || ( 33% complete) success rate = 0.971 planning time = 0.218sec
planning: env=1, path=2034 || ( 34% complete) success rate = 0.971 planning time = 0.22sec
planning: env=1, path=2035 || ( 35% complete) success rate = 0.972 planning time = 0.241sec
planning: env=1, path=2036 || ( 36% complete) success rate = 0.973 planning time = 0.382sec
planning: env=1, path=2037 || ( 37% complete) success rate = 0.974 planning time = 0.603sec
planning: env=1, path=2038 || ( 38% complete) success rate = 0.974 planning time = 0.921sec
planning: env=1, path=2039 || ( 39% complete) success rate = 0.975 planning time = 0.372sec
planning: env=1, path=2040 || ( 40% complete) success rate = 0.976 planning time = 0.317sec
planning: env=1, path=2041 || ( 41% complete) success rate = 0.976 planning time = 0.197sec
planning: env=1, path=2042 || ( 42% complete) success rate = 0.977 planning time = 0.218sec
planning: env=1, path=2043 || ( 43% complete) success rate = 0.977 planning time = 0.453sec
planning: env=1, path=2044 || ( 44% complete) success rate = 0.978 planning time = 3.35sec
planning: env=1, path=2045 || ( 45% complete) success rate = 0.978 planning time = 0.359sec
planning: env=1, path=2046 || ( 46% complete) success rate = 0.979 planning time = 0.157sec
planning: env=1, path=2047 || ( 47% complete) success rate = 0.979 planning time = 0.163sec
planning: env=1, path=2048 || ( 48% complete) success rate = 0.98 planning time = 0.11sec
planning: env=1, path=2049 || ( 49% complete) success rate = 0.98 planning time = 5.46sec
planning: env=1, path=2050 || ( 50% complete) success rate = 0.98 planning time = 0.209sec
planning: env=1, path=2051 || ( 51% complete) success rate = 0.981 planning time = 0.384sec
planning: env=1, path=2052 || ( 52% complete) success rate = 0.981 planning time = 0.358sec
planning: env=1, path=2053 || ( 53% complete) success rate = 0.981 planning time = 0.328sec
planning: env=1, path=2054 || ( 54% complete) success rate = 0.982 planning time = 0.564sec
planning: env=1, path=2055 || ( 55% complete) success rate = 0.982 planning time = 0.227sec
planning: env=1, path=2056 || ( 56% complete) success rate = 0.982 planning time = 0.272sec
planning: env=1, path=2057 || ( 57% complete) success rate = 0.983 planning time = 4.59sec
planning: env=1, path=2058 || ( 58% complete) success rate = 0.983 planning time = 0.327sec
planning: env=1, path=2059 || ( 59% complete) success rate = 0.983 planning time = 0.187sec
planning: env=1, path=2060 || ( 60% complete) success rate = 0.984 planning time = 0.429sec
planning: env=1, path=2060 || ( 63% complete) success rate = 0.984 planning time = 0.429sec
planning: env=1, path=2063 || ( 63% complete) success rate = 0.953 planning time = 0.574sec
planning: env=1, path=2064 || ( 64% complete) success rate = 0.954 planning time = 0.401sec
planning: env=1, path=2065 || ( 65% complete) success rate = 0.955 planning time = 2.03sec
planning: env=1, path=2066 || ( 66% complete) success rate = 0.955 planning time = 0.145sec
planning: env=1, path=2067 || ( 67% complete) success rate = 0.956 planning time = 0.269sec
planning: env=1, path=2068 || ( 68% complete) success rate = 0.957 planning time = 0.268sec
planning: env=1, path=2069 || ( 69% complete) success rate = 0.957 planning time = 0.378sec
planning: env=1, path=2070 || ( 70% complete) success rate = 0.958 planning time = 0.201sec
planning: env=1, path=2071 || ( 71% complete) success rate = 0.958 planning time = 0.25sec
planning: env=1, path=2072 || ( 72% complete) success rate = 0.959 planning time = 0.242sec
planning: env=1, path=2073 || ( 73% complete) success rate = 0.959 planning time = 0.371sec
planning: env=1, path=2074 || ( 74% complete) success rate = 0.96 planning time = 19.4sec
planning: env=1, path=2075 || ( 75% complete) success rate = 0.961 planning time = 0.231sec
planning: env=1, path=2076 || ( 76% complete) success rate = 0.961 planning time = 1.11sec
planning: env=1, path=2077 || ( 77% complete) success rate = 0.962 planning time = 0.366sec
planning: env=1, path=2078 || ( 78% complete) success rate = 0.962 planning time = 0.323sec
planning: env=1, path=2079 || ( 79% complete) success rate = 0.963 planning time = 1.19sec
planning: env=1, path=2080 || ( 80% complete) success rate = 0.963 planning time = 0.405sec
planning: env=1, path=2081 || ( 81% complete) success rate = 0.963 planning time = 0.237sec
planning: env=1, path=2082 || ( 82% complete) success rate = 0.964 planning time = 0.94sec
planning: env=1, path=2083 || ( 83% complete) success rate = 0.964 planning time = 0.341sec
planning: env=1, path=2084 || ( 84% complete) success rate = 0.965 planning time = 0.522sec
planning: env=1, path=2085 || ( 85% complete) success rate = 0.965 planning time = 0.252sec
planning: env=1, path=2086 || ( 86% complete) success rate = 0.966 planning time = 0.313sec
planning: env=1, path=2087 || ( 87% complete) success rate = 0.966 planning time = 0.386sec
planning: env=1, path=2088 || ( 88% complete) success rate = 0.966 planning time = 0.288sec
planning: env=1, path=2089 || ( 89% complete) success rate = 0.967 planning time = 0.204sec
planning: env=1, path=2090 || ( 90% complete) success rate = 0.967 planning time = 0.295sec
planning: env=1, path=2091 || ( 91% complete) success rate = 0.967 planning time = 0.143sec
planning: env=1, path=2092 || ( 92% complete) success rate = 0.968 planning time = 0.355sec
planning: env=1, path=2093 || ( 93% complete) success rate = 0.968 planning time = 0.408sec
planning: env=1, path=2094 || ( 94% complete) success rate = 0.968 planning time = 0.191sec
planning: env=1, path=2095 || ( 95% complete) success rate = 0.969 planning time = 0.254sec
planning: env=1, path=2096 || ( 96% complete) success rate = 0.969 planning time = 0.208sec
planning: env=1, path=2097 || ( 97% complete) success rate = 0.969 planning time = 0.526sec
planning: env=1, path=2098 || ( 98% complete) success rate = 0.97 planning time = 0.309sec
planning: env=1, path=2099 || ( 99% complete) success rate = 0.97 planning time = 0.265sec
planning: env=1, path=2099 || (100% complete) success rate = 0.97 planning time = 0.265sec
planning: env=2, path=- || (  0% complete) success rate = ---- planning time = ----sec
planning: env=2, path=2000 || (  0% complete) success rate =  1.0 planning time = 0.515sec
planning: env=2, path=2001 || (  1% complete) success rate =  1.0 planning time = 0.226sec
planning: env=2, path=2002 || (  2% complete) success rate =  1.0 planning time = 6.83sec
planning: env=2, path=2003 || (  3% complete) success rate =  1.0 planning time = 0.24sec
planning: env=2, path=2004 || (  4% complete) success rate =  1.0 planning time = 5.13sec
planning: env=2, path=2005 || (  5% complete) success rate =  1.0 planning time = 0.429sec
planning: env=2, path=2006 || (  6% complete) success rate =  1.0 planning time = 0.505sec
planning: env=2, path=2007 || (  7% complete) success rate =  1.0 planning time = 2.39sec
planning: env=2, path=2008 || (  8% complete) success rate =  1.0 planning time = 0.449sec
planning: env=2, path=2009 || (  9% complete) success rate =  1.0 planning time = 0.317sec
planning: env=2, path=2010 || ( 10% complete) success rate =  1.0 planning time = 0.207sec
planning: env=2, path=2011 || ( 11% complete) success rate =  1.0 planning time = 0.273sec
planning: env=2, path=2012 || ( 12% complete) success rate =  1.0 planning time = 4.33sec
planning: env=2, path=2013 || ( 13% complete) success rate =  1.0 planning time = 0.272sec
planning: env=2, path=2014 || ( 14% complete) success rate =  1.0 planning time = 0.666sec
planning: env=2, path=2015 || ( 15% complete) success rate =  1.0 planning time = 0.179sec
planning: env=2, path=2016 || ( 16% complete) success rate =  1.0 planning time = 0.164sec
planning: env=2, path=2017 || ( 17% complete) success rate =  1.0 planning time = 0.127sec
planning: env=2, path=2018 || ( 18% complete) success rate =  1.0 planning time = 0.519sec
planning: env=2, path=2019 || ( 19% complete) success rate =  1.0 planning time = 0.298sec
planning: env=2, path=2020 || ( 20% complete) success rate =  1.0 planning time = 0.181sec
planning: env=2, path=2021 || ( 21% complete) success rate =  1.0 planning time = 0.248sec
planning: env=2, path=2022 || ( 22% complete) success rate =  1.0 planning time = 0.483sec
planning: env=2, path=2023 || ( 23% complete) success rate =  1.0 planning time = 0.408sec
planning: env=2, path=2024 || ( 24% complete) success rate =  1.0 planning time = 0.176sec
planning: env=2, path=2025 || ( 25% complete) success rate =  1.0 planning time = 0.371sec
planning: env=2, path=2026 || ( 26% complete) success rate =  1.0 planning time = 0.367sec
planning: env=2, path=2027 || ( 27% complete) success rate =  1.0 planning time = 1.55sec
planning: env=2, path=2028 || ( 28% complete) success rate =  1.0 planning time = 0.458sec
planning: env=2, path=2029 || ( 29% complete) success rate =  1.0 planning time = 0.194sec
planning: env=2, path=2030 || ( 30% complete) success rate =  1.0 planning time = 0.303sec
planning: env=2, path=2031 || ( 31% complete) success rate =  1.0 planning time = 0.241sec
planning: env=2, path=2032 || ( 32% complete) success rate =  1.0 planning time = 11.7sec
planning: env=2, path=2033 || ( 33% complete) success rate =  1.0 planning time = 0.779sec
planning: env=2, path=2034 || ( 34% complete) success rate =  1.0 planning time = 0.295sec
planning: env=2, path=2035 || ( 35% complete) success rate =  1.0 planning time =  1.1sec
planning: env=2, path=2036 || ( 36% complete) success rate =  1.0 planning time = 20.1sec
planning: env=2, path=2037 || ( 37% complete) success rate =  1.0 planning time = 0.367sec
planning: env=2, path=2038 || ( 38% complete) success rate =  1.0 planning time = 0.622sec
planning: env=2, path=2038 || ( 40% complete) success rate =  1.0 planning time = 0.622sec
planning: env=2, path=2040 || ( 40% complete) success rate = 0.976 planning time = 0.26sec
planning: env=2, path=2041 || ( 41% complete) success rate = 0.976 planning time = 0.168sec
planning: env=2, path=2042 || ( 42% complete) success rate = 0.977 planning time = 0.821sec
planning: env=2, path=2043 || ( 43% complete) success rate = 0.977 planning time = 0.289sec
planning: env=2, path=2044 || ( 44% complete) success rate = 0.978 planning time = 4.08sec
planning: env=2, path=2045 || ( 45% complete) success rate = 0.978 planning time = 0.729sec
planning: env=2, path=2046 || ( 46% complete) success rate = 0.979 planning time = 0.406sec
planning: env=2, path=2047 || ( 47% complete) success rate = 0.979 planning time = 0.165sec
planning: env=2, path=2048 || ( 48% complete) success rate = 0.98 planning time = 0.339sec
planning: env=2, path=2049 || ( 49% complete) success rate = 0.98 planning time = 0.176sec
planning: env=2, path=2050 || ( 50% complete) success rate = 0.98 planning time = 0.303sec
planning: env=2, path=2051 || ( 51% complete) success rate = 0.981 planning time = 0.114sec
planning: env=2, path=2052 || ( 52% complete) success rate = 0.981 planning time = 0.477sec
planning: env=2, path=2053 || ( 53% complete) success rate = 0.981 planning time = 0.327sec
planning: env=2, path=2054 || ( 54% complete) success rate = 0.982 planning time = 0.248sec
planning: env=2, path=2054 || ( 56% complete) success rate = 0.982 planning time = 0.248sec
planning: env=2, path=2054 || ( 57% complete) success rate = 0.982 planning time = 0.248sec
planning: env=2, path=2057 || ( 57% complete) success rate = 0.948 planning time = 0.246sec
planning: env=2, path=2058 || ( 58% complete) success rate = 0.949 planning time = 0.218sec
planning: env=2, path=2059 || ( 59% complete) success rate = 0.95 planning time = 0.577sec
planning: env=2, path=2060 || ( 60% complete) success rate = 0.951 planning time = 0.68sec
planning: env=2, path=2061 || ( 61% complete) success rate = 0.952 planning time = 0.217sec
planning: env=2, path=2062 || ( 62% complete) success rate = 0.952 planning time = 0.487sec
planning: env=2, path=2063 || ( 63% complete) success rate = 0.953 planning time = 0.338sec
planning: env=2, path=2064 || ( 64% complete) success rate = 0.954 planning time =  0.3sec
planning: env=2, path=2065 || ( 65% complete) success rate = 0.955 planning time = 0.189sec
planning: env=2, path=2066 || ( 66% complete) success rate = 0.955 planning time = 0.546sec
planning: env=2, path=2067 || ( 67% complete) success rate = 0.956 planning time = 0.419sec
planning: env=2, path=2068 || ( 68% complete) success rate = 0.957 planning time = 0.334sec
planning: env=2, path=2069 || ( 69% complete) success rate = 0.957 planning time = 0.406sec
planning: env=2, path=2070 || ( 70% complete) success rate = 0.958 planning time = 0.266sec
planning: env=2, path=2071 || ( 71% complete) success rate = 0.958 planning time = 0.341sec
planning: env=2, path=2072 || ( 72% complete) success rate = 0.959 planning time = 0.219sec
planning: env=2, path=2073 || ( 73% complete) success rate = 0.959 planning time = 2.24sec
planning: env=2, path=2074 || ( 74% complete) success rate = 0.96 planning time = 0.0886sec
planning: env=2, path=2075 || ( 75% complete) success rate = 0.961 planning time = 0.371sec
planning: env=2, path=2076 || ( 76% complete) success rate = 0.961 planning time = 0.157sec
planning: env=2, path=2077 || ( 77% complete) success rate = 0.962 planning time = 3.55sec
planning: env=2, path=2078 || ( 78% complete) success rate = 0.962 planning time = 0.322sec
planning: env=2, path=2079 || ( 79% complete) success rate = 0.963 planning time = 1.42sec
planning: env=2, path=2080 || ( 80% complete) success rate = 0.963 planning time = 0.597sec
planning: env=2, path=2081 || ( 81% complete) success rate = 0.963 planning time = 0.12sec
planning: env=2, path=2082 || ( 82% complete) success rate = 0.964 planning time = 1.19sec
planning: env=2, path=2083 || ( 83% complete) success rate = 0.964 planning time = 0.434sec
planning: env=2, path=2084 || ( 84% complete) success rate = 0.965 planning time = 0.925sec
planning: env=2, path=2085 || ( 85% complete) success rate = 0.965 planning time = 0.886sec
planning: env=2, path=2086 || ( 86% complete) success rate = 0.966 planning time = 0.392sec
planning: env=2, path=2087 || ( 87% complete) success rate = 0.966 planning time = 1.14sec
planning: env=2, path=2088 || ( 88% complete) success rate = 0.966 planning time = 0.365sec
planning: env=2, path=2089 || ( 89% complete) success rate = 0.967 planning time = 0.599sec
planning: env=2, path=2090 || ( 90% complete) success rate = 0.967 planning time = 6.37sec
planning: env=2, path=2091 || ( 91% complete) success rate = 0.967 planning time = 0.181sec
planning: env=2, path=2091 || ( 93% complete) success rate = 0.967 planning time = 0.181sec
planning: env=2, path=2093 || ( 93% complete) success rate = 0.957 planning time = 0.355sec
planning: env=2, path=2094 || ( 94% complete) success rate = 0.958 planning time = 0.293sec
planning: env=2, path=2095 || ( 95% complete) success rate = 0.958 planning time = 1.77sec
planning: env=2, path=2096 || ( 96% complete) success rate = 0.959 planning time = 0.404sec
planning: env=2, path=2097 || ( 97% complete) success rate = 0.959 planning time = 0.152sec
planning: env=2, path=2098 || ( 98% complete) success rate = 0.96 planning time = 0.446sec
planning: env=2, path=2099 || ( 99% complete) success rate = 0.96 planning time = 0.408sec
planning: env=2, path=2099 || (100% complete) success rate = 0.96 planning time = 0.408sec
planning: env=3, path=- || (  0% complete) success rate = ---- planning time = ----sec
planning: env=3, path=2000 || (  0% complete) success rate =  1.0 planning time = 0.289sec
planning: env=3, path=2001 || (  1% complete) success rate =  1.0 planning time = 0.263sec
planning: env=3, path=2002 || (  2% complete) success rate =  1.0 planning time = 0.193sec
planning: env=3, path=2003 || (  3% complete) success rate =  1.0 planning time = 0.375sec
planning: env=3, path=2004 || (  4% complete) success rate =  1.0 planning time = 0.162sec
planning: env=3, path=2005 || (  5% complete) success rate =  1.0 planning time = 0.117sec
planning: env=3, path=2006 || (  6% complete) success rate =  1.0 planning time = 0.152sec
planning: env=3, path=2007 || (  7% complete) success rate =  1.0 planning time = 0.187sec
planning: env=3, path=2008 || (  8% complete) success rate =  1.0 planning time = 2.79sec
planning: env=3, path=2009 || (  9% complete) success rate =  1.0 planning time = 0.722sec
planning: env=3, path=2010 || ( 10% complete) success rate =  1.0 planning time = 0.379sec
planning: env=3, path=2011 || ( 11% complete) success rate =  1.0 planning time = 0.161sec
planning: env=3, path=2012 || ( 12% complete) success rate =  1.0 planning time = 0.26sec
planning: env=3, path=2013 || ( 13% complete) success rate =  1.0 planning time = 0.427sec
planning: env=3, path=2014 || ( 14% complete) success rate =  1.0 planning time = 1.51sec
planning: env=3, path=2015 || ( 15% complete) success rate =  1.0 planning time = 2.37sec
planning: env=3, path=2016 || ( 16% complete) success rate =  1.0 planning time = 0.225sec
planning: env=3, path=2017 || ( 17% complete) success rate =  1.0 planning time = 1.91sec
planning: env=3, path=2018 || ( 18% complete) success rate =  1.0 planning time = 0.365sec
planning: env=3, path=2019 || ( 19% complete) success rate =  1.0 planning time = 0.345sec
planning: env=3, path=2020 || ( 20% complete) success rate =  1.0 planning time =  1.6sec
planning: env=3, path=2021 || ( 21% complete) success rate =  1.0 planning time = 0.204sec
planning: env=3, path=2022 || ( 22% complete) success rate =  1.0 planning time = 0.341sec
planning: env=3, path=2023 || ( 23% complete) success rate =  1.0 planning time = 0.266sec
planning: env=3, path=2024 || ( 24% complete) success rate =  1.0 planning time = 0.244sec
planning: env=3, path=2025 || ( 25% complete) success rate =  1.0 planning time = 0.239sec
planning: env=3, path=2026 || ( 26% complete) success rate =  1.0 planning time = 8.96sec
planning: env=3, path=2026 || ( 28% complete) success rate =  1.0 planning time = 8.96sec
planning: env=3, path=2028 || ( 28% complete) success rate = 0.966 planning time = 0.969sec
planning: env=3, path=2029 || ( 29% complete) success rate = 0.967 planning time = 0.259sec
planning: env=3, path=2030 || ( 30% complete) success rate = 0.968 planning time = 0.194sec
planning: env=3, path=2031 || ( 31% complete) success rate = 0.969 planning time = 0.42sec
planning: env=3, path=2032 || ( 32% complete) success rate = 0.97 planning time = 0.233sec
planning: env=3, path=2033 || ( 33% complete) success rate = 0.971 planning time = 3.94sec
planning: env=3, path=2033 || ( 35% complete) success rate = 0.971 planning time = 3.94sec
planning: env=3, path=2033 || ( 36% complete) success rate = 0.971 planning time = 3.94sec
planning: env=3, path=2033 || ( 37% complete) success rate = 0.971 planning time = 3.94sec
planning: env=3, path=2033 || ( 38% complete) success rate = 0.971 planning time = 3.94sec
planning: env=3, path=2038 || ( 38% complete) success rate = 0.872 planning time = 2.11sec
planning: env=3, path=2039 || ( 39% complete) success rate = 0.875 planning time = 0.217sec
planning: env=3, path=2039 || ( 41% complete) success rate = 0.875 planning time = 0.217sec
planning: env=3, path=2039 || ( 42% complete) success rate = 0.875 planning time = 0.217sec
planning: env=3, path=2042 || ( 42% complete) success rate = 0.837 planning time = 3.06sec
planning: env=3, path=2043 || ( 43% complete) success rate = 0.841 planning time = 1.14sec
planning: env=3, path=2044 || ( 44% complete) success rate = 0.844 planning time = 0.451sec
planning: env=3, path=2045 || ( 45% complete) success rate = 0.848 planning time = 0.416sec
planning: env=3, path=2046 || ( 46% complete) success rate = 0.851 planning time = 0.507sec
planning: env=3, path=2047 || ( 47% complete) success rate = 0.854 planning time = 0.14sec
planning: env=3, path=2048 || ( 48% complete) success rate = 0.857 planning time = 0.243sec
planning: env=3, path=2049 || ( 49% complete) success rate = 0.86 planning time = 0.0844sec
planning: env=3, path=2050 || ( 50% complete) success rate = 0.863 planning time = 0.38sec
planning: env=3, path=2051 || ( 51% complete) success rate = 0.865 planning time = 0.478sec
planning: env=3, path=2052 || ( 52% complete) success rate = 0.868 planning time = 2.01sec
planning: env=3, path=2053 || ( 53% complete) success rate = 0.87 planning time = 0.545sec
planning: env=3, path=2054 || ( 54% complete) success rate = 0.873 planning time = 0.278sec
planning: env=3, path=2055 || ( 55% complete) success rate = 0.875 planning time = 0.158sec
planning: env=3, path=2056 || ( 56% complete) success rate = 0.877 planning time = 0.439sec
planning: env=3, path=2057 || ( 57% complete) success rate = 0.879 planning time = 0.184sec
planning: env=3, path=2058 || ( 58% complete) success rate = 0.881 planning time = 0.305sec
planning: env=3, path=2059 || ( 59% complete) success rate = 0.883 planning time = 0.245sec
planning: env=3, path=2060 || ( 60% complete) success rate = 0.885 planning time = 0.172sec
planning: env=3, path=2061 || ( 61% complete) success rate = 0.887 planning time = 0.159sec
planning: env=3, path=2062 || ( 62% complete) success rate = 0.889 planning time = 0.319sec
planning: env=3, path=2063 || ( 63% complete) success rate = 0.891 planning time = 0.137sec
planning: env=3, path=2064 || ( 64% complete) success rate = 0.892 planning time = 0.157sec
planning: env=3, path=2065 || ( 65% complete) success rate = 0.894 planning time = 0.136sec
planning: env=3, path=2066 || ( 66% complete) success rate = 0.896 planning time = 0.279sec
planning: env=3, path=2067 || ( 67% complete) success rate = 0.897 planning time = 8.45sec
planning: env=3, path=2068 || ( 68% complete) success rate = 0.899 planning time = 0.385sec
planning: env=3, path=2069 || ( 69% complete) success rate =  0.9 planning time = 0.288sec
planning: env=3, path=2070 || ( 70% complete) success rate = 0.901 planning time = 1.03sec
planning: env=3, path=2071 || ( 71% complete) success rate = 0.903 planning time = 0.307sec
planning: env=3, path=2072 || ( 72% complete) success rate = 0.904 planning time = 0.72sec
planning: env=3, path=2073 || ( 73% complete) success rate = 0.905 planning time =  0.7sec
planning: env=3, path=2074 || ( 74% complete) success rate = 0.907 planning time = 0.228sec
planning: env=3, path=2074 || ( 76% complete) success rate = 0.907 planning time = 0.228sec
planning: env=3, path=2076 || ( 76% complete) success rate = 0.896 planning time = 0.197sec
planning: env=3, path=2076 || ( 78% complete) success rate = 0.896 planning time = 0.197sec
planning: env=3, path=2078 || ( 78% complete) success rate = 0.886 planning time = 9.53sec
planning: env=3, path=2079 || ( 79% complete) success rate = 0.887 planning time = 6.44sec
planning: env=3, path=2079 || ( 82% complete) success rate = 0.887 planning time = 6.44sec
planning: env=3, path=2082 || ( 82% complete) success rate = 0.867 planning time = 0.164sec
planning: env=3, path=2083 || ( 83% complete) success rate = 0.869 planning time = 0.407sec
planning: env=3, path=2084 || ( 84% complete) success rate = 0.871 planning time =  0.5sec
planning: env=3, path=2085 || ( 85% complete) success rate = 0.872 planning time = 3.33sec
planning: env=3, path=2086 || ( 86% complete) success rate = 0.874 planning time = 0.236sec
planning: env=3, path=2087 || ( 87% complete) success rate = 0.875 planning time = 0.412sec
planning: env=3, path=2088 || ( 88% complete) success rate = 0.876 planning time = 0.482sec
planning: env=3, path=2089 || ( 89% complete) success rate = 0.878 planning time = 0.203sec
planning: env=3, path=2091 || ( 91% complete) success rate = 0.87 planning time = 0.297sec
planning: env=3, path=2092 || ( 92% complete) success rate = 0.871 planning time = 0.399sec
planning: env=3, path=2093 || ( 93% complete) success rate = 0.872 planning time = 0.326sec
planning: env=3, path=2094 || ( 94% complete) success rate = 0.874 planning time = 0.19sec
planning: env=3, path=2095 || ( 95% complete) success rate = 0.875 planning time = 0.742sec
planning: env=3, path=2096 || ( 96% complete) success rate = 0.876 planning time = 3.06sec
planning: env=3, path=2097 || ( 97% complete) success rate = 0.878 planning time = 0.38sec
planning: env=3, path=2098 || ( 98% complete) success rate = 0.879 planning time = 0.389sec
planning: env=3, path=2099 || ( 99% complete) success rate = 0.88 planning time = 0.337sec
planning: env=3, path=2099 || (100% complete) success rate = 0.88 planning time = 0.337sec
planning: env=4, path=- || (  0% complete) success rate = ---- planning time = ----sec
planning: env=4, path=2000 || (  0% complete) success rate =  1.0 planning time = 0.92sec
planning: env=4, path=2001 || (  1% complete) success rate =  1.0 planning time = 0.205sec
planning: env=4, path=2001 || (  3% complete) success rate =  1.0 planning time = 0.205sec
planning: env=4, path=2003 || (  3% complete) success rate = 0.75 planning time = 0.0513sec
planning: env=4, path=2005 || (  5% complete) success rate = 0.667 planning time = 0.273sec
planning: env=4, path=2006 || (  6% complete) success rate = 0.714 planning time = 3.07sec
planning: env=4, path=2006 || (  8% complete) success rate = 0.714 planning time = 3.07sec
planning: env=4, path=2008 || (  8% complete) success rate = 0.667 planning time = 0.318sec
planning: env=4, path=2009 || (  9% complete) success rate =  0.7 planning time = 0.91sec
planning: env=4, path=2009 || ( 11% complete) success rate =  0.7 planning time = 0.91sec
planning: env=4, path=2009 || ( 12% complete) success rate =  0.7 planning time = 0.91sec
planning: env=4, path=2009 || ( 13% complete) success rate =  0.7 planning time = 0.91sec
planning: env=4, path=2013 || ( 13% complete) success rate = 0.571 planning time = 0.34sec
planning: env=4, path=2014 || ( 14% complete) success rate =  0.6 planning time = 0.277sec
planning: env=4, path=2014 || ( 16% complete) success rate =  0.6 planning time = 0.277sec
planning: env=4, path=2016 || ( 16% complete) success rate = 0.588 planning time = 0.351sec
planning: env=4, path=2017 || ( 17% complete) success rate = 0.611 planning time = 0.773sec
planning: env=4, path=2018 || ( 18% complete) success rate = 0.632 planning time = 0.285sec
planning: env=4, path=2018 || ( 21% complete) success rate = 0.632 planning time = 0.285sec
planning: env=4, path=2021 || ( 21% complete) success rate = 0.591 planning time = 13.4sec
planning: env=4, path=2022 || ( 22% complete) success rate = 0.609 planning time = 0.36sec
planning: env=4, path=2023 || ( 23% complete) success rate = 0.625 planning time = 0.295sec
planning: env=4, path=2024 || ( 24% complete) success rate = 0.64 planning time = 0.936sec
planning: env=4, path=2025 || ( 25% complete) success rate = 0.654 planning time = 0.408sec
planning: env=4, path=2026 || ( 26% complete) success rate = 0.667 planning time = 0.564sec
planning: env=4, path=2027 || ( 27% complete) success rate = 0.679 planning time = 0.898sec
planning: env=4, path=2028 || ( 28% complete) success rate = 0.69 planning time = 0.702sec
planning: env=4, path=2029 || ( 29% complete) success rate =  0.7 planning time = 3.53sec
planning: env=4, path=2030 || ( 30% complete) success rate = 0.71 planning time = 0.162sec
planning: env=4, path=2031 || ( 31% complete) success rate = 0.719 planning time = 0.296sec
planning: env=4, path=2032 || ( 32% complete) success rate = 0.727 planning time = 0.273sec
planning: env=4, path=2033 || ( 33% complete) success rate = 0.735 planning time = 8.79sec
planning: env=4, path=2034 || ( 34% complete) success rate = 0.743 planning time = 4.04sec
planning: env=4, path=2035 || ( 35% complete) success rate = 0.75 planning time = 0.43sec
planning: env=4, path=2036 || ( 36% complete) success rate = 0.757 planning time = 0.12sec
planning: env=4, path=2037 || ( 37% complete) success rate = 0.763 planning time = 0.342sec
planning: env=4, path=2039 || ( 39% complete) success rate = 0.75 planning time = 0.404sec
planning: env=4, path=2040 || ( 40% complete) success rate = 0.756 planning time = 0.222sec
planning: env=4, path=2041 || ( 41% complete) success rate = 0.762 planning time = 2.56sec
planning: env=4, path=2042 || ( 42% complete) success rate = 0.767 planning time = 0.202sec
planning: env=4, path=2043 || ( 43% complete) success rate = 0.773 planning time = 1.99sec
planning: env=4, path=2044 || ( 44% complete) success rate = 0.778 planning time = 0.437sec
planning: env=4, path=2045 || ( 45% complete) success rate = 0.783 planning time = 3.91sec
planning: env=4, path=2045 || ( 47% complete) success rate = 0.783 planning time = 3.91sec
planning: env=4, path=2048 || ( 48% complete) success rate = 0.755 planning time = 0.431sec
planning: env=4, path=2049 || ( 49% complete) success rate = 0.76 planning time = 0.462sec
planning: env=4, path=2050 || ( 50% complete) success rate = 0.765 planning time = 0.405sec
planning: env=4, path=2051 || ( 51% complete) success rate = 0.769 planning time = 0.405sec
planning: env=4, path=2052 || ( 52% complete) success rate = 0.774 planning time = 0.354sec
planning: env=4, path=2053 || ( 53% complete) success rate = 0.778 planning time = 0.487sec
planning: env=4, path=2054 || ( 54% complete) success rate = 0.782 planning time = 0.372sec
planning: env=4, path=2054 || ( 56% complete) success rate = 0.782 planning time = 0.372sec
planning: env=4, path=2056 || ( 56% complete) success rate = 0.772 planning time = 0.843sec
planning: env=4, path=2057 || ( 57% complete) success rate = 0.776 planning time = 0.449sec
planning: env=4, path=2058 || ( 58% complete) success rate = 0.78 planning time = 5.01sec
planning: env=4, path=2059 || ( 59% complete) success rate = 0.783 planning time = 0.16sec
planning: env=4, path=2060 || ( 60% complete) success rate = 0.787 planning time = 0.303sec
planning: env=4, path=2061 || ( 61% complete) success rate = 0.79 planning time = 0.313sec
planning: env=4, path=2062 || ( 62% complete) success rate = 0.794 planning time = 0.385sec
planning: env=4, path=2063 || ( 63% complete) success rate = 0.797 planning time = 0.531sec
planning: env=4, path=2064 || ( 64% complete) success rate =  0.8 planning time = 0.477sec
planning: env=4, path=2065 || ( 65% complete) success rate = 0.803 planning time = 0.274sec
planning: env=4, path=2066 || ( 66% complete) success rate = 0.806 planning time = 0.732sec
planning: env=4, path=2067 || ( 67% complete) success rate = 0.809 planning time = 0.0551sec
planning: env=4, path=2067 || ( 69% complete) success rate = 0.809 planning time = 0.0551sec
planning: env=4, path=2069 || ( 69% complete) success rate =  0.8 planning time = 1.35sec
planning: env=4, path=2069 || ( 71% complete) success rate =  0.8 planning time = 1.35sec
planning: env=4, path=2071 || ( 71% complete) success rate = 0.792 planning time = 0.227sec
planning: env=4, path=2072 || ( 72% complete) success rate = 0.795 planning time = 2.27sec
planning: env=4, path=2072 || ( 74% complete) success rate = 0.795 planning time = 2.27sec
planning: env=4, path=2074 || ( 74% complete) success rate = 0.787 planning time = 0.447sec
planning: env=4, path=2075 || ( 75% complete) success rate = 0.789 planning time = 0.149sec
planning: env=4, path=2075 || ( 78% complete) success rate = 0.789 planning time = 0.149sec
planning: env=4, path=2078 || ( 78% complete) success rate = 0.772 planning time = 0.647sec
planning: env=4, path=2079 || ( 79% complete) success rate = 0.775 planning time = 2.96sec
planning: env=4, path=2080 || ( 80% complete) success rate = 0.778 planning time = 0.381sec
planning: env=4, path=2081 || ( 81% complete) success rate = 0.78 planning time = 0.329sec
planning: env=4, path=2082 || ( 82% complete) success rate = 0.783 planning time = 0.307sec
planning: env=4, path=2083 || ( 83% complete) success rate = 0.786 planning time = 2.13sec
planning: env=4, path=2084 || ( 84% complete) success rate = 0.788 planning time = 0.317sec
planning: env=4, path=2085 || ( 85% complete) success rate = 0.791 planning time = 0.349sec
planning: env=4, path=2086 || ( 86% complete) success rate = 0.793 planning time = 0.432sec
planning: env=4, path=2087 || ( 87% complete) success rate = 0.795 planning time = 0.786sec
planning: env=4, path=2088 || ( 88% complete) success rate = 0.798 planning time = 0.117sec
planning: env=4, path=2089 || ( 89% complete) success rate =  0.8 planning time = 0.236sec
planning: env=4, path=2090 || ( 90% complete) success rate = 0.802 planning time = 0.459sec
planning: env=4, path=2091 || ( 91% complete) success rate = 0.804 planning time = 0.237sec
planning: env=4, path=2092 || ( 92% complete) success rate = 0.806 planning time = 0.392sec
planning: env=4, path=2093 || ( 93% complete) success rate = 0.809 planning time = 0.19sec
planning: env=4, path=2094 || ( 94% complete) success rate = 0.811 planning time = 0.238sec
planning: env=4, path=2095 || ( 95% complete) success rate = 0.812 planning time = 0.354sec
planning: env=4, path=2095 || ( 97% complete) success rate = 0.812 planning time = 0.354sec
planning: env=4, path=2097 || ( 97% complete) success rate = 0.806 planning time = 12.8sec
planning: env=4, path=2098 || ( 98% complete) success rate = 0.808 planning time = 0.276sec
planning: env=4, path=2099 || ( 99% complete) success rate = 0.81 planning time = 0.35sec
planning: env=4, path=2099 || (100% complete) success rate = 0.81 planning time = 0.35sec
planning: env=5, path=- || (  0% complete) success rate = ---- planning time = ----sec
planning: env=5, path=2000 || (  0% complete) success rate =  1.0 planning time = 0.384sec
planning: env=5, path=2001 || (  1% complete) success rate =  1.0 planning time = 0.277sec
planning: env=5, path=2002 || (  2% complete) success rate =  1.0 planning time = 13.0sec
planning: env=5, path=2003 || (  3% complete) success rate =  1.0 planning time = 0.451sec
planning: env=5, path=2004 || (  4% complete) success rate =  1.0 planning time = 0.425sec
planning: env=5, path=2005 || (  5% complete) success rate =  1.0 planning time = 0.214sec
planning: env=5, path=2005 || (  7% complete) success rate =  1.0 planning time = 0.214sec
planning: env=5, path=2007 || (  7% complete) success rate = 0.875 planning time = 0.647sec
planning: env=5, path=2008 || (  8% complete) success rate = 0.889 planning time = 0.431sec
planning: env=5, path=2009 || (  9% complete) success rate =  0.9 planning time = 1.44sec
planning: env=5, path=2010 || ( 10% complete) success rate = 0.909 planning time = 0.259sec
planning: env=5, path=2011 || ( 11% complete) success rate = 0.917 planning time = 0.409sec
planning: env=5, path=2012 || ( 12% complete) success rate = 0.923 planning time = 0.688sec
planning: env=5, path=2013 || ( 13% complete) success rate = 0.929 planning time = 6.37sec
planning: env=5, path=2014 || ( 14% complete) success rate = 0.933 planning time = 0.307sec
planning: env=5, path=2015 || ( 15% complete) success rate = 0.938 planning time = 0.155sec
planning: env=5, path=2016 || ( 16% complete) success rate = 0.941 planning time = 0.275sec
planning: env=5, path=2017 || ( 17% complete) success rate = 0.944 planning time = 0.245sec
planning: env=5, path=2018 || ( 18% complete) success rate = 0.947 planning time = 0.448sec
planning: env=5, path=2019 || ( 19% complete) success rate = 0.95 planning time = 0.266sec
planning: env=5, path=2020 || ( 20% complete) success rate = 0.952 planning time = 0.41sec
planning: env=5, path=2020 || ( 22% complete) success rate = 0.952 planning time = 0.41sec
planning: env=5, path=2022 || ( 22% complete) success rate = 0.913 planning time = 0.361sec
planning: env=5, path=2023 || ( 23% complete) success rate = 0.917 planning time = 0.535sec
planning: env=5, path=2024 || ( 24% complete) success rate = 0.92 planning time = 0.265sec
planning: env=5, path=2025 || ( 25% complete) success rate = 0.923 planning time = 0.303sec
planning: env=5, path=2026 || ( 26% complete) success rate = 0.926 planning time = 0.249sec
planning: env=5, path=2027 || ( 27% complete) success rate = 0.929 planning time = 0.343sec
planning: env=5, path=2028 || ( 28% complete) success rate = 0.931 planning time = 0.207sec
planning: env=5, path=2029 || ( 29% complete) success rate = 0.933 planning time = 0.19sec
planning: env=5, path=2030 || ( 30% complete) success rate = 0.935 planning time = 0.366sec
planning: env=5, path=2031 || ( 31% complete) success rate = 0.938 planning time = 0.254sec
planning: env=5, path=2032 || ( 32% complete) success rate = 0.939 planning time = 0.338sec
planning: env=5, path=2033 || ( 33% complete) success rate = 0.941 planning time = 0.32sec
planning: env=5, path=2034 || ( 34% complete) success rate = 0.943 planning time = 0.348sec
planning: env=5, path=2034 || ( 36% complete) success rate = 0.943 planning time = 0.348sec
planning: env=5, path=2036 || ( 36% complete) success rate = 0.919 planning time = 0.406sec
planning: env=5, path=2037 || ( 37% complete) success rate = 0.921 planning time = 0.219sec
planning: env=5, path=2038 || ( 38% complete) success rate = 0.923 planning time = 0.236sec
planning: env=5, path=2039 || ( 39% complete) success rate = 0.925 planning time = 0.261sec
planning: env=5, path=2040 || ( 40% complete) success rate = 0.927 planning time = 0.213sec
planning: env=5, path=2041 || ( 41% complete) success rate = 0.929 planning time = 0.328sec
planning: env=5, path=2042 || ( 42% complete) success rate = 0.93 planning time = 0.201sec
planning: env=5, path=2043 || ( 43% complete) success rate = 0.932 planning time = 0.224sec
planning: env=5, path=2044 || ( 44% complete) success rate = 0.933 planning time = 0.95sec
planning: env=5, path=2045 || ( 45% complete) success rate = 0.935 planning time = 0.994sec
planning: env=5, path=2046 || ( 46% complete) success rate = 0.936 planning time = 0.314sec
planning: env=5, path=2047 || ( 47% complete) success rate = 0.938 planning time = 0.25sec
planning: env=5, path=2048 || ( 48% complete) success rate = 0.939 planning time = 0.421sec
planning: env=5, path=2049 || ( 49% complete) success rate = 0.94 planning time = 0.443sec
planning: env=5, path=2050 || ( 50% complete) success rate = 0.941 planning time = 0.438sec
planning: env=5, path=2051 || ( 51% complete) success rate = 0.942 planning time = 0.294sec
planning: env=5, path=2052 || ( 52% complete) success rate = 0.943 planning time = 0.413sec
planning: env=5, path=2053 || ( 53% complete) success rate = 0.944 planning time = 0.303sec
planning: env=5, path=2054 || ( 54% complete) success rate = 0.945 planning time = 0.261sec
planning: env=5, path=2055 || ( 55% complete) success rate = 0.946 planning time = 2.94sec
planning: env=5, path=2056 || ( 56% complete) success rate = 0.947 planning time = 0.187sec
planning: env=5, path=2057 || ( 57% complete) success rate = 0.948 planning time = 0.736sec
planning: env=5, path=2058 || ( 58% complete) success rate = 0.949 planning time = 3.49sec
planning: env=5, path=2059 || ( 59% complete) success rate = 0.95 planning time = 0.312sec
planning: env=5, path=2060 || ( 60% complete) success rate = 0.951 planning time = 0.152sec
planning: env=5, path=2061 || ( 61% complete) success rate = 0.952 planning time = 0.138sec
planning: env=5, path=2062 || ( 62% complete) success rate = 0.952 planning time = 0.182sec
planning: env=5, path=2063 || ( 63% complete) success rate = 0.953 planning time = 0.163sec
planning: env=5, path=2064 || ( 64% complete) success rate = 0.954 planning time = 3.31sec
planning: env=5, path=2065 || ( 65% complete) success rate = 0.955 planning time = 0.251sec
planning: env=5, path=2066 || ( 66% complete) success rate = 0.955 planning time = 0.194sec
planning: env=5, path=2067 || ( 67% complete) success rate = 0.956 planning time = 8.04sec
planning: env=5, path=2067 || ( 69% complete) success rate = 0.956 planning time = 8.04sec
planning: env=5, path=2069 || ( 69% complete) success rate = 0.943 planning time = 0.148sec
planning: env=5, path=2070 || ( 70% complete) success rate = 0.944 planning time = 0.659sec
planning: env=5, path=2071 || ( 71% complete) success rate = 0.944 planning time = 2.06sec
planning: env=5, path=2072 || ( 72% complete) success rate = 0.945 planning time = 0.522sec
planning: env=5, path=2073 || ( 73% complete) success rate = 0.946 planning time = 0.365sec
planning: env=5, path=2074 || ( 74% complete) success rate = 0.947 planning time = 0.122sec
planning: env=5, path=2075 || ( 75% complete) success rate = 0.947 planning time = 0.35sec
planning: env=5, path=2076 || ( 76% complete) success rate = 0.948 planning time = 0.294sec
planning: env=5, path=2077 || ( 77% complete) success rate = 0.949 planning time = 0.174sec
planning: env=5, path=2078 || ( 78% complete) success rate = 0.949 planning time = 0.427sec
planning: env=5, path=2079 || ( 79% complete) success rate = 0.95 planning time = 0.295sec
planning: env=5, path=2080 || ( 80% complete) success rate = 0.951 planning time = 0.145sec
planning: env=5, path=2081 || ( 81% complete) success rate = 0.951 planning time = 0.266sec
planning: env=5, path=2082 || ( 82% complete) success rate = 0.952 planning time = 0.362sec
planning: env=5, path=2083 || ( 83% complete) success rate = 0.952 planning time = 0.444sec
planning: env=5, path=2084 || ( 84% complete) success rate = 0.953 planning time = 0.416sec
planning: env=5, path=2085 || ( 85% complete) success rate = 0.953 planning time = 0.517sec
planning: env=5, path=2086 || ( 86% complete) success rate = 0.954 planning time = 0.215sec
planning: env=5, path=2087 || ( 87% complete) success rate = 0.955 planning time = 0.165sec
planning: env=5, path=2088 || ( 88% complete) success rate = 0.955 planning time = 0.192sec
planning: env=5, path=2089 || ( 89% complete) success rate = 0.956 planning time = 0.191sec
planning: env=5, path=2090 || ( 90% complete) success rate = 0.956 planning time = 0.451sec
planning: env=5, path=2091 || ( 91% complete) success rate = 0.957 planning time = 0.519sec
planning: env=5, path=2092 || ( 92% complete) success rate = 0.957 planning time = 0.161sec
planning: env=5, path=2093 || ( 93% complete) success rate = 0.957 planning time = 0.393sec
planning: env=5, path=2094 || ( 94% complete) success rate = 0.958 planning time = 0.177sec
planning: env=5, path=2095 || ( 95% complete) success rate = 0.958 planning time = 0.194sec
planning: env=5, path=2096 || ( 96% complete) success rate = 0.959 planning time = 0.616sec
planning: env=5, path=2097 || ( 97% complete) success rate = 0.959 planning time = 0.34sec
planning: env=5, path=2098 || ( 98% complete) success rate = 0.96 planning time = 0.508sec
planning: env=5, path=2099 || ( 99% complete) success rate = 0.96 planning time = 0.152sec
planning: env=5, path=2099 || (100% complete) success rate = 0.96 planning time = 0.152sec
planning: env=6, path=- || (  0% complete) success rate = ---- planning time = ----sec
planning: env=6, path=2000 || (  0% complete) success rate =  1.0 planning time = 0.447sec
planning: env=6, path=2001 || (  1% complete) success rate =  1.0 planning time = 0.209sec
planning: env=6, path=2002 || (  2% complete) success rate =  1.0 planning time = 0.271sec
planning: env=6, path=2003 || (  3% complete) success rate =  1.0 planning time = 0.174sec
planning: env=6, path=2004 || (  4% complete) success rate =  1.0 planning time = 0.393sec
planning: env=6, path=2005 || (  5% complete) success rate =  1.0 planning time = 0.128sec
planning: env=6, path=2006 || (  6% complete) success rate =  1.0 planning time = 0.72sec
planning: env=6, path=2007 || (  7% complete) success rate =  1.0 planning time = 0.56sec
planning: env=6, path=2008 || (  8% complete) success rate =  1.0 planning time = 0.582sec
planning: env=6, path=2009 || (  9% complete) success rate =  1.0 planning time = 5.72sec
planning: env=6, path=2010 || ( 10% complete) success rate =  1.0 planning time = 0.402sec
planning: env=6, path=2011 || ( 11% complete) success rate =  1.0 planning time = 0.33sec
planning: env=6, path=2011 || ( 13% complete) success rate =  1.0 planning time = 0.33sec
planning: env=6, path=2013 || ( 13% complete) success rate = 0.929 planning time = 2.51sec
planning: env=6, path=2014 || ( 14% complete) success rate = 0.933 planning time = 0.409sec
planning: env=6, path=2015 || ( 15% complete) success rate = 0.938 planning time = 0.502sec
planning: env=6, path=2016 || ( 16% complete) success rate = 0.941 planning time = 0.278sec
planning: env=6, path=2017 || ( 17% complete) success rate = 0.944 planning time = 0.141sec
planning: env=6, path=2018 || ( 18% complete) success rate = 0.947 planning time = 0.683sec
planning: env=6, path=2019 || ( 19% complete) success rate = 0.95 planning time = 0.169sec
planning: env=6, path=2020 || ( 20% complete) success rate = 0.952 planning time = 0.31sec
planning: env=6, path=2021 || ( 21% complete) success rate = 0.955 planning time = 0.32sec
planning: env=6, path=2022 || ( 22% complete) success rate = 0.957 planning time = 0.152sec
planning: env=6, path=2023 || ( 23% complete) success rate = 0.958 planning time = 4.57sec
planning: env=6, path=2023 || ( 25% complete) success rate = 0.958 planning time = 4.57sec
planning: env=6, path=2025 || ( 25% complete) success rate = 0.923 planning time = 0.314sec
planning: env=6, path=2026 || ( 26% complete) success rate = 0.926 planning time = 0.354sec
planning: env=6, path=2027 || ( 27% complete) success rate = 0.929 planning time = 0.833sec
planning: env=6, path=2028 || ( 28% complete) success rate = 0.931 planning time = 0.368sec
planning: env=6, path=2029 || ( 29% complete) success rate = 0.933 planning time = 0.297sec
planning: env=6, path=2030 || ( 30% complete) success rate = 0.935 planning time = 0.139sec
planning: env=6, path=2031 || ( 31% complete) success rate = 0.938 planning time = 0.441sec
planning: env=6, path=2032 || ( 32% complete) success rate = 0.939 planning time = 0.293sec
planning: env=6, path=2033 || ( 33% complete) success rate = 0.941 planning time = 0.292sec
planning: env=6, path=2034 || ( 34% complete) success rate = 0.943 planning time = 0.273sec
planning: env=6, path=2035 || ( 35% complete) success rate = 0.944 planning time = 0.327sec
planning: env=6, path=2036 || ( 36% complete) success rate = 0.946 planning time = 0.486sec
planning: env=6, path=2037 || ( 37% complete) success rate = 0.947 planning time = 0.253sec
planning: env=6, path=2038 || ( 38% complete) success rate = 0.949 planning time = 0.265sec
planning: env=6, path=2039 || ( 39% complete) success rate = 0.95 planning time = 0.142sec
planning: env=6, path=2040 || ( 40% complete) success rate = 0.951 planning time = 0.133sec
planning: env=6, path=2041 || ( 41% complete) success rate = 0.952 planning time = 0.302sec
planning: env=6, path=2042 || ( 42% complete) success rate = 0.953 planning time = 0.152sec
planning: env=6, path=2043 || ( 43% complete) success rate = 0.955 planning time = 0.268sec
planning: env=6, path=2044 || ( 44% complete) success rate = 0.956 planning time = 0.203sec
planning: env=6, path=2045 || ( 45% complete) success rate = 0.957 planning time = 0.366sec
planning: env=6, path=2046 || ( 46% complete) success rate = 0.957 planning time = 0.334sec
planning: env=6, path=2047 || ( 47% complete) success rate = 0.958 planning time = 8.96sec
planning: env=6, path=2048 || ( 48% complete) success rate = 0.959 planning time = 0.408sec
planning: env=6, path=2049 || ( 49% complete) success rate = 0.96 planning time = 0.359sec
planning: env=6, path=2050 || ( 50% complete) success rate = 0.961 planning time =  0.3sec
planning: env=6, path=2051 || ( 51% complete) success rate = 0.962 planning time = 0.371sec
planning: env=6, path=2052 || ( 52% complete) success rate = 0.962 planning time = 0.449sec
planning: env=6, path=2053 || ( 53% complete) success rate = 0.963 planning time = 0.755sec
planning: env=6, path=2054 || ( 54% complete) success rate = 0.964 planning time = 0.335sec
planning: env=6, path=2055 || ( 55% complete) success rate = 0.964 planning time = 0.434sec
planning: env=6, path=2056 || ( 56% complete) success rate = 0.965 planning time = 0.245sec
planning: env=6, path=2057 || ( 57% complete) success rate = 0.966 planning time = 0.273sec
planning: env=6, path=2058 || ( 58% complete) success rate = 0.966 planning time = 0.143sec
planning: env=6, path=2059 || ( 59% complete) success rate = 0.967 planning time = 0.393sec
planning: env=6, path=2060 || ( 60% complete) success rate = 0.967 planning time = 0.389sec
planning: env=6, path=2061 || ( 61% complete) success rate = 0.968 planning time = 1.04sec
planning: env=6, path=2062 || ( 62% complete) success rate = 0.968 planning time = 0.149sec
planning: env=6, path=2063 || ( 63% complete) success rate = 0.969 planning time = 0.467sec
planning: env=6, path=2064 || ( 64% complete) success rate = 0.969 planning time = 3.97sec
planning: env=6, path=2065 || ( 65% complete) success rate = 0.97 planning time = 0.351sec
planning: env=6, path=2066 || ( 66% complete) success rate = 0.97 planning time = 1.69sec
planning: env=6, path=2066 || ( 68% complete) success rate = 0.97 planning time = 1.69sec
planning: env=6, path=2068 || ( 68% complete) success rate = 0.957 planning time = 0.173sec
planning: env=6, path=2069 || ( 69% complete) success rate = 0.957 planning time = 0.104sec
planning: env=6, path=2070 || ( 70% complete) success rate = 0.958 planning time = 1.19sec
planning: env=6, path=2072 || ( 72% complete) success rate = 0.945 planning time = 0.422sec
planning: env=6, path=2073 || ( 73% complete) success rate = 0.946 planning time = 0.111sec
planning: env=6, path=2074 || ( 74% complete) success rate = 0.947 planning time = 0.302sec
planning: env=6, path=2075 || ( 75% complete) success rate = 0.947 planning time = 0.368sec
planning: env=6, path=2076 || ( 76% complete) success rate = 0.948 planning time = 0.52sec
planning: env=6, path=2077 || ( 77% complete) success rate = 0.949 planning time = 0.167sec
planning: env=6, path=2078 || ( 78% complete) success rate = 0.949 planning time = 0.941sec
planning: env=6, path=2079 || ( 79% complete) success rate = 0.95 planning time = 0.309sec
planning: env=6, path=2080 || ( 80% complete) success rate = 0.951 planning time = 0.145sec
planning: env=6, path=2081 || ( 81% complete) success rate = 0.951 planning time = 0.172sec
planning: env=6, path=2082 || ( 82% complete) success rate = 0.952 planning time = 0.247sec
planning: env=6, path=2083 || ( 83% complete) success rate = 0.952 planning time = 0.312sec
planning: env=6, path=2084 || ( 84% complete) success rate = 0.953 planning time = 0.277sec
planning: env=6, path=2085 || ( 85% complete) success rate = 0.953 planning time = 0.177sec
planning: env=6, path=2086 || ( 86% complete) success rate = 0.954 planning time = 0.161sec
planning: env=6, path=2087 || ( 87% complete) success rate = 0.955 planning time = 0.306sec
planning: env=6, path=2087 || ( 89% complete) success rate = 0.955 planning time = 0.306sec
planning: env=6, path=2089 || ( 89% complete) success rate = 0.944 planning time = 0.567sec
planning: env=6, path=2090 || ( 90% complete) success rate = 0.945 planning time = 0.198sec
planning: env=6, path=2091 || ( 91% complete) success rate = 0.946 planning time = 0.662sec
planning: env=6, path=2092 || ( 92% complete) success rate = 0.946 planning time = 0.293sec
planning: env=6, path=2093 || ( 93% complete) success rate = 0.947 planning time = 0.533sec
planning: env=6, path=2094 || ( 94% complete) success rate = 0.947 planning time = 0.913sec
planning: env=6, path=2095 || ( 95% complete) success rate = 0.948 planning time = 0.283sec
planning: env=6, path=2096 || ( 96% complete) success rate = 0.948 planning time = 2.22sec
planning: env=6, path=2097 || ( 97% complete) success rate = 0.949 planning time = 1.26sec
planning: env=6, path=2098 || ( 98% complete) success rate = 0.949 planning time = 0.563sec
planning: env=6, path=2099 || ( 99% complete) success rate = 0.95 planning time = 0.381sec
planning: env=6, path=2099 || (100% complete) success rate = 0.95 planning time = 0.381sec
planning: env=7, path=- || (  0% complete) success rate = ---- planning time = ----sec
planning: env=7, path=2000 || (  0% complete) success rate =  1.0 planning time = 1.47sec
planning: env=7, path=2001 || (  1% complete) success rate =  1.0 planning time = 0.271sec
planning: env=7, path=2002 || (  2% complete) success rate =  1.0 planning time = 0.369sec
planning: env=7, path=2003 || (  3% complete) success rate =  1.0 planning time = 1.37sec
planning: env=7, path=2004 || (  4% complete) success rate =  1.0 planning time = 0.338sec
planning: env=7, path=2005 || (  5% complete) success rate =  1.0 planning time = 0.307sec
planning: env=7, path=2006 || (  6% complete) success rate =  1.0 planning time = 0.502sec
planning: env=7, path=2007 || (  7% complete) success rate =  1.0 planning time = 0.628sec
planning: env=7, path=2008 || (  8% complete) success rate =  1.0 planning time = 1.06sec
planning: env=7, path=2009 || (  9% complete) success rate =  1.0 planning time = 0.28sec
planning: env=7, path=2010 || ( 10% complete) success rate =  1.0 planning time = 2.38sec
planning: env=7, path=2011 || ( 11% complete) success rate =  1.0 planning time = 0.498sec
planning: env=7, path=2012 || ( 12% complete) success rate =  1.0 planning time = 0.16sec
planning: env=7, path=2013 || ( 13% complete) success rate =  1.0 planning time = 0.529sec
planning: env=7, path=2014 || ( 14% complete) success rate =  1.0 planning time = 0.304sec
planning: env=7, path=2015 || ( 15% complete) success rate =  1.0 planning time = 0.357sec
planning: env=7, path=2016 || ( 16% complete) success rate =  1.0 planning time = 0.396sec
planning: env=7, path=2016 || ( 18% complete) success rate =  1.0 planning time = 0.396sec
planning: env=7, path=2018 || ( 18% complete) success rate = 0.947 planning time = 0.159sec
planning: env=7, path=2019 || ( 19% complete) success rate = 0.95 planning time = 0.222sec
planning: env=7, path=2020 || ( 20% complete) success rate = 0.952 planning time = 0.486sec
planning: env=7, path=2021 || ( 21% complete) success rate = 0.955 planning time = 0.401sec
planning: env=7, path=2022 || ( 22% complete) success rate = 0.957 planning time = 0.524sec
planning: env=7, path=2023 || ( 23% complete) success rate = 0.958 planning time = 0.171sec
planning: env=7, path=2024 || ( 24% complete) success rate = 0.96 planning time = 0.47sec
planning: env=7, path=2024 || ( 26% complete) success rate = 0.96 planning time = 0.47sec
planning: env=7, path=2026 || ( 26% complete) success rate = 0.926 planning time = 1.27sec
planning: env=7, path=2027 || ( 27% complete) success rate = 0.929 planning time = 0.174sec
planning: env=7, path=2028 || ( 28% complete) success rate = 0.931 planning time = 0.492sec
planning: env=7, path=2029 || ( 29% complete) success rate = 0.933 planning time = 0.485sec
planning: env=7, path=2030 || ( 30% complete) success rate = 0.935 planning time = 0.231sec
planning: env=7, path=2031 || ( 31% complete) success rate = 0.938 planning time = 0.213sec
planning: env=7, path=2032 || ( 32% complete) success rate = 0.939 planning time = 0.153sec
planning: env=7, path=2034 || ( 34% complete) success rate = 0.914 planning time = 0.346sec
planning: env=7, path=2035 || ( 35% complete) success rate = 0.917 planning time = 1.11sec
planning: env=7, path=2035 || ( 37% complete) success rate = 0.917 planning time = 1.11sec
planning: env=7, path=2037 || ( 37% complete) success rate = 0.895 planning time = 0.517sec
planning: env=7, path=2038 || ( 38% complete) success rate = 0.897 planning time = 0.333sec
planning: env=7, path=2039 || ( 39% complete) success rate =  0.9 planning time = 0.238sec
planning: env=7, path=2040 || ( 40% complete) success rate = 0.902 planning time = 0.221sec
planning: env=7, path=2041 || ( 41% complete) success rate = 0.905 planning time = 0.675sec
planning: env=7, path=2042 || ( 42% complete) success rate = 0.907 planning time = 0.0763sec
planning: env=7, path=2042 || ( 44% complete) success rate = 0.907 planning time = 0.0763sec
planning: env=7, path=2044 || ( 44% complete) success rate = 0.889 planning time = 0.236sec
planning: env=7, path=2045 || ( 45% complete) success rate = 0.891 planning time = 0.297sec
planning: env=7, path=2046 || ( 46% complete) success rate = 0.894 planning time =  1.2sec
planning: env=7, path=2048 || ( 48% complete) success rate = 0.878 planning time = 0.273sec
planning: env=7, path=2049 || ( 49% complete) success rate = 0.88 planning time = 0.33sec
planning: env=7, path=2049 || ( 51% complete) success rate = 0.88 planning time = 0.33sec
planning: env=7, path=2051 || ( 51% complete) success rate = 0.865 planning time = 0.106sec
planning: env=7, path=2052 || ( 52% complete) success rate = 0.868 planning time = 0.215sec
planning: env=7, path=2053 || ( 53% complete) success rate = 0.87 planning time = 0.326sec
planning: env=7, path=2054 || ( 54% complete) success rate = 0.873 planning time = 0.248sec
planning: env=7, path=2055 || ( 55% complete) success rate = 0.875 planning time = 2.87sec
planning: env=7, path=2056 || ( 56% complete) success rate = 0.877 planning time = 0.858sec
planning: env=7, path=2057 || ( 57% complete) success rate = 0.879 planning time = 0.384sec
planning: env=7, path=2058 || ( 58% complete) success rate = 0.881 planning time = 0.18sec
planning: env=7, path=2059 || ( 59% complete) success rate = 0.883 planning time = 0.701sec
planning: env=7, path=2060 || ( 60% complete) success rate = 0.885 planning time = 0.414sec
planning: env=7, path=2061 || ( 61% complete) success rate = 0.887 planning time = 2.17sec
planning: env=7, path=2062 || ( 62% complete) success rate = 0.889 planning time = 0.201sec
planning: env=7, path=2063 || ( 63% complete) success rate = 0.891 planning time = 0.286sec
planning: env=7, path=2064 || ( 64% complete) success rate = 0.892 planning time =  1.0sec
planning: env=7, path=2065 || ( 65% complete) success rate = 0.894 planning time = 1.15sec
planning: env=7, path=2066 || ( 66% complete) success rate = 0.896 planning time = 0.137sec
planning: env=7, path=2067 || ( 67% complete) success rate = 0.897 planning time = 0.56sec
planning: env=7, path=2068 || ( 68% complete) success rate = 0.899 planning time = 0.169sec
planning: env=7, path=2069 || ( 69% complete) success rate =  0.9 planning time = 0.655sec
planning: env=7, path=2070 || ( 70% complete) success rate = 0.901 planning time = 0.288sec
planning: env=7, path=2071 || ( 71% complete) success rate = 0.903 planning time = 0.341sec
planning: env=7, path=2072 || ( 72% complete) success rate = 0.904 planning time = 0.792sec
planning: env=7, path=2073 || ( 73% complete) success rate = 0.905 planning time = 0.121sec
planning: env=7, path=2074 || ( 74% complete) success rate = 0.907 planning time = 0.215sec
planning: env=7, path=2075 || ( 75% complete) success rate = 0.908 planning time = 0.292sec
planning: env=7, path=2076 || ( 76% complete) success rate = 0.909 planning time = 0.396sec
planning: env=7, path=2076 || ( 78% complete) success rate = 0.909 planning time = 0.396sec
planning: env=7, path=2078 || ( 78% complete) success rate = 0.899 planning time = 0.256sec
planning: env=7, path=2079 || ( 79% complete) success rate =  0.9 planning time = 0.756sec
planning: env=7, path=2079 || ( 82% complete) success rate =  0.9 planning time = 0.756sec
planning: env=7, path=2082 || ( 82% complete) success rate = 0.88 planning time = 2.01sec
planning: env=7, path=2083 || ( 83% complete) success rate = 0.881 planning time = 0.477sec
planning: env=7, path=2084 || ( 84% complete) success rate = 0.882 planning time = 0.219sec
planning: env=7, path=2085 || ( 85% complete) success rate = 0.884 planning time = 7.42sec
planning: env=7, path=2086 || ( 86% complete) success rate = 0.885 planning time = 2.34sec
planning: env=7, path=2087 || ( 87% complete) success rate = 0.886 planning time = 0.18sec
planning: env=7, path=2088 || ( 88% complete) success rate = 0.888 planning time = 0.162sec
planning: env=7, path=2088 || ( 90% complete) success rate = 0.888 planning time = 0.162sec
planning: env=7, path=2090 || ( 90% complete) success rate = 0.879 planning time = 0.644sec
planning: env=7, path=2090 || ( 92% complete) success rate = 0.879 planning time = 0.644sec
planning: env=7, path=2092 || ( 92% complete) success rate = 0.871 planning time = 4.48sec
planning: env=7, path=2093 || ( 93% complete) success rate = 0.872 planning time = 0.855sec
planning: env=7, path=2093 || ( 95% complete) success rate = 0.872 planning time = 0.855sec
planning: env=7, path=2095 || ( 95% complete) success rate = 0.865 planning time = 0.153sec
planning: env=7, path=2096 || ( 96% complete) success rate = 0.866 planning time = 0.266sec
planning: env=7, path=2097 || ( 97% complete) success rate = 0.867 planning time = 8.19sec
planning: env=7, path=2098 || ( 98% complete) success rate = 0.869 planning time = 0.376sec
planning: env=7, path=2099 || ( 99% complete) success rate = 0.87 planning time = 0.324sec
planning: env=7, path=2099 || (100% complete) success rate = 0.87 planning time = 0.324sec
planning: env=8, path=- || (  0% complete) success rate = ---- planning time = ----sec
planning: env=8, path=2000 || (  0% complete) success rate =  1.0 planning time = 0.475sec
planning: env=8, path=2001 || (  1% complete) success rate =  1.0 planning time = 2.73sec
planning: env=8, path=2002 || (  2% complete) success rate =  1.0 planning time = 1.26sec
planning: env=8, path=2003 || (  3% complete) success rate =  1.0 planning time = 0.431sec
planning: env=8, path=2004 || (  4% complete) success rate =  1.0 planning time = 0.198sec
planning: env=8, path=2005 || (  5% complete) success rate =  1.0 planning time = 1.43sec
planning: env=8, path=2006 || (  6% complete) success rate =  1.0 planning time = 0.283sec
planning: env=8, path=2007 || (  7% complete) success rate =  1.0 planning time = 0.328sec
planning: env=8, path=2008 || (  8% complete) success rate =  1.0 planning time = 0.207sec
planning: env=8, path=2009 || (  9% complete) success rate =  1.0 planning time = 5.94sec
planning: env=8, path=2010 || ( 10% complete) success rate =  1.0 planning time = 0.267sec
planning: env=8, path=2011 || ( 11% complete) success rate =  1.0 planning time = 0.469sec
planning: env=8, path=2012 || ( 12% complete) success rate =  1.0 planning time = 0.456sec
planning: env=8, path=2013 || ( 13% complete) success rate =  1.0 planning time = 0.249sec
planning: env=8, path=2014 || ( 14% complete) success rate =  1.0 planning time = 0.175sec
planning: env=8, path=2015 || ( 15% complete) success rate =  1.0 planning time = 0.261sec
planning: env=8, path=2016 || ( 16% complete) success rate =  1.0 planning time = 0.448sec
planning: env=8, path=2017 || ( 17% complete) success rate =  1.0 planning time = 0.382sec
planning: env=8, path=2018 || ( 18% complete) success rate =  1.0 planning time = 0.288sec
planning: env=8, path=2019 || ( 19% complete) success rate =  1.0 planning time = 0.316sec
planning: env=8, path=2020 || ( 20% complete) success rate =  1.0 planning time = 2.03sec
planning: env=8, path=2021 || ( 21% complete) success rate =  1.0 planning time = 0.805sec
planning: env=8, path=2022 || ( 22% complete) success rate =  1.0 planning time = 0.533sec
planning: env=8, path=2023 || ( 23% complete) success rate =  1.0 planning time = 2.53sec
planning: env=8, path=2024 || ( 24% complete) success rate =  1.0 planning time = 17.2sec
planning: env=8, path=2025 || ( 25% complete) success rate =  1.0 planning time = 0.411sec
planning: env=8, path=2026 || ( 26% complete) success rate =  1.0 planning time = 0.182sec
planning: env=8, path=2027 || ( 27% complete) success rate =  1.0 planning time = 0.0826sec
planning: env=8, path=2028 || ( 28% complete) success rate =  1.0 planning time =  1.4sec
planning: env=8, path=2029 || ( 29% complete) success rate =  1.0 planning time = 0.434sec
planning: env=8, path=2030 || ( 30% complete) success rate =  1.0 planning time = 0.282sec
planning: env=8, path=2031 || ( 31% complete) success rate =  1.0 planning time = 0.224sec
planning: env=8, path=2032 || ( 32% complete) success rate =  1.0 planning time = 0.245sec
planning: env=8, path=2033 || ( 33% complete) success rate =  1.0 planning time = 0.443sec
planning: env=8, path=2034 || ( 34% complete) success rate =  1.0 planning time = 0.248sec
planning: env=8, path=2035 || ( 35% complete) success rate =  1.0 planning time = 0.228sec
planning: env=8, path=2036 || ( 36% complete) success rate =  1.0 planning time = 0.259sec
planning: env=8, path=2037 || ( 37% complete) success rate =  1.0 planning time = 0.249sec
planning: env=8, path=2038 || ( 38% complete) success rate =  1.0 planning time = 0.33sec
planning: env=8, path=2039 || ( 39% complete) success rate =  1.0 planning time = 0.133sec
planning: env=8, path=2040 || ( 40% complete) success rate =  1.0 planning time = 0.279sec
planning: env=8, path=2041 || ( 41% complete) success rate =  1.0 planning time = 0.567sec
planning: env=8, path=2042 || ( 42% complete) success rate =  1.0 planning time = 0.403sec
planning: env=8, path=2043 || ( 43% complete) success rate =  1.0 planning time = 1.34sec
planning: env=8, path=2044 || ( 44% complete) success rate =  1.0 planning time = 2.45sec
planning: env=8, path=2045 || ( 45% complete) success rate =  1.0 planning time = 0.311sec
planning: env=8, path=2046 || ( 46% complete) success rate =  1.0 planning time = 0.26sec
planning: env=8, path=2047 || ( 47% complete) success rate =  1.0 planning time = 1.07sec
planning: env=8, path=2048 || ( 48% complete) success rate =  1.0 planning time = 0.434sec
planning: env=8, path=2049 || ( 49% complete) success rate =  1.0 planning time = 0.352sec
planning: env=8, path=2050 || ( 50% complete) success rate =  1.0 planning time = 0.465sec
planning: env=8, path=2051 || ( 51% complete) success rate =  1.0 planning time = 0.292sec
planning: env=8, path=2052 || ( 52% complete) success rate =  1.0 planning time = 0.213sec
planning: env=8, path=2053 || ( 53% complete) success rate =  1.0 planning time = 0.386sec
planning: env=8, path=2054 || ( 54% complete) success rate =  1.0 planning time = 0.609sec
planning: env=8, path=2055 || ( 55% complete) success rate =  1.0 planning time = 0.471sec
planning: env=8, path=2056 || ( 56% complete) success rate =  1.0 planning time = 1.79sec
planning: env=8, path=2057 || ( 57% complete) success rate =  1.0 planning time = 0.603sec
planning: env=8, path=2058 || ( 58% complete) success rate =  1.0 planning time = 0.141sec
planning: env=8, path=2059 || ( 59% complete) success rate =  1.0 planning time = 0.186sec
planning: env=8, path=2060 || ( 60% complete) success rate =  1.0 planning time = 0.33sec
planning: env=8, path=2061 || ( 61% complete) success rate =  1.0 planning time = 0.797sec
planning: env=8, path=2062 || ( 62% complete) success rate =  1.0 planning time = 0.58sec
planning: env=8, path=2063 || ( 63% complete) success rate =  1.0 planning time = 0.121sec
planning: env=8, path=2064 || ( 64% complete) success rate =  1.0 planning time = 0.388sec
planning: env=8, path=2065 || ( 65% complete) success rate =  1.0 planning time = 0.482sec
planning: env=8, path=2066 || ( 66% complete) success rate =  1.0 planning time = 0.12sec
planning: env=8, path=2067 || ( 67% complete) success rate =  1.0 planning time = 0.178sec
planning: env=8, path=2068 || ( 68% complete) success rate =  1.0 planning time = 0.361sec
planning: env=8, path=2069 || ( 69% complete) success rate =  1.0 planning time = 0.381sec
planning: env=8, path=2070 || ( 70% complete) success rate =  1.0 planning time = 0.197sec
planning: env=8, path=2071 || ( 71% complete) success rate =  1.0 planning time = 0.383sec
planning: env=8, path=2072 || ( 72% complete) success rate =  1.0 planning time = 0.434sec
planning: env=8, path=2073 || ( 73% complete) success rate =  1.0 planning time = 0.566sec
planning: env=8, path=2074 || ( 74% complete) success rate =  1.0 planning time = 0.283sec
planning: env=8, path=2075 || ( 75% complete) success rate =  1.0 planning time = 0.926sec
planning: env=8, path=2076 || ( 76% complete) success rate =  1.0 planning time = 0.214sec
planning: env=8, path=2077 || ( 77% complete) success rate =  1.0 planning time = 0.346sec
planning: env=8, path=2078 || ( 78% complete) success rate =  1.0 planning time = 0.224sec
planning: env=8, path=2079 || ( 79% complete) success rate =  1.0 planning time = 0.348sec
planning: env=8, path=2080 || ( 80% complete) success rate =  1.0 planning time = 0.594sec
planning: env=8, path=2081 || ( 81% complete) success rate =  1.0 planning time = 0.475sec
planning: env=8, path=2082 || ( 82% complete) success rate =  1.0 planning time = 0.735sec
planning: env=8, path=2083 || ( 83% complete) success rate =  1.0 planning time = 0.223sec
planning: env=8, path=2084 || ( 84% complete) success rate =  1.0 planning time = 0.337sec
planning: env=8, path=2085 || ( 85% complete) success rate =  1.0 planning time = 0.366sec
planning: env=8, path=2086 || ( 86% complete) success rate =  1.0 planning time = 0.182sec
planning: env=8, path=2087 || ( 87% complete) success rate =  1.0 planning time = 0.173sec
planning: env=8, path=2088 || ( 88% complete) success rate =  1.0 planning time = 0.476sec
planning: env=8, path=2089 || ( 89% complete) success rate =  1.0 planning time = 0.79sec
planning: env=8, path=2090 || ( 90% complete) success rate =  1.0 planning time = 0.527sec
planning: env=8, path=2090 || ( 92% complete) success rate =  1.0 planning time = 0.527sec
planning: env=8, path=2092 || ( 92% complete) success rate = 0.989 planning time = 0.151sec
planning: env=8, path=2093 || ( 93% complete) success rate = 0.989 planning time = 0.412sec
planning: env=8, path=2094 || ( 94% complete) success rate = 0.989 planning time = 0.41sec
planning: env=8, path=2095 || ( 95% complete) success rate = 0.99 planning time = 0.296sec
planning: env=8, path=2096 || ( 96% complete) success rate = 0.99 planning time = 0.108sec
planning: env=8, path=2097 || ( 97% complete) success rate = 0.99 planning time = 0.779sec
planning: env=8, path=2098 || ( 98% complete) success rate = 0.99 planning time = 14.5sec
planning: env=8, path=2099 || ( 99% complete) success rate = 0.99 planning time = 0.161sec
planning: env=8, path=2099 || (100% complete) success rate = 0.99 planning time = 0.161sec
planning: env=9, path=- || (  0% complete) success rate = ---- planning time = ----sec
planning: env=9, path=2000 || (  0% complete) success rate =  1.0 planning time = 0.69sec
planning: env=9, path=2001 || (  1% complete) success rate =  1.0 planning time = 0.235sec
planning: env=9, path=2002 || (  2% complete) success rate =  1.0 planning time = 0.403sec
planning: env=9, path=2003 || (  3% complete) success rate =  1.0 planning time = 0.259sec
planning: env=9, path=2004 || (  4% complete) success rate =  1.0 planning time = 0.427sec
planning: env=9, path=2005 || (  5% complete) success rate =  1.0 planning time = 0.287sec
planning: env=9, path=2006 || (  6% complete) success rate =  1.0 planning time = 0.164sec
planning: env=9, path=2007 || (  7% complete) success rate =  1.0 planning time = 0.244sec
planning: env=9, path=2008 || (  8% complete) success rate =  1.0 planning time = 0.361sec
planning: env=9, path=2009 || (  9% complete) success rate =  1.0 planning time = 0.629sec
planning: env=9, path=2010 || ( 10% complete) success rate =  1.0 planning time = 0.298sec
planning: env=9, path=2011 || ( 11% complete) success rate =  1.0 planning time = 0.251sec
planning: env=9, path=2012 || ( 12% complete) success rate =  1.0 planning time = 0.158sec
planning: env=9, path=2013 || ( 13% complete) success rate =  1.0 planning time = 0.341sec
planning: env=9, path=2014 || ( 14% complete) success rate =  1.0 planning time = 0.805sec
planning: env=9, path=2015 || ( 15% complete) success rate =  1.0 planning time = 0.574sec
planning: env=9, path=2016 || ( 16% complete) success rate =  1.0 planning time = 0.377sec
planning: env=9, path=2017 || ( 17% complete) success rate =  1.0 planning time = 0.157sec
planning: env=9, path=2018 || ( 18% complete) success rate =  1.0 planning time = 0.16sec
planning: env=9, path=2019 || ( 19% complete) success rate =  1.0 planning time = 0.139sec
planning: env=9, path=2020 || ( 20% complete) success rate =  1.0 planning time = 0.363sec
planning: env=9, path=2021 || ( 21% complete) success rate =  1.0 planning time = 0.303sec
planning: env=9, path=2022 || ( 22% complete) success rate =  1.0 planning time = 0.29sec
planning: env=9, path=2023 || ( 23% complete) success rate =  1.0 planning time = 11.0sec
planning: env=9, path=2024 || ( 24% complete) success rate =  1.0 planning time = 0.343sec
planning: env=9, path=2025 || ( 25% complete) success rate =  1.0 planning time = 5.19sec
planning: env=9, path=2026 || ( 26% complete) success rate =  1.0 planning time = 0.471sec
planning: env=9, path=2027 || ( 27% complete) success rate =  1.0 planning time = 0.73sec
planning: env=9, path=2028 || ( 28% complete) success rate =  1.0 planning time = 10.1sec
planning: env=9, path=2029 || ( 29% complete) success rate =  1.0 planning time = 0.467sec
planning: env=9, path=2030 || ( 30% complete) success rate =  1.0 planning time = 0.165sec
planning: env=9, path=2031 || ( 31% complete) success rate =  1.0 planning time = 0.629sec
planning: env=9, path=2032 || ( 32% complete) success rate =  1.0 planning time = 0.184sec
planning: env=9, path=2033 || ( 33% complete) success rate =  1.0 planning time = 0.286sec
planning: env=9, path=2034 || ( 34% complete) success rate =  1.0 planning time = 0.178sec
planning: env=9, path=2035 || ( 35% complete) success rate =  1.0 planning time = 5.25sec
planning: env=9, path=2036 || ( 36% complete) success rate =  1.0 planning time = 0.387sec
planning: env=9, path=2037 || ( 37% complete) success rate =  1.0 planning time = 0.276sec
planning: env=9, path=2039 || ( 39% complete) success rate = 0.975 planning time = 24.7sec
planning: env=9, path=2039 || ( 41% complete) success rate = 0.975 planning time = 24.7sec
planning: env=9, path=2041 || ( 41% complete) success rate = 0.952 planning time = 0.571sec
planning: env=9, path=2042 || ( 42% complete) success rate = 0.953 planning time = 0.217sec
planning: env=9, path=2043 || ( 43% complete) success rate = 0.955 planning time = 0.297sec
planning: env=9, path=2044 || ( 44% complete) success rate = 0.956 planning time = 0.353sec
planning: env=9, path=2045 || ( 45% complete) success rate = 0.957 planning time = 0.296sec
planning: env=9, path=2046 || ( 46% complete) success rate = 0.957 planning time = 1.03sec
planning: env=9, path=2047 || ( 47% complete) success rate = 0.958 planning time = 0.0809sec
planning: env=9, path=2048 || ( 48% complete) success rate = 0.959 planning time = 0.257sec
planning: env=9, path=2049 || ( 49% complete) success rate = 0.96 planning time = 0.547sec
planning: env=9, path=2050 || ( 50% complete) success rate = 0.961 planning time = 1.44sec
planning: env=9, path=2051 || ( 51% complete) success rate = 0.962 planning time = 0.125sec
planning: env=9, path=2052 || ( 52% complete) success rate = 0.962 planning time = 0.274sec
planning: env=9, path=2053 || ( 53% complete) success rate = 0.963 planning time = 0.506sec
planning: env=9, path=2054 || ( 54% complete) success rate = 0.964 planning time = 0.388sec
planning: env=9, path=2055 || ( 55% complete) success rate = 0.964 planning time = 0.326sec
planning: env=9, path=2056 || ( 56% complete) success rate = 0.965 planning time = 0.373sec
planning: env=9, path=2057 || ( 57% complete) success rate = 0.966 planning time = 0.194sec
planning: env=9, path=2058 || ( 58% complete) success rate = 0.966 planning time = 0.424sec
planning: env=9, path=2059 || ( 59% complete) success rate = 0.967 planning time = 0.125sec
planning: env=9, path=2060 || ( 60% complete) success rate = 0.967 planning time = 0.345sec
planning: env=9, path=2061 || ( 61% complete) success rate = 0.968 planning time = 0.295sec
planning: env=9, path=2062 || ( 62% complete) success rate = 0.968 planning time = 0.226sec
planning: env=9, path=2063 || ( 63% complete) success rate = 0.969 planning time = 0.446sec
planning: env=9, path=2064 || ( 64% complete) success rate = 0.969 planning time = 0.227sec
planning: env=9, path=2065 || ( 65% complete) success rate = 0.97 planning time = 0.133sec
planning: env=9, path=2066 || ( 66% complete) success rate = 0.97 planning time = 1.63sec
planning: env=9, path=2067 || ( 67% complete) success rate = 0.971 planning time = 0.177sec
planning: env=9, path=2067 || ( 69% complete) success rate = 0.971 planning time = 0.177sec
planning: env=9, path=2069 || ( 69% complete) success rate = 0.957 planning time = 0.215sec
planning: env=9, path=2070 || ( 70% complete) success rate = 0.958 planning time = 0.746sec
planning: env=9, path=2071 || ( 71% complete) success rate = 0.958 planning time = 0.374sec
planning: env=9, path=2072 || ( 72% complete) success rate = 0.959 planning time = 0.183sec
planning: env=9, path=2073 || ( 73% complete) success rate = 0.959 planning time = 0.411sec
planning: env=9, path=2074 || ( 74% complete) success rate = 0.96 planning time = 0.256sec
planning: env=9, path=2075 || ( 75% complete) success rate = 0.961 planning time = 0.343sec
planning: env=9, path=2076 || ( 76% complete) success rate = 0.961 planning time = 0.29sec
planning: env=9, path=2076 || ( 78% complete) success rate = 0.961 planning time = 0.29sec
planning: env=9, path=2078 || ( 78% complete) success rate = 0.949 planning time = 0.219sec
planning: env=9, path=2079 || ( 79% complete) success rate = 0.95 planning time =  0.9sec
planning: env=9, path=2080 || ( 80% complete) success rate = 0.951 planning time = 0.525sec
planning: env=9, path=2081 || ( 81% complete) success rate = 0.951 planning time = 0.483sec
planning: env=9, path=2082 || ( 82% complete) success rate = 0.952 planning time = 0.193sec
planning: env=9, path=2083 || ( 83% complete) success rate = 0.952 planning time = 0.487sec
planning: env=9, path=2083 || ( 85% complete) success rate = 0.952 planning time = 0.487sec
planning: env=9, path=2085 || ( 85% complete) success rate = 0.942 planning time = 11.8sec
planning: env=9, path=2086 || ( 86% complete) success rate = 0.943 planning time = 2.37sec
planning: env=9, path=2087 || ( 87% complete) success rate = 0.943 planning time = 0.449sec
planning: env=9, path=2088 || ( 88% complete) success rate = 0.944 planning time = 1.09sec
planning: env=9, path=2089 || ( 89% complete) success rate = 0.944 planning time = 0.154sec
planning: env=9, path=2090 || ( 90% complete) success rate = 0.945 planning time = 1.02sec
planning: env=9, path=2091 || ( 91% complete) success rate = 0.946 planning time = 0.325sec
planning: env=9, path=2092 || ( 92% complete) success rate = 0.946 planning time = 0.341sec
planning: env=9, path=2093 || ( 93% complete) success rate = 0.947 planning time = 0.125sec
planning: env=9, path=2093 || ( 95% complete) success rate = 0.947 planning time = 0.125sec
planning: env=9, path=2095 || ( 95% complete) success rate = 0.938 planning time = 0.166sec
planning: env=9, path=2096 || ( 96% complete) success rate = 0.938 planning time = 0.406sec
planning: env=9, path=2097 || ( 97% complete) success rate = 0.939 planning time = 0.43sec
planning: env=9, path=2098 || ( 98% complete) success rate = 0.939 planning time = 0.321sec
planning: env=9, path=2099 || ( 99% complete) success rate = 0.94 planning time = 0.12sec
planning: env=9, path=2099 || (100% complete) success rate = 0.94 planning time = 0.12sec
Namespace(N=10, NP=100, data_path='./data/complex/', device=1, disable_dropout=False, disable_lvc=True, env_type='c3d', epoch=150, model_path='./models_3d/', reproducible=False, result_path='./results_c3d_ep150_no_lvc/', s=0, sp=2000, world_size=[20.0])
using deep encoder, input_size=6000
loading...
cumulative: success rate=0.91, runtime (min/avg/max/stdev) = 0.06/2.17/20.12/4.34s
cumulative: success rate=0.94, runtime (min/avg/max/stdev) = 0.06/2.02/53.09/5.63s
cumulative: success rate=0.95, runtime (min/avg/max/stdev) = 0.06/2.00/53.09/5.48s
cumulative: success rate=0.93, runtime (min/avg/max/stdev) = 0.06/2.51/121.85/8.29s
cumulative: success rate=0.91, runtime (min/avg/max/stdev) = 0.05/2.91/121.85/8.26s
cumulative: success rate=0.92, runtime (min/avg/max/stdev) = 0.05/2.65/121.85/7.71s
cumulative: success rate=0.92, runtime (min/avg/max/stdev) = 0.05/2.47/121.85/7.29s
cumulative: success rate=0.91, runtime (min/avg/max/stdev) = 0.05/2.72/121.85/8.15s
cumulative: success rate=0.92, runtime (min/avg/max/stdev) = 0.05/2.54/121.85/7.77s
cumulative: success rate=0.92, runtime (min/avg/max/stdev) = 0.05/2.53/121.85/7.63s
