planning: env=0, path=- || (  0% complete) success rate = ---- planning time = ----sec
planning: env=0, path=2000 || (  0% complete) success rate =  1.0 planning time = 1.48sec
planning: env=0, path=2001 || (  1% complete) success rate =  1.0 planning time = 0.132sec
planning: env=0, path=2002 || (  2% complete) success rate =  1.0 planning time = 2.08sec
planning: env=0, path=2003 || (  3% complete) success rate =  1.0 planning time = 0.31sec
planning: env=0, path=2004 || (  4% complete) success rate =  1.0 planning time = 2.32sec
planning: env=0, path=2005 || (  5% complete) success rate =  1.0 planning time = 0.604sec
planning: env=0, path=2006 || (  6% complete) success rate =  1.0 planning time = 0.456sec
planning: env=0, path=2007 || (  7% complete) success rate =  1.0 planning time = 0.281sec
planning: env=0, path=2008 || (  8% complete) success rate =  1.0 planning time = 0.701sec
planning: env=0, path=2009 || (  9% complete) success rate =  1.0 planning time = 0.327sec
planning: env=0, path=2010 || ( 10% complete) success rate =  1.0 planning time = 0.379sec
planning: env=0, path=2011 || ( 11% complete) success rate =  1.0 planning time = 0.72sec
planning: env=0, path=2012 || ( 12% complete) success rate =  1.0 planning time = 0.447sec
planning: env=0, path=2013 || ( 13% complete) success rate =  1.0 planning time = 0.212sec
planning: env=0, path=2014 || ( 14% complete) success rate =  1.0 planning time = 0.813sec
planning: env=0, path=2015 || ( 15% complete) success rate =  1.0 planning time = 0.381sec
planning: env=0, path=2016 || ( 16% complete) success rate =  1.0 planning time =  2.7sec
planning: env=0, path=2017 || ( 17% complete) success rate =  1.0 planning time = 0.405sec
planning: env=0, path=2018 || ( 18% complete) success rate =  1.0 planning time = 0.236sec
planning: env=0, path=2019 || ( 19% complete) success rate =  1.0 planning time = 0.516sec
planning: env=0, path=2020 || ( 20% complete) success rate =  1.0 planning time = 0.143sec
planning: env=0, path=2021 || ( 21% complete) success rate =  1.0 planning time = 0.611sec
planning: env=0, path=2022 || ( 22% complete) success rate =  1.0 planning time = 3.74sec
planning: env=0, path=2023 || ( 23% complete) success rate =  1.0 planning time = 0.616sec
planning: env=0, path=2024 || ( 24% complete) success rate =  1.0 planning time = 0.672sec
planning: env=0, path=2025 || ( 25% complete) success rate =  1.0 planning time = 10.4sec
planning: env=0, path=2026 || ( 26% complete) success rate =  1.0 planning time = 0.408sec
planning: env=0, path=2027 || ( 27% complete) success rate =  1.0 planning time = 0.603sec
planning: env=0, path=2028 || ( 28% complete) success rate =  1.0 planning time = 1.97sec
planning: env=0, path=2029 || ( 29% complete) success rate =  1.0 planning time = 0.444sec
planning: env=0, path=2030 || ( 30% complete) success rate =  1.0 planning time = 0.301sec
planning: env=0, path=2031 || ( 31% complete) success rate =  1.0 planning time = 0.635sec
planning: env=0, path=2032 || ( 32% complete) success rate =  1.0 planning time = 0.352sec
planning: env=0, path=2033 || ( 33% complete) success rate =  1.0 planning time = 0.22sec
planning: env=0, path=2034 || ( 34% complete) success rate =  1.0 planning time = 0.0494sec
planning: env=0, path=2035 || ( 35% complete) success rate =  1.0 planning time = 0.339sec
planning: env=0, path=2036 || ( 36% complete) success rate =  1.0 planning time = 0.258sec
planning: env=0, path=2037 || ( 37% complete) success rate =  1.0 planning time = 0.36sec
planning: env=0, path=2038 || ( 38% complete) success rate =  1.0 planning time = 0.425sec
planning: env=0, path=2039 || ( 39% complete) success rate =  1.0 planning time = 0.486sec
planning: env=0, path=2040 || ( 40% complete) success rate =  1.0 planning time = 0.272sec
planning: env=0, path=2041 || ( 41% complete) success rate =  1.0 planning time = 0.617sec
planning: env=0, path=2042 || ( 42% complete) success rate =  1.0 planning time = 11.5sec
planning: env=0, path=2043 || ( 43% complete) success rate =  1.0 planning time = 0.251sec
planning: env=0, path=2044 || ( 44% complete) success rate =  1.0 planning time = 0.228sec
planning: env=0, path=2045 || ( 45% complete) success rate =  1.0 planning time = 0.63sec
planning: env=0, path=2046 || ( 46% complete) success rate =  1.0 planning time = 0.511sec
planning: env=0, path=2047 || ( 47% complete) success rate =  1.0 planning time = 3.41sec
planning: env=0, path=2048 || ( 48% complete) success rate =  1.0 planning time = 0.856sec
planning: env=0, path=2048 || ( 50% complete) success rate =  1.0 planning time = 0.856sec
planning: env=0, path=2050 || ( 50% complete) success rate = 0.98 planning time = 0.536sec
planning: env=0, path=2051 || ( 51% complete) success rate = 0.981 planning time = 0.411sec
planning: env=0, path=2052 || ( 52% complete) success rate = 0.981 planning time = 2.06sec
planning: env=0, path=2053 || ( 53% complete) success rate = 0.981 planning time = 0.533sec
planning: env=0, path=2054 || ( 54% complete) success rate = 0.982 planning time = 0.665sec
planning: env=0, path=2055 || ( 55% complete) success rate = 0.982 planning time = 0.236sec
planning: env=0, path=2056 || ( 56% complete) success rate = 0.982 planning time = 0.519sec
planning: env=0, path=2057 || ( 57% complete) success rate = 0.983 planning time = 3.61sec
planning: env=0, path=2058 || ( 58% complete) success rate = 0.983 planning time = 2.58sec
planning: env=0, path=2059 || ( 59% complete) success rate = 0.983 planning time = 0.656sec
planning: env=0, path=2060 || ( 60% complete) success rate = 0.984 planning time = 0.556sec
planning: env=0, path=2061 || ( 61% complete) success rate = 0.984 planning time = 0.185sec
planning: env=0, path=2062 || ( 62% complete) success rate = 0.984 planning time = 0.506sec
planning: env=0, path=2063 || ( 63% complete) success rate = 0.984 planning time = 0.364sec
planning: env=0, path=2064 || ( 64% complete) success rate = 0.985 planning time = 0.56sec
planning: env=0, path=2065 || ( 65% complete) success rate = 0.985 planning time = 1.27sec
planning: env=0, path=2066 || ( 66% complete) success rate = 0.985 planning time = 0.487sec
planning: env=0, path=2067 || ( 67% complete) success rate = 0.985 planning time = 0.671sec
planning: env=0, path=2068 || ( 68% complete) success rate = 0.986 planning time = 0.384sec
planning: env=0, path=2069 || ( 69% complete) success rate = 0.986 planning time =  3.4sec
planning: env=0, path=2070 || ( 70% complete) success rate = 0.986 planning time = 0.586sec
planning: env=0, path=2071 || ( 71% complete) success rate = 0.986 planning time = 0.222sec
planning: env=0, path=2072 || ( 72% complete) success rate = 0.986 planning time = 0.66sec
planning: env=0, path=2073 || ( 73% complete) success rate = 0.986 planning time = 9.45sec
planning: env=0, path=2074 || ( 74% complete) success rate = 0.987 planning time = 0.506sec
planning: env=0, path=2075 || ( 75% complete) success rate = 0.987 planning time = 0.236sec
planning: env=0, path=2076 || ( 76% complete) success rate = 0.987 planning time = 0.423sec
planning: env=0, path=2076 || ( 78% complete) success rate = 0.987 planning time = 0.423sec
planning: env=0, path=2078 || ( 78% complete) success rate = 0.975 planning time = 3.87sec
planning: env=0, path=2079 || ( 79% complete) success rate = 0.975 planning time = 0.901sec
planning: env=0, path=2080 || ( 80% complete) success rate = 0.975 planning time = 4.23sec
planning: env=0, path=2081 || ( 81% complete) success rate = 0.976 planning time = 3.08sec
planning: env=0, path=2082 || ( 82% complete) success rate = 0.976 planning time = 0.569sec
planning: env=0, path=2083 || ( 83% complete) success rate = 0.976 planning time = 0.453sec
planning: env=0, path=2084 || ( 84% complete) success rate = 0.976 planning time = 0.645sec
planning: env=0, path=2085 || ( 85% complete) success rate = 0.977 planning time = 0.215sec
planning: env=0, path=2086 || ( 86% complete) success rate = 0.977 planning time = 0.402sec
planning: env=0, path=2087 || ( 87% complete) success rate = 0.977 planning time = 0.557sec
planning: env=0, path=2088 || ( 88% complete) success rate = 0.978 planning time = 3.85sec
planning: env=0, path=2089 || ( 89% complete) success rate = 0.978 planning time = 0.462sec
planning: env=0, path=2090 || ( 90% complete) success rate = 0.978 planning time = 0.176sec
planning: env=0, path=2091 || ( 91% complete) success rate = 0.978 planning time = 0.173sec
planning: env=0, path=2092 || ( 92% complete) success rate = 0.978 planning time = 0.412sec
planning: env=0, path=2093 || ( 93% complete) success rate = 0.979 planning time = 0.376sec
planning: env=0, path=2094 || ( 94% complete) success rate = 0.979 planning time = 0.62sec
planning: env=0, path=2095 || ( 95% complete) success rate = 0.979 planning time =  0.7sec
planning: env=0, path=2096 || ( 96% complete) success rate = 0.979 planning time = 0.462sec
planning: env=0, path=2097 || ( 97% complete) success rate = 0.98 planning time = 0.181sec
planning: env=0, path=2098 || ( 98% complete) success rate = 0.98 planning time = 1.62sec
planning: env=0, path=2099 || ( 99% complete) success rate = 0.98 planning time = 0.644sec
planning: env=0, path=2099 || (100% complete) success rate = 0.98 planning time = 0.644sec
planning: env=1, path=- || (  0% complete) success rate = ---- planning time = ----sec
planning: env=1, path=2000 || (  0% complete) success rate =  1.0 planning time = 0.633sec
planning: env=1, path=2001 || (  1% complete) success rate =  1.0 planning time = 0.645sec
planning: env=1, path=2002 || (  2% complete) success rate =  1.0 planning time = 0.538sec
planning: env=1, path=2003 || (  3% complete) success rate =  1.0 planning time = 0.283sec
planning: env=1, path=2004 || (  4% complete) success rate =  1.0 planning time = 0.478sec
planning: env=1, path=2005 || (  5% complete) success rate =  1.0 planning time = 0.283sec
planning: env=1, path=2006 || (  6% complete) success rate =  1.0 planning time = 1.53sec
planning: env=1, path=2007 || (  7% complete) success rate =  1.0 planning time = 2.22sec
planning: env=1, path=2008 || (  8% complete) success rate =  1.0 planning time = 0.282sec
planning: env=1, path=2009 || (  9% complete) success rate =  1.0 planning time = 0.696sec
planning: env=1, path=2010 || ( 10% complete) success rate =  1.0 planning time = 0.371sec
planning: env=1, path=2011 || ( 11% complete) success rate =  1.0 planning time = 0.706sec
planning: env=1, path=2012 || ( 12% complete) success rate =  1.0 planning time = 0.327sec
planning: env=1, path=2013 || ( 13% complete) success rate =  1.0 planning time = 0.535sec
planning: env=1, path=2014 || ( 14% complete) success rate =  1.0 planning time = 0.289sec
planning: env=1, path=2015 || ( 15% complete) success rate =  1.0 planning time = 2.13sec
planning: env=1, path=2016 || ( 16% complete) success rate =  1.0 planning time = 0.698sec
planning: env=1, path=2017 || ( 17% complete) success rate =  1.0 planning time = 0.876sec
planning: env=1, path=2018 || ( 18% complete) success rate =  1.0 planning time = 0.798sec
planning: env=1, path=2019 || ( 19% complete) success rate =  1.0 planning time = 0.316sec
planning: env=1, path=2020 || ( 20% complete) success rate =  1.0 planning time = 0.76sec
planning: env=1, path=2021 || ( 21% complete) success rate =  1.0 planning time = 0.486sec
planning: env=1, path=2022 || ( 22% complete) success rate =  1.0 planning time = 0.592sec
planning: env=1, path=2023 || ( 23% complete) success rate =  1.0 planning time = 1.01sec
planning: env=1, path=2024 || ( 24% complete) success rate =  1.0 planning time = 0.794sec
planning: env=1, path=2025 || ( 25% complete) success rate =  1.0 planning time = 0.149sec
planning: env=1, path=2026 || ( 26% complete) success rate =  1.0 planning time = 0.213sec
planning: env=1, path=2027 || ( 27% complete) success rate =  1.0 planning time = 0.454sec
planning: env=1, path=2028 || ( 28% complete) success rate =  1.0 planning time = 1.73sec
planning: env=1, path=2029 || ( 29% complete) success rate =  1.0 planning time = 0.506sec
planning: env=1, path=2030 || ( 30% complete) success rate =  1.0 planning time = 0.725sec
planning: env=1, path=2031 || ( 31% complete) success rate =  1.0 planning time = 0.403sec
planning: env=1, path=2032 || ( 32% complete) success rate =  1.0 planning time = 0.348sec
planning: env=1, path=2033 || ( 33% complete) success rate =  1.0 planning time = 0.296sec
planning: env=1, path=2034 || ( 34% complete) success rate =  1.0 planning time = 0.882sec
planning: env=1, path=2035 || ( 35% complete) success rate =  1.0 planning time = 0.394sec
planning: env=1, path=2036 || ( 36% complete) success rate =  1.0 planning time = 0.718sec
planning: env=1, path=2037 || ( 37% complete) success rate =  1.0 planning time = 2.29sec
planning: env=1, path=2038 || ( 38% complete) success rate =  1.0 planning time = 1.43sec
planning: env=1, path=2039 || ( 39% complete) success rate =  1.0 planning time = 0.745sec
planning: env=1, path=2040 || ( 40% complete) success rate =  1.0 planning time = 0.492sec
planning: env=1, path=2041 || ( 41% complete) success rate =  1.0 planning time = 0.317sec
planning: env=1, path=2042 || ( 42% complete) success rate =  1.0 planning time = 0.391sec
planning: env=1, path=2043 || ( 43% complete) success rate =  1.0 planning time = 7.43sec
planning: env=1, path=2044 || ( 44% complete) success rate =  1.0 planning time = 1.97sec
planning: env=1, path=2045 || ( 45% complete) success rate =  1.0 planning time = 0.553sec
planning: env=1, path=2046 || ( 46% complete) success rate =  1.0 planning time = 0.25sec
planning: env=1, path=2047 || ( 47% complete) success rate =  1.0 planning time = 0.256sec
planning: env=1, path=2048 || ( 48% complete) success rate =  1.0 planning time = 0.173sec
planning: env=1, path=2049 || ( 49% complete) success rate =  1.0 planning time = 0.906sec
planning: env=1, path=2050 || ( 50% complete) success rate =  1.0 planning time = 0.34sec
planning: env=1, path=2051 || ( 51% complete) success rate =  1.0 planning time = 1.21sec
planning: env=1, path=2052 || ( 52% complete) success rate =  1.0 planning time = 0.476sec
planning: env=1, path=2053 || ( 53% complete) success rate =  1.0 planning time = 0.362sec
planning: env=1, path=2054 || ( 54% complete) success rate =  1.0 planning time = 0.859sec
planning: env=1, path=2055 || ( 55% complete) success rate =  1.0 planning time = 0.414sec
planning: env=1, path=2056 || ( 56% complete) success rate =  1.0 planning time = 0.416sec
planning: env=1, path=2057 || ( 57% complete) success rate =  1.0 planning time =  1.3sec
planning: env=1, path=2058 || ( 58% complete) success rate =  1.0 planning time = 0.463sec
planning: env=1, path=2059 || ( 59% complete) success rate =  1.0 planning time = 0.287sec
planning: env=1, path=2060 || ( 60% complete) success rate =  1.0 planning time = 0.652sec
planning: env=1, path=2061 || ( 61% complete) success rate =  1.0 planning time = 3.94sec
planning: env=1, path=2062 || ( 62% complete) success rate =  1.0 planning time = 3.98sec
planning: env=1, path=2063 || ( 63% complete) success rate =  1.0 planning time = 0.919sec
planning: env=1, path=2064 || ( 64% complete) success rate =  1.0 planning time = 0.652sec
planning: env=1, path=2065 || ( 65% complete) success rate =  1.0 planning time = 3.39sec
planning: env=1, path=2066 || ( 66% complete) success rate =  1.0 planning time = 0.231sec
planning: env=1, path=2067 || ( 67% complete) success rate =  1.0 planning time = 0.435sec
planning: env=1, path=2068 || ( 68% complete) success rate =  1.0 planning time = 0.444sec
planning: env=1, path=2069 || ( 69% complete) success rate =  1.0 planning time = 0.459sec
planning: env=1, path=2070 || ( 70% complete) success rate =  1.0 planning time = 0.231sec
planning: env=1, path=2071 || ( 71% complete) success rate =  1.0 planning time = 0.439sec
planning: env=1, path=2072 || ( 72% complete) success rate =  1.0 planning time = 0.353sec
planning: env=1, path=2073 || ( 73% complete) success rate =  1.0 planning time = 0.392sec
planning: env=1, path=2074 || ( 74% complete) success rate =  1.0 planning time = 0.676sec
planning: env=1, path=2075 || ( 75% complete) success rate =  1.0 planning time = 0.375sec
planning: env=1, path=2076 || ( 76% complete) success rate =  1.0 planning time =  2.1sec
planning: env=1, path=2077 || ( 77% complete) success rate =  1.0 planning time = 1.28sec
planning: env=1, path=2078 || ( 78% complete) success rate =  1.0 planning time = 1.38sec
planning: env=1, path=2079 || ( 79% complete) success rate =  1.0 planning time = 0.558sec
planning: env=1, path=2080 || ( 80% complete) success rate =  1.0 planning time = 1.26sec
planning: env=1, path=2081 || ( 81% complete) success rate =  1.0 planning time = 0.409sec
planning: env=1, path=2082 || ( 82% complete) success rate =  1.0 planning time = 0.716sec
planning: env=1, path=2083 || ( 83% complete) success rate =  1.0 planning time = 0.718sec
planning: env=1, path=2084 || ( 84% complete) success rate =  1.0 planning time = 0.742sec
planning: env=1, path=2085 || ( 85% complete) success rate =  1.0 planning time = 0.403sec
planning: env=1, path=2086 || ( 86% complete) success rate =  1.0 planning time = 0.527sec
planning: env=1, path=2087 || ( 87% complete) success rate =  1.0 planning time = 0.402sec
planning: env=1, path=2088 || ( 88% complete) success rate =  1.0 planning time = 0.487sec
planning: env=1, path=2089 || ( 89% complete) success rate =  1.0 planning time = 0.367sec
planning: env=1, path=2090 || ( 90% complete) success rate =  1.0 planning time = 0.386sec
planning: env=1, path=2091 || ( 91% complete) success rate =  1.0 planning time = 0.26sec
planning: env=1, path=2092 || ( 92% complete) success rate =  1.0 planning time = 0.597sec
planning: env=1, path=2093 || ( 93% complete) success rate =  1.0 planning time = 0.701sec
planning: env=1, path=2094 || ( 94% complete) success rate =  1.0 planning time = 0.294sec
planning: env=1, path=2095 || ( 95% complete) success rate =  1.0 planning time = 3.21sec
planning: env=1, path=2096 || ( 96% complete) success rate =  1.0 planning time = 0.111sec
planning: env=1, path=2097 || ( 97% complete) success rate =  1.0 planning time = 0.777sec
planning: env=1, path=2098 || ( 98% complete) success rate =  1.0 planning time = 0.504sec
planning: env=1, path=2099 || ( 99% complete) success rate =  1.0 planning time = 0.435sec
planning: env=1, path=2099 || (100% complete) success rate =  1.0 planning time = 0.435sec
planning: env=2, path=- || (  0% complete) success rate = ---- planning time = ----sec
planning: env=2, path=2000 || (  0% complete) success rate =  1.0 planning time = 0.416sec
planning: env=2, path=2001 || (  1% complete) success rate =  1.0 planning time = 0.441sec
planning: env=2, path=2002 || (  2% complete) success rate =  1.0 planning time = 7.05sec
planning: env=2, path=2003 || (  3% complete) success rate =  1.0 planning time = 0.342sec
planning: env=2, path=2004 || (  4% complete) success rate =  1.0 planning time = 1.09sec
planning: env=2, path=2005 || (  5% complete) success rate =  1.0 planning time = 0.773sec
planning: env=2, path=2006 || (  6% complete) success rate =  1.0 planning time = 0.528sec
planning: env=2, path=2007 || (  7% complete) success rate =  1.0 planning time = 10.3sec
planning: env=2, path=2008 || (  8% complete) success rate =  1.0 planning time = 0.32sec
planning: env=2, path=2009 || (  9% complete) success rate =  1.0 planning time = 0.441sec
planning: env=2, path=2010 || ( 10% complete) success rate =  1.0 planning time = 0.42sec
planning: env=2, path=2011 || ( 11% complete) success rate =  1.0 planning time = 0.465sec
planning: env=2, path=2012 || ( 12% complete) success rate =  1.0 planning time = 3.92sec
planning: env=2, path=2013 || ( 13% complete) success rate =  1.0 planning time = 0.419sec
planning: env=2, path=2014 || ( 14% complete) success rate =  1.0 planning time = 0.726sec
planning: env=2, path=2015 || ( 15% complete) success rate =  1.0 planning time = 0.172sec
planning: env=2, path=2016 || ( 16% complete) success rate =  1.0 planning time = 0.236sec
planning: env=2, path=2017 || ( 17% complete) success rate =  1.0 planning time = 0.179sec
planning: env=2, path=2018 || ( 18% complete) success rate =  1.0 planning time = 0.347sec
planning: env=2, path=2019 || ( 19% complete) success rate =  1.0 planning time = 0.489sec
planning: env=2, path=2020 || ( 20% complete) success rate =  1.0 planning time = 0.32sec
planning: env=2, path=2021 || ( 21% complete) success rate =  1.0 planning time = 0.302sec
planning: env=2, path=2022 || ( 22% complete) success rate =  1.0 planning time = 0.672sec
planning: env=2, path=2023 || ( 23% complete) success rate =  1.0 planning time = 0.614sec
planning: env=2, path=2024 || ( 24% complete) success rate =  1.0 planning time = 0.326sec
planning: env=2, path=2025 || ( 25% complete) success rate =  1.0 planning time = 0.509sec
planning: env=2, path=2026 || ( 26% complete) success rate =  1.0 planning time = 0.629sec
planning: env=2, path=2027 || ( 27% complete) success rate =  1.0 planning time = 0.474sec
planning: env=2, path=2028 || ( 28% complete) success rate =  1.0 planning time = 1.48sec
planning: env=2, path=2029 || ( 29% complete) success rate =  1.0 planning time = 0.261sec
planning: env=2, path=2030 || ( 30% complete) success rate =  1.0 planning time = 5.86sec
planning: env=2, path=2031 || ( 31% complete) success rate =  1.0 planning time = 0.305sec
planning: env=2, path=2032 || ( 32% complete) success rate =  1.0 planning time = 13.7sec
planning: env=2, path=2033 || ( 33% complete) success rate =  1.0 planning time = 0.91sec
planning: env=2, path=2034 || ( 34% complete) success rate =  1.0 planning time = 0.447sec
planning: env=2, path=2035 || ( 35% complete) success rate =  1.0 planning time = 2.12sec
planning: env=2, path=2036 || ( 36% complete) success rate =  1.0 planning time = 5.39sec
planning: env=2, path=2037 || ( 37% complete) success rate =  1.0 planning time = 0.533sec
planning: env=2, path=2038 || ( 38% complete) success rate =  1.0 planning time = 5.61sec
planning: env=2, path=2039 || ( 39% complete) success rate =  1.0 planning time = 1.05sec
planning: env=2, path=2040 || ( 40% complete) success rate =  1.0 planning time = 0.332sec
planning: env=2, path=2041 || ( 41% complete) success rate =  1.0 planning time = 0.346sec
planning: env=2, path=2042 || ( 42% complete) success rate =  1.0 planning time = 0.731sec
planning: env=2, path=2043 || ( 43% complete) success rate =  1.0 planning time = 0.499sec
planning: env=2, path=2044 || ( 44% complete) success rate =  1.0 planning time = 3.43sec
planning: env=2, path=2045 || ( 45% complete) success rate =  1.0 planning time = 1.13sec
planning: env=2, path=2046 || ( 46% complete) success rate =  1.0 planning time = 0.524sec
planning: env=2, path=2047 || ( 47% complete) success rate =  1.0 planning time = 0.298sec
planning: env=2, path=2048 || ( 48% complete) success rate =  1.0 planning time = 0.512sec
planning: env=2, path=2049 || ( 49% complete) success rate =  1.0 planning time = 0.306sec
planning: env=2, path=2050 || ( 50% complete) success rate =  1.0 planning time = 0.471sec
planning: env=2, path=2051 || ( 51% complete) success rate =  1.0 planning time = 0.147sec
planning: env=2, path=2052 || ( 52% complete) success rate =  1.0 planning time = 0.698sec
planning: env=2, path=2053 || ( 53% complete) success rate =  1.0 planning time = 0.268sec
planning: env=2, path=2054 || ( 54% complete) success rate =  1.0 planning time =  1.1sec
planning: env=2, path=2055 || ( 55% complete) success rate =  1.0 planning time = 3.61sec
planning: env=2, path=2056 || ( 56% complete) success rate =  1.0 planning time = 0.447sec
planning: env=2, path=2057 || ( 57% complete) success rate =  1.0 planning time = 0.299sec
planning: env=2, path=2058 || ( 58% complete) success rate =  1.0 planning time = 0.324sec
planning: env=2, path=2059 || ( 59% complete) success rate =  1.0 planning time = 4.22sec
planning: env=2, path=2060 || ( 60% complete) success rate =  1.0 planning time = 1.52sec
planning: env=2, path=2061 || ( 61% complete) success rate =  1.0 planning time = 0.278sec
planning: env=2, path=2062 || ( 62% complete) success rate =  1.0 planning time = 5.86sec
planning: env=2, path=2063 || ( 63% complete) success rate =  1.0 planning time = 0.558sec
planning: env=2, path=2064 || ( 64% complete) success rate =  1.0 planning time = 0.533sec
planning: env=2, path=2065 || ( 65% complete) success rate =  1.0 planning time = 0.274sec
planning: env=2, path=2066 || ( 66% complete) success rate =  1.0 planning time = 0.802sec
planning: env=2, path=2067 || ( 67% complete) success rate =  1.0 planning time = 0.795sec
planning: env=2, path=2068 || ( 68% complete) success rate =  1.0 planning time = 0.491sec
planning: env=2, path=2069 || ( 69% complete) success rate =  1.0 planning time = 0.502sec
planning: env=2, path=2070 || ( 70% complete) success rate =  1.0 planning time = 0.343sec
planning: env=2, path=2071 || ( 71% complete) success rate =  1.0 planning time = 0.526sec
planning: env=2, path=2072 || ( 72% complete) success rate =  1.0 planning time = 0.341sec
planning: env=2, path=2073 || ( 73% complete) success rate =  1.0 planning time = 0.458sec
planning: env=2, path=2074 || ( 74% complete) success rate =  1.0 planning time = 0.136sec
planning: env=2, path=2075 || ( 75% complete) success rate =  1.0 planning time = 0.545sec
planning: env=2, path=2076 || ( 76% complete) success rate =  1.0 planning time = 0.262sec
planning: env=2, path=2077 || ( 77% complete) success rate =  1.0 planning time = 3.18sec
planning: env=2, path=2078 || ( 78% complete) success rate =  1.0 planning time = 0.599sec
planning: env=2, path=2079 || ( 79% complete) success rate =  1.0 planning time = 3.12sec
planning: env=2, path=2080 || ( 80% complete) success rate =  1.0 planning time =  1.4sec
planning: env=2, path=2081 || ( 81% complete) success rate =  1.0 planning time = 0.0951sec
planning: env=2, path=2082 || ( 82% complete) success rate =  1.0 planning time = 3.12sec
planning: env=2, path=2083 || ( 83% complete) success rate =  1.0 planning time = 0.736sec
planning: env=2, path=2084 || ( 84% complete) success rate =  1.0 planning time = 2.85sec
planning: env=2, path=2085 || ( 85% complete) success rate =  1.0 planning time = 2.33sec
planning: env=2, path=2086 || ( 86% complete) success rate =  1.0 planning time = 0.615sec
planning: env=2, path=2087 || ( 87% complete) success rate =  1.0 planning time = 2.14sec
planning: env=2, path=2088 || ( 88% complete) success rate =  1.0 planning time = 0.249sec
planning: env=2, path=2089 || ( 89% complete) success rate =  1.0 planning time = 3.94sec
planning: env=2, path=2090 || ( 90% complete) success rate =  1.0 planning time = 4.14sec
planning: env=2, path=2091 || ( 91% complete) success rate =  1.0 planning time = 0.228sec
planning: env=2, path=2092 || ( 92% complete) success rate =  1.0 planning time = 12.9sec
planning: env=2, path=2093 || ( 93% complete) success rate =  1.0 planning time = 0.449sec
planning: env=2, path=2094 || ( 94% complete) success rate =  1.0 planning time = 0.466sec
planning: env=2, path=2095 || ( 95% complete) success rate =  1.0 planning time = 11.6sec
planning: env=2, path=2096 || ( 96% complete) success rate =  1.0 planning time = 0.623sec
planning: env=2, path=2097 || ( 97% complete) success rate =  1.0 planning time = 0.277sec
planning: env=2, path=2098 || ( 98% complete) success rate =  1.0 planning time = 2.49sec
planning: env=2, path=2099 || ( 99% complete) success rate =  1.0 planning time = 0.564sec
planning: env=2, path=2099 || (100% complete) success rate =  1.0 planning time = 0.564sec
planning: env=3, path=- || (  0% complete) success rate = ---- planning time = ----sec
planning: env=3, path=2000 || (  0% complete) success rate =  1.0 planning time = 0.454sec
planning: env=3, path=2001 || (  1% complete) success rate =  1.0 planning time = 0.389sec
planning: env=3, path=2002 || (  2% complete) success rate =  1.0 planning time = 0.209sec
planning: env=3, path=2003 || (  3% complete) success rate =  1.0 planning time = 0.535sec
planning: env=3, path=2004 || (  4% complete) success rate =  1.0 planning time = 0.239sec
planning: env=3, path=2005 || (  5% complete) success rate =  1.0 planning time = 0.29sec
planning: env=3, path=2006 || (  6% complete) success rate =  1.0 planning time = 0.234sec
planning: env=3, path=2007 || (  7% complete) success rate =  1.0 planning time = 0.261sec
planning: env=3, path=2008 || (  8% complete) success rate =  1.0 planning time = 2.86sec
planning: env=3, path=2009 || (  9% complete) success rate =  1.0 planning time = 1.08sec
planning: env=3, path=2010 || ( 10% complete) success rate =  1.0 planning time = 0.684sec
planning: env=3, path=2011 || ( 11% complete) success rate =  1.0 planning time = 0.18sec
planning: env=3, path=2012 || ( 12% complete) success rate =  1.0 planning time = 0.46sec
planning: env=3, path=2013 || ( 13% complete) success rate =  1.0 planning time = 0.63sec
planning: env=3, path=2014 || ( 14% complete) success rate =  1.0 planning time = 0.403sec
planning: env=3, path=2015 || ( 15% complete) success rate =  1.0 planning time = 3.35sec
planning: env=3, path=2016 || ( 16% complete) success rate =  1.0 planning time =  0.3sec
planning: env=3, path=2017 || ( 17% complete) success rate =  1.0 planning time = 13.0sec
planning: env=3, path=2018 || ( 18% complete) success rate =  1.0 planning time = 0.397sec
planning: env=3, path=2019 || ( 19% complete) success rate =  1.0 planning time = 0.902sec
planning: env=3, path=2020 || ( 20% complete) success rate =  1.0 planning time = 0.651sec
planning: env=3, path=2021 || ( 21% complete) success rate =  1.0 planning time = 0.251sec
planning: env=3, path=2022 || ( 22% complete) success rate =  1.0 planning time = 0.52sec
planning: env=3, path=2023 || ( 23% complete) success rate =  1.0 planning time = 0.461sec
planning: env=3, path=2024 || ( 24% complete) success rate =  1.0 planning time = 0.19sec
planning: env=3, path=2025 || ( 25% complete) success rate =  1.0 planning time = 1.11sec
planning: env=3, path=2026 || ( 26% complete) success rate =  1.0 planning time = 11.6sec
planning: env=3, path=2026 || ( 28% complete) success rate =  1.0 planning time = 11.6sec
planning: env=3, path=2028 || ( 28% complete) success rate = 0.966 planning time = 8.18sec
planning: env=3, path=2029 || ( 29% complete) success rate = 0.967 planning time = 0.438sec
planning: env=3, path=2030 || ( 30% complete) success rate = 0.968 planning time = 0.257sec
planning: env=3, path=2031 || ( 31% complete) success rate = 0.969 planning time = 0.656sec
planning: env=3, path=2032 || ( 32% complete) success rate = 0.97 planning time = 0.387sec
planning: env=3, path=2033 || ( 33% complete) success rate = 0.971 planning time = 1.73sec
planning: env=3, path=2034 || ( 34% complete) success rate = 0.971 planning time = 0.507sec
planning: env=3, path=2035 || ( 35% complete) success rate = 0.972 planning time = 0.681sec
planning: env=3, path=2036 || ( 36% complete) success rate = 0.973 planning time = 1.61sec
planning: env=3, path=2037 || ( 37% complete) success rate = 0.974 planning time = 2.45sec
planning: env=3, path=2038 || ( 38% complete) success rate = 0.974 planning time = 0.297sec
planning: env=3, path=2039 || ( 39% complete) success rate = 0.975 planning time = 0.331sec
planning: env=3, path=2040 || ( 40% complete) success rate = 0.976 planning time = 8.19sec
planning: env=3, path=2041 || ( 41% complete) success rate = 0.976 planning time = 1.57sec
planning: env=3, path=2042 || ( 42% complete) success rate = 0.977 planning time = 8.78sec
planning: env=3, path=2043 || ( 43% complete) success rate = 0.977 planning time = 3.06sec
planning: env=3, path=2044 || ( 44% complete) success rate = 0.978 planning time = 0.636sec
planning: env=3, path=2045 || ( 45% complete) success rate = 0.978 planning time = 0.638sec
planning: env=3, path=2046 || ( 46% complete) success rate = 0.979 planning time = 0.805sec
planning: env=3, path=2047 || ( 47% complete) success rate = 0.979 planning time = 0.208sec
planning: env=3, path=2048 || ( 48% complete) success rate = 0.98 planning time = 0.421sec
planning: env=3, path=2049 || ( 49% complete) success rate = 0.98 planning time = 0.125sec
planning: env=3, path=2050 || ( 50% complete) success rate = 0.98 planning time = 7.05sec
planning: env=3, path=2051 || ( 51% complete) success rate = 0.981 planning time = 0.706sec
planning: env=3, path=2052 || ( 52% complete) success rate = 0.981 planning time =  2.0sec
planning: env=3, path=2053 || ( 53% complete) success rate = 0.981 planning time = 1.32sec
planning: env=3, path=2054 || ( 54% complete) success rate = 0.982 planning time = 0.489sec
planning: env=3, path=2055 || ( 55% complete) success rate = 0.982 planning time = 0.229sec
planning: env=3, path=2056 || ( 56% complete) success rate = 0.982 planning time = 0.607sec
planning: env=3, path=2057 || ( 57% complete) success rate = 0.983 planning time = 0.243sec
planning: env=3, path=2058 || ( 58% complete) success rate = 0.983 planning time = 0.438sec
planning: env=3, path=2059 || ( 59% complete) success rate = 0.983 planning time = 0.369sec
planning: env=3, path=2060 || ( 60% complete) success rate = 0.984 planning time = 0.266sec
planning: env=3, path=2061 || ( 61% complete) success rate = 0.984 planning time = 0.254sec
planning: env=3, path=2062 || ( 62% complete) success rate = 0.984 planning time = 0.521sec
planning: env=3, path=2063 || ( 63% complete) success rate = 0.984 planning time = 0.241sec
planning: env=3, path=2064 || ( 64% complete) success rate = 0.985 planning time = 0.209sec
planning: env=3, path=2065 || ( 65% complete) success rate = 0.985 planning time = 0.248sec
planning: env=3, path=2066 || ( 66% complete) success rate = 0.985 planning time = 0.365sec
planning: env=3, path=2067 || ( 67% complete) success rate = 0.985 planning time = 0.726sec
planning: env=3, path=2068 || ( 68% complete) success rate = 0.986 planning time = 0.766sec
planning: env=3, path=2069 || ( 69% complete) success rate = 0.986 planning time = 0.459sec
planning: env=3, path=2070 || ( 70% complete) success rate = 0.986 planning time = 0.522sec
planning: env=3, path=2071 || ( 71% complete) success rate = 0.986 planning time = 0.421sec
planning: env=3, path=2072 || ( 72% complete) success rate = 0.986 planning time = 0.581sec
planning: env=3, path=2073 || ( 73% complete) success rate = 0.986 planning time = 2.18sec
planning: env=3, path=2074 || ( 74% complete) success rate = 0.987 planning time =  2.2sec
planning: env=3, path=2075 || ( 75% complete) success rate = 0.987 planning time = 5.28sec
planning: env=3, path=2076 || ( 76% complete) success rate = 0.987 planning time = 0.376sec
planning: env=3, path=2077 || ( 77% complete) success rate = 0.987 planning time = 1.85sec
planning: env=3, path=2078 || ( 78% complete) success rate = 0.987 planning time = 5.62sec
planning: env=3, path=2079 || ( 79% complete) success rate = 0.988 planning time = 0.579sec
planning: env=3, path=2081 || ( 81% complete) success rate = 0.976 planning time = 1.45sec
planning: env=3, path=2082 || ( 82% complete) success rate = 0.976 planning time = 0.227sec
planning: env=3, path=2083 || ( 83% complete) success rate = 0.976 planning time = 0.568sec
planning: env=3, path=2084 || ( 84% complete) success rate = 0.976 planning time = 0.757sec
planning: env=3, path=2085 || ( 85% complete) success rate = 0.977 planning time = 0.808sec
planning: env=3, path=2086 || ( 86% complete) success rate = 0.977 planning time = 0.345sec
planning: env=3, path=2087 || ( 87% complete) success rate = 0.977 planning time = 0.562sec
planning: env=3, path=2088 || ( 88% complete) success rate = 0.978 planning time = 0.734sec
planning: env=3, path=2089 || ( 89% complete) success rate = 0.978 planning time = 0.253sec
planning: env=3, path=2090 || ( 90% complete) success rate = 0.978 planning time = 2.49sec
planning: env=3, path=2091 || ( 91% complete) success rate = 0.978 planning time = 4.04sec
planning: env=3, path=2092 || ( 92% complete) success rate = 0.978 planning time = 0.595sec
planning: env=3, path=2093 || ( 93% complete) success rate = 0.979 planning time = 0.52sec
planning: env=3, path=2094 || ( 94% complete) success rate = 0.979 planning time = 0.228sec
planning: env=3, path=2095 || ( 95% complete) success rate = 0.979 planning time = 1.06sec
planning: env=3, path=2096 || ( 96% complete) success rate = 0.979 planning time = 0.357sec
planning: env=3, path=2097 || ( 97% complete) success rate = 0.98 planning time = 0.523sec
planning: env=3, path=2098 || ( 98% complete) success rate = 0.98 planning time = 0.59sec
planning: env=3, path=2099 || ( 99% complete) success rate = 0.98 planning time = 0.491sec
planning: env=3, path=2099 || (100% complete) success rate = 0.98 planning time = 0.491sec
planning: env=4, path=- || (  0% complete) success rate = ---- planning time = ----sec
planning: env=4, path=2000 || (  0% complete) success rate =  1.0 planning time = 13.4sec
planning: env=4, path=2001 || (  1% complete) success rate =  1.0 planning time = 0.368sec
planning: env=4, path=2002 || (  2% complete) success rate =  1.0 planning time = 3.82sec
planning: env=4, path=2003 || (  3% complete) success rate =  1.0 planning time = 0.0634sec
planning: env=4, path=2004 || (  4% complete) success rate =  1.0 planning time = 12.0sec
planning: env=4, path=2005 || (  5% complete) success rate =  1.0 planning time = 0.438sec
planning: env=4, path=2006 || (  6% complete) success rate =  1.0 planning time = 2.63sec
planning: env=4, path=2007 || (  7% complete) success rate =  1.0 planning time = 5.09sec
planning: env=4, path=2008 || (  8% complete) success rate =  1.0 planning time = 0.511sec
planning: env=4, path=2009 || (  9% complete) success rate =  1.0 planning time = 0.785sec
planning: env=4, path=2010 || ( 10% complete) success rate =  1.0 planning time = 1.94sec
planning: env=4, path=2011 || ( 11% complete) success rate =  1.0 planning time = 6.64sec
planning: env=4, path=2012 || ( 12% complete) success rate =  1.0 planning time = 0.669sec
planning: env=4, path=2013 || ( 13% complete) success rate =  1.0 planning time = 0.508sec
planning: env=4, path=2014 || ( 14% complete) success rate =  1.0 planning time = 0.377sec
planning: env=4, path=2015 || ( 15% complete) success rate =  1.0 planning time = 0.69sec
planning: env=4, path=2016 || ( 16% complete) success rate =  1.0 planning time =  1.3sec
planning: env=4, path=2017 || ( 17% complete) success rate =  1.0 planning time = 0.439sec
planning: env=4, path=2018 || ( 18% complete) success rate =  1.0 planning time = 0.385sec
planning: env=4, path=2019 || ( 19% complete) success rate =  1.0 planning time = 6.52sec
planning: env=4, path=2020 || ( 20% complete) success rate =  1.0 planning time = 0.481sec
planning: env=4, path=2021 || ( 21% complete) success rate =  1.0 planning time = 11.0sec
planning: env=4, path=2022 || ( 22% complete) success rate =  1.0 planning time = 0.544sec
planning: env=4, path=2023 || ( 23% complete) success rate =  1.0 planning time = 0.668sec
planning: env=4, path=2024 || ( 24% complete) success rate =  1.0 planning time =  1.0sec
planning: env=4, path=2025 || ( 25% complete) success rate =  1.0 planning time = 0.697sec
planning: env=4, path=2026 || ( 26% complete) success rate =  1.0 planning time = 14.4sec
planning: env=4, path=2027 || ( 27% complete) success rate =  1.0 planning time = 1.06sec
planning: env=4, path=2028 || ( 28% complete) success rate =  1.0 planning time = 3.23sec
planning: env=4, path=2029 || ( 29% complete) success rate =  1.0 planning time = 1.69sec
planning: env=4, path=2030 || ( 30% complete) success rate =  1.0 planning time = 0.228sec
planning: env=4, path=2031 || ( 31% complete) success rate =  1.0 planning time = 0.442sec
planning: env=4, path=2032 || ( 32% complete) success rate =  1.0 planning time = 0.446sec
planning: env=4, path=2033 || ( 33% complete) success rate =  1.0 planning time = 5.76sec
planning: env=4, path=2034 || ( 34% complete) success rate =  1.0 planning time =  5.1sec
planning: env=4, path=2035 || ( 35% complete) success rate =  1.0 planning time = 0.611sec
planning: env=4, path=2036 || ( 36% complete) success rate =  1.0 planning time = 0.169sec
planning: env=4, path=2037 || ( 37% complete) success rate =  1.0 planning time = 0.724sec
planning: env=4, path=2038 || ( 38% complete) success rate =  1.0 planning time = 1.96sec
planning: env=4, path=2039 || ( 39% complete) success rate =  1.0 planning time = 0.63sec
planning: env=4, path=2040 || ( 40% complete) success rate =  1.0 planning time = 0.373sec
planning: env=4, path=2041 || ( 41% complete) success rate =  1.0 planning time = 5.88sec
planning: env=4, path=2042 || ( 42% complete) success rate =  1.0 planning time = 0.305sec
planning: env=4, path=2043 || ( 43% complete) success rate =  1.0 planning time = 0.797sec
planning: env=4, path=2044 || ( 44% complete) success rate =  1.0 planning time = 2.92sec
planning: env=4, path=2045 || ( 45% complete) success rate =  1.0 planning time =  1.7sec
planning: env=4, path=2046 || ( 46% complete) success rate =  1.0 planning time =  5.6sec
planning: env=4, path=2047 || ( 47% complete) success rate =  1.0 planning time = 2.63sec
planning: env=4, path=2048 || ( 48% complete) success rate =  1.0 planning time = 2.45sec
planning: env=4, path=2049 || ( 49% complete) success rate =  1.0 planning time = 0.547sec
planning: env=4, path=2050 || ( 50% complete) success rate =  1.0 planning time = 0.627sec
planning: env=4, path=2051 || ( 51% complete) success rate =  1.0 planning time = 0.636sec
planning: env=4, path=2052 || ( 52% complete) success rate =  1.0 planning time = 0.59sec
planning: env=4, path=2053 || ( 53% complete) success rate =  1.0 planning time = 0.716sec
planning: env=4, path=2054 || ( 54% complete) success rate =  1.0 planning time = 0.918sec
planning: env=4, path=2055 || ( 55% complete) success rate =  1.0 planning time = 4.44sec
planning: env=4, path=2056 || ( 56% complete) success rate =  1.0 planning time = 1.25sec
planning: env=4, path=2057 || ( 57% complete) success rate =  1.0 planning time = 0.659sec
planning: env=4, path=2058 || ( 58% complete) success rate =  1.0 planning time =  1.6sec
planning: env=4, path=2059 || ( 59% complete) success rate =  1.0 planning time = 0.294sec
planning: env=4, path=2060 || ( 60% complete) success rate =  1.0 planning time = 0.469sec
planning: env=4, path=2061 || ( 61% complete) success rate =  1.0 planning time = 0.637sec
planning: env=4, path=2062 || ( 62% complete) success rate =  1.0 planning time = 0.585sec
planning: env=4, path=2063 || ( 63% complete) success rate =  1.0 planning time =  3.2sec
planning: env=4, path=2064 || ( 64% complete) success rate =  1.0 planning time = 0.711sec
planning: env=4, path=2065 || ( 65% complete) success rate =  1.0 planning time = 0.306sec
planning: env=4, path=2066 || ( 66% complete) success rate =  1.0 planning time = 1.16sec
planning: env=4, path=2067 || ( 67% complete) success rate =  1.0 planning time = 0.0781sec
planning: env=4, path=2068 || ( 68% complete) success rate =  1.0 planning time = 0.132sec
planning: env=4, path=2069 || ( 69% complete) success rate =  1.0 planning time = 4.89sec
planning: env=4, path=2070 || ( 70% complete) success rate =  1.0 planning time = 3.63sec
planning: env=4, path=2071 || ( 71% complete) success rate =  1.0 planning time = 0.404sec
planning: env=4, path=2072 || ( 72% complete) success rate =  1.0 planning time = 0.623sec
planning: env=4, path=2073 || ( 73% complete) success rate =  1.0 planning time =  0.2sec
planning: env=4, path=2074 || ( 74% complete) success rate =  1.0 planning time =  3.3sec
planning: env=4, path=2075 || ( 75% complete) success rate =  1.0 planning time = 0.262sec
planning: env=4, path=2076 || ( 76% complete) success rate =  1.0 planning time = 0.293sec
planning: env=4, path=2077 || ( 77% complete) success rate =  1.0 planning time = 2.61sec
planning: env=4, path=2078 || ( 78% complete) success rate =  1.0 planning time = 0.404sec
planning: env=4, path=2079 || ( 79% complete) success rate =  1.0 planning time = 8.06sec
planning: env=4, path=2080 || ( 80% complete) success rate =  1.0 planning time = 0.678sec
planning: env=4, path=2081 || ( 81% complete) success rate =  1.0 planning time = 0.556sec
planning: env=4, path=2082 || ( 82% complete) success rate =  1.0 planning time = 0.521sec
planning: env=4, path=2083 || ( 83% complete) success rate =  1.0 planning time = 2.24sec
planning: env=4, path=2084 || ( 84% complete) success rate =  1.0 planning time = 0.406sec
planning: env=4, path=2085 || ( 85% complete) success rate =  1.0 planning time = 2.91sec
planning: env=4, path=2086 || ( 86% complete) success rate =  1.0 planning time = 1.27sec
planning: env=4, path=2087 || ( 87% complete) success rate =  1.0 planning time = 0.257sec
planning: env=4, path=2088 || ( 88% complete) success rate =  1.0 planning time = 0.187sec
planning: env=4, path=2089 || ( 89% complete) success rate =  1.0 planning time = 0.388sec
planning: env=4, path=2090 || ( 90% complete) success rate =  1.0 planning time = 0.792sec
planning: env=4, path=2091 || ( 91% complete) success rate =  1.0 planning time = 0.378sec
planning: env=4, path=2092 || ( 92% complete) success rate =  1.0 planning time = 0.388sec
planning: env=4, path=2093 || ( 93% complete) success rate =  1.0 planning time = 0.24sec
planning: env=4, path=2094 || ( 94% complete) success rate =  1.0 planning time = 0.389sec
planning: env=4, path=2095 || ( 95% complete) success rate =  1.0 planning time = 0.483sec
planning: env=4, path=2096 || ( 96% complete) success rate =  1.0 planning time = 0.679sec
planning: env=4, path=2097 || ( 97% complete) success rate =  1.0 planning time = 1.37sec
planning: env=4, path=2098 || ( 98% complete) success rate =  1.0 planning time = 0.417sec
planning: env=4, path=2099 || ( 99% complete) success rate =  1.0 planning time = 0.535sec
planning: env=4, path=2099 || (100% complete) success rate =  1.0 planning time = 0.535sec
planning: env=5, path=- || (  0% complete) success rate = ---- planning time = ----sec
planning: env=5, path=2000 || (  0% complete) success rate =  1.0 planning time = 0.617sec
planning: env=5, path=2001 || (  1% complete) success rate =  1.0 planning time = 0.345sec
planning: env=5, path=2002 || (  2% complete) success rate =  1.0 planning time = 17.6sec
planning: env=5, path=2003 || (  3% complete) success rate =  1.0 planning time = 0.662sec
planning: env=5, path=2004 || (  4% complete) success rate =  1.0 planning time = 0.616sec
planning: env=5, path=2005 || (  5% complete) success rate =  1.0 planning time = 0.274sec
planning: env=5, path=2006 || (  6% complete) success rate =  1.0 planning time = 2.35sec
planning: env=5, path=2007 || (  7% complete) success rate =  1.0 planning time = 0.918sec
planning: env=5, path=2008 || (  8% complete) success rate =  1.0 planning time = 0.699sec
planning: env=5, path=2009 || (  9% complete) success rate =  1.0 planning time = 0.593sec
planning: env=5, path=2010 || ( 10% complete) success rate =  1.0 planning time = 0.407sec
planning: env=5, path=2011 || ( 11% complete) success rate =  1.0 planning time = 0.691sec
planning: env=5, path=2012 || ( 12% complete) success rate =  1.0 planning time = 0.883sec
planning: env=5, path=2013 || ( 13% complete) success rate =  1.0 planning time = 1.03sec
planning: env=5, path=2014 || ( 14% complete) success rate =  1.0 planning time = 0.451sec
planning: env=5, path=2015 || ( 15% complete) success rate =  1.0 planning time = 0.0724sec
planning: env=5, path=2016 || ( 16% complete) success rate =  1.0 planning time = 0.385sec
planning: env=5, path=2017 || ( 17% complete) success rate =  1.0 planning time = 0.395sec
planning: env=5, path=2018 || ( 18% complete) success rate =  1.0 planning time = 0.726sec
planning: env=5, path=2019 || ( 19% complete) success rate =  1.0 planning time = 0.423sec
planning: env=5, path=2020 || ( 20% complete) success rate =  1.0 planning time = 0.644sec
planning: env=5, path=2021 || ( 21% complete) success rate =  1.0 planning time = 1.66sec
planning: env=5, path=2022 || ( 22% complete) success rate =  1.0 planning time = 0.555sec
planning: env=5, path=2023 || ( 23% complete) success rate =  1.0 planning time = 0.704sec
planning: env=5, path=2024 || ( 24% complete) success rate =  1.0 planning time = 0.327sec
planning: env=5, path=2025 || ( 25% complete) success rate =  1.0 planning time = 0.479sec
planning: env=5, path=2026 || ( 26% complete) success rate =  1.0 planning time = 0.353sec
planning: env=5, path=2027 || ( 27% complete) success rate =  1.0 planning time = 0.501sec
planning: env=5, path=2028 || ( 28% complete) success rate =  1.0 planning time = 0.279sec
planning: env=5, path=2029 || ( 29% complete) success rate =  1.0 planning time = 0.379sec
planning: env=5, path=2030 || ( 30% complete) success rate =  1.0 planning time = 2.62sec
planning: env=5, path=2031 || ( 31% complete) success rate =  1.0 planning time = 0.267sec
planning: env=5, path=2032 || ( 32% complete) success rate =  1.0 planning time = 1.25sec
planning: env=5, path=2033 || ( 33% complete) success rate =  1.0 planning time = 0.51sec
planning: env=5, path=2034 || ( 34% complete) success rate =  1.0 planning time = 0.585sec
planning: env=5, path=2035 || ( 35% complete) success rate =  1.0 planning time = 0.317sec
planning: env=5, path=2036 || ( 36% complete) success rate =  1.0 planning time = 0.634sec
planning: env=5, path=2037 || ( 37% complete) success rate =  1.0 planning time = 0.286sec
planning: env=5, path=2038 || ( 38% complete) success rate =  1.0 planning time = 0.36sec
planning: env=5, path=2039 || ( 39% complete) success rate =  1.0 planning time = 0.422sec
planning: env=5, path=2040 || ( 40% complete) success rate =  1.0 planning time = 0.348sec
planning: env=5, path=2041 || ( 41% complete) success rate =  1.0 planning time = 0.508sec
planning: env=5, path=2042 || ( 42% complete) success rate =  1.0 planning time =  1.7sec
planning: env=5, path=2043 || ( 43% complete) success rate =  1.0 planning time = 0.379sec
planning: env=5, path=2044 || ( 44% complete) success rate =  1.0 planning time =  1.6sec
planning: env=5, path=2045 || ( 45% complete) success rate =  1.0 planning time = 3.34sec
planning: env=5, path=2046 || ( 46% complete) success rate =  1.0 planning time = 0.474sec
planning: env=5, path=2047 || ( 47% complete) success rate =  1.0 planning time = 0.234sec
planning: env=5, path=2048 || ( 48% complete) success rate =  1.0 planning time = 0.628sec
planning: env=5, path=2049 || ( 49% complete) success rate =  1.0 planning time = 0.708sec
planning: env=5, path=2050 || ( 50% complete) success rate =  1.0 planning time = 0.649sec
planning: env=5, path=2051 || ( 51% complete) success rate =  1.0 planning time = 0.523sec
planning: env=5, path=2052 || ( 52% complete) success rate =  1.0 planning time = 0.662sec
planning: env=5, path=2053 || ( 53% complete) success rate =  1.0 planning time = 0.541sec
planning: env=5, path=2054 || ( 54% complete) success rate =  1.0 planning time = 0.37sec
planning: env=5, path=2055 || ( 55% complete) success rate =  1.0 planning time =  3.1sec
planning: env=5, path=2056 || ( 56% complete) success rate =  1.0 planning time = 0.363sec
planning: env=5, path=2057 || ( 57% complete) success rate =  1.0 planning time = 0.583sec
planning: env=5, path=2058 || ( 58% complete) success rate =  1.0 planning time = 3.29sec
planning: env=5, path=2059 || ( 59% complete) success rate =  1.0 planning time = 0.556sec
planning: env=5, path=2060 || ( 60% complete) success rate =  1.0 planning time = 0.232sec
planning: env=5, path=2061 || ( 61% complete) success rate =  1.0 planning time = 0.239sec
planning: env=5, path=2062 || ( 62% complete) success rate =  1.0 planning time = 0.163sec
planning: env=5, path=2063 || ( 63% complete) success rate =  1.0 planning time = 0.196sec
planning: env=5, path=2064 || ( 64% complete) success rate =  1.0 planning time = 1.74sec
planning: env=5, path=2065 || ( 65% complete) success rate =  1.0 planning time = 0.317sec
planning: env=5, path=2066 || ( 66% complete) success rate =  1.0 planning time =  0.3sec
planning: env=5, path=2067 || ( 67% complete) success rate =  1.0 planning time =  6.9sec
planning: env=5, path=2068 || ( 68% complete) success rate =  1.0 planning time = 7.13sec
planning: env=5, path=2069 || ( 69% complete) success rate =  1.0 planning time = 0.21sec
planning: env=5, path=2070 || ( 70% complete) success rate =  1.0 planning time = 0.484sec
planning: env=5, path=2071 || ( 71% complete) success rate =  1.0 planning time = 1.03sec
planning: env=5, path=2072 || ( 72% complete) success rate =  1.0 planning time = 5.85sec
planning: env=5, path=2073 || ( 73% complete) success rate =  1.0 planning time = 0.492sec
planning: env=5, path=2074 || ( 74% complete) success rate =  1.0 planning time = 0.133sec
planning: env=5, path=2075 || ( 75% complete) success rate =  1.0 planning time = 0.447sec
planning: env=5, path=2076 || ( 76% complete) success rate =  1.0 planning time = 0.44sec
planning: env=5, path=2077 || ( 77% complete) success rate =  1.0 planning time = 0.283sec
planning: env=5, path=2078 || ( 78% complete) success rate =  1.0 planning time = 1.18sec
planning: env=5, path=2079 || ( 79% complete) success rate =  1.0 planning time = 0.392sec
planning: env=5, path=2080 || ( 80% complete) success rate =  1.0 planning time = 0.175sec
planning: env=5, path=2081 || ( 81% complete) success rate =  1.0 planning time = 0.346sec
planning: env=5, path=2082 || ( 82% complete) success rate =  1.0 planning time = 0.566sec
planning: env=5, path=2083 || ( 83% complete) success rate =  1.0 planning time = 0.686sec
planning: env=5, path=2084 || ( 84% complete) success rate =  1.0 planning time = 0.608sec
planning: env=5, path=2085 || ( 85% complete) success rate =  1.0 planning time = 6.24sec
planning: env=5, path=2086 || ( 86% complete) success rate =  1.0 planning time = 0.362sec
planning: env=5, path=2087 || ( 87% complete) success rate =  1.0 planning time = 0.214sec
planning: env=5, path=2088 || ( 88% complete) success rate =  1.0 planning time = 0.349sec
planning: env=5, path=2089 || ( 89% complete) success rate =  1.0 planning time = 0.327sec
planning: env=5, path=2090 || ( 90% complete) success rate =  1.0 planning time = 0.679sec
planning: env=5, path=2091 || ( 91% complete) success rate =  1.0 planning time = 0.748sec
planning: env=5, path=2092 || ( 92% complete) success rate =  1.0 planning time = 0.155sec
planning: env=5, path=2093 || ( 93% complete) success rate =  1.0 planning time = 0.431sec
planning: env=5, path=2094 || ( 94% complete) success rate =  1.0 planning time = 0.304sec
planning: env=5, path=2095 || ( 95% complete) success rate =  1.0 planning time = 0.337sec
planning: env=5, path=2096 || ( 96% complete) success rate =  1.0 planning time = 0.515sec
planning: env=5, path=2097 || ( 97% complete) success rate =  1.0 planning time = 0.572sec
planning: env=5, path=2098 || ( 98% complete) success rate =  1.0 planning time = 2.97sec
planning: env=5, path=2099 || ( 99% complete) success rate =  1.0 planning time = 0.257sec
planning: env=5, path=2099 || (100% complete) success rate =  1.0 planning time = 0.257sec
planning: env=6, path=- || (  0% complete) success rate = ---- planning time = ----sec
planning: env=6, path=2000 || (  0% complete) success rate =  1.0 planning time = 0.635sec
planning: env=6, path=2001 || (  1% complete) success rate =  1.0 planning time = 0.35sec
planning: env=6, path=2002 || (  2% complete) success rate =  1.0 planning time = 0.383sec
planning: env=6, path=2003 || (  3% complete) success rate =  1.0 planning time = 0.0991sec
planning: env=6, path=2004 || (  4% complete) success rate =  1.0 planning time = 0.604sec
planning: env=6, path=2005 || (  5% complete) success rate =  1.0 planning time = 0.176sec
planning: env=6, path=2006 || (  6% complete) success rate =  1.0 planning time = 0.321sec
planning: env=6, path=2007 || (  7% complete) success rate =  1.0 planning time = 0.883sec
planning: env=6, path=2008 || (  8% complete) success rate =  1.0 planning time = 0.908sec
planning: env=6, path=2009 || (  9% complete) success rate =  1.0 planning time = 0.0933sec
planning: env=6, path=2010 || ( 10% complete) success rate =  1.0 planning time = 0.692sec
planning: env=6, path=2011 || ( 11% complete) success rate =  1.0 planning time = 0.54sec
planning: env=6, path=2012 || ( 12% complete) success rate =  1.0 planning time = 0.464sec
planning: env=6, path=2013 || ( 13% complete) success rate =  1.0 planning time = 1.97sec
planning: env=6, path=2014 || ( 14% complete) success rate =  1.0 planning time = 0.539sec
planning: env=6, path=2015 || ( 15% complete) success rate =  1.0 planning time = 0.811sec
planning: env=6, path=2016 || ( 16% complete) success rate =  1.0 planning time = 0.433sec
planning: env=6, path=2017 || ( 17% complete) success rate =  1.0 planning time = 0.255sec
planning: env=6, path=2018 || ( 18% complete) success rate =  1.0 planning time = 0.38sec
planning: env=6, path=2019 || ( 19% complete) success rate =  1.0 planning time = 0.243sec
planning: env=6, path=2020 || ( 20% complete) success rate =  1.0 planning time = 0.533sec
planning: env=6, path=2021 || ( 21% complete) success rate =  1.0 planning time = 0.494sec
planning: env=6, path=2022 || ( 22% complete) success rate =  1.0 planning time = 0.202sec
planning: env=6, path=2023 || ( 23% complete) success rate =  1.0 planning time = 0.221sec
planning: env=6, path=2024 || ( 24% complete) success rate =  1.0 planning time = 1.41sec
planning: env=6, path=2025 || ( 25% complete) success rate =  1.0 planning time = 0.513sec
planning: env=6, path=2026 || ( 26% complete) success rate =  1.0 planning time = 0.526sec
planning: env=6, path=2027 || ( 27% complete) success rate =  1.0 planning time = 1.42sec
planning: env=6, path=2028 || ( 28% complete) success rate =  1.0 planning time = 0.634sec
planning: env=6, path=2029 || ( 29% complete) success rate =  1.0 planning time = 0.475sec
planning: env=6, path=2030 || ( 30% complete) success rate =  1.0 planning time = 0.215sec
planning: env=6, path=2031 || ( 31% complete) success rate =  1.0 planning time = 0.755sec
planning: env=6, path=2032 || ( 32% complete) success rate =  1.0 planning time = 0.44sec
planning: env=6, path=2033 || ( 33% complete) success rate =  1.0 planning time = 0.445sec
planning: env=6, path=2034 || ( 34% complete) success rate =  1.0 planning time = 0.51sec
planning: env=6, path=2035 || ( 35% complete) success rate =  1.0 planning time = 0.537sec
planning: env=6, path=2036 || ( 36% complete) success rate =  1.0 planning time = 0.734sec
planning: env=6, path=2037 || ( 37% complete) success rate =  1.0 planning time = 0.441sec
planning: env=6, path=2038 || ( 38% complete) success rate =  1.0 planning time = 0.449sec
planning: env=6, path=2039 || ( 39% complete) success rate =  1.0 planning time = 0.202sec
planning: env=6, path=2040 || ( 40% complete) success rate =  1.0 planning time = 0.221sec
planning: env=6, path=2041 || ( 41% complete) success rate =  1.0 planning time = 0.464sec
planning: env=6, path=2042 || ( 42% complete) success rate =  1.0 planning time = 0.12sec
planning: env=6, path=2043 || ( 43% complete) success rate =  1.0 planning time = 0.435sec
planning: env=6, path=2044 || ( 44% complete) success rate =  1.0 planning time = 0.276sec
planning: env=6, path=2045 || ( 45% complete) success rate =  1.0 planning time = 0.577sec
planning: env=6, path=2046 || ( 46% complete) success rate =  1.0 planning time = 0.502sec
planning: env=6, path=2047 || ( 47% complete) success rate =  1.0 planning time = 0.676sec
planning: env=6, path=2048 || ( 48% complete) success rate =  1.0 planning time = 0.603sec
planning: env=6, path=2049 || ( 49% complete) success rate =  1.0 planning time = 0.546sec
planning: env=6, path=2050 || ( 50% complete) success rate =  1.0 planning time = 0.511sec
planning: env=6, path=2051 || ( 51% complete) success rate =  1.0 planning time = 0.565sec
planning: env=6, path=2052 || ( 52% complete) success rate =  1.0 planning time = 0.632sec
planning: env=6, path=2053 || ( 53% complete) success rate =  1.0 planning time =  1.7sec
planning: env=6, path=2054 || ( 54% complete) success rate =  1.0 planning time = 0.55sec
planning: env=6, path=2055 || ( 55% complete) success rate =  1.0 planning time = 0.659sec
planning: env=6, path=2056 || ( 56% complete) success rate =  1.0 planning time = 0.332sec
planning: env=6, path=2057 || ( 57% complete) success rate =  1.0 planning time = 0.32sec
planning: env=6, path=2058 || ( 58% complete) success rate =  1.0 planning time = 0.246sec
planning: env=6, path=2059 || ( 59% complete) success rate =  1.0 planning time = 0.625sec
planning: env=6, path=2060 || ( 60% complete) success rate =  1.0 planning time = 1.07sec
planning: env=6, path=2061 || ( 61% complete) success rate =  1.0 planning time = 4.95sec
planning: env=6, path=2062 || ( 62% complete) success rate =  1.0 planning time = 0.146sec
planning: env=6, path=2063 || ( 63% complete) success rate =  1.0 planning time = 2.45sec
planning: env=6, path=2064 || ( 64% complete) success rate =  1.0 planning time =  4.8sec
planning: env=6, path=2065 || ( 65% complete) success rate =  1.0 planning time = 0.75sec
planning: env=6, path=2066 || ( 66% complete) success rate =  1.0 planning time = 0.307sec
planning: env=6, path=2067 || ( 67% complete) success rate =  1.0 planning time = 4.24sec
planning: env=6, path=2068 || ( 68% complete) success rate =  1.0 planning time = 0.248sec
planning: env=6, path=2069 || ( 69% complete) success rate =  1.0 planning time = 0.159sec
planning: env=6, path=2070 || ( 70% complete) success rate =  1.0 planning time = 1.61sec
planning: env=6, path=2071 || ( 71% complete) success rate =  1.0 planning time = 3.69sec
planning: env=6, path=2072 || ( 72% complete) success rate =  1.0 planning time = 0.682sec
planning: env=6, path=2073 || ( 73% complete) success rate =  1.0 planning time = 0.115sec
planning: env=6, path=2074 || ( 74% complete) success rate =  1.0 planning time =  1.6sec
planning: env=6, path=2075 || ( 75% complete) success rate =  1.0 planning time = 0.538sec
planning: env=6, path=2076 || ( 76% complete) success rate =  1.0 planning time = 0.613sec
planning: env=6, path=2077 || ( 77% complete) success rate =  1.0 planning time = 0.29sec
planning: env=6, path=2078 || ( 78% complete) success rate =  1.0 planning time = 3.43sec
planning: env=6, path=2079 || ( 79% complete) success rate =  1.0 planning time = 0.52sec
planning: env=6, path=2080 || ( 80% complete) success rate =  1.0 planning time = 0.215sec
planning: env=6, path=2081 || ( 81% complete) success rate =  1.0 planning time = 0.294sec
planning: env=6, path=2082 || ( 82% complete) success rate =  1.0 planning time = 0.309sec
planning: env=6, path=2083 || ( 83% complete) success rate =  1.0 planning time = 0.493sec
planning: env=6, path=2084 || ( 84% complete) success rate =  1.0 planning time = 0.453sec
planning: env=6, path=2085 || ( 85% complete) success rate =  1.0 planning time = 0.285sec
planning: env=6, path=2086 || ( 86% complete) success rate =  1.0 planning time = 0.221sec
planning: env=6, path=2087 || ( 87% complete) success rate =  1.0 planning time = 0.633sec
planning: env=6, path=2088 || ( 88% complete) success rate =  1.0 planning time = 2.43sec
planning: env=6, path=2089 || ( 89% complete) success rate =  1.0 planning time = 1.19sec
planning: env=6, path=2090 || ( 90% complete) success rate =  1.0 planning time = 0.295sec
planning: env=6, path=2091 || ( 91% complete) success rate =  1.0 planning time = 0.441sec
planning: env=6, path=2092 || ( 92% complete) success rate =  1.0 planning time = 0.455sec
planning: env=6, path=2093 || ( 93% complete) success rate =  1.0 planning time = 1.12sec
planning: env=6, path=2094 || ( 94% complete) success rate =  1.0 planning time = 0.597sec
planning: env=6, path=2095 || ( 95% complete) success rate =  1.0 planning time = 0.353sec
planning: env=6, path=2096 || ( 96% complete) success rate =  1.0 planning time = 3.14sec
planning: env=6, path=2097 || ( 97% complete) success rate =  1.0 planning time =  9.4sec
planning: env=6, path=2098 || ( 98% complete) success rate =  1.0 planning time = 0.761sec
planning: env=6, path=2099 || ( 99% complete) success rate =  1.0 planning time = 0.497sec
planning: env=6, path=2099 || (100% complete) success rate =  1.0 planning time = 0.497sec
planning: env=7, path=- || (  0% complete) success rate = ---- planning time = ----sec
planning: env=7, path=2000 || (  0% complete) success rate =  1.0 planning time = 4.08sec
planning: env=7, path=2001 || (  1% complete) success rate =  1.0 planning time = 0.362sec
planning: env=7, path=2002 || (  2% complete) success rate =  1.0 planning time = 0.483sec
planning: env=7, path=2003 || (  3% complete) success rate =  1.0 planning time = 0.774sec
planning: env=7, path=2004 || (  4% complete) success rate =  1.0 planning time = 0.493sec
planning: env=7, path=2005 || (  5% complete) success rate =  1.0 planning time = 0.465sec
planning: env=7, path=2006 || (  6% complete) success rate =  1.0 planning time = 1.58sec
planning: env=7, path=2007 || (  7% complete) success rate =  1.0 planning time = 1.26sec
planning: env=7, path=2008 || (  8% complete) success rate =  1.0 planning time = 1.14sec
planning: env=7, path=2009 || (  9% complete) success rate =  1.0 planning time = 0.402sec
planning: env=7, path=2010 || ( 10% complete) success rate =  1.0 planning time = 0.646sec
planning: env=7, path=2011 || ( 11% complete) success rate =  1.0 planning time = 0.77sec
planning: env=7, path=2012 || ( 12% complete) success rate =  1.0 planning time = 0.23sec
planning: env=7, path=2013 || ( 13% complete) success rate =  1.0 planning time = 0.739sec
planning: env=7, path=2014 || ( 14% complete) success rate =  1.0 planning time = 0.502sec
planning: env=7, path=2015 || ( 15% complete) success rate =  1.0 planning time = 0.491sec
planning: env=7, path=2016 || ( 16% complete) success rate =  1.0 planning time = 0.56sec
planning: env=7, path=2017 || ( 17% complete) success rate =  1.0 planning time =  4.7sec
planning: env=7, path=2018 || ( 18% complete) success rate =  1.0 planning time = 0.273sec
planning: env=7, path=2019 || ( 19% complete) success rate =  1.0 planning time = 0.393sec
planning: env=7, path=2020 || ( 20% complete) success rate =  1.0 planning time = 0.741sec
planning: env=7, path=2021 || ( 21% complete) success rate =  1.0 planning time = 0.619sec
planning: env=7, path=2022 || ( 22% complete) success rate =  1.0 planning time = 1.37sec
planning: env=7, path=2023 || ( 23% complete) success rate =  1.0 planning time = 0.213sec
planning: env=7, path=2024 || ( 24% complete) success rate =  1.0 planning time = 0.632sec
planning: env=7, path=2025 || ( 25% complete) success rate =  1.0 planning time = 1.76sec
planning: env=7, path=2026 || ( 26% complete) success rate =  1.0 planning time = 8.76sec
planning: env=7, path=2027 || ( 27% complete) success rate =  1.0 planning time = 0.298sec
planning: env=7, path=2028 || ( 28% complete) success rate =  1.0 planning time = 0.751sec
planning: env=7, path=2029 || ( 29% complete) success rate =  1.0 planning time = 0.794sec
planning: env=7, path=2030 || ( 30% complete) success rate =  1.0 planning time = 0.21sec
planning: env=7, path=2031 || ( 31% complete) success rate =  1.0 planning time = 0.258sec
planning: env=7, path=2032 || ( 32% complete) success rate =  1.0 planning time = 0.381sec
planning: env=7, path=2033 || ( 33% complete) success rate =  1.0 planning time = 3.72sec
planning: env=7, path=2034 || ( 34% complete) success rate =  1.0 planning time = 0.508sec
planning: env=7, path=2035 || ( 35% complete) success rate =  1.0 planning time = 4.86sec
planning: env=7, path=2036 || ( 36% complete) success rate =  1.0 planning time = 0.926sec
planning: env=7, path=2037 || ( 37% complete) success rate =  1.0 planning time = 0.377sec
planning: env=7, path=2038 || ( 38% complete) success rate =  1.0 planning time = 0.83sec
planning: env=7, path=2039 || ( 39% complete) success rate =  1.0 planning time = 0.377sec
planning: env=7, path=2040 || ( 40% complete) success rate =  1.0 planning time = 0.325sec
planning: env=7, path=2041 || ( 41% complete) success rate =  1.0 planning time = 11.7sec
planning: env=7, path=2042 || ( 42% complete) success rate =  1.0 planning time = 0.126sec
planning: env=7, path=2043 || ( 43% complete) success rate =  1.0 planning time = 0.426sec
planning: env=7, path=2044 || ( 44% complete) success rate =  1.0 planning time = 0.293sec
planning: env=7, path=2045 || ( 45% complete) success rate =  1.0 planning time = 0.459sec
planning: env=7, path=2046 || ( 46% complete) success rate =  1.0 planning time = 2.43sec
planning: env=7, path=2047 || ( 47% complete) success rate =  1.0 planning time =  3.6sec
planning: env=7, path=2048 || ( 48% complete) success rate =  1.0 planning time = 0.478sec
planning: env=7, path=2049 || ( 49% complete) success rate =  1.0 planning time = 0.406sec
planning: env=7, path=2050 || ( 50% complete) success rate =  1.0 planning time = 8.89sec
planning: env=7, path=2051 || ( 51% complete) success rate =  1.0 planning time = 0.167sec
planning: env=7, path=2052 || ( 52% complete) success rate =  1.0 planning time = 0.256sec
planning: env=7, path=2053 || ( 53% complete) success rate =  1.0 planning time = 0.509sec
planning: env=7, path=2054 || ( 54% complete) success rate =  1.0 planning time = 5.09sec
planning: env=7, path=2055 || ( 55% complete) success rate =  1.0 planning time = 13.1sec
planning: env=7, path=2056 || ( 56% complete) success rate =  1.0 planning time = 2.96sec
planning: env=7, path=2057 || ( 57% complete) success rate =  1.0 planning time = 0.587sec
planning: env=7, path=2058 || ( 58% complete) success rate =  1.0 planning time = 0.34sec
planning: env=7, path=2059 || ( 59% complete) success rate =  1.0 planning time = 0.409sec
planning: env=7, path=2060 || ( 60% complete) success rate =  1.0 planning time = 0.652sec
planning: env=7, path=2061 || ( 61% complete) success rate =  1.0 planning time = 1.91sec
planning: env=7, path=2062 || ( 62% complete) success rate =  1.0 planning time = 0.295sec
planning: env=7, path=2063 || ( 63% complete) success rate =  1.0 planning time = 0.385sec
planning: env=7, path=2064 || ( 64% complete) success rate =  1.0 planning time = 2.26sec
planning: env=7, path=2065 || ( 65% complete) success rate =  1.0 planning time = 2.62sec
planning: env=7, path=2066 || ( 66% complete) success rate =  1.0 planning time = 0.25sec
planning: env=7, path=2066 || ( 68% complete) success rate =  1.0 planning time = 0.25sec
planning: env=7, path=2068 || ( 68% complete) success rate = 0.986 planning time = 0.255sec
planning: env=7, path=2069 || ( 69% complete) success rate = 0.986 planning time = 0.435sec
planning: env=7, path=2070 || ( 70% complete) success rate = 0.986 planning time = 0.468sec
planning: env=7, path=2071 || ( 71% complete) success rate = 0.986 planning time = 1.93sec
planning: env=7, path=2072 || ( 72% complete) success rate = 0.986 planning time = 1.79sec
planning: env=7, path=2073 || ( 73% complete) success rate = 0.986 planning time = 0.129sec
planning: env=7, path=2074 || ( 74% complete) success rate = 0.987 planning time = 0.419sec
planning: env=7, path=2075 || ( 75% complete) success rate = 0.987 planning time = 0.303sec
planning: env=7, path=2076 || ( 76% complete) success rate = 0.987 planning time = 0.684sec
planning: env=7, path=2076 || ( 78% complete) success rate = 0.987 planning time = 0.684sec
planning: env=7, path=2078 || ( 78% complete) success rate = 0.975 planning time = 0.315sec
planning: env=7, path=2079 || ( 79% complete) success rate = 0.975 planning time = 3.84sec
planning: env=7, path=2080 || ( 80% complete) success rate = 0.975 planning time = 10.4sec
planning: env=7, path=2081 || ( 81% complete) success rate = 0.976 planning time = 4.83sec
planning: env=7, path=2082 || ( 82% complete) success rate = 0.976 planning time = 3.55sec
planning: env=7, path=2083 || ( 83% complete) success rate = 0.976 planning time = 0.722sec
planning: env=7, path=2084 || ( 84% complete) success rate = 0.976 planning time = 0.377sec
planning: env=7, path=2085 || ( 85% complete) success rate = 0.977 planning time = 7.98sec
planning: env=7, path=2086 || ( 86% complete) success rate = 0.977 planning time = 0.302sec
planning: env=7, path=2087 || ( 87% complete) success rate = 0.977 planning time = 0.247sec
planning: env=7, path=2088 || ( 88% complete) success rate = 0.978 planning time = 0.168sec
planning: env=7, path=2089 || ( 89% complete) success rate = 0.978 planning time = 2.19sec
planning: env=7, path=2090 || ( 90% complete) success rate = 0.978 planning time =  1.2sec
planning: env=7, path=2091 || ( 91% complete) success rate = 0.978 planning time = 1.22sec
planning: env=7, path=2092 || ( 92% complete) success rate = 0.978 planning time = 3.98sec
planning: env=7, path=2093 || ( 93% complete) success rate = 0.979 planning time = 0.325sec
planning: env=7, path=2094 || ( 94% complete) success rate = 0.979 planning time = 2.09sec
planning: env=7, path=2095 || ( 95% complete) success rate = 0.979 planning time = 0.117sec
planning: env=7, path=2096 || ( 96% complete) success rate = 0.979 planning time = 0.492sec
planning: env=7, path=2097 || ( 97% complete) success rate = 0.98 planning time = 2.12sec
planning: env=7, path=2098 || ( 98% complete) success rate = 0.98 planning time = 0.618sec
planning: env=7, path=2099 || ( 99% complete) success rate = 0.98 planning time = 0.499sec
planning: env=7, path=2099 || (100% complete) success rate = 0.98 planning time = 0.499sec
planning: env=8, path=- || (  0% complete) success rate = ---- planning time = ----sec
planning: env=8, path=2000 || (  0% complete) success rate =  1.0 planning time = 2.04sec
planning: env=8, path=2001 || (  1% complete) success rate =  1.0 planning time = 3.32sec
planning: env=8, path=2002 || (  2% complete) success rate =  1.0 planning time = 5.71sec
planning: env=8, path=2003 || (  3% complete) success rate =  1.0 planning time = 0.742sec
planning: env=8, path=2004 || (  4% complete) success rate =  1.0 planning time = 0.324sec
planning: env=8, path=2005 || (  5% complete) success rate =  1.0 planning time = 0.69sec
planning: env=8, path=2006 || (  6% complete) success rate =  1.0 planning time = 0.411sec
planning: env=8, path=2007 || (  7% complete) success rate =  1.0 planning time = 0.548sec
planning: env=8, path=2008 || (  8% complete) success rate =  1.0 planning time = 0.256sec
planning: env=8, path=2009 || (  9% complete) success rate =  1.0 planning time = 1.04sec
planning: env=8, path=2010 || ( 10% complete) success rate =  1.0 planning time = 0.414sec
planning: env=8, path=2011 || ( 11% complete) success rate =  1.0 planning time = 0.696sec
planning: env=8, path=2012 || ( 12% complete) success rate =  1.0 planning time = 2.89sec
planning: env=8, path=2013 || ( 13% complete) success rate =  1.0 planning time = 0.396sec
planning: env=8, path=2014 || ( 14% complete) success rate =  1.0 planning time = 0.294sec
planning: env=8, path=2015 || ( 15% complete) success rate =  1.0 planning time = 0.427sec
planning: env=8, path=2016 || ( 16% complete) success rate =  1.0 planning time = 2.54sec
planning: env=8, path=2017 || ( 17% complete) success rate =  1.0 planning time = 0.738sec
planning: env=8, path=2018 || ( 18% complete) success rate =  1.0 planning time = 0.51sec
planning: env=8, path=2019 || ( 19% complete) success rate =  1.0 planning time = 0.483sec
planning: env=8, path=2020 || ( 20% complete) success rate =  1.0 planning time = 4.94sec
planning: env=8, path=2021 || ( 21% complete) success rate =  1.0 planning time = 0.595sec
planning: env=8, path=2022 || ( 22% complete) success rate =  1.0 planning time = 0.35sec
planning: env=8, path=2023 || ( 23% complete) success rate =  1.0 planning time = 2.53sec
planning: env=8, path=2024 || ( 24% complete) success rate =  1.0 planning time = 8.96sec
planning: env=8, path=2025 || ( 25% complete) success rate =  1.0 planning time = 0.628sec
planning: env=8, path=2026 || ( 26% complete) success rate =  1.0 planning time = 0.235sec
planning: env=8, path=2027 || ( 27% complete) success rate =  1.0 planning time = 0.131sec
planning: env=8, path=2028 || ( 28% complete) success rate =  1.0 planning time = 0.389sec
planning: env=8, path=2029 || ( 29% complete) success rate =  1.0 planning time = 0.68sec
planning: env=8, path=2030 || ( 30% complete) success rate =  1.0 planning time = 0.399sec
planning: env=8, path=2031 || ( 31% complete) success rate =  1.0 planning time = 0.291sec
planning: env=8, path=2032 || ( 32% complete) success rate =  1.0 planning time = 0.382sec
planning: env=8, path=2033 || ( 33% complete) success rate =  1.0 planning time = 0.491sec
planning: env=8, path=2034 || ( 34% complete) success rate =  1.0 planning time = 0.422sec
planning: env=8, path=2035 || ( 35% complete) success rate =  1.0 planning time = 0.353sec
planning: env=8, path=2036 || ( 36% complete) success rate =  1.0 planning time = 0.402sec
planning: env=8, path=2037 || ( 37% complete) success rate =  1.0 planning time = 0.355sec
planning: env=8, path=2038 || ( 38% complete) success rate =  1.0 planning time = 0.516sec
planning: env=8, path=2039 || ( 39% complete) success rate =  1.0 planning time = 0.202sec
planning: env=8, path=2040 || ( 40% complete) success rate =  1.0 planning time = 0.385sec
planning: env=8, path=2041 || ( 41% complete) success rate =  1.0 planning time = 0.789sec
planning: env=8, path=2042 || ( 42% complete) success rate =  1.0 planning time = 0.629sec
planning: env=8, path=2043 || ( 43% complete) success rate =  1.0 planning time = 0.248sec
planning: env=8, path=2044 || ( 44% complete) success rate =  1.0 planning time = 1.84sec
planning: env=8, path=2045 || ( 45% complete) success rate =  1.0 planning time = 0.546sec
planning: env=8, path=2046 || ( 46% complete) success rate =  1.0 planning time = 0.156sec
planning: env=8, path=2047 || ( 47% complete) success rate =  1.0 planning time = 2.22sec
planning: env=8, path=2048 || ( 48% complete) success rate =  1.0 planning time = 0.683sec
planning: env=8, path=2049 || ( 49% complete) success rate =  1.0 planning time = 0.528sec
planning: env=8, path=2050 || ( 50% complete) success rate =  1.0 planning time = 0.65sec
planning: env=8, path=2051 || ( 51% complete) success rate =  1.0 planning time = 1.46sec
planning: env=8, path=2052 || ( 52% complete) success rate =  1.0 planning time = 0.314sec
planning: env=8, path=2053 || ( 53% complete) success rate =  1.0 planning time = 0.609sec
planning: env=8, path=2054 || ( 54% complete) success rate =  1.0 planning time = 0.813sec
planning: env=8, path=2055 || ( 55% complete) success rate =  1.0 planning time = 1.67sec
planning: env=8, path=2056 || ( 56% complete) success rate =  1.0 planning time =  3.6sec
planning: env=8, path=2057 || ( 57% complete) success rate =  1.0 planning time = 0.876sec
planning: env=8, path=2058 || ( 58% complete) success rate =  1.0 planning time = 0.196sec
planning: env=8, path=2059 || ( 59% complete) success rate =  1.0 planning time = 0.302sec
planning: env=8, path=2060 || ( 60% complete) success rate =  1.0 planning time = 0.485sec
planning: env=8, path=2061 || ( 61% complete) success rate =  1.0 planning time = 1.26sec
planning: env=8, path=2062 || ( 62% complete) success rate =  1.0 planning time = 1.74sec
planning: env=8, path=2063 || ( 63% complete) success rate =  1.0 planning time = 0.239sec
planning: env=8, path=2064 || ( 64% complete) success rate =  1.0 planning time = 0.615sec
planning: env=8, path=2065 || ( 65% complete) success rate =  1.0 planning time = 0.727sec
planning: env=8, path=2066 || ( 66% complete) success rate =  1.0 planning time = 0.415sec
planning: env=8, path=2067 || ( 67% complete) success rate =  1.0 planning time = 0.242sec
planning: env=8, path=2068 || ( 68% complete) success rate =  1.0 planning time = 0.458sec
planning: env=8, path=2069 || ( 69% complete) success rate =  1.0 planning time = 0.573sec
planning: env=8, path=2070 || ( 70% complete) success rate =  1.0 planning time = 0.289sec
planning: env=8, path=2071 || ( 71% complete) success rate =  1.0 planning time = 0.616sec
planning: env=8, path=2072 || ( 72% complete) success rate =  1.0 planning time = 1.41sec
planning: env=8, path=2073 || ( 73% complete) success rate =  1.0 planning time = 0.869sec
planning: env=8, path=2074 || ( 74% complete) success rate =  1.0 planning time = 0.394sec
planning: env=8, path=2075 || ( 75% complete) success rate =  1.0 planning time =  4.9sec
planning: env=8, path=2076 || ( 76% complete) success rate =  1.0 planning time = 0.258sec
planning: env=8, path=2077 || ( 77% complete) success rate =  1.0 planning time = 0.579sec
planning: env=8, path=2078 || ( 78% complete) success rate =  1.0 planning time = 0.315sec
planning: env=8, path=2079 || ( 79% complete) success rate =  1.0 planning time = 0.677sec
planning: env=8, path=2080 || ( 80% complete) success rate =  1.0 planning time =  1.2sec
planning: env=8, path=2081 || ( 81% complete) success rate =  1.0 planning time = 0.619sec
planning: env=8, path=2082 || ( 82% complete) success rate =  1.0 planning time = 2.77sec
planning: env=8, path=2083 || ( 83% complete) success rate =  1.0 planning time = 0.133sec
planning: env=8, path=2084 || ( 84% complete) success rate =  1.0 planning time = 0.224sec
planning: env=8, path=2085 || ( 85% complete) success rate =  1.0 planning time = 0.458sec
planning: env=8, path=2086 || ( 86% complete) success rate =  1.0 planning time = 0.307sec
planning: env=8, path=2087 || ( 87% complete) success rate =  1.0 planning time = 0.293sec
planning: env=8, path=2088 || ( 88% complete) success rate =  1.0 planning time = 0.414sec
planning: env=8, path=2089 || ( 89% complete) success rate =  1.0 planning time = 0.187sec
planning: env=8, path=2090 || ( 90% complete) success rate =  1.0 planning time = 1.28sec
planning: env=8, path=2091 || ( 91% complete) success rate =  1.0 planning time = 0.589sec
planning: env=8, path=2092 || ( 92% complete) success rate =  1.0 planning time = 0.222sec
planning: env=8, path=2093 || ( 93% complete) success rate =  1.0 planning time = 0.612sec
planning: env=8, path=2094 || ( 94% complete) success rate =  1.0 planning time = 0.73sec
planning: env=8, path=2095 || ( 95% complete) success rate =  1.0 planning time = 0.739sec
planning: env=8, path=2096 || ( 96% complete) success rate =  1.0 planning time = 0.167sec
planning: env=8, path=2097 || ( 97% complete) success rate =  1.0 planning time = 3.37sec
planning: env=8, path=2098 || ( 98% complete) success rate =  1.0 planning time = 0.42sec
planning: env=8, path=2099 || ( 99% complete) success rate =  1.0 planning time = 0.26sec
planning: env=8, path=2099 || (100% complete) success rate =  1.0 planning time = 0.26sec
planning: env=9, path=- || (  0% complete) success rate = ---- planning time = ----sec
planning: env=9, path=2000 || (  0% complete) success rate =  1.0 planning time = 0.304sec
planning: env=9, path=2001 || (  1% complete) success rate =  1.0 planning time = 0.393sec
planning: env=9, path=2002 || (  2% complete) success rate =  1.0 planning time = 0.612sec
planning: env=9, path=2003 || (  3% complete) success rate =  1.0 planning time = 1.05sec
planning: env=9, path=2004 || (  4% complete) success rate =  1.0 planning time = 0.633sec
planning: env=9, path=2005 || (  5% complete) success rate =  1.0 planning time = 0.492sec
planning: env=9, path=2006 || (  6% complete) success rate =  1.0 planning time = 0.297sec
planning: env=9, path=2007 || (  7% complete) success rate =  1.0 planning time = 0.489sec
planning: env=9, path=2008 || (  8% complete) success rate =  1.0 planning time = 0.585sec
planning: env=9, path=2009 || (  9% complete) success rate =  1.0 planning time = 1.68sec
planning: env=9, path=2010 || ( 10% complete) success rate =  1.0 planning time = 0.53sec
planning: env=9, path=2011 || ( 11% complete) success rate =  1.0 planning time = 0.381sec
planning: env=9, path=2012 || ( 12% complete) success rate =  1.0 planning time = 0.27sec
planning: env=9, path=2013 || ( 13% complete) success rate =  1.0 planning time = 0.524sec
planning: env=9, path=2014 || ( 14% complete) success rate =  1.0 planning time = 1.83sec
planning: env=9, path=2015 || ( 15% complete) success rate =  1.0 planning time = 0.867sec
planning: env=9, path=2016 || ( 16% complete) success rate =  1.0 planning time = 2.32sec
planning: env=9, path=2017 || ( 17% complete) success rate =  1.0 planning time = 0.249sec
planning: env=9, path=2018 || ( 18% complete) success rate =  1.0 planning time = 0.175sec
planning: env=9, path=2019 || ( 19% complete) success rate =  1.0 planning time = 0.237sec
planning: env=9, path=2020 || ( 20% complete) success rate =  1.0 planning time = 0.549sec
planning: env=9, path=2021 || ( 21% complete) success rate =  1.0 planning time = 0.447sec
planning: env=9, path=2022 || ( 22% complete) success rate =  1.0 planning time = 0.479sec
planning: env=9, path=2023 || ( 23% complete) success rate =  1.0 planning time = 0.295sec
planning: env=9, path=2024 || ( 24% complete) success rate =  1.0 planning time = 0.544sec
planning: env=9, path=2025 || ( 25% complete) success rate =  1.0 planning time = 0.463sec
planning: env=9, path=2026 || ( 26% complete) success rate =  1.0 planning time = 0.53sec
planning: env=9, path=2027 || ( 27% complete) success rate =  1.0 planning time = 17.8sec
planning: env=9, path=2028 || ( 28% complete) success rate =  1.0 planning time = 0.642sec
planning: env=9, path=2029 || ( 29% complete) success rate =  1.0 planning time = 1.15sec
planning: env=9, path=2030 || ( 30% complete) success rate =  1.0 planning time = 0.26sec
planning: env=9, path=2031 || ( 31% complete) success rate =  1.0 planning time = 0.999sec
planning: env=9, path=2032 || ( 32% complete) success rate =  1.0 planning time = 0.293sec
planning: env=9, path=2033 || ( 33% complete) success rate =  1.0 planning time = 0.492sec
planning: env=9, path=2034 || ( 34% complete) success rate =  1.0 planning time = 0.268sec
planning: env=9, path=2035 || ( 35% complete) success rate =  1.0 planning time = 1.05sec
planning: env=9, path=2036 || ( 36% complete) success rate =  1.0 planning time = 0.789sec
planning: env=9, path=2037 || ( 37% complete) success rate =  1.0 planning time = 0.45sec
planning: env=9, path=2038 || ( 38% complete) success rate =  1.0 planning time = 1.75sec
planning: env=9, path=2039 || ( 39% complete) success rate =  1.0 planning time = 0.91sec
planning: env=9, path=2040 || ( 40% complete) success rate =  1.0 planning time =  2.2sec
planning: env=9, path=2041 || ( 41% complete) success rate =  1.0 planning time = 0.853sec
planning: env=9, path=2042 || ( 42% complete) success rate =  1.0 planning time = 0.207sec
planning: env=9, path=2043 || ( 43% complete) success rate =  1.0 planning time = 0.51sec
planning: env=9, path=2044 || ( 44% complete) success rate =  1.0 planning time = 0.396sec
planning: env=9, path=2045 || ( 45% complete) success rate =  1.0 planning time = 0.436sec
planning: env=9, path=2046 || ( 46% complete) success rate =  1.0 planning time = 2.98sec
planning: env=9, path=2047 || ( 47% complete) success rate =  1.0 planning time = 0.146sec
planning: env=9, path=2048 || ( 48% complete) success rate =  1.0 planning time = 0.405sec
planning: env=9, path=2049 || ( 49% complete) success rate =  1.0 planning time = 0.858sec
planning: env=9, path=2050 || ( 50% complete) success rate =  1.0 planning time = 0.65sec
planning: env=9, path=2051 || ( 51% complete) success rate =  1.0 planning time = 0.238sec
planning: env=9, path=2052 || ( 52% complete) success rate =  1.0 planning time = 0.418sec
planning: env=9, path=2053 || ( 53% complete) success rate =  1.0 planning time = 0.66sec
planning: env=9, path=2054 || ( 54% complete) success rate =  1.0 planning time = 0.639sec
planning: env=9, path=2055 || ( 55% complete) success rate =  1.0 planning time = 0.521sec
planning: env=9, path=2056 || ( 56% complete) success rate =  1.0 planning time = 0.554sec
planning: env=9, path=2057 || ( 57% complete) success rate =  1.0 planning time = 0.263sec
planning: env=9, path=2058 || ( 58% complete) success rate =  1.0 planning time = 0.698sec
planning: env=9, path=2059 || ( 59% complete) success rate =  1.0 planning time = 0.139sec
planning: env=9, path=2060 || ( 60% complete) success rate =  1.0 planning time = 0.477sec
planning: env=9, path=2061 || ( 61% complete) success rate =  1.0 planning time = 0.501sec
planning: env=9, path=2062 || ( 62% complete) success rate =  1.0 planning time = 0.36sec
planning: env=9, path=2063 || ( 63% complete) success rate =  1.0 planning time = 0.717sec
planning: env=9, path=2064 || ( 64% complete) success rate =  1.0 planning time = 0.335sec
planning: env=9, path=2065 || ( 65% complete) success rate =  1.0 planning time = 0.194sec
planning: env=9, path=2066 || ( 66% complete) success rate =  1.0 planning time = 7.11sec
planning: env=9, path=2067 || ( 67% complete) success rate =  1.0 planning time = 0.277sec
planning: env=9, path=2068 || ( 68% complete) success rate =  1.0 planning time = 2.37sec
planning: env=9, path=2069 || ( 69% complete) success rate =  1.0 planning time = 0.317sec
planning: env=9, path=2070 || ( 70% complete) success rate =  1.0 planning time = 0.668sec
planning: env=9, path=2071 || ( 71% complete) success rate =  1.0 planning time = 1.94sec
planning: env=9, path=2072 || ( 72% complete) success rate =  1.0 planning time = 0.276sec
planning: env=9, path=2073 || ( 73% complete) success rate =  1.0 planning time = 0.652sec
planning: env=9, path=2074 || ( 74% complete) success rate =  1.0 planning time = 0.334sec
planning: env=9, path=2075 || ( 75% complete) success rate =  1.0 planning time = 1.01sec
planning: env=9, path=2076 || ( 76% complete) success rate =  1.0 planning time = 0.489sec
planning: env=9, path=2077 || ( 77% complete) success rate =  1.0 planning time = 1.24sec
planning: env=9, path=2078 || ( 78% complete) success rate =  1.0 planning time = 0.342sec
planning: env=9, path=2079 || ( 79% complete) success rate =  1.0 planning time = 0.664sec
planning: env=9, path=2080 || ( 80% complete) success rate =  1.0 planning time = 0.845sec
planning: env=9, path=2081 || ( 81% complete) success rate =  1.0 planning time = 2.41sec
planning: env=9, path=2082 || ( 82% complete) success rate =  1.0 planning time = 0.283sec
planning: env=9, path=2083 || ( 83% complete) success rate =  1.0 planning time = 1.09sec
planning: env=9, path=2084 || ( 84% complete) success rate =  1.0 planning time = 2.14sec
planning: env=9, path=2085 || ( 85% complete) success rate =  1.0 planning time = 7.46sec
planning: env=9, path=2086 || ( 86% complete) success rate =  1.0 planning time = 0.82sec
planning: env=9, path=2087 || ( 87% complete) success rate =  1.0 planning time = 1.95sec
planning: env=9, path=2088 || ( 88% complete) success rate =  1.0 planning time = 0.209sec
planning: env=9, path=2089 || ( 89% complete) success rate =  1.0 planning time = 0.247sec
planning: env=9, path=2090 || ( 90% complete) success rate =  1.0 planning time = 5.69sec
planning: env=9, path=2091 || ( 91% complete) success rate =  1.0 planning time = 0.51sec
planning: env=9, path=2092 || ( 92% complete) success rate =  1.0 planning time = 0.551sec
planning: env=9, path=2093 || ( 93% complete) success rate =  1.0 planning time = 0.174sec
planning: env=9, path=2094 || ( 94% complete) success rate =  1.0 planning time = 2.51sec
planning: env=9, path=2095 || ( 95% complete) success rate =  1.0 planning time = 0.254sec
planning: env=9, path=2096 || ( 96% complete) success rate =  1.0 planning time = 6.85sec
planning: env=9, path=2097 || ( 97% complete) success rate =  1.0 planning time = 0.614sec
planning: env=9, path=2097 || ( 99% complete) success rate =  1.0 planning time = 0.614sec
planning: env=9, path=2099 || ( 99% complete) success rate = 0.99 planning time = 0.197sec
planning: env=9, path=2099 || (100% complete) success rate = 0.99 planning time = 0.197sec
Namespace(N=10, NP=100, data_path='./data/complex/', device=0, disable_dropout=False, disable_lvc=False, env_type='c3d', epoch=100, model_path='./models_3d/', reproducible=False, result_path='./results_c3d_ep100/', s=0, sp=2000, world_size=[20.0])
using deep encoder, input_size=6000
loading...
cumulative: success rate=0.98, runtime (min/avg/max/stdev) = 0.05/1.40/23.34/2.93s
cumulative: success rate=0.99, runtime (min/avg/max/stdev) = 0.05/1.12/23.34/2.20s
cumulative: success rate=0.99, runtime (min/avg/max/stdev) = 0.05/1.29/23.34/2.36s
cumulative: success rate=0.99, runtime (min/avg/max/stdev) = 0.05/1.34/23.34/2.41s
cumulative: success rate=0.99, runtime (min/avg/max/stdev) = 0.05/1.46/23.34/2.50s
cumulative: success rate=0.99, runtime (min/avg/max/stdev) = 0.05/1.40/23.34/2.45s
cumulative: success rate=0.99, runtime (min/avg/max/stdev) = 0.05/1.32/23.34/2.32s
cumulative: success rate=0.99, runtime (min/avg/max/stdev) = 0.05/1.39/23.34/2.41s
cumulative: success rate=0.99, runtime (min/avg/max/stdev) = 0.05/1.35/23.34/2.32s
cumulative: success rate=0.99, runtime (min/avg/max/stdev) = 0.05/1.33/23.34/2.31s
