planning: env=0, path=- || (  0% complete) success rate = ---- planning time = ----sec
planning: env=0, path=2000 || (  0% complete) success rate =  1.0 planning time = 1.39sec
planning: env=0, path=2001 || (  1% complete) success rate =  1.0 planning time = 0.113sec
planning: env=0, path=2002 || (  2% complete) success rate =  1.0 planning time = 2.51sec
planning: env=0, path=2003 || (  3% complete) success rate =  1.0 planning time = 0.315sec
planning: env=0, path=2004 || (  4% complete) success rate =  1.0 planning time = 1.55sec
planning: env=0, path=2005 || (  5% complete) success rate =  1.0 planning time = 0.625sec
planning: env=0, path=2006 || (  6% complete) success rate =  1.0 planning time = 0.474sec
planning: env=0, path=2007 || (  7% complete) success rate =  1.0 planning time = 0.328sec
planning: env=0, path=2008 || (  8% complete) success rate =  1.0 planning time = 0.764sec
planning: env=0, path=2009 || (  9% complete) success rate =  1.0 planning time = 0.317sec
planning: env=0, path=2010 || ( 10% complete) success rate =  1.0 planning time = 0.368sec
planning: env=0, path=2011 || ( 11% complete) success rate =  1.0 planning time = 1.02sec
planning: env=0, path=2012 || ( 12% complete) success rate =  1.0 planning time =  1.8sec
planning: env=0, path=2013 || ( 13% complete) success rate =  1.0 planning time = 0.224sec
planning: env=0, path=2014 || ( 14% complete) success rate =  1.0 planning time = 3.62sec
planning: env=0, path=2015 || ( 15% complete) success rate =  1.0 planning time = 0.415sec
planning: env=0, path=2016 || ( 16% complete) success rate =  1.0 planning time = 1.58sec
planning: env=0, path=2017 || ( 17% complete) success rate =  1.0 planning time = 0.378sec
planning: env=0, path=2018 || ( 18% complete) success rate =  1.0 planning time = 0.239sec
planning: env=0, path=2019 || ( 19% complete) success rate =  1.0 planning time = 0.504sec
planning: env=0, path=2020 || ( 20% complete) success rate =  1.0 planning time = 0.151sec
planning: env=0, path=2021 || ( 21% complete) success rate =  1.0 planning time = 2.19sec
planning: env=0, path=2022 || ( 22% complete) success rate =  1.0 planning time = 1.99sec
planning: env=0, path=2023 || ( 23% complete) success rate =  1.0 planning time = 0.634sec
planning: env=0, path=2024 || ( 24% complete) success rate =  1.0 planning time = 0.669sec
planning: env=0, path=2025 || ( 25% complete) success rate =  1.0 planning time = 3.76sec
planning: env=0, path=2026 || ( 26% complete) success rate =  1.0 planning time = 0.461sec
planning: env=0, path=2027 || ( 27% complete) success rate =  1.0 planning time = 0.433sec
planning: env=0, path=2028 || ( 28% complete) success rate =  1.0 planning time = 0.808sec
planning: env=0, path=2029 || ( 29% complete) success rate =  1.0 planning time = 0.421sec
planning: env=0, path=2030 || ( 30% complete) success rate =  1.0 planning time = 0.281sec
planning: env=0, path=2031 || ( 31% complete) success rate =  1.0 planning time = 0.632sec
planning: env=0, path=2032 || ( 32% complete) success rate =  1.0 planning time = 0.344sec
planning: env=0, path=2033 || ( 33% complete) success rate =  1.0 planning time = 0.276sec
planning: env=0, path=2034 || ( 34% complete) success rate =  1.0 planning time = 0.0459sec
planning: env=0, path=2035 || ( 35% complete) success rate =  1.0 planning time = 0.32sec
planning: env=0, path=2036 || ( 36% complete) success rate =  1.0 planning time = 0.276sec
planning: env=0, path=2037 || ( 37% complete) success rate =  1.0 planning time = 0.385sec
planning: env=0, path=2038 || ( 38% complete) success rate =  1.0 planning time = 0.421sec
planning: env=0, path=2039 || ( 39% complete) success rate =  1.0 planning time = 0.494sec
planning: env=0, path=2040 || ( 40% complete) success rate =  1.0 planning time = 0.239sec
planning: env=0, path=2041 || ( 41% complete) success rate =  1.0 planning time = 0.657sec
planning: env=0, path=2042 || ( 42% complete) success rate =  1.0 planning time = 0.773sec
planning: env=0, path=2043 || ( 43% complete) success rate =  1.0 planning time = 0.248sec
planning: env=0, path=2044 || ( 44% complete) success rate =  1.0 planning time = 0.218sec
planning: env=0, path=2045 || ( 45% complete) success rate =  1.0 planning time = 0.618sec
planning: env=0, path=2046 || ( 46% complete) success rate =  1.0 planning time = 0.628sec
planning: env=0, path=2047 || ( 47% complete) success rate =  1.0 planning time = 2.69sec
planning: env=0, path=2047 || ( 49% complete) success rate =  1.0 planning time = 2.69sec
planning: env=0, path=2049 || ( 49% complete) success rate = 0.98 planning time = 6.96sec
planning: env=0, path=2050 || ( 50% complete) success rate = 0.98 planning time = 0.471sec
planning: env=0, path=2051 || ( 51% complete) success rate = 0.981 planning time = 0.39sec
planning: env=0, path=2052 || ( 52% complete) success rate = 0.981 planning time = 7.62sec
planning: env=0, path=2053 || ( 53% complete) success rate = 0.981 planning time = 10.6sec
planning: env=0, path=2054 || ( 54% complete) success rate = 0.982 planning time = 0.685sec
planning: env=0, path=2055 || ( 55% complete) success rate = 0.982 planning time = 0.251sec
planning: env=0, path=2056 || ( 56% complete) success rate = 0.982 planning time = 0.535sec
planning: env=0, path=2057 || ( 57% complete) success rate = 0.983 planning time = 2.47sec
planning: env=0, path=2058 || ( 58% complete) success rate = 0.983 planning time = 0.529sec
planning: env=0, path=2059 || ( 59% complete) success rate = 0.983 planning time = 0.662sec
planning: env=0, path=2060 || ( 60% complete) success rate = 0.984 planning time = 0.569sec
planning: env=0, path=2061 || ( 61% complete) success rate = 0.984 planning time = 0.137sec
planning: env=0, path=2062 || ( 62% complete) success rate = 0.984 planning time = 0.49sec
planning: env=0, path=2063 || ( 63% complete) success rate = 0.984 planning time = 0.339sec
planning: env=0, path=2064 || ( 64% complete) success rate = 0.985 planning time = 0.542sec
planning: env=0, path=2065 || ( 65% complete) success rate = 0.985 planning time = 4.13sec
planning: env=0, path=2066 || ( 66% complete) success rate = 0.985 planning time = 0.979sec
planning: env=0, path=2067 || ( 67% complete) success rate = 0.985 planning time = 0.616sec
planning: env=0, path=2068 || ( 68% complete) success rate = 0.986 planning time = 0.401sec
planning: env=0, path=2069 || ( 69% complete) success rate = 0.986 planning time = 3.91sec
planning: env=0, path=2070 || ( 70% complete) success rate = 0.986 planning time = 0.609sec
planning: env=0, path=2071 || ( 71% complete) success rate = 0.986 planning time = 0.198sec
planning: env=0, path=2072 || ( 72% complete) success rate = 0.986 planning time =  3.2sec
planning: env=0, path=2073 || ( 73% complete) success rate = 0.986 planning time = 4.72sec
planning: env=0, path=2074 || ( 74% complete) success rate = 0.987 planning time = 0.532sec
planning: env=0, path=2075 || ( 75% complete) success rate = 0.987 planning time = 0.25sec
planning: env=0, path=2076 || ( 76% complete) success rate = 0.987 planning time = 0.428sec
planning: env=0, path=2077 || ( 77% complete) success rate = 0.987 planning time = 0.848sec
planning: env=0, path=2078 || ( 78% complete) success rate = 0.987 planning time = 2.84sec
planning: env=0, path=2079 || ( 79% complete) success rate = 0.988 planning time = 0.616sec
planning: env=0, path=2080 || ( 80% complete) success rate = 0.988 planning time = 3.67sec
planning: env=0, path=2081 || ( 81% complete) success rate = 0.988 planning time = 2.32sec
planning: env=0, path=2082 || ( 82% complete) success rate = 0.988 planning time = 0.548sec
planning: env=0, path=2083 || ( 83% complete) success rate = 0.988 planning time = 0.431sec
planning: env=0, path=2084 || ( 84% complete) success rate = 0.988 planning time = 0.611sec
planning: env=0, path=2085 || ( 85% complete) success rate = 0.988 planning time = 0.263sec
planning: env=0, path=2086 || ( 86% complete) success rate = 0.989 planning time = 0.352sec
planning: env=0, path=2087 || ( 87% complete) success rate = 0.989 planning time = 0.481sec
planning: env=0, path=2088 || ( 88% complete) success rate = 0.989 planning time = 2.55sec
planning: env=0, path=2089 || ( 89% complete) success rate = 0.989 planning time = 0.473sec
planning: env=0, path=2090 || ( 90% complete) success rate = 0.989 planning time = 0.146sec
planning: env=0, path=2091 || ( 91% complete) success rate = 0.989 planning time = 0.203sec
planning: env=0, path=2092 || ( 92% complete) success rate = 0.989 planning time = 0.352sec
planning: env=0, path=2093 || ( 93% complete) success rate = 0.989 planning time = 0.389sec
planning: env=0, path=2094 || ( 94% complete) success rate = 0.989 planning time = 0.623sec
planning: env=0, path=2095 || ( 95% complete) success rate = 0.99 planning time = 0.935sec
planning: env=0, path=2096 || ( 96% complete) success rate = 0.99 planning time = 0.688sec
planning: env=0, path=2097 || ( 97% complete) success rate = 0.99 planning time = 0.164sec
planning: env=0, path=2098 || ( 98% complete) success rate = 0.99 planning time = 1.84sec
planning: env=0, path=2099 || ( 99% complete) success rate = 0.99 planning time = 0.631sec
planning: env=0, path=2099 || (100% complete) success rate = 0.99 planning time = 0.631sec
planning: env=1, path=- || (  0% complete) success rate = ---- planning time = ----sec
planning: env=1, path=2000 || (  0% complete) success rate =  1.0 planning time = 0.637sec
planning: env=1, path=2001 || (  1% complete) success rate =  1.0 planning time = 0.59sec
planning: env=1, path=2002 || (  2% complete) success rate =  1.0 planning time = 0.489sec
planning: env=1, path=2003 || (  3% complete) success rate =  1.0 planning time = 0.271sec
planning: env=1, path=2004 || (  4% complete) success rate =  1.0 planning time = 0.505sec
planning: env=1, path=2005 || (  5% complete) success rate =  1.0 planning time = 0.193sec
planning: env=1, path=2006 || (  6% complete) success rate =  1.0 planning time = 3.44sec
planning: env=1, path=2007 || (  7% complete) success rate =  1.0 planning time = 0.768sec
planning: env=1, path=2008 || (  8% complete) success rate =  1.0 planning time = 0.661sec
planning: env=1, path=2009 || (  9% complete) success rate =  1.0 planning time = 0.721sec
planning: env=1, path=2010 || ( 10% complete) success rate =  1.0 planning time = 0.383sec
planning: env=1, path=2011 || ( 11% complete) success rate =  1.0 planning time = 0.54sec
planning: env=1, path=2012 || ( 12% complete) success rate =  1.0 planning time = 0.32sec
planning: env=1, path=2013 || ( 13% complete) success rate =  1.0 planning time = 0.55sec
planning: env=1, path=2014 || ( 14% complete) success rate =  1.0 planning time = 0.296sec
planning: env=1, path=2015 || ( 15% complete) success rate =  1.0 planning time = 3.27sec
planning: env=1, path=2016 || ( 16% complete) success rate =  1.0 planning time =  1.2sec
planning: env=1, path=2017 || ( 17% complete) success rate =  1.0 planning time = 3.21sec
planning: env=1, path=2018 || ( 18% complete) success rate =  1.0 planning time = 4.39sec
planning: env=1, path=2019 || ( 19% complete) success rate =  1.0 planning time = 0.326sec
planning: env=1, path=2020 || ( 20% complete) success rate =  1.0 planning time = 0.586sec
planning: env=1, path=2021 || ( 21% complete) success rate =  1.0 planning time = 0.424sec
planning: env=1, path=2022 || ( 22% complete) success rate =  1.0 planning time = 0.575sec
planning: env=1, path=2023 || ( 23% complete) success rate =  1.0 planning time = 0.973sec
planning: env=1, path=2024 || ( 24% complete) success rate =  1.0 planning time = 0.78sec
planning: env=1, path=2025 || ( 25% complete) success rate =  1.0 planning time = 0.137sec
planning: env=1, path=2026 || ( 26% complete) success rate =  1.0 planning time = 0.212sec
planning: env=1, path=2027 || ( 27% complete) success rate =  1.0 planning time = 0.414sec
planning: env=1, path=2028 || ( 28% complete) success rate =  1.0 planning time = 0.947sec
planning: env=1, path=2029 || ( 29% complete) success rate =  1.0 planning time = 0.499sec
planning: env=1, path=2030 || ( 30% complete) success rate =  1.0 planning time = 0.689sec
planning: env=1, path=2031 || ( 31% complete) success rate =  1.0 planning time = 0.387sec
planning: env=1, path=2032 || ( 32% complete) success rate =  1.0 planning time = 0.386sec
planning: env=1, path=2033 || ( 33% complete) success rate =  1.0 planning time = 0.27sec
planning: env=1, path=2034 || ( 34% complete) success rate =  1.0 planning time = 1.06sec
planning: env=1, path=2035 || ( 35% complete) success rate =  1.0 planning time = 0.594sec
planning: env=1, path=2036 || ( 36% complete) success rate =  1.0 planning time = 0.472sec
planning: env=1, path=2037 || ( 37% complete) success rate =  1.0 planning time = 0.716sec
planning: env=1, path=2038 || ( 38% complete) success rate =  1.0 planning time = 2.02sec
planning: env=1, path=2039 || ( 39% complete) success rate =  1.0 planning time = 1.31sec
planning: env=1, path=2040 || ( 40% complete) success rate =  1.0 planning time = 0.51sec
planning: env=1, path=2041 || ( 41% complete) success rate =  1.0 planning time = 0.274sec
planning: env=1, path=2042 || ( 42% complete) success rate =  1.0 planning time = 0.365sec
planning: env=1, path=2043 || ( 43% complete) success rate =  1.0 planning time = 6.57sec
planning: env=1, path=2044 || ( 44% complete) success rate =  1.0 planning time = 5.74sec
planning: env=1, path=2045 || ( 45% complete) success rate =  1.0 planning time = 0.554sec
planning: env=1, path=2046 || ( 46% complete) success rate =  1.0 planning time = 0.243sec
planning: env=1, path=2047 || ( 47% complete) success rate =  1.0 planning time = 0.245sec
planning: env=1, path=2048 || ( 48% complete) success rate =  1.0 planning time = 0.147sec
planning: env=1, path=2049 || ( 49% complete) success rate =  1.0 planning time = 1.11sec
planning: env=1, path=2050 || ( 50% complete) success rate =  1.0 planning time = 0.328sec
planning: env=1, path=2051 || ( 51% complete) success rate =  1.0 planning time = 1.24sec
planning: env=1, path=2052 || ( 52% complete) success rate =  1.0 planning time = 0.486sec
planning: env=1, path=2053 || ( 53% complete) success rate =  1.0 planning time = 0.45sec
planning: env=1, path=2054 || ( 54% complete) success rate =  1.0 planning time = 0.86sec
planning: env=1, path=2055 || ( 55% complete) success rate =  1.0 planning time = 0.451sec
planning: env=1, path=2056 || ( 56% complete) success rate =  1.0 planning time = 0.39sec
planning: env=1, path=2057 || ( 57% complete) success rate =  1.0 planning time = 5.96sec
planning: env=1, path=2058 || ( 58% complete) success rate =  1.0 planning time = 0.474sec
planning: env=1, path=2059 || ( 59% complete) success rate =  1.0 planning time = 0.346sec
planning: env=1, path=2060 || ( 60% complete) success rate =  1.0 planning time = 0.673sec
planning: env=1, path=2061 || ( 61% complete) success rate =  1.0 planning time = 8.84sec
planning: env=1, path=2061 || ( 63% complete) success rate =  1.0 planning time = 8.84sec
planning: env=1, path=2063 || ( 63% complete) success rate = 0.984 planning time = 0.556sec
planning: env=1, path=2064 || ( 64% complete) success rate = 0.985 planning time = 0.653sec
planning: env=1, path=2065 || ( 65% complete) success rate = 0.985 planning time =  3.9sec
planning: env=1, path=2066 || ( 66% complete) success rate = 0.985 planning time = 0.206sec
planning: env=1, path=2067 || ( 67% complete) success rate = 0.985 planning time = 0.384sec
planning: env=1, path=2068 || ( 68% complete) success rate = 0.986 planning time = 0.422sec
planning: env=1, path=2069 || ( 69% complete) success rate = 0.986 planning time = 0.58sec
planning: env=1, path=2070 || ( 70% complete) success rate = 0.986 planning time = 0.226sec
planning: env=1, path=2071 || ( 71% complete) success rate = 0.986 planning time = 0.428sec
planning: env=1, path=2072 || ( 72% complete) success rate = 0.986 planning time = 0.387sec
planning: env=1, path=2073 || ( 73% complete) success rate = 0.986 planning time = 2.35sec
planning: env=1, path=2074 || ( 74% complete) success rate = 0.987 planning time = 0.501sec
planning: env=1, path=2075 || ( 75% complete) success rate = 0.987 planning time = 0.403sec
planning: env=1, path=2076 || ( 76% complete) success rate = 0.987 planning time = 0.842sec
planning: env=1, path=2077 || ( 77% complete) success rate = 0.987 planning time = 1.32sec
planning: env=1, path=2078 || ( 78% complete) success rate = 0.987 planning time = 0.676sec
planning: env=1, path=2079 || ( 79% complete) success rate = 0.988 planning time = 0.552sec
planning: env=1, path=2080 || ( 80% complete) success rate = 0.988 planning time =  2.5sec
planning: env=1, path=2081 || ( 81% complete) success rate = 0.988 planning time = 0.327sec
planning: env=1, path=2082 || ( 82% complete) success rate = 0.988 planning time = 0.631sec
planning: env=1, path=2083 || ( 83% complete) success rate = 0.988 planning time = 0.312sec
planning: env=1, path=2084 || ( 84% complete) success rate = 0.988 planning time = 0.73sec
planning: env=1, path=2085 || ( 85% complete) success rate = 0.988 planning time = 0.411sec
planning: env=1, path=2086 || ( 86% complete) success rate = 0.989 planning time = 0.496sec
planning: env=1, path=2087 || ( 87% complete) success rate = 0.989 planning time = 1.75sec
planning: env=1, path=2088 || ( 88% complete) success rate = 0.989 planning time = 0.463sec
planning: env=1, path=2089 || ( 89% complete) success rate = 0.989 planning time = 0.345sec
planning: env=1, path=2090 || ( 90% complete) success rate = 0.989 planning time = 0.401sec
planning: env=1, path=2091 || ( 91% complete) success rate = 0.989 planning time = 0.209sec
planning: env=1, path=2092 || ( 92% complete) success rate = 0.989 planning time = 0.683sec
planning: env=1, path=2093 || ( 93% complete) success rate = 0.989 planning time = 0.628sec
planning: env=1, path=2094 || ( 94% complete) success rate = 0.989 planning time = 0.269sec
planning: env=1, path=2095 || ( 95% complete) success rate = 0.99 planning time = 0.685sec
planning: env=1, path=2096 || ( 96% complete) success rate = 0.99 planning time = 0.0775sec
planning: env=1, path=2097 || ( 97% complete) success rate = 0.99 planning time = 0.623sec
planning: env=1, path=2098 || ( 98% complete) success rate = 0.99 planning time = 0.474sec
planning: env=1, path=2099 || ( 99% complete) success rate = 0.99 planning time = 0.445sec
planning: env=1, path=2099 || (100% complete) success rate = 0.99 planning time = 0.445sec
planning: env=2, path=- || (  0% complete) success rate = ---- planning time = ----sec
planning: env=2, path=2000 || (  0% complete) success rate =  1.0 planning time = 0.367sec
planning: env=2, path=2001 || (  1% complete) success rate =  1.0 planning time = 0.445sec
planning: env=2, path=2002 || (  2% complete) success rate =  1.0 planning time = 14.1sec
planning: env=2, path=2003 || (  3% complete) success rate =  1.0 planning time = 0.311sec
planning: env=2, path=2004 || (  4% complete) success rate =  1.0 planning time = 0.499sec
planning: env=2, path=2005 || (  5% complete) success rate =  1.0 planning time = 0.716sec
planning: env=2, path=2006 || (  6% complete) success rate =  1.0 planning time = 0.503sec
planning: env=2, path=2007 || (  7% complete) success rate =  1.0 planning time = 0.49sec
planning: env=2, path=2008 || (  8% complete) success rate =  1.0 planning time = 0.964sec
planning: env=2, path=2009 || (  9% complete) success rate =  1.0 planning time = 0.48sec
planning: env=2, path=2010 || ( 10% complete) success rate =  1.0 planning time = 0.404sec
planning: env=2, path=2011 || ( 11% complete) success rate =  1.0 planning time = 0.446sec
planning: env=2, path=2012 || ( 12% complete) success rate =  1.0 planning time = 3.27sec
planning: env=2, path=2013 || ( 13% complete) success rate =  1.0 planning time = 0.419sec
planning: env=2, path=2014 || ( 14% complete) success rate =  1.0 planning time = 0.641sec
planning: env=2, path=2015 || ( 15% complete) success rate =  1.0 planning time = 0.176sec
planning: env=2, path=2016 || ( 16% complete) success rate =  1.0 planning time = 0.26sec
planning: env=2, path=2017 || ( 17% complete) success rate =  1.0 planning time = 0.186sec
planning: env=2, path=2018 || ( 18% complete) success rate =  1.0 planning time = 0.338sec
planning: env=2, path=2019 || ( 19% complete) success rate =  1.0 planning time = 0.477sec
planning: env=2, path=2020 || ( 20% complete) success rate =  1.0 planning time = 0.307sec
planning: env=2, path=2021 || ( 21% complete) success rate =  1.0 planning time = 0.358sec
planning: env=2, path=2022 || ( 22% complete) success rate =  1.0 planning time = 0.614sec
planning: env=2, path=2023 || ( 23% complete) success rate =  1.0 planning time =  0.6sec
planning: env=2, path=2024 || ( 24% complete) success rate =  1.0 planning time = 0.302sec
planning: env=2, path=2025 || ( 25% complete) success rate =  1.0 planning time = 0.469sec
planning: env=2, path=2026 || ( 26% complete) success rate =  1.0 planning time = 0.611sec
planning: env=2, path=2027 || ( 27% complete) success rate =  1.0 planning time = 0.542sec
planning: env=2, path=2028 || ( 28% complete) success rate =  1.0 planning time = 1.35sec
planning: env=2, path=2029 || ( 29% complete) success rate =  1.0 planning time = 0.23sec
planning: env=2, path=2030 || ( 30% complete) success rate =  1.0 planning time = 0.401sec
planning: env=2, path=2031 || ( 31% complete) success rate =  1.0 planning time = 0.302sec
planning: env=2, path=2032 || ( 32% complete) success rate =  1.0 planning time = 3.46sec
planning: env=2, path=2033 || ( 33% complete) success rate =  1.0 planning time = 0.981sec
planning: env=2, path=2034 || ( 34% complete) success rate =  1.0 planning time = 0.434sec
planning: env=2, path=2035 || ( 35% complete) success rate =  1.0 planning time = 0.681sec
planning: env=2, path=2036 || ( 36% complete) success rate =  1.0 planning time = 2.29sec
planning: env=2, path=2037 || ( 37% complete) success rate =  1.0 planning time = 0.561sec
planning: env=2, path=2038 || ( 38% complete) success rate =  1.0 planning time = 0.588sec
planning: env=2, path=2039 || ( 39% complete) success rate =  1.0 planning time = 2.23sec
planning: env=2, path=2040 || ( 40% complete) success rate =  1.0 planning time = 0.318sec
planning: env=2, path=2041 || ( 41% complete) success rate =  1.0 planning time = 0.332sec
planning: env=2, path=2042 || ( 42% complete) success rate =  1.0 planning time = 0.738sec
planning: env=2, path=2043 || ( 43% complete) success rate =  1.0 planning time = 0.479sec
planning: env=2, path=2044 || ( 44% complete) success rate =  1.0 planning time = 5.29sec
planning: env=2, path=2045 || ( 45% complete) success rate =  1.0 planning time = 2.69sec
planning: env=2, path=2046 || ( 46% complete) success rate =  1.0 planning time = 0.647sec
planning: env=2, path=2047 || ( 47% complete) success rate =  1.0 planning time = 0.339sec
planning: env=2, path=2048 || ( 48% complete) success rate =  1.0 planning time = 0.422sec
planning: env=2, path=2049 || ( 49% complete) success rate =  1.0 planning time =  0.3sec
planning: env=2, path=2050 || ( 50% complete) success rate =  1.0 planning time = 0.48sec
planning: env=2, path=2051 || ( 51% complete) success rate =  1.0 planning time = 0.179sec
planning: env=2, path=2052 || ( 52% complete) success rate =  1.0 planning time = 0.841sec
planning: env=2, path=2053 || ( 53% complete) success rate =  1.0 planning time = 0.323sec
planning: env=2, path=2054 || ( 54% complete) success rate =  1.0 planning time = 1.26sec
planning: env=2, path=2055 || ( 55% complete) success rate =  1.0 planning time = 13.2sec
planning: env=2, path=2056 || ( 56% complete) success rate =  1.0 planning time = 5.29sec
planning: env=2, path=2057 || ( 57% complete) success rate =  1.0 planning time = 0.249sec
planning: env=2, path=2058 || ( 58% complete) success rate =  1.0 planning time = 0.321sec
planning: env=2, path=2059 || ( 59% complete) success rate =  1.0 planning time = 1.05sec
planning: env=2, path=2060 || ( 60% complete) success rate =  1.0 planning time = 0.452sec
planning: env=2, path=2061 || ( 61% complete) success rate =  1.0 planning time = 0.279sec
planning: env=2, path=2062 || ( 62% complete) success rate =  1.0 planning time = 1.88sec
planning: env=2, path=2063 || ( 63% complete) success rate =  1.0 planning time = 0.565sec
planning: env=2, path=2064 || ( 64% complete) success rate =  1.0 planning time = 0.508sec
planning: env=2, path=2065 || ( 65% complete) success rate =  1.0 planning time = 0.254sec
planning: env=2, path=2066 || ( 66% complete) success rate =  1.0 planning time = 0.845sec
planning: env=2, path=2067 || ( 67% complete) success rate =  1.0 planning time = 0.826sec
planning: env=2, path=2068 || ( 68% complete) success rate =  1.0 planning time = 0.482sec
planning: env=2, path=2069 || ( 69% complete) success rate =  1.0 planning time = 1.48sec
planning: env=2, path=2070 || ( 70% complete) success rate =  1.0 planning time = 0.338sec
planning: env=2, path=2071 || ( 71% complete) success rate =  1.0 planning time = 0.566sec
planning: env=2, path=2072 || ( 72% complete) success rate =  1.0 planning time = 0.322sec
planning: env=2, path=2073 || ( 73% complete) success rate =  1.0 planning time = 0.45sec
planning: env=2, path=2074 || ( 74% complete) success rate =  1.0 planning time = 0.108sec
planning: env=2, path=2075 || ( 75% complete) success rate =  1.0 planning time = 0.532sec
planning: env=2, path=2076 || ( 76% complete) success rate =  1.0 planning time = 0.263sec
planning: env=2, path=2077 || ( 77% complete) success rate =  1.0 planning time = 8.81sec
planning: env=2, path=2078 || ( 78% complete) success rate =  1.0 planning time = 0.623sec
planning: env=2, path=2079 || ( 79% complete) success rate =  1.0 planning time = 5.16sec
planning: env=2, path=2080 || ( 80% complete) success rate =  1.0 planning time = 1.12sec
planning: env=2, path=2081 || ( 81% complete) success rate =  1.0 planning time = 0.0954sec
planning: env=2, path=2082 || ( 82% complete) success rate =  1.0 planning time = 2.94sec
planning: env=2, path=2083 || ( 83% complete) success rate =  1.0 planning time = 0.688sec
planning: env=2, path=2084 || ( 84% complete) success rate =  1.0 planning time = 4.85sec
planning: env=2, path=2085 || ( 85% complete) success rate =  1.0 planning time = 0.553sec
planning: env=2, path=2086 || ( 86% complete) success rate =  1.0 planning time = 0.645sec
planning: env=2, path=2087 || ( 87% complete) success rate =  1.0 planning time = 0.524sec
planning: env=2, path=2088 || ( 88% complete) success rate =  1.0 planning time = 0.744sec
planning: env=2, path=2089 || ( 89% complete) success rate =  1.0 planning time =  1.7sec
planning: env=2, path=2090 || ( 90% complete) success rate =  1.0 planning time = 4.29sec
planning: env=2, path=2091 || ( 91% complete) success rate =  1.0 planning time = 0.248sec
planning: env=2, path=2092 || ( 92% complete) success rate =  1.0 planning time = 9.75sec
planning: env=2, path=2093 || ( 93% complete) success rate =  1.0 planning time = 0.403sec
planning: env=2, path=2094 || ( 94% complete) success rate =  1.0 planning time = 0.33sec
planning: env=2, path=2096 || ( 96% complete) success rate = 0.99 planning time = 0.66sec
planning: env=2, path=2097 || ( 97% complete) success rate = 0.99 planning time = 0.184sec
planning: env=2, path=2098 || ( 98% complete) success rate = 0.99 planning time = 0.837sec
planning: env=2, path=2099 || ( 99% complete) success rate = 0.99 planning time = 0.585sec
planning: env=2, path=2099 || (100% complete) success rate = 0.99 planning time = 0.585sec
planning: env=3, path=- || (  0% complete) success rate = ---- planning time = ----sec
planning: env=3, path=2000 || (  0% complete) success rate =  1.0 planning time = 0.427sec
planning: env=3, path=2001 || (  1% complete) success rate =  1.0 planning time =  0.4sec
planning: env=3, path=2002 || (  2% complete) success rate =  1.0 planning time = 0.219sec
planning: env=3, path=2003 || (  3% complete) success rate =  1.0 planning time = 0.532sec
planning: env=3, path=2004 || (  4% complete) success rate =  1.0 planning time = 0.231sec
planning: env=3, path=2005 || (  5% complete) success rate =  1.0 planning time = 0.882sec
planning: env=3, path=2006 || (  6% complete) success rate =  1.0 planning time = 0.235sec
planning: env=3, path=2007 || (  7% complete) success rate =  1.0 planning time = 0.287sec
planning: env=3, path=2008 || (  8% complete) success rate =  1.0 planning time = 2.92sec
planning: env=3, path=2009 || (  9% complete) success rate =  1.0 planning time = 2.49sec
planning: env=3, path=2010 || ( 10% complete) success rate =  1.0 planning time = 0.508sec
planning: env=3, path=2011 || ( 11% complete) success rate =  1.0 planning time = 0.208sec
planning: env=3, path=2012 || ( 12% complete) success rate =  1.0 planning time = 0.391sec
planning: env=3, path=2013 || ( 13% complete) success rate =  1.0 planning time = 0.632sec
planning: env=3, path=2014 || ( 14% complete) success rate =  1.0 planning time = 0.396sec
planning: env=3, path=2015 || ( 15% complete) success rate =  1.0 planning time = 5.74sec
planning: env=3, path=2016 || ( 16% complete) success rate =  1.0 planning time = 0.292sec
planning: env=3, path=2017 || ( 17% complete) success rate =  1.0 planning time = 13.7sec
planning: env=3, path=2018 || ( 18% complete) success rate =  1.0 planning time = 0.485sec
planning: env=3, path=2019 || ( 19% complete) success rate =  1.0 planning time = 2.75sec
planning: env=3, path=2020 || ( 20% complete) success rate =  1.0 planning time = 0.667sec
planning: env=3, path=2021 || ( 21% complete) success rate =  1.0 planning time = 0.265sec
planning: env=3, path=2022 || ( 22% complete) success rate =  1.0 planning time = 0.523sec
planning: env=3, path=2023 || ( 23% complete) success rate =  1.0 planning time = 0.437sec
planning: env=3, path=2024 || ( 24% complete) success rate =  1.0 planning time = 0.208sec
planning: env=3, path=2025 || ( 25% complete) success rate =  1.0 planning time = 2.12sec
planning: env=3, path=2026 || ( 26% complete) success rate =  1.0 planning time = 0.539sec
planning: env=3, path=2027 || ( 27% complete) success rate =  1.0 planning time = 2.47sec
planning: env=3, path=2029 || ( 29% complete) success rate = 0.967 planning time = 0.403sec
planning: env=3, path=2030 || ( 30% complete) success rate = 0.968 planning time = 0.23sec
planning: env=3, path=2031 || ( 31% complete) success rate = 0.969 planning time = 0.631sec
planning: env=3, path=2032 || ( 32% complete) success rate = 0.97 planning time = 0.369sec
planning: env=3, path=2033 || ( 33% complete) success rate = 0.971 planning time = 1.27sec
planning: env=3, path=2034 || ( 34% complete) success rate = 0.971 planning time = 1.63sec
planning: env=3, path=2035 || ( 35% complete) success rate = 0.972 planning time = 0.665sec
planning: env=3, path=2036 || ( 36% complete) success rate = 0.973 planning time = 3.81sec
planning: env=3, path=2037 || ( 37% complete) success rate = 0.974 planning time = 2.68sec
planning: env=3, path=2038 || ( 38% complete) success rate = 0.974 planning time = 0.243sec
planning: env=3, path=2039 || ( 39% complete) success rate = 0.975 planning time = 0.384sec
planning: env=3, path=2040 || ( 40% complete) success rate = 0.976 planning time =  4.2sec
planning: env=3, path=2041 || ( 41% complete) success rate = 0.976 planning time = 1.23sec
planning: env=3, path=2042 || ( 42% complete) success rate = 0.977 planning time =  1.6sec
planning: env=3, path=2043 || ( 43% complete) success rate = 0.977 planning time = 3.22sec
planning: env=3, path=2044 || ( 44% complete) success rate = 0.978 planning time = 0.662sec
planning: env=3, path=2045 || ( 45% complete) success rate = 0.978 planning time = 0.625sec
planning: env=3, path=2046 || ( 46% complete) success rate = 0.979 planning time = 0.863sec
planning: env=3, path=2047 || ( 47% complete) success rate = 0.979 planning time = 0.206sec
planning: env=3, path=2048 || ( 48% complete) success rate = 0.98 planning time = 0.368sec
planning: env=3, path=2049 || ( 49% complete) success rate = 0.98 planning time = 0.116sec
planning: env=3, path=2050 || ( 50% complete) success rate = 0.98 planning time = 3.28sec
planning: env=3, path=2051 || ( 51% complete) success rate = 0.981 planning time = 0.899sec
planning: env=3, path=2052 || ( 52% complete) success rate = 0.981 planning time = 4.88sec
planning: env=3, path=2053 || ( 53% complete) success rate = 0.981 planning time = 2.53sec
planning: env=3, path=2054 || ( 54% complete) success rate = 0.982 planning time =  0.5sec
planning: env=3, path=2055 || ( 55% complete) success rate = 0.982 planning time = 0.196sec
planning: env=3, path=2056 || ( 56% complete) success rate = 0.982 planning time = 0.539sec
planning: env=3, path=2057 || ( 57% complete) success rate = 0.983 planning time = 0.24sec
planning: env=3, path=2058 || ( 58% complete) success rate = 0.983 planning time = 0.42sec
planning: env=3, path=2059 || ( 59% complete) success rate = 0.983 planning time = 0.372sec
planning: env=3, path=2060 || ( 60% complete) success rate = 0.984 planning time = 0.278sec
planning: env=3, path=2061 || ( 61% complete) success rate = 0.984 planning time = 0.201sec
planning: env=3, path=2062 || ( 62% complete) success rate = 0.984 planning time = 0.427sec
planning: env=3, path=2063 || ( 63% complete) success rate = 0.984 planning time = 0.245sec
planning: env=3, path=2064 || ( 64% complete) success rate = 0.985 planning time = 0.187sec
planning: env=3, path=2065 || ( 65% complete) success rate = 0.985 planning time = 0.265sec
planning: env=3, path=2066 || ( 66% complete) success rate = 0.985 planning time = 0.276sec
planning: env=3, path=2067 || ( 67% complete) success rate = 0.985 planning time = 0.608sec
planning: env=3, path=2068 || ( 68% complete) success rate = 0.986 planning time = 4.84sec
planning: env=3, path=2069 || ( 69% complete) success rate = 0.986 planning time = 0.451sec
planning: env=3, path=2070 || ( 70% complete) success rate = 0.986 planning time = 0.546sec
planning: env=3, path=2071 || ( 71% complete) success rate = 0.986 planning time = 0.433sec
planning: env=3, path=2072 || ( 72% complete) success rate = 0.986 planning time = 3.36sec
planning: env=3, path=2073 || ( 73% complete) success rate = 0.986 planning time = 4.67sec
planning: env=3, path=2074 || ( 74% complete) success rate = 0.987 planning time = 0.247sec
planning: env=3, path=2075 || ( 75% complete) success rate = 0.987 planning time = 0.771sec
planning: env=3, path=2076 || ( 76% complete) success rate = 0.987 planning time = 0.392sec
planning: env=3, path=2077 || ( 77% complete) success rate = 0.987 planning time = 2.21sec
planning: env=3, path=2078 || ( 78% complete) success rate = 0.987 planning time = 1.92sec
planning: env=3, path=2079 || ( 79% complete) success rate = 0.988 planning time = 0.544sec
planning: env=3, path=2080 || ( 80% complete) success rate = 0.988 planning time =  1.5sec
planning: env=3, path=2081 || ( 81% complete) success rate = 0.988 planning time = 0.995sec
planning: env=3, path=2082 || ( 82% complete) success rate = 0.988 planning time = 0.281sec
planning: env=3, path=2083 || ( 83% complete) success rate = 0.988 planning time = 0.591sec
planning: env=3, path=2084 || ( 84% complete) success rate = 0.988 planning time = 0.748sec
planning: env=3, path=2085 || ( 85% complete) success rate = 0.988 planning time = 4.47sec
planning: env=3, path=2086 || ( 86% complete) success rate = 0.989 planning time = 0.325sec
planning: env=3, path=2087 || ( 87% complete) success rate = 0.989 planning time = 1.69sec
planning: env=3, path=2088 || ( 88% complete) success rate = 0.989 planning time = 0.724sec
planning: env=3, path=2089 || ( 89% complete) success rate = 0.989 planning time = 0.237sec
planning: env=3, path=2090 || ( 90% complete) success rate = 0.989 planning time = 1.08sec
planning: env=3, path=2091 || ( 91% complete) success rate = 0.989 planning time = 0.781sec
planning: env=3, path=2092 || ( 92% complete) success rate = 0.989 planning time = 0.59sec
planning: env=3, path=2093 || ( 93% complete) success rate = 0.989 planning time = 0.505sec
planning: env=3, path=2094 || ( 94% complete) success rate = 0.989 planning time = 0.249sec
planning: env=3, path=2095 || ( 95% complete) success rate = 0.99 planning time = 1.48sec
planning: env=3, path=2096 || ( 96% complete) success rate = 0.99 planning time = 0.321sec
planning: env=3, path=2097 || ( 97% complete) success rate = 0.99 planning time = 0.474sec
planning: env=3, path=2098 || ( 98% complete) success rate = 0.99 planning time = 0.606sec
planning: env=3, path=2099 || ( 99% complete) success rate = 0.99 planning time = 0.491sec
planning: env=3, path=2099 || (100% complete) success rate = 0.99 planning time = 0.491sec
planning: env=4, path=- || (  0% complete) success rate = ---- planning time = ----sec
planning: env=4, path=2000 || (  0% complete) success rate =  1.0 planning time = 13.6sec
planning: env=4, path=2001 || (  1% complete) success rate =  1.0 planning time = 0.402sec
planning: env=4, path=2002 || (  2% complete) success rate =  1.0 planning time = 7.71sec
planning: env=4, path=2003 || (  3% complete) success rate =  1.0 planning time = 0.125sec
planning: env=4, path=2004 || (  4% complete) success rate =  1.0 planning time = 7.37sec
planning: env=4, path=2005 || (  5% complete) success rate =  1.0 planning time = 0.431sec
planning: env=4, path=2006 || (  6% complete) success rate =  1.0 planning time = 6.66sec
planning: env=4, path=2007 || (  7% complete) success rate =  1.0 planning time =  3.6sec
planning: env=4, path=2008 || (  8% complete) success rate =  1.0 planning time = 0.532sec
planning: env=4, path=2009 || (  9% complete) success rate =  1.0 planning time = 0.389sec
planning: env=4, path=2010 || ( 10% complete) success rate =  1.0 planning time = 5.35sec
planning: env=4, path=2011 || ( 11% complete) success rate =  1.0 planning time = 6.93sec
planning: env=4, path=2012 || ( 12% complete) success rate =  1.0 planning time = 0.387sec
planning: env=4, path=2013 || ( 13% complete) success rate =  1.0 planning time = 0.539sec
planning: env=4, path=2014 || ( 14% complete) success rate =  1.0 planning time = 0.363sec
planning: env=4, path=2015 || ( 15% complete) success rate =  1.0 planning time = 2.84sec
planning: env=4, path=2016 || ( 16% complete) success rate =  1.0 planning time = 0.482sec
planning: env=4, path=2017 || ( 17% complete) success rate =  1.0 planning time = 0.464sec
planning: env=4, path=2018 || ( 18% complete) success rate =  1.0 planning time = 0.405sec
planning: env=4, path=2019 || ( 19% complete) success rate =  1.0 planning time = 2.11sec
planning: env=4, path=2020 || ( 20% complete) success rate =  1.0 planning time = 3.04sec
planning: env=4, path=2021 || ( 21% complete) success rate =  1.0 planning time = 3.11sec
planning: env=4, path=2022 || ( 22% complete) success rate =  1.0 planning time = 0.512sec
planning: env=4, path=2023 || ( 23% complete) success rate =  1.0 planning time = 0.534sec
planning: env=4, path=2024 || ( 24% complete) success rate =  1.0 planning time = 2.13sec
planning: env=4, path=2025 || ( 25% complete) success rate =  1.0 planning time = 0.652sec
planning: env=4, path=2026 || ( 26% complete) success rate =  1.0 planning time = 2.02sec
planning: env=4, path=2027 || ( 27% complete) success rate =  1.0 planning time = 2.01sec
planning: env=4, path=2028 || ( 28% complete) success rate =  1.0 planning time = 0.882sec
planning: env=4, path=2029 || ( 29% complete) success rate =  1.0 planning time = 0.874sec
planning: env=4, path=2030 || ( 30% complete) success rate =  1.0 planning time = 0.208sec
planning: env=4, path=2031 || ( 31% complete) success rate =  1.0 planning time = 0.433sec
planning: env=4, path=2032 || ( 32% complete) success rate =  1.0 planning time = 0.42sec
planning: env=4, path=2033 || ( 33% complete) success rate =  1.0 planning time = 3.75sec
planning: env=4, path=2034 || ( 34% complete) success rate =  1.0 planning time = 5.04sec
planning: env=4, path=2035 || ( 35% complete) success rate =  1.0 planning time = 0.563sec
planning: env=4, path=2036 || ( 36% complete) success rate =  1.0 planning time = 0.154sec
planning: env=4, path=2037 || ( 37% complete) success rate =  1.0 planning time = 0.547sec
planning: env=4, path=2038 || ( 38% complete) success rate =  1.0 planning time = 1.72sec
planning: env=4, path=2039 || ( 39% complete) success rate =  1.0 planning time = 0.644sec
planning: env=4, path=2040 || ( 40% complete) success rate =  1.0 planning time = 0.301sec
planning: env=4, path=2041 || ( 41% complete) success rate =  1.0 planning time = 1.67sec
planning: env=4, path=2042 || ( 42% complete) success rate =  1.0 planning time = 0.306sec
planning: env=4, path=2043 || ( 43% complete) success rate =  1.0 planning time = 0.609sec
planning: env=4, path=2044 || ( 44% complete) success rate =  1.0 planning time = 2.16sec
planning: env=4, path=2045 || ( 45% complete) success rate =  1.0 planning time = 1.91sec
planning: env=4, path=2046 || ( 46% complete) success rate =  1.0 planning time = 6.52sec
planning: env=4, path=2047 || ( 47% complete) success rate =  1.0 planning time = 3.35sec
planning: env=4, path=2048 || ( 48% complete) success rate =  1.0 planning time = 1.77sec
planning: env=4, path=2049 || ( 49% complete) success rate =  1.0 planning time = 0.564sec
planning: env=4, path=2050 || ( 50% complete) success rate =  1.0 planning time = 0.585sec
planning: env=4, path=2051 || ( 51% complete) success rate =  1.0 planning time = 0.647sec
planning: env=4, path=2052 || ( 52% complete) success rate =  1.0 planning time = 0.762sec
planning: env=4, path=2053 || ( 53% complete) success rate =  1.0 planning time = 0.741sec
planning: env=4, path=2054 || ( 54% complete) success rate =  1.0 planning time = 1.36sec
planning: env=4, path=2055 || ( 55% complete) success rate =  1.0 planning time = 5.84sec
planning: env=4, path=2056 || ( 56% complete) success rate =  1.0 planning time = 4.15sec
planning: env=4, path=2057 || ( 57% complete) success rate =  1.0 planning time = 0.689sec
planning: env=4, path=2058 || ( 58% complete) success rate =  1.0 planning time = 5.03sec
planning: env=4, path=2059 || ( 59% complete) success rate =  1.0 planning time = 0.223sec
planning: env=4, path=2060 || ( 60% complete) success rate =  1.0 planning time = 0.423sec
planning: env=4, path=2061 || ( 61% complete) success rate =  1.0 planning time = 0.581sec
planning: env=4, path=2062 || ( 62% complete) success rate =  1.0 planning time = 0.603sec
planning: env=4, path=2063 || ( 63% complete) success rate =  1.0 planning time = 4.27sec
planning: env=4, path=2064 || ( 64% complete) success rate =  1.0 planning time = 0.726sec
planning: env=4, path=2065 || ( 65% complete) success rate =  1.0 planning time = 0.306sec
planning: env=4, path=2066 || ( 66% complete) success rate =  1.0 planning time = 0.588sec
planning: env=4, path=2067 || ( 67% complete) success rate =  1.0 planning time = 0.0827sec
planning: env=4, path=2068 || ( 68% complete) success rate =  1.0 planning time = 0.117sec
planning: env=4, path=2069 || ( 69% complete) success rate =  1.0 planning time = 1.75sec
planning: env=4, path=2070 || ( 70% complete) success rate =  1.0 planning time = 1.56sec
planning: env=4, path=2071 || ( 71% complete) success rate =  1.0 planning time = 0.352sec
planning: env=4, path=2072 || ( 72% complete) success rate =  1.0 planning time = 0.594sec
planning: env=4, path=2073 || ( 73% complete) success rate =  1.0 planning time = 0.0787sec
planning: env=4, path=2074 || ( 74% complete) success rate =  1.0 planning time =  4.2sec
planning: env=4, path=2075 || ( 75% complete) success rate =  1.0 planning time = 0.278sec
planning: env=4, path=2076 || ( 76% complete) success rate =  1.0 planning time = 0.324sec
planning: env=4, path=2077 || ( 77% complete) success rate =  1.0 planning time = 3.66sec
planning: env=4, path=2078 || ( 78% complete) success rate =  1.0 planning time = 0.383sec
planning: env=4, path=2079 || ( 79% complete) success rate =  1.0 planning time = 3.54sec
planning: env=4, path=2080 || ( 80% complete) success rate =  1.0 planning time = 0.568sec
planning: env=4, path=2081 || ( 81% complete) success rate =  1.0 planning time = 0.508sec
planning: env=4, path=2082 || ( 82% complete) success rate =  1.0 planning time = 0.519sec
planning: env=4, path=2083 || ( 83% complete) success rate =  1.0 planning time = 2.96sec
planning: env=4, path=2084 || ( 84% complete) success rate =  1.0 planning time = 0.243sec
planning: env=4, path=2085 || ( 85% complete) success rate =  1.0 planning time = 0.601sec
planning: env=4, path=2086 || ( 86% complete) success rate =  1.0 planning time = 0.67sec
planning: env=4, path=2087 || ( 87% complete) success rate =  1.0 planning time = 0.28sec
planning: env=4, path=2088 || ( 88% complete) success rate =  1.0 planning time = 0.174sec
planning: env=4, path=2089 || ( 89% complete) success rate =  1.0 planning time = 0.394sec
planning: env=4, path=2090 || ( 90% complete) success rate =  1.0 planning time = 0.753sec
planning: env=4, path=2091 || ( 91% complete) success rate =  1.0 planning time = 0.385sec
planning: env=4, path=2092 || ( 92% complete) success rate =  1.0 planning time = 0.354sec
planning: env=4, path=2093 || ( 93% complete) success rate =  1.0 planning time = 0.22sec
planning: env=4, path=2094 || ( 94% complete) success rate =  1.0 planning time = 0.388sec
planning: env=4, path=2095 || ( 95% complete) success rate =  1.0 planning time = 0.516sec
planning: env=4, path=2096 || ( 96% complete) success rate =  1.0 planning time = 0.446sec
planning: env=4, path=2097 || ( 97% complete) success rate =  1.0 planning time = 5.37sec
planning: env=4, path=2098 || ( 98% complete) success rate =  1.0 planning time = 0.407sec
planning: env=4, path=2099 || ( 99% complete) success rate =  1.0 planning time = 0.544sec
planning: env=4, path=2099 || (100% complete) success rate =  1.0 planning time = 0.544sec
planning: env=5, path=- || (  0% complete) success rate = ---- planning time = ----sec
planning: env=5, path=2000 || (  0% complete) success rate =  1.0 planning time = 0.61sec
planning: env=5, path=2001 || (  1% complete) success rate =  1.0 planning time = 0.41sec
planning: env=5, path=2002 || (  2% complete) success rate =  1.0 planning time = 12.1sec
planning: env=5, path=2003 || (  3% complete) success rate =  1.0 planning time = 0.631sec
planning: env=5, path=2004 || (  4% complete) success rate =  1.0 planning time = 0.609sec
planning: env=5, path=2005 || (  5% complete) success rate =  1.0 planning time = 0.33sec
planning: env=5, path=2006 || (  6% complete) success rate =  1.0 planning time = 4.54sec
planning: env=5, path=2007 || (  7% complete) success rate =  1.0 planning time = 0.992sec
planning: env=5, path=2008 || (  8% complete) success rate =  1.0 planning time = 0.742sec
planning: env=5, path=2009 || (  9% complete) success rate =  1.0 planning time = 0.513sec
planning: env=5, path=2010 || ( 10% complete) success rate =  1.0 planning time = 0.337sec
planning: env=5, path=2011 || ( 11% complete) success rate =  1.0 planning time = 0.664sec
planning: env=5, path=2012 || ( 12% complete) success rate =  1.0 planning time = 0.981sec
planning: env=5, path=2013 || ( 13% complete) success rate =  1.0 planning time = 0.817sec
planning: env=5, path=2014 || ( 14% complete) success rate =  1.0 planning time = 0.471sec
planning: env=5, path=2015 || ( 15% complete) success rate =  1.0 planning time = 0.0898sec
planning: env=5, path=2016 || ( 16% complete) success rate =  1.0 planning time = 0.378sec
planning: env=5, path=2017 || ( 17% complete) success rate =  1.0 planning time = 0.403sec
planning: env=5, path=2018 || ( 18% complete) success rate =  1.0 planning time = 0.709sec
planning: env=5, path=2019 || ( 19% complete) success rate =  1.0 planning time = 0.355sec
planning: env=5, path=2020 || ( 20% complete) success rate =  1.0 planning time = 0.531sec
planning: env=5, path=2021 || ( 21% complete) success rate =  1.0 planning time = 7.19sec
planning: env=5, path=2022 || ( 22% complete) success rate =  1.0 planning time = 0.677sec
planning: env=5, path=2023 || ( 23% complete) success rate =  1.0 planning time =  1.3sec
planning: env=5, path=2024 || ( 24% complete) success rate =  1.0 planning time = 0.348sec
planning: env=5, path=2025 || ( 25% complete) success rate =  1.0 planning time = 0.416sec
planning: env=5, path=2026 || ( 26% complete) success rate =  1.0 planning time = 0.339sec
planning: env=5, path=2027 || ( 27% complete) success rate =  1.0 planning time = 0.491sec
planning: env=5, path=2028 || ( 28% complete) success rate =  1.0 planning time = 0.283sec
planning: env=5, path=2029 || ( 29% complete) success rate =  1.0 planning time = 0.318sec
planning: env=5, path=2030 || ( 30% complete) success rate =  1.0 planning time = 2.81sec
planning: env=5, path=2031 || ( 31% complete) success rate =  1.0 planning time = 0.273sec
planning: env=5, path=2032 || ( 32% complete) success rate =  1.0 planning time = 0.404sec
planning: env=5, path=2033 || ( 33% complete) success rate =  1.0 planning time = 0.611sec
planning: env=5, path=2034 || ( 34% complete) success rate =  1.0 planning time = 0.48sec
planning: env=5, path=2035 || ( 35% complete) success rate =  1.0 planning time =  1.0sec
planning: env=5, path=2036 || ( 36% complete) success rate =  1.0 planning time = 0.579sec
planning: env=5, path=2037 || ( 37% complete) success rate =  1.0 planning time = 0.348sec
planning: env=5, path=2038 || ( 38% complete) success rate =  1.0 planning time = 0.34sec
planning: env=5, path=2039 || ( 39% complete) success rate =  1.0 planning time = 0.437sec
planning: env=5, path=2040 || ( 40% complete) success rate =  1.0 planning time = 0.309sec
planning: env=5, path=2041 || ( 41% complete) success rate =  1.0 planning time = 0.46sec
planning: env=5, path=2042 || ( 42% complete) success rate =  1.0 planning time = 0.768sec
planning: env=5, path=2043 || ( 43% complete) success rate =  1.0 planning time = 0.343sec
planning: env=5, path=2044 || ( 44% complete) success rate =  1.0 planning time = 0.991sec
planning: env=5, path=2045 || ( 45% complete) success rate =  1.0 planning time =  2.4sec
planning: env=5, path=2046 || ( 46% complete) success rate =  1.0 planning time = 0.498sec
planning: env=5, path=2047 || ( 47% complete) success rate =  1.0 planning time = 0.251sec
planning: env=5, path=2048 || ( 48% complete) success rate =  1.0 planning time = 0.643sec
planning: env=5, path=2049 || ( 49% complete) success rate =  1.0 planning time = 0.686sec
planning: env=5, path=2050 || ( 50% complete) success rate =  1.0 planning time = 0.651sec
planning: env=5, path=2051 || ( 51% complete) success rate =  1.0 planning time = 0.491sec
planning: env=5, path=2052 || ( 52% complete) success rate =  1.0 planning time =  0.7sec
planning: env=5, path=2053 || ( 53% complete) success rate =  1.0 planning time = 0.547sec
planning: env=5, path=2054 || ( 54% complete) success rate =  1.0 planning time = 0.309sec
planning: env=5, path=2055 || ( 55% complete) success rate =  1.0 planning time = 0.373sec
planning: env=5, path=2056 || ( 56% complete) success rate =  1.0 planning time = 0.23sec
planning: env=5, path=2057 || ( 57% complete) success rate =  1.0 planning time = 1.35sec
planning: env=5, path=2058 || ( 58% complete) success rate =  1.0 planning time = 0.84sec
planning: env=5, path=2059 || ( 59% complete) success rate =  1.0 planning time = 0.558sec
planning: env=5, path=2060 || ( 60% complete) success rate =  1.0 planning time = 0.199sec
planning: env=5, path=2061 || ( 61% complete) success rate =  1.0 planning time = 0.244sec
planning: env=5, path=2062 || ( 62% complete) success rate =  1.0 planning time = 0.187sec
planning: env=5, path=2063 || ( 63% complete) success rate =  1.0 planning time =  0.2sec
planning: env=5, path=2064 || ( 64% complete) success rate =  1.0 planning time = 0.454sec
planning: env=5, path=2065 || ( 65% complete) success rate =  1.0 planning time = 0.336sec
planning: env=5, path=2066 || ( 66% complete) success rate =  1.0 planning time = 0.288sec
planning: env=5, path=2067 || ( 67% complete) success rate =  1.0 planning time =  1.0sec
planning: env=5, path=2068 || ( 68% complete) success rate =  1.0 planning time = 8.52sec
planning: env=5, path=2069 || ( 69% complete) success rate =  1.0 planning time = 0.194sec
planning: env=5, path=2070 || ( 70% complete) success rate =  1.0 planning time = 0.49sec
planning: env=5, path=2071 || ( 71% complete) success rate =  1.0 planning time = 3.11sec
planning: env=5, path=2072 || ( 72% complete) success rate =  1.0 planning time = 1.41sec
planning: env=5, path=2073 || ( 73% complete) success rate =  1.0 planning time = 0.489sec
planning: env=5, path=2074 || ( 74% complete) success rate =  1.0 planning time = 0.156sec
planning: env=5, path=2075 || ( 75% complete) success rate =  1.0 planning time = 0.49sec
planning: env=5, path=2076 || ( 76% complete) success rate =  1.0 planning time = 0.458sec
planning: env=5, path=2077 || ( 77% complete) success rate =  1.0 planning time = 0.294sec
planning: env=5, path=2078 || ( 78% complete) success rate =  1.0 planning time = 0.97sec
planning: env=5, path=2079 || ( 79% complete) success rate =  1.0 planning time = 0.653sec
planning: env=5, path=2080 || ( 80% complete) success rate =  1.0 planning time = 0.172sec
planning: env=5, path=2081 || ( 81% complete) success rate =  1.0 planning time = 0.331sec
planning: env=5, path=2082 || ( 82% complete) success rate =  1.0 planning time = 0.584sec
planning: env=5, path=2083 || ( 83% complete) success rate =  1.0 planning time = 0.649sec
planning: env=5, path=2084 || ( 84% complete) success rate =  1.0 planning time = 0.639sec
planning: env=5, path=2085 || ( 85% complete) success rate =  1.0 planning time = 0.937sec
planning: env=5, path=2086 || ( 86% complete) success rate =  1.0 planning time = 0.379sec
planning: env=5, path=2087 || ( 87% complete) success rate =  1.0 planning time = 0.217sec
planning: env=5, path=2088 || ( 88% complete) success rate =  1.0 planning time = 0.358sec
planning: env=5, path=2089 || ( 89% complete) success rate =  1.0 planning time = 0.285sec
planning: env=5, path=2090 || ( 90% complete) success rate =  1.0 planning time = 0.682sec
planning: env=5, path=2091 || ( 91% complete) success rate =  1.0 planning time = 0.722sec
planning: env=5, path=2092 || ( 92% complete) success rate =  1.0 planning time = 0.137sec
planning: env=5, path=2093 || ( 93% complete) success rate =  1.0 planning time = 0.492sec
planning: env=5, path=2094 || ( 94% complete) success rate =  1.0 planning time = 0.287sec
planning: env=5, path=2095 || ( 95% complete) success rate =  1.0 planning time = 0.297sec
planning: env=5, path=2096 || ( 96% complete) success rate =  1.0 planning time = 0.666sec
planning: env=5, path=2097 || ( 97% complete) success rate =  1.0 planning time = 0.547sec
planning: env=5, path=2098 || ( 98% complete) success rate =  1.0 planning time = 3.26sec
planning: env=5, path=2099 || ( 99% complete) success rate =  1.0 planning time = 0.231sec
planning: env=5, path=2099 || (100% complete) success rate =  1.0 planning time = 0.231sec
planning: env=6, path=- || (  0% complete) success rate = ---- planning time = ----sec
planning: env=6, path=2000 || (  0% complete) success rate =  1.0 planning time = 0.608sec
planning: env=6, path=2001 || (  1% complete) success rate =  1.0 planning time = 0.356sec
planning: env=6, path=2002 || (  2% complete) success rate =  1.0 planning time = 0.405sec
planning: env=6, path=2003 || (  3% complete) success rate =  1.0 planning time = 0.0778sec
planning: env=6, path=2004 || (  4% complete) success rate =  1.0 planning time = 0.608sec
planning: env=6, path=2005 || (  5% complete) success rate =  1.0 planning time = 0.217sec
planning: env=6, path=2006 || (  6% complete) success rate =  1.0 planning time = 0.243sec
planning: env=6, path=2007 || (  7% complete) success rate =  1.0 planning time = 0.898sec
planning: env=6, path=2008 || (  8% complete) success rate =  1.0 planning time = 0.91sec
planning: env=6, path=2009 || (  9% complete) success rate =  1.0 planning time = 0.0826sec
planning: env=6, path=2010 || ( 10% complete) success rate =  1.0 planning time = 1.34sec
planning: env=6, path=2011 || ( 11% complete) success rate =  1.0 planning time = 0.528sec
planning: env=6, path=2012 || ( 12% complete) success rate =  1.0 planning time = 0.663sec
planning: env=6, path=2013 || ( 13% complete) success rate =  1.0 planning time = 3.32sec
planning: env=6, path=2014 || ( 14% complete) success rate =  1.0 planning time = 0.746sec
planning: env=6, path=2015 || ( 15% complete) success rate =  1.0 planning time = 0.645sec
planning: env=6, path=2016 || ( 16% complete) success rate =  1.0 planning time = 0.35sec
planning: env=6, path=2017 || ( 17% complete) success rate =  1.0 planning time = 0.246sec
planning: env=6, path=2018 || ( 18% complete) success rate =  1.0 planning time = 0.396sec
planning: env=6, path=2019 || ( 19% complete) success rate =  1.0 planning time = 0.243sec
planning: env=6, path=2020 || ( 20% complete) success rate =  1.0 planning time = 0.469sec
planning: env=6, path=2021 || ( 21% complete) success rate =  1.0 planning time = 0.476sec
planning: env=6, path=2022 || ( 22% complete) success rate =  1.0 planning time = 0.222sec
planning: env=6, path=2023 || ( 23% complete) success rate =  1.0 planning time = 0.223sec
planning: env=6, path=2024 || ( 24% complete) success rate =  1.0 planning time = 1.28sec
planning: env=6, path=2025 || ( 25% complete) success rate =  1.0 planning time = 0.509sec
planning: env=6, path=2026 || ( 26% complete) success rate =  1.0 planning time = 0.491sec
planning: env=6, path=2027 || ( 27% complete) success rate =  1.0 planning time = 0.535sec
planning: env=6, path=2028 || ( 28% complete) success rate =  1.0 planning time = 0.595sec
planning: env=6, path=2029 || ( 29% complete) success rate =  1.0 planning time = 0.464sec
planning: env=6, path=2030 || ( 30% complete) success rate =  1.0 planning time = 0.201sec
planning: env=6, path=2031 || ( 31% complete) success rate =  1.0 planning time = 0.727sec
planning: env=6, path=2032 || ( 32% complete) success rate =  1.0 planning time = 0.492sec
planning: env=6, path=2033 || ( 33% complete) success rate =  1.0 planning time = 0.505sec
planning: env=6, path=2034 || ( 34% complete) success rate =  1.0 planning time = 0.521sec
planning: env=6, path=2035 || ( 35% complete) success rate =  1.0 planning time = 0.529sec
planning: env=6, path=2036 || ( 36% complete) success rate =  1.0 planning time = 0.731sec
planning: env=6, path=2037 || ( 37% complete) success rate =  1.0 planning time = 0.43sec
planning: env=6, path=2038 || ( 38% complete) success rate =  1.0 planning time = 0.424sec
planning: env=6, path=2039 || ( 39% complete) success rate =  1.0 planning time = 0.231sec
planning: env=6, path=2040 || ( 40% complete) success rate =  1.0 planning time = 0.232sec
planning: env=6, path=2041 || ( 41% complete) success rate =  1.0 planning time = 0.44sec
planning: env=6, path=2042 || ( 42% complete) success rate =  1.0 planning time = 0.112sec
planning: env=6, path=2043 || ( 43% complete) success rate =  1.0 planning time = 0.389sec
planning: env=6, path=2044 || ( 44% complete) success rate =  1.0 planning time = 0.274sec
planning: env=6, path=2045 || ( 45% complete) success rate =  1.0 planning time = 0.563sec
planning: env=6, path=2046 || ( 46% complete) success rate =  1.0 planning time = 0.518sec
planning: env=6, path=2047 || ( 47% complete) success rate =  1.0 planning time = 0.835sec
planning: env=6, path=2048 || ( 48% complete) success rate =  1.0 planning time = 0.603sec
planning: env=6, path=2049 || ( 49% complete) success rate =  1.0 planning time = 0.491sec
planning: env=6, path=2050 || ( 50% complete) success rate =  1.0 planning time = 0.576sec
planning: env=6, path=2051 || ( 51% complete) success rate =  1.0 planning time = 0.557sec
planning: env=6, path=2052 || ( 52% complete) success rate =  1.0 planning time = 0.629sec
planning: env=6, path=2053 || ( 53% complete) success rate =  1.0 planning time = 0.418sec
planning: env=6, path=2054 || ( 54% complete) success rate =  1.0 planning time = 0.534sec
planning: env=6, path=2055 || ( 55% complete) success rate =  1.0 planning time = 0.677sec
planning: env=6, path=2056 || ( 56% complete) success rate =  1.0 planning time = 0.333sec
planning: env=6, path=2057 || ( 57% complete) success rate =  1.0 planning time = 0.381sec
planning: env=6, path=2058 || ( 58% complete) success rate =  1.0 planning time = 0.257sec
planning: env=6, path=2059 || ( 59% complete) success rate =  1.0 planning time = 0.656sec
planning: env=6, path=2060 || ( 60% complete) success rate =  1.0 planning time = 0.592sec
planning: env=6, path=2061 || ( 61% complete) success rate =  1.0 planning time = 6.71sec
planning: env=6, path=2062 || ( 62% complete) success rate =  1.0 planning time = 0.149sec
planning: env=6, path=2063 || ( 63% complete) success rate =  1.0 planning time = 0.553sec
planning: env=6, path=2064 || ( 64% complete) success rate =  1.0 planning time = 1.57sec
planning: env=6, path=2065 || ( 65% complete) success rate =  1.0 planning time = 4.25sec
planning: env=6, path=2066 || ( 66% complete) success rate =  1.0 planning time = 0.285sec
planning: env=6, path=2067 || ( 67% complete) success rate =  1.0 planning time = 2.68sec
planning: env=6, path=2068 || ( 68% complete) success rate =  1.0 planning time = 0.263sec
planning: env=6, path=2069 || ( 69% complete) success rate =  1.0 planning time = 0.198sec
planning: env=6, path=2070 || ( 70% complete) success rate =  1.0 planning time = 0.538sec
planning: env=6, path=2071 || ( 71% complete) success rate =  1.0 planning time =  2.5sec
planning: env=6, path=2072 || ( 72% complete) success rate =  1.0 planning time = 0.694sec
planning: env=6, path=2073 || ( 73% complete) success rate =  1.0 planning time = 0.126sec
planning: env=6, path=2074 || ( 74% complete) success rate =  1.0 planning time = 1.28sec
planning: env=6, path=2075 || ( 75% complete) success rate =  1.0 planning time = 0.53sec
planning: env=6, path=2076 || ( 76% complete) success rate =  1.0 planning time = 1.46sec
planning: env=6, path=2077 || ( 77% complete) success rate =  1.0 planning time = 0.288sec
planning: env=6, path=2078 || ( 78% complete) success rate =  1.0 planning time = 1.58sec
planning: env=6, path=2079 || ( 79% complete) success rate =  1.0 planning time = 0.525sec
planning: env=6, path=2080 || ( 80% complete) success rate =  1.0 planning time = 0.238sec
planning: env=6, path=2081 || ( 81% complete) success rate =  1.0 planning time = 0.292sec
planning: env=6, path=2082 || ( 82% complete) success rate =  1.0 planning time = 0.342sec
planning: env=6, path=2083 || ( 83% complete) success rate =  1.0 planning time = 0.538sec
planning: env=6, path=2084 || ( 84% complete) success rate =  1.0 planning time = 0.434sec
planning: env=6, path=2085 || ( 85% complete) success rate =  1.0 planning time = 0.285sec
planning: env=6, path=2086 || ( 86% complete) success rate =  1.0 planning time =  0.2sec
planning: env=6, path=2087 || ( 87% complete) success rate =  1.0 planning time = 0.294sec
planning: env=6, path=2088 || ( 88% complete) success rate =  1.0 planning time = 1.15sec
planning: env=6, path=2089 || ( 89% complete) success rate =  1.0 planning time = 0.689sec
planning: env=6, path=2090 || ( 90% complete) success rate =  1.0 planning time = 0.366sec
planning: env=6, path=2091 || ( 91% complete) success rate =  1.0 planning time = 0.441sec
planning: env=6, path=2092 || ( 92% complete) success rate =  1.0 planning time = 0.472sec
planning: env=6, path=2093 || ( 93% complete) success rate =  1.0 planning time =  2.0sec
planning: env=6, path=2094 || ( 94% complete) success rate =  1.0 planning time = 2.28sec
planning: env=6, path=2095 || ( 95% complete) success rate =  1.0 planning time = 0.363sec
planning: env=6, path=2096 || ( 96% complete) success rate =  1.0 planning time = 1.07sec
planning: env=6, path=2097 || ( 97% complete) success rate =  1.0 planning time = 2.46sec
planning: env=6, path=2098 || ( 98% complete) success rate =  1.0 planning time = 0.674sec
planning: env=6, path=2099 || ( 99% complete) success rate =  1.0 planning time = 0.594sec
planning: env=6, path=2099 || (100% complete) success rate =  1.0 planning time = 0.594sec
planning: env=7, path=- || (  0% complete) success rate = ---- planning time = ----sec
planning: env=7, path=2000 || (  0% complete) success rate =  1.0 planning time = 3.89sec
planning: env=7, path=2001 || (  1% complete) success rate =  1.0 planning time = 0.347sec
planning: env=7, path=2002 || (  2% complete) success rate =  1.0 planning time = 0.504sec
planning: env=7, path=2003 || (  3% complete) success rate =  1.0 planning time = 0.783sec
planning: env=7, path=2004 || (  4% complete) success rate =  1.0 planning time = 0.49sec
planning: env=7, path=2005 || (  5% complete) success rate =  1.0 planning time = 0.46sec
planning: env=7, path=2006 || (  6% complete) success rate =  1.0 planning time = 1.47sec
planning: env=7, path=2007 || (  7% complete) success rate =  1.0 planning time = 0.876sec
planning: env=7, path=2008 || (  8% complete) success rate =  1.0 planning time = 0.976sec
planning: env=7, path=2009 || (  9% complete) success rate =  1.0 planning time = 0.407sec
planning: env=7, path=2010 || ( 10% complete) success rate =  1.0 planning time = 0.638sec
planning: env=7, path=2011 || ( 11% complete) success rate =  1.0 planning time = 0.607sec
planning: env=7, path=2012 || ( 12% complete) success rate =  1.0 planning time = 0.207sec
planning: env=7, path=2013 || ( 13% complete) success rate =  1.0 planning time = 0.788sec
planning: env=7, path=2014 || ( 14% complete) success rate =  1.0 planning time = 0.544sec
planning: env=7, path=2015 || ( 15% complete) success rate =  1.0 planning time = 0.523sec
planning: env=7, path=2016 || ( 16% complete) success rate =  1.0 planning time = 0.581sec
planning: env=7, path=2017 || ( 17% complete) success rate =  1.0 planning time = 2.68sec
planning: env=7, path=2018 || ( 18% complete) success rate =  1.0 planning time = 0.271sec
planning: env=7, path=2019 || ( 19% complete) success rate =  1.0 planning time = 0.339sec
planning: env=7, path=2020 || ( 20% complete) success rate =  1.0 planning time = 0.758sec
planning: env=7, path=2021 || ( 21% complete) success rate =  1.0 planning time = 0.629sec
planning: env=7, path=2022 || ( 22% complete) success rate =  1.0 planning time = 1.61sec
planning: env=7, path=2023 || ( 23% complete) success rate =  1.0 planning time = 0.24sec
planning: env=7, path=2024 || ( 24% complete) success rate =  1.0 planning time = 0.639sec
planning: env=7, path=2025 || ( 25% complete) success rate =  1.0 planning time =  1.0sec
planning: env=7, path=2026 || ( 26% complete) success rate =  1.0 planning time = 21.2sec
planning: env=7, path=2027 || ( 27% complete) success rate =  1.0 planning time = 0.279sec
planning: env=7, path=2028 || ( 28% complete) success rate =  1.0 planning time = 0.341sec
planning: env=7, path=2029 || ( 29% complete) success rate =  1.0 planning time = 0.766sec
planning: env=7, path=2030 || ( 30% complete) success rate =  1.0 planning time = 0.217sec
planning: env=7, path=2031 || ( 31% complete) success rate =  1.0 planning time = 0.255sec
planning: env=7, path=2032 || ( 32% complete) success rate =  1.0 planning time = 0.0875sec
planning: env=7, path=2033 || ( 33% complete) success rate =  1.0 planning time = 0.95sec
planning: env=7, path=2034 || ( 34% complete) success rate =  1.0 planning time = 0.433sec
planning: env=7, path=2035 || ( 35% complete) success rate =  1.0 planning time = 1.54sec
planning: env=7, path=2036 || ( 36% complete) success rate =  1.0 planning time = 6.81sec
planning: env=7, path=2037 || ( 37% complete) success rate =  1.0 planning time = 0.339sec
planning: env=7, path=2038 || ( 38% complete) success rate =  1.0 planning time = 7.41sec
planning: env=7, path=2039 || ( 39% complete) success rate =  1.0 planning time = 0.297sec
planning: env=7, path=2040 || ( 40% complete) success rate =  1.0 planning time = 0.339sec
planning: env=7, path=2041 || ( 41% complete) success rate =  1.0 planning time = 12.3sec
planning: env=7, path=2042 || ( 42% complete) success rate =  1.0 planning time = 0.129sec
planning: env=7, path=2043 || ( 43% complete) success rate =  1.0 planning time = 0.666sec
planning: env=7, path=2044 || ( 44% complete) success rate =  1.0 planning time = 0.289sec
planning: env=7, path=2045 || ( 45% complete) success rate =  1.0 planning time = 0.461sec
planning: env=7, path=2046 || ( 46% complete) success rate =  1.0 planning time =  1.8sec
planning: env=7, path=2047 || ( 47% complete) success rate =  1.0 planning time =  2.2sec
planning: env=7, path=2048 || ( 48% complete) success rate =  1.0 planning time = 0.481sec
planning: env=7, path=2049 || ( 49% complete) success rate =  1.0 planning time = 0.507sec
planning: env=7, path=2050 || ( 50% complete) success rate =  1.0 planning time = 7.84sec
planning: env=7, path=2051 || ( 51% complete) success rate =  1.0 planning time = 0.204sec
planning: env=7, path=2052 || ( 52% complete) success rate =  1.0 planning time = 0.259sec
planning: env=7, path=2053 || ( 53% complete) success rate =  1.0 planning time = 0.508sec
planning: env=7, path=2054 || ( 54% complete) success rate =  1.0 planning time = 0.324sec
planning: env=7, path=2055 || ( 55% complete) success rate =  1.0 planning time = 12.5sec
planning: env=7, path=2056 || ( 56% complete) success rate =  1.0 planning time =  1.4sec
planning: env=7, path=2057 || ( 57% complete) success rate =  1.0 planning time = 0.567sec
planning: env=7, path=2058 || ( 58% complete) success rate =  1.0 planning time = 0.284sec
planning: env=7, path=2059 || ( 59% complete) success rate =  1.0 planning time = 0.452sec
planning: env=7, path=2060 || ( 60% complete) success rate =  1.0 planning time = 0.64sec
planning: env=7, path=2061 || ( 61% complete) success rate =  1.0 planning time = 2.33sec
planning: env=7, path=2062 || ( 62% complete) success rate =  1.0 planning time = 0.284sec
planning: env=7, path=2063 || ( 63% complete) success rate =  1.0 planning time = 0.351sec
planning: env=7, path=2064 || ( 64% complete) success rate =  1.0 planning time = 6.61sec
planning: env=7, path=2065 || ( 65% complete) success rate =  1.0 planning time = 1.69sec
planning: env=7, path=2066 || ( 66% complete) success rate =  1.0 planning time = 0.199sec
planning: env=7, path=2067 || ( 67% complete) success rate =  1.0 planning time = 2.48sec
planning: env=7, path=2068 || ( 68% complete) success rate =  1.0 planning time = 0.232sec
planning: env=7, path=2069 || ( 69% complete) success rate =  1.0 planning time = 0.386sec
planning: env=7, path=2070 || ( 70% complete) success rate =  1.0 planning time = 0.47sec
planning: env=7, path=2071 || ( 71% complete) success rate =  1.0 planning time = 0.462sec
planning: env=7, path=2072 || ( 72% complete) success rate =  1.0 planning time = 2.43sec
planning: env=7, path=2073 || ( 73% complete) success rate =  1.0 planning time = 0.138sec
planning: env=7, path=2074 || ( 74% complete) success rate =  1.0 planning time = 0.413sec
planning: env=7, path=2075 || ( 75% complete) success rate =  1.0 planning time = 0.312sec
planning: env=7, path=2076 || ( 76% complete) success rate =  1.0 planning time = 0.696sec
planning: env=7, path=2077 || ( 77% complete) success rate =  1.0 planning time = 12.2sec
planning: env=7, path=2078 || ( 78% complete) success rate =  1.0 planning time = 0.372sec
planning: env=7, path=2079 || ( 79% complete) success rate =  1.0 planning time = 12.9sec
planning: env=7, path=2080 || ( 80% complete) success rate =  1.0 planning time = 5.47sec
planning: env=7, path=2080 || ( 82% complete) success rate =  1.0 planning time = 5.47sec
planning: env=7, path=2082 || ( 82% complete) success rate = 0.988 planning time = 11.4sec
planning: env=7, path=2083 || ( 83% complete) success rate = 0.988 planning time = 0.759sec
planning: env=7, path=2084 || ( 84% complete) success rate = 0.988 planning time = 0.254sec
planning: env=7, path=2086 || ( 86% complete) success rate = 0.977 planning time = 1.84sec
planning: env=7, path=2087 || ( 87% complete) success rate = 0.977 planning time = 0.256sec
planning: env=7, path=2088 || ( 88% complete) success rate = 0.978 planning time = 0.797sec
planning: env=7, path=2089 || ( 89% complete) success rate = 0.978 planning time = 1.28sec
planning: env=7, path=2090 || ( 90% complete) success rate = 0.978 planning time = 1.82sec
planning: env=7, path=2091 || ( 91% complete) success rate = 0.978 planning time = 4.42sec
planning: env=7, path=2091 || ( 93% complete) success rate = 0.978 planning time = 4.42sec
planning: env=7, path=2093 || ( 93% complete) success rate = 0.968 planning time = 0.271sec
planning: env=7, path=2094 || ( 94% complete) success rate = 0.968 planning time = 4.85sec
planning: env=7, path=2095 || ( 95% complete) success rate = 0.969 planning time = 0.103sec
planning: env=7, path=2096 || ( 96% complete) success rate = 0.969 planning time = 0.384sec
planning: env=7, path=2097 || ( 97% complete) success rate = 0.969 planning time = 2.89sec
planning: env=7, path=2098 || ( 98% complete) success rate = 0.97 planning time = 0.585sec
planning: env=7, path=2099 || ( 99% complete) success rate = 0.97 planning time = 0.534sec
planning: env=7, path=2099 || (100% complete) success rate = 0.97 planning time = 0.534sec
planning: env=8, path=- || (  0% complete) success rate = ---- planning time = ----sec
planning: env=8, path=2000 || (  0% complete) success rate =  1.0 planning time = 2.01sec
planning: env=8, path=2001 || (  1% complete) success rate =  1.0 planning time = 4.38sec
planning: env=8, path=2002 || (  2% complete) success rate =  1.0 planning time =  6.2sec
planning: env=8, path=2003 || (  3% complete) success rate =  1.0 planning time = 0.708sec
planning: env=8, path=2004 || (  4% complete) success rate =  1.0 planning time = 0.316sec
planning: env=8, path=2005 || (  5% complete) success rate =  1.0 planning time = 1.21sec
planning: env=8, path=2006 || (  6% complete) success rate =  1.0 planning time = 0.458sec
planning: env=8, path=2007 || (  7% complete) success rate =  1.0 planning time = 0.526sec
planning: env=8, path=2008 || (  8% complete) success rate =  1.0 planning time = 0.244sec
planning: env=8, path=2009 || (  9% complete) success rate =  1.0 planning time = 0.917sec
planning: env=8, path=2010 || ( 10% complete) success rate =  1.0 planning time = 0.456sec
planning: env=8, path=2011 || ( 11% complete) success rate =  1.0 planning time = 0.703sec
planning: env=8, path=2012 || ( 12% complete) success rate =  1.0 planning time = 2.04sec
planning: env=8, path=2013 || ( 13% complete) success rate =  1.0 planning time = 0.324sec
planning: env=8, path=2014 || ( 14% complete) success rate =  1.0 planning time = 0.294sec
planning: env=8, path=2015 || ( 15% complete) success rate =  1.0 planning time = 0.448sec
planning: env=8, path=2016 || ( 16% complete) success rate =  1.0 planning time = 1.88sec
planning: env=8, path=2017 || ( 17% complete) success rate =  1.0 planning time = 0.81sec
planning: env=8, path=2018 || ( 18% complete) success rate =  1.0 planning time = 0.485sec
planning: env=8, path=2019 || ( 19% complete) success rate =  1.0 planning time = 0.506sec
planning: env=8, path=2020 || ( 20% complete) success rate =  1.0 planning time =  1.8sec
planning: env=8, path=2021 || ( 21% complete) success rate =  1.0 planning time = 0.555sec
planning: env=8, path=2022 || ( 22% complete) success rate =  1.0 planning time = 0.392sec
planning: env=8, path=2023 || ( 23% complete) success rate =  1.0 planning time = 4.81sec
planning: env=8, path=2023 || ( 25% complete) success rate =  1.0 planning time = 4.81sec
planning: env=8, path=2025 || ( 25% complete) success rate = 0.962 planning time = 0.653sec
planning: env=8, path=2026 || ( 26% complete) success rate = 0.963 planning time = 0.224sec
planning: env=8, path=2027 || ( 27% complete) success rate = 0.964 planning time = 0.128sec
planning: env=8, path=2028 || ( 28% complete) success rate = 0.966 planning time = 1.86sec
planning: env=8, path=2029 || ( 29% complete) success rate = 0.967 planning time = 0.663sec
planning: env=8, path=2030 || ( 30% complete) success rate = 0.968 planning time = 0.444sec
planning: env=8, path=2031 || ( 31% complete) success rate = 0.969 planning time = 0.36sec
planning: env=8, path=2032 || ( 32% complete) success rate = 0.97 planning time = 0.412sec
planning: env=8, path=2033 || ( 33% complete) success rate = 0.971 planning time = 0.461sec
planning: env=8, path=2034 || ( 34% complete) success rate = 0.971 planning time = 0.421sec
planning: env=8, path=2035 || ( 35% complete) success rate = 0.972 planning time = 0.334sec
planning: env=8, path=2036 || ( 36% complete) success rate = 0.973 planning time = 0.399sec
planning: env=8, path=2037 || ( 37% complete) success rate = 0.974 planning time = 0.335sec
planning: env=8, path=2038 || ( 38% complete) success rate = 0.974 planning time = 0.555sec
planning: env=8, path=2039 || ( 39% complete) success rate = 0.975 planning time = 0.185sec
planning: env=8, path=2040 || ( 40% complete) success rate = 0.976 planning time = 0.397sec
planning: env=8, path=2041 || ( 41% complete) success rate = 0.976 planning time = 0.952sec
planning: env=8, path=2042 || ( 42% complete) success rate = 0.977 planning time = 0.616sec
planning: env=8, path=2043 || ( 43% complete) success rate = 0.977 planning time = 0.229sec
planning: env=8, path=2044 || ( 44% complete) success rate = 0.978 planning time = 6.31sec
planning: env=8, path=2045 || ( 45% complete) success rate = 0.978 planning time = 0.543sec
planning: env=8, path=2046 || ( 46% complete) success rate = 0.979 planning time = 0.414sec
planning: env=8, path=2047 || ( 47% complete) success rate = 0.979 planning time = 2.15sec
planning: env=8, path=2048 || ( 48% complete) success rate = 0.98 planning time = 0.686sec
planning: env=8, path=2049 || ( 49% complete) success rate = 0.98 planning time = 0.527sec
planning: env=8, path=2050 || ( 50% complete) success rate = 0.98 planning time = 0.666sec
planning: env=8, path=2051 || ( 51% complete) success rate = 0.981 planning time = 0.351sec
planning: env=8, path=2052 || ( 52% complete) success rate = 0.981 planning time = 0.333sec
planning: env=8, path=2053 || ( 53% complete) success rate = 0.981 planning time = 0.611sec
planning: env=8, path=2054 || ( 54% complete) success rate = 0.982 planning time = 2.24sec
planning: env=8, path=2055 || ( 55% complete) success rate = 0.982 planning time = 3.27sec
planning: env=8, path=2056 || ( 56% complete) success rate = 0.982 planning time = 1.19sec
planning: env=8, path=2057 || ( 57% complete) success rate = 0.983 planning time = 0.959sec
planning: env=8, path=2058 || ( 58% complete) success rate = 0.983 planning time = 0.168sec
planning: env=8, path=2059 || ( 59% complete) success rate = 0.983 planning time = 0.276sec
planning: env=8, path=2060 || ( 60% complete) success rate = 0.984 planning time = 0.457sec
planning: env=8, path=2061 || ( 61% complete) success rate = 0.984 planning time = 2.63sec
planning: env=8, path=2062 || ( 62% complete) success rate = 0.984 planning time = 1.72sec
planning: env=8, path=2063 || ( 63% complete) success rate = 0.984 planning time = 0.26sec
planning: env=8, path=2064 || ( 64% complete) success rate = 0.985 planning time = 0.603sec
planning: env=8, path=2065 || ( 65% complete) success rate = 0.985 planning time = 0.712sec
planning: env=8, path=2066 || ( 66% complete) success rate = 0.985 planning time = 0.165sec
planning: env=8, path=2067 || ( 67% complete) success rate = 0.985 planning time = 0.212sec
planning: env=8, path=2068 || ( 68% complete) success rate = 0.986 planning time = 0.506sec
planning: env=8, path=2069 || ( 69% complete) success rate = 0.986 planning time = 0.571sec
planning: env=8, path=2070 || ( 70% complete) success rate = 0.986 planning time = 0.256sec
planning: env=8, path=2071 || ( 71% complete) success rate = 0.986 planning time = 0.595sec
planning: env=8, path=2072 || ( 72% complete) success rate = 0.986 planning time = 0.866sec
planning: env=8, path=2073 || ( 73% complete) success rate = 0.986 planning time = 0.866sec
planning: env=8, path=2074 || ( 74% complete) success rate = 0.987 planning time = 0.36sec
planning: env=8, path=2075 || ( 75% complete) success rate = 0.987 planning time = 5.75sec
planning: env=8, path=2076 || ( 76% complete) success rate = 0.987 planning time = 0.244sec
planning: env=8, path=2077 || ( 77% complete) success rate = 0.987 planning time = 0.613sec
planning: env=8, path=2078 || ( 78% complete) success rate = 0.987 planning time = 0.28sec
planning: env=8, path=2079 || ( 79% complete) success rate = 0.988 planning time = 0.652sec
planning: env=8, path=2080 || ( 80% complete) success rate = 0.988 planning time = 2.53sec
planning: env=8, path=2081 || ( 81% complete) success rate = 0.988 planning time = 0.631sec
planning: env=8, path=2082 || ( 82% complete) success rate = 0.988 planning time = 2.98sec
planning: env=8, path=2083 || ( 83% complete) success rate = 0.988 planning time = 0.146sec
planning: env=8, path=2084 || ( 84% complete) success rate = 0.988 planning time = 0.211sec
planning: env=8, path=2085 || ( 85% complete) success rate = 0.988 planning time = 0.45sec
planning: env=8, path=2086 || ( 86% complete) success rate = 0.989 planning time = 0.288sec
planning: env=8, path=2087 || ( 87% complete) success rate = 0.989 planning time = 0.296sec
planning: env=8, path=2088 || ( 88% complete) success rate = 0.989 planning time = 0.401sec
planning: env=8, path=2089 || ( 89% complete) success rate = 0.989 planning time = 0.172sec
planning: env=8, path=2090 || ( 90% complete) success rate = 0.989 planning time = 0.792sec
planning: env=8, path=2091 || ( 91% complete) success rate = 0.989 planning time = 0.559sec
planning: env=8, path=2092 || ( 92% complete) success rate = 0.989 planning time = 0.145sec
planning: env=8, path=2093 || ( 93% complete) success rate = 0.989 planning time = 0.576sec
planning: env=8, path=2094 || ( 94% complete) success rate = 0.989 planning time = 0.594sec
planning: env=8, path=2095 || ( 95% complete) success rate = 0.99 planning time = 0.998sec
planning: env=8, path=2096 || ( 96% complete) success rate = 0.99 planning time = 0.179sec
planning: env=8, path=2097 || ( 97% complete) success rate = 0.99 planning time = 1.37sec
planning: env=8, path=2098 || ( 98% complete) success rate = 0.99 planning time = 0.587sec
planning: env=8, path=2099 || ( 99% complete) success rate = 0.99 planning time = 0.224sec
planning: env=8, path=2099 || (100% complete) success rate = 0.99 planning time = 0.224sec
planning: env=9, path=- || (  0% complete) success rate = ---- planning time = ----sec
planning: env=9, path=2000 || (  0% complete) success rate =  1.0 planning time = 0.34sec
planning: env=9, path=2001 || (  1% complete) success rate =  1.0 planning time = 0.38sec
planning: env=9, path=2002 || (  2% complete) success rate =  1.0 planning time =  0.6sec
planning: env=9, path=2003 || (  3% complete) success rate =  1.0 planning time = 0.374sec
planning: env=9, path=2004 || (  4% complete) success rate =  1.0 planning time = 0.635sec
planning: env=9, path=2005 || (  5% complete) success rate =  1.0 planning time = 0.365sec
planning: env=9, path=2006 || (  6% complete) success rate =  1.0 planning time = 0.282sec
planning: env=9, path=2007 || (  7% complete) success rate =  1.0 planning time = 0.496sec
planning: env=9, path=2008 || (  8% complete) success rate =  1.0 planning time = 0.616sec
planning: env=9, path=2009 || (  9% complete) success rate =  1.0 planning time = 2.13sec
planning: env=9, path=2010 || ( 10% complete) success rate =  1.0 planning time = 0.499sec
planning: env=9, path=2011 || ( 11% complete) success rate =  1.0 planning time = 0.343sec
planning: env=9, path=2012 || ( 12% complete) success rate =  1.0 planning time = 0.279sec
planning: env=9, path=2013 || ( 13% complete) success rate =  1.0 planning time = 0.488sec
planning: env=9, path=2014 || ( 14% complete) success rate =  1.0 planning time = 0.89sec
planning: env=9, path=2015 || ( 15% complete) success rate =  1.0 planning time = 0.948sec
planning: env=9, path=2016 || ( 16% complete) success rate =  1.0 planning time = 0.37sec
planning: env=9, path=2017 || ( 17% complete) success rate =  1.0 planning time = 0.247sec
planning: env=9, path=2018 || ( 18% complete) success rate =  1.0 planning time = 0.108sec
planning: env=9, path=2019 || ( 19% complete) success rate =  1.0 planning time = 0.243sec
planning: env=9, path=2020 || ( 20% complete) success rate =  1.0 planning time = 0.55sec
planning: env=9, path=2021 || ( 21% complete) success rate =  1.0 planning time = 1.22sec
planning: env=9, path=2022 || ( 22% complete) success rate =  1.0 planning time = 0.58sec
planning: env=9, path=2023 || ( 23% complete) success rate =  1.0 planning time = 0.345sec
planning: env=9, path=2024 || ( 24% complete) success rate =  1.0 planning time = 0.592sec
planning: env=9, path=2025 || ( 25% complete) success rate =  1.0 planning time = 0.55sec
planning: env=9, path=2026 || ( 26% complete) success rate =  1.0 planning time = 1.38sec
planning: env=9, path=2027 || ( 27% complete) success rate =  1.0 planning time = 5.85sec
planning: env=9, path=2028 || ( 28% complete) success rate =  1.0 planning time = 0.64sec
planning: env=9, path=2029 || ( 29% complete) success rate =  1.0 planning time = 1.88sec
planning: env=9, path=2030 || ( 30% complete) success rate =  1.0 planning time = 0.246sec
planning: env=9, path=2031 || ( 31% complete) success rate =  1.0 planning time = 0.683sec
planning: env=9, path=2032 || ( 32% complete) success rate =  1.0 planning time = 0.241sec
planning: env=9, path=2033 || ( 33% complete) success rate =  1.0 planning time = 0.462sec
planning: env=9, path=2034 || ( 34% complete) success rate =  1.0 planning time = 0.24sec
planning: env=9, path=2035 || ( 35% complete) success rate =  1.0 planning time = 0.227sec
planning: env=9, path=2036 || ( 36% complete) success rate =  1.0 planning time = 0.659sec
planning: env=9, path=2037 || ( 37% complete) success rate =  1.0 planning time = 0.43sec
planning: env=9, path=2038 || ( 38% complete) success rate =  1.0 planning time = 3.71sec
planning: env=9, path=2039 || ( 39% complete) success rate =  1.0 planning time = 2.55sec
planning: env=9, path=2040 || ( 40% complete) success rate =  1.0 planning time = 4.21sec
planning: env=9, path=2041 || ( 41% complete) success rate =  1.0 planning time = 0.843sec
planning: env=9, path=2042 || ( 42% complete) success rate =  1.0 planning time = 0.195sec
planning: env=9, path=2043 || ( 43% complete) success rate =  1.0 planning time = 0.484sec
planning: env=9, path=2044 || ( 44% complete) success rate =  1.0 planning time = 0.406sec
planning: env=9, path=2045 || ( 45% complete) success rate =  1.0 planning time = 0.384sec
planning: env=9, path=2046 || ( 46% complete) success rate =  1.0 planning time = 4.22sec
planning: env=9, path=2047 || ( 47% complete) success rate =  1.0 planning time = 0.103sec
planning: env=9, path=2048 || ( 48% complete) success rate =  1.0 planning time = 0.411sec
planning: env=9, path=2049 || ( 49% complete) success rate =  1.0 planning time = 0.866sec
planning: env=9, path=2050 || ( 50% complete) success rate =  1.0 planning time = 0.721sec
planning: env=9, path=2051 || ( 51% complete) success rate =  1.0 planning time = 0.181sec
planning: env=9, path=2052 || ( 52% complete) success rate =  1.0 planning time = 0.367sec
planning: env=9, path=2053 || ( 53% complete) success rate =  1.0 planning time = 0.655sec
planning: env=9, path=2054 || ( 54% complete) success rate =  1.0 planning time = 0.601sec
planning: env=9, path=2055 || ( 55% complete) success rate =  1.0 planning time = 0.575sec
planning: env=9, path=2056 || ( 56% complete) success rate =  1.0 planning time = 0.576sec
planning: env=9, path=2057 || ( 57% complete) success rate =  1.0 planning time = 0.313sec
planning: env=9, path=2058 || ( 58% complete) success rate =  1.0 planning time = 0.563sec
planning: env=9, path=2059 || ( 59% complete) success rate =  1.0 planning time = 0.111sec
planning: env=9, path=2060 || ( 60% complete) success rate =  1.0 planning time = 0.476sec
planning: env=9, path=2061 || ( 61% complete) success rate =  1.0 planning time = 0.438sec
planning: env=9, path=2062 || ( 62% complete) success rate =  1.0 planning time = 0.358sec
planning: env=9, path=2063 || ( 63% complete) success rate =  1.0 planning time = 0.725sec
planning: env=9, path=2064 || ( 64% complete) success rate =  1.0 planning time = 0.372sec
planning: env=9, path=2065 || ( 65% complete) success rate =  1.0 planning time = 0.182sec
planning: env=9, path=2066 || ( 66% complete) success rate =  1.0 planning time =  2.8sec
planning: env=9, path=2067 || ( 67% complete) success rate =  1.0 planning time = 0.241sec
planning: env=9, path=2068 || ( 68% complete) success rate =  1.0 planning time = 5.28sec
planning: env=9, path=2069 || ( 69% complete) success rate =  1.0 planning time = 0.315sec
planning: env=9, path=2070 || ( 70% complete) success rate =  1.0 planning time = 0.699sec
planning: env=9, path=2071 || ( 71% complete) success rate =  1.0 planning time = 3.78sec
planning: env=9, path=2072 || ( 72% complete) success rate =  1.0 planning time = 0.279sec
planning: env=9, path=2073 || ( 73% complete) success rate =  1.0 planning time = 0.618sec
planning: env=9, path=2074 || ( 74% complete) success rate =  1.0 planning time = 0.32sec
planning: env=9, path=2075 || ( 75% complete) success rate =  1.0 planning time = 0.42sec
planning: env=9, path=2076 || ( 76% complete) success rate =  1.0 planning time = 0.447sec
planning: env=9, path=2077 || ( 77% complete) success rate =  1.0 planning time =  3.9sec
planning: env=9, path=2078 || ( 78% complete) success rate =  1.0 planning time = 0.311sec
planning: env=9, path=2079 || ( 79% complete) success rate =  1.0 planning time = 0.56sec
planning: env=9, path=2080 || ( 80% complete) success rate =  1.0 planning time = 0.867sec
planning: env=9, path=2081 || ( 81% complete) success rate =  1.0 planning time = 1.27sec
planning: env=9, path=2082 || ( 82% complete) success rate =  1.0 planning time = 0.274sec
planning: env=9, path=2083 || ( 83% complete) success rate =  1.0 planning time = 0.709sec
planning: env=9, path=2084 || ( 84% complete) success rate =  1.0 planning time = 1.66sec
planning: env=9, path=2085 || ( 85% complete) success rate =  1.0 planning time = 2.16sec
planning: env=9, path=2086 || ( 86% complete) success rate =  1.0 planning time = 0.38sec
planning: env=9, path=2087 || ( 87% complete) success rate =  1.0 planning time = 3.45sec
planning: env=9, path=2088 || ( 88% complete) success rate =  1.0 planning time = 0.248sec
planning: env=9, path=2089 || ( 89% complete) success rate =  1.0 planning time = 0.22sec
planning: env=9, path=2090 || ( 90% complete) success rate =  1.0 planning time = 0.731sec
planning: env=9, path=2091 || ( 91% complete) success rate =  1.0 planning time = 0.493sec
planning: env=9, path=2092 || ( 92% complete) success rate =  1.0 planning time = 0.601sec
planning: env=9, path=2093 || ( 93% complete) success rate =  1.0 planning time = 0.178sec
planning: env=9, path=2094 || ( 94% complete) success rate =  1.0 planning time = 4.21sec
planning: env=9, path=2095 || ( 95% complete) success rate =  1.0 planning time = 0.233sec
planning: env=9, path=2096 || ( 96% complete) success rate =  1.0 planning time =  3.0sec
planning: env=9, path=2097 || ( 97% complete) success rate =  1.0 planning time = 0.548sec
planning: env=9, path=2098 || ( 98% complete) success rate =  1.0 planning time = 0.62sec
planning: env=9, path=2099 || ( 99% complete) success rate =  1.0 planning time = 0.186sec
planning: env=9, path=2099 || (100% complete) success rate =  1.0 planning time = 0.186sec
Namespace(N=10, NP=100, data_path='./data/complex/', device=0, disable_dropout=False, disable_lvc=False, env_type='c3d', epoch=150, model_path='./models_3d/', reproducible=False, result_path='./results_c3d_ep150/', s=0, sp=2000, world_size=[20.0])
using deep encoder, input_size=6000
loading...
cumulative: success rate=0.99, runtime (min/avg/max/stdev) = 0.05/1.18/10.61/1.67s
cumulative: success rate=0.99, runtime (min/avg/max/stdev) = 0.05/1.17/17.16/1.93s
cumulative: success rate=0.99, runtime (min/avg/max/stdev) = 0.05/1.26/17.16/2.16s
cumulative: success rate=0.99, runtime (min/avg/max/stdev) = 0.05/1.29/18.59/2.25s
cumulative: success rate=0.99, runtime (min/avg/max/stdev) = 0.05/1.38/18.59/2.25s
cumulative: success rate=0.99, runtime (min/avg/max/stdev) = 0.05/1.30/18.59/2.17s
cumulative: success rate=0.99, runtime (min/avg/max/stdev) = 0.05/1.22/18.59/2.04s
cumulative: success rate=0.99, runtime (min/avg/max/stdev) = 0.05/1.35/21.56/2.43s
cumulative: success rate=0.99, runtime (min/avg/max/stdev) = 0.05/1.33/21.56/2.39s
cumulative: success rate=0.99, runtime (min/avg/max/stdev) = 0.05/1.29/21.56/2.30s
