planning: env=0, path=- || (  0% complete) success rate = ---- planning time = ----sec
planning: env=0, path=2000 || (  0% complete) success rate =  1.0 planning time = 1.46sec
planning: env=0, path=2001 || (  1% complete) success rate =  1.0 planning time = 0.107sec
planning: env=0, path=2002 || (  2% complete) success rate =  1.0 planning time = 14.3sec
planning: env=0, path=2003 || (  3% complete) success rate =  1.0 planning time = 0.299sec
planning: env=0, path=2004 || (  4% complete) success rate =  1.0 planning time =  7.3sec
planning: env=0, path=2005 || (  5% complete) success rate =  1.0 planning time = 0.648sec
planning: env=0, path=2006 || (  6% complete) success rate =  1.0 planning time = 1.25sec
planning: env=0, path=2007 || (  7% complete) success rate =  1.0 planning time = 0.36sec
planning: env=0, path=2008 || (  8% complete) success rate =  1.0 planning time = 0.758sec
planning: env=0, path=2009 || (  9% complete) success rate =  1.0 planning time = 0.356sec
planning: env=0, path=2010 || ( 10% complete) success rate =  1.0 planning time = 0.369sec
planning: env=0, path=2011 || ( 11% complete) success rate =  1.0 planning time = 1.06sec
planning: env=0, path=2012 || ( 12% complete) success rate =  1.0 planning time = 0.437sec
planning: env=0, path=2013 || ( 13% complete) success rate =  1.0 planning time = 0.218sec
planning: env=0, path=2014 || ( 14% complete) success rate =  1.0 planning time = 3.92sec
planning: env=0, path=2015 || ( 15% complete) success rate =  1.0 planning time = 0.391sec
planning: env=0, path=2016 || ( 16% complete) success rate =  1.0 planning time =  1.4sec
planning: env=0, path=2017 || ( 17% complete) success rate =  1.0 planning time = 0.343sec
planning: env=0, path=2018 || ( 18% complete) success rate =  1.0 planning time = 0.222sec
planning: env=0, path=2019 || ( 19% complete) success rate =  1.0 planning time = 0.524sec
planning: env=0, path=2020 || ( 20% complete) success rate =  1.0 planning time = 0.169sec
planning: env=0, path=2021 || ( 21% complete) success rate =  1.0 planning time =  2.0sec
planning: env=0, path=2022 || ( 22% complete) success rate =  1.0 planning time = 1.41sec
planning: env=0, path=2023 || ( 23% complete) success rate =  1.0 planning time = 0.617sec
planning: env=0, path=2024 || ( 24% complete) success rate =  1.0 planning time = 0.71sec
planning: env=0, path=2025 || ( 25% complete) success rate =  1.0 planning time =  1.8sec
planning: env=0, path=2026 || ( 26% complete) success rate =  1.0 planning time = 0.399sec
planning: env=0, path=2027 || ( 27% complete) success rate =  1.0 planning time = 4.55sec
planning: env=0, path=2028 || ( 28% complete) success rate =  1.0 planning time = 1.67sec
planning: env=0, path=2029 || ( 29% complete) success rate =  1.0 planning time = 0.414sec
planning: env=0, path=2030 || ( 30% complete) success rate =  1.0 planning time = 0.28sec
planning: env=0, path=2031 || ( 31% complete) success rate =  1.0 planning time = 0.598sec
planning: env=0, path=2032 || ( 32% complete) success rate =  1.0 planning time = 0.296sec
planning: env=0, path=2033 || ( 33% complete) success rate =  1.0 planning time = 0.228sec
planning: env=0, path=2034 || ( 34% complete) success rate =  1.0 planning time = 0.0518sec
planning: env=0, path=2035 || ( 35% complete) success rate =  1.0 planning time = 0.337sec
planning: env=0, path=2036 || ( 36% complete) success rate =  1.0 planning time = 0.254sec
planning: env=0, path=2037 || ( 37% complete) success rate =  1.0 planning time = 0.378sec
planning: env=0, path=2038 || ( 38% complete) success rate =  1.0 planning time = 0.405sec
planning: env=0, path=2039 || ( 39% complete) success rate =  1.0 planning time = 0.44sec
planning: env=0, path=2040 || ( 40% complete) success rate =  1.0 planning time = 0.228sec
planning: env=0, path=2041 || ( 41% complete) success rate =  1.0 planning time = 0.859sec
planning: env=0, path=2042 || ( 42% complete) success rate =  1.0 planning time =  6.2sec
planning: env=0, path=2043 || ( 43% complete) success rate =  1.0 planning time = 0.248sec
planning: env=0, path=2044 || ( 44% complete) success rate =  1.0 planning time = 0.217sec
planning: env=0, path=2045 || ( 45% complete) success rate =  1.0 planning time = 0.618sec
planning: env=0, path=2046 || ( 46% complete) success rate =  1.0 planning time = 0.638sec
planning: env=0, path=2047 || ( 47% complete) success rate =  1.0 planning time =  3.7sec
planning: env=0, path=2048 || ( 48% complete) success rate =  1.0 planning time = 0.172sec
planning: env=0, path=2049 || ( 49% complete) success rate =  1.0 planning time =  2.4sec
planning: env=0, path=2050 || ( 50% complete) success rate =  1.0 planning time = 0.472sec
planning: env=0, path=2051 || ( 51% complete) success rate =  1.0 planning time = 0.392sec
planning: env=0, path=2052 || ( 52% complete) success rate =  1.0 planning time = 2.35sec
planning: env=0, path=2053 || ( 53% complete) success rate =  1.0 planning time = 2.19sec
planning: env=0, path=2054 || ( 54% complete) success rate =  1.0 planning time = 0.709sec
planning: env=0, path=2055 || ( 55% complete) success rate =  1.0 planning time = 0.215sec
planning: env=0, path=2056 || ( 56% complete) success rate =  1.0 planning time = 0.569sec
planning: env=0, path=2057 || ( 57% complete) success rate =  1.0 planning time = 6.54sec
planning: env=0, path=2058 || ( 58% complete) success rate =  1.0 planning time = 0.302sec
planning: env=0, path=2059 || ( 59% complete) success rate =  1.0 planning time = 0.653sec
planning: env=0, path=2060 || ( 60% complete) success rate =  1.0 planning time = 0.565sec
planning: env=0, path=2061 || ( 61% complete) success rate =  1.0 planning time = 0.129sec
planning: env=0, path=2062 || ( 62% complete) success rate =  1.0 planning time = 0.497sec
planning: env=0, path=2063 || ( 63% complete) success rate =  1.0 planning time = 0.308sec
planning: env=0, path=2064 || ( 64% complete) success rate =  1.0 planning time = 0.544sec
planning: env=0, path=2065 || ( 65% complete) success rate =  1.0 planning time = 1.47sec
planning: env=0, path=2066 || ( 66% complete) success rate =  1.0 planning time =  2.2sec
planning: env=0, path=2067 || ( 67% complete) success rate =  1.0 planning time = 0.64sec
planning: env=0, path=2068 || ( 68% complete) success rate =  1.0 planning time = 0.419sec
planning: env=0, path=2069 || ( 69% complete) success rate =  1.0 planning time = 4.22sec
planning: env=0, path=2070 || ( 70% complete) success rate =  1.0 planning time = 0.601sec
planning: env=0, path=2071 || ( 71% complete) success rate =  1.0 planning time = 0.205sec
planning: env=0, path=2071 || ( 73% complete) success rate =  1.0 planning time = 0.205sec
planning: env=0, path=2073 || ( 73% complete) success rate = 0.986 planning time = 17.0sec
planning: env=0, path=2074 || ( 74% complete) success rate = 0.987 planning time = 0.578sec
planning: env=0, path=2075 || ( 75% complete) success rate = 0.987 planning time = 0.243sec
planning: env=0, path=2076 || ( 76% complete) success rate = 0.987 planning time = 0.43sec
planning: env=0, path=2077 || ( 77% complete) success rate = 0.987 planning time = 0.188sec
planning: env=0, path=2078 || ( 78% complete) success rate = 0.987 planning time = 14.3sec
planning: env=0, path=2079 || ( 79% complete) success rate = 0.988 planning time = 1.46sec
planning: env=0, path=2080 || ( 80% complete) success rate = 0.988 planning time = 19.2sec
planning: env=0, path=2081 || ( 81% complete) success rate = 0.988 planning time = 4.08sec
planning: env=0, path=2082 || ( 82% complete) success rate = 0.988 planning time = 0.528sec
planning: env=0, path=2083 || ( 83% complete) success rate = 0.988 planning time = 0.448sec
planning: env=0, path=2084 || ( 84% complete) success rate = 0.988 planning time = 0.601sec
planning: env=0, path=2085 || ( 85% complete) success rate = 0.988 planning time = 0.25sec
planning: env=0, path=2086 || ( 86% complete) success rate = 0.989 planning time = 0.484sec
planning: env=0, path=2087 || ( 87% complete) success rate = 0.989 planning time = 0.505sec
planning: env=0, path=2088 || ( 88% complete) success rate = 0.989 planning time = 1.57sec
planning: env=0, path=2089 || ( 89% complete) success rate = 0.989 planning time = 0.48sec
planning: env=0, path=2090 || ( 90% complete) success rate = 0.989 planning time = 0.174sec
planning: env=0, path=2091 || ( 91% complete) success rate = 0.989 planning time = 0.189sec
planning: env=0, path=2092 || ( 92% complete) success rate = 0.989 planning time = 0.389sec
planning: env=0, path=2093 || ( 93% complete) success rate = 0.989 planning time = 0.371sec
planning: env=0, path=2094 || ( 94% complete) success rate = 0.989 planning time = 0.643sec
planning: env=0, path=2095 || ( 95% complete) success rate = 0.99 planning time = 0.512sec
planning: env=0, path=2096 || ( 96% complete) success rate = 0.99 planning time = 0.558sec
planning: env=0, path=2097 || ( 97% complete) success rate = 0.99 planning time = 0.131sec
planning: env=0, path=2098 || ( 98% complete) success rate = 0.99 planning time = 0.809sec
planning: env=0, path=2099 || ( 99% complete) success rate = 0.99 planning time = 0.619sec
planning: env=0, path=2099 || (100% complete) success rate = 0.99 planning time = 0.619sec
planning: env=1, path=- || (  0% complete) success rate = ---- planning time = ----sec
planning: env=1, path=2000 || (  0% complete) success rate =  1.0 planning time = 0.628sec
planning: env=1, path=2001 || (  1% complete) success rate =  1.0 planning time = 0.63sec
planning: env=1, path=2002 || (  2% complete) success rate =  1.0 planning time = 0.547sec
planning: env=1, path=2003 || (  3% complete) success rate =  1.0 planning time = 0.262sec
planning: env=1, path=2004 || (  4% complete) success rate =  1.0 planning time = 0.507sec
planning: env=1, path=2005 || (  5% complete) success rate =  1.0 planning time = 0.208sec
planning: env=1, path=2006 || (  6% complete) success rate =  1.0 planning time = 1.52sec
planning: env=1, path=2007 || (  7% complete) success rate =  1.0 planning time = 2.39sec
planning: env=1, path=2008 || (  8% complete) success rate =  1.0 planning time = 0.679sec
planning: env=1, path=2009 || (  9% complete) success rate =  1.0 planning time = 0.707sec
planning: env=1, path=2010 || ( 10% complete) success rate =  1.0 planning time = 0.369sec
planning: env=1, path=2011 || ( 11% complete) success rate =  1.0 planning time = 0.647sec
planning: env=1, path=2012 || ( 12% complete) success rate =  1.0 planning time = 0.309sec
planning: env=1, path=2013 || ( 13% complete) success rate =  1.0 planning time = 0.536sec
planning: env=1, path=2014 || ( 14% complete) success rate =  1.0 planning time = 0.245sec
planning: env=1, path=2015 || ( 15% complete) success rate =  1.0 planning time =  4.0sec
planning: env=1, path=2016 || ( 16% complete) success rate =  1.0 planning time = 2.52sec
planning: env=1, path=2017 || ( 17% complete) success rate =  1.0 planning time =  2.2sec
planning: env=1, path=2018 || ( 18% complete) success rate =  1.0 planning time = 2.45sec
planning: env=1, path=2019 || ( 19% complete) success rate =  1.0 planning time = 0.276sec
planning: env=1, path=2020 || ( 20% complete) success rate =  1.0 planning time = 0.386sec
planning: env=1, path=2021 || ( 21% complete) success rate =  1.0 planning time = 0.473sec
planning: env=1, path=2022 || ( 22% complete) success rate =  1.0 planning time = 0.587sec
planning: env=1, path=2023 || ( 23% complete) success rate =  1.0 planning time = 0.563sec
planning: env=1, path=2024 || ( 24% complete) success rate =  1.0 planning time = 0.695sec
planning: env=1, path=2025 || ( 25% complete) success rate =  1.0 planning time = 0.238sec
planning: env=1, path=2026 || ( 26% complete) success rate =  1.0 planning time = 0.211sec
planning: env=1, path=2027 || ( 27% complete) success rate =  1.0 planning time = 0.388sec
planning: env=1, path=2028 || ( 28% complete) success rate =  1.0 planning time = 5.77sec
planning: env=1, path=2029 || ( 29% complete) success rate =  1.0 planning time = 0.589sec
planning: env=1, path=2030 || ( 30% complete) success rate =  1.0 planning time = 0.707sec
planning: env=1, path=2031 || ( 31% complete) success rate =  1.0 planning time = 0.365sec
planning: env=1, path=2032 || ( 32% complete) success rate =  1.0 planning time = 0.371sec
planning: env=1, path=2033 || ( 33% complete) success rate =  1.0 planning time = 0.296sec
planning: env=1, path=2034 || ( 34% complete) success rate =  1.0 planning time = 0.261sec
planning: env=1, path=2035 || ( 35% complete) success rate =  1.0 planning time = 0.396sec
planning: env=1, path=2036 || ( 36% complete) success rate =  1.0 planning time = 0.547sec
planning: env=1, path=2037 || ( 37% complete) success rate =  1.0 planning time = 2.02sec
planning: env=1, path=2038 || ( 38% complete) success rate =  1.0 planning time = 1.24sec
planning: env=1, path=2039 || ( 39% complete) success rate =  1.0 planning time = 1.13sec
planning: env=1, path=2040 || ( 40% complete) success rate =  1.0 planning time = 0.506sec
planning: env=1, path=2041 || ( 41% complete) success rate =  1.0 planning time = 0.262sec
planning: env=1, path=2042 || ( 42% complete) success rate =  1.0 planning time = 0.368sec
planning: env=1, path=2043 || ( 43% complete) success rate =  1.0 planning time = 4.04sec
planning: env=1, path=2044 || ( 44% complete) success rate =  1.0 planning time = 4.11sec
planning: env=1, path=2045 || ( 45% complete) success rate =  1.0 planning time = 0.537sec
planning: env=1, path=2046 || ( 46% complete) success rate =  1.0 planning time = 0.253sec
planning: env=1, path=2047 || ( 47% complete) success rate =  1.0 planning time = 0.242sec
planning: env=1, path=2048 || ( 48% complete) success rate =  1.0 planning time = 0.164sec
planning: env=1, path=2049 || ( 49% complete) success rate =  1.0 planning time = 2.07sec
planning: env=1, path=2050 || ( 50% complete) success rate =  1.0 planning time = 0.339sec
planning: env=1, path=2051 || ( 51% complete) success rate =  1.0 planning time = 3.98sec
planning: env=1, path=2052 || ( 52% complete) success rate =  1.0 planning time = 0.506sec
planning: env=1, path=2053 || ( 53% complete) success rate =  1.0 planning time = 0.372sec
planning: env=1, path=2054 || ( 54% complete) success rate =  1.0 planning time = 0.884sec
planning: env=1, path=2055 || ( 55% complete) success rate =  1.0 planning time = 0.329sec
planning: env=1, path=2056 || ( 56% complete) success rate =  1.0 planning time = 0.475sec
planning: env=1, path=2057 || ( 57% complete) success rate =  1.0 planning time =  3.9sec
planning: env=1, path=2058 || ( 58% complete) success rate =  1.0 planning time = 0.478sec
planning: env=1, path=2059 || ( 59% complete) success rate =  1.0 planning time = 0.286sec
planning: env=1, path=2060 || ( 60% complete) success rate =  1.0 planning time = 0.654sec
planning: env=1, path=2061 || ( 61% complete) success rate =  1.0 planning time = 7.08sec
planning: env=1, path=2062 || ( 62% complete) success rate =  1.0 planning time = 20.3sec
planning: env=1, path=2063 || ( 63% complete) success rate =  1.0 planning time = 0.583sec
planning: env=1, path=2064 || ( 64% complete) success rate =  1.0 planning time = 0.646sec
planning: env=1, path=2065 || ( 65% complete) success rate =  1.0 planning time = 4.95sec
planning: env=1, path=2066 || ( 66% complete) success rate =  1.0 planning time = 0.252sec
planning: env=1, path=2067 || ( 67% complete) success rate =  1.0 planning time = 0.456sec
planning: env=1, path=2068 || ( 68% complete) success rate =  1.0 planning time = 0.43sec
planning: env=1, path=2069 || ( 69% complete) success rate =  1.0 planning time = 0.568sec
planning: env=1, path=2070 || ( 70% complete) success rate =  1.0 planning time = 0.225sec
planning: env=1, path=2071 || ( 71% complete) success rate =  1.0 planning time = 0.43sec
planning: env=1, path=2072 || ( 72% complete) success rate =  1.0 planning time = 0.39sec
planning: env=1, path=2073 || ( 73% complete) success rate =  1.0 planning time = 1.03sec
planning: env=1, path=2074 || ( 74% complete) success rate =  1.0 planning time = 1.62sec
planning: env=1, path=2075 || ( 75% complete) success rate =  1.0 planning time = 0.341sec
planning: env=1, path=2076 || ( 76% complete) success rate =  1.0 planning time = 1.58sec
planning: env=1, path=2077 || ( 77% complete) success rate =  1.0 planning time = 2.08sec
planning: env=1, path=2078 || ( 78% complete) success rate =  1.0 planning time = 1.72sec
planning: env=1, path=2079 || ( 79% complete) success rate =  1.0 planning time = 0.534sec
planning: env=1, path=2080 || ( 80% complete) success rate =  1.0 planning time = 0.562sec
planning: env=1, path=2081 || ( 81% complete) success rate =  1.0 planning time = 0.365sec
planning: env=1, path=2082 || ( 82% complete) success rate =  1.0 planning time = 0.338sec
planning: env=1, path=2083 || ( 83% complete) success rate =  1.0 planning time =  1.4sec
planning: env=1, path=2084 || ( 84% complete) success rate =  1.0 planning time = 0.771sec
planning: env=1, path=2085 || ( 85% complete) success rate =  1.0 planning time = 0.386sec
planning: env=1, path=2086 || ( 86% complete) success rate =  1.0 planning time = 0.501sec
planning: env=1, path=2087 || ( 87% complete) success rate =  1.0 planning time =  0.4sec
planning: env=1, path=2088 || ( 88% complete) success rate =  1.0 planning time = 0.474sec
planning: env=1, path=2089 || ( 89% complete) success rate =  1.0 planning time = 0.354sec
planning: env=1, path=2090 || ( 90% complete) success rate =  1.0 planning time = 0.371sec
planning: env=1, path=2091 || ( 91% complete) success rate =  1.0 planning time = 0.228sec
planning: env=1, path=2092 || ( 92% complete) success rate =  1.0 planning time = 0.654sec
planning: env=1, path=2093 || ( 93% complete) success rate =  1.0 planning time = 0.663sec
planning: env=1, path=2094 || ( 94% complete) success rate =  1.0 planning time = 0.284sec
planning: env=1, path=2095 || ( 95% complete) success rate =  1.0 planning time = 2.25sec
planning: env=1, path=2096 || ( 96% complete) success rate =  1.0 planning time = 0.0617sec
planning: env=1, path=2097 || ( 97% complete) success rate =  1.0 planning time = 0.727sec
planning: env=1, path=2098 || ( 98% complete) success rate =  1.0 planning time = 0.486sec
planning: env=1, path=2099 || ( 99% complete) success rate =  1.0 planning time = 0.413sec
planning: env=1, path=2099 || (100% complete) success rate =  1.0 planning time = 0.413sec
planning: env=2, path=- || (  0% complete) success rate = ---- planning time = ----sec
planning: env=2, path=2000 || (  0% complete) success rate =  1.0 planning time = 0.371sec
planning: env=2, path=2001 || (  1% complete) success rate =  1.0 planning time = 0.479sec
planning: env=2, path=2002 || (  2% complete) success rate =  1.0 planning time = 8.58sec
planning: env=2, path=2003 || (  3% complete) success rate =  1.0 planning time = 0.373sec
planning: env=2, path=2004 || (  4% complete) success rate =  1.0 planning time = 0.739sec
planning: env=2, path=2005 || (  5% complete) success rate =  1.0 planning time = 0.767sec
planning: env=2, path=2006 || (  6% complete) success rate =  1.0 planning time = 0.562sec
planning: env=2, path=2007 || (  7% complete) success rate =  1.0 planning time = 4.11sec
planning: env=2, path=2008 || (  8% complete) success rate =  1.0 planning time = 0.653sec
planning: env=2, path=2009 || (  9% complete) success rate =  1.0 planning time = 0.478sec
planning: env=2, path=2010 || ( 10% complete) success rate =  1.0 planning time = 0.411sec
planning: env=2, path=2011 || ( 11% complete) success rate =  1.0 planning time = 0.44sec
planning: env=2, path=2012 || ( 12% complete) success rate =  1.0 planning time = 2.68sec
planning: env=2, path=2013 || ( 13% complete) success rate =  1.0 planning time = 0.401sec
planning: env=2, path=2014 || ( 14% complete) success rate =  1.0 planning time = 0.669sec
planning: env=2, path=2015 || ( 15% complete) success rate =  1.0 planning time = 0.17sec
planning: env=2, path=2016 || ( 16% complete) success rate =  1.0 planning time = 0.254sec
planning: env=2, path=2017 || ( 17% complete) success rate =  1.0 planning time = 0.201sec
planning: env=2, path=2018 || ( 18% complete) success rate =  1.0 planning time = 0.339sec
planning: env=2, path=2019 || ( 19% complete) success rate =  1.0 planning time = 0.478sec
planning: env=2, path=2020 || ( 20% complete) success rate =  1.0 planning time = 0.295sec
planning: env=2, path=2021 || ( 21% complete) success rate =  1.0 planning time = 0.325sec
planning: env=2, path=2022 || ( 22% complete) success rate =  1.0 planning time = 0.591sec
planning: env=2, path=2023 || ( 23% complete) success rate =  1.0 planning time = 0.633sec
planning: env=2, path=2024 || ( 24% complete) success rate =  1.0 planning time = 0.309sec
planning: env=2, path=2025 || ( 25% complete) success rate =  1.0 planning time = 0.493sec
planning: env=2, path=2026 || ( 26% complete) success rate =  1.0 planning time = 0.509sec
planning: env=2, path=2027 || ( 27% complete) success rate =  1.0 planning time = 0.592sec
planning: env=2, path=2028 || ( 28% complete) success rate =  1.0 planning time = 1.13sec
planning: env=2, path=2029 || ( 29% complete) success rate =  1.0 planning time = 0.244sec
planning: env=2, path=2030 || ( 30% complete) success rate =  1.0 planning time = 1.97sec
planning: env=2, path=2031 || ( 31% complete) success rate =  1.0 planning time = 0.33sec
planning: env=2, path=2032 || ( 32% complete) success rate =  1.0 planning time = 11.8sec
planning: env=2, path=2033 || ( 33% complete) success rate =  1.0 planning time = 0.931sec
planning: env=2, path=2034 || ( 34% complete) success rate =  1.0 planning time = 0.441sec
planning: env=2, path=2035 || ( 35% complete) success rate =  1.0 planning time = 0.638sec
planning: env=2, path=2036 || ( 36% complete) success rate =  1.0 planning time = 6.15sec
planning: env=2, path=2037 || ( 37% complete) success rate =  1.0 planning time = 0.554sec
planning: env=2, path=2038 || ( 38% complete) success rate =  1.0 planning time = 2.95sec
planning: env=2, path=2039 || ( 39% complete) success rate =  1.0 planning time = 4.86sec
planning: env=2, path=2040 || ( 40% complete) success rate =  1.0 planning time = 0.356sec
planning: env=2, path=2041 || ( 41% complete) success rate =  1.0 planning time = 0.31sec
planning: env=2, path=2042 || ( 42% complete) success rate =  1.0 planning time = 0.757sec
planning: env=2, path=2043 || ( 43% complete) success rate =  1.0 planning time = 0.481sec
planning: env=2, path=2044 || ( 44% complete) success rate =  1.0 planning time = 2.39sec
planning: env=2, path=2045 || ( 45% complete) success rate =  1.0 planning time = 8.82sec
planning: env=2, path=2046 || ( 46% complete) success rate =  1.0 planning time = 0.663sec
planning: env=2, path=2047 || ( 47% complete) success rate =  1.0 planning time = 0.318sec
planning: env=2, path=2048 || ( 48% complete) success rate =  1.0 planning time = 0.492sec
planning: env=2, path=2049 || ( 49% complete) success rate =  1.0 planning time = 0.267sec
planning: env=2, path=2050 || ( 50% complete) success rate =  1.0 planning time = 0.485sec
planning: env=2, path=2051 || ( 51% complete) success rate =  1.0 planning time = 0.165sec
planning: env=2, path=2052 || ( 52% complete) success rate =  1.0 planning time = 0.783sec
planning: env=2, path=2053 || ( 53% complete) success rate =  1.0 planning time = 0.304sec
planning: env=2, path=2054 || ( 54% complete) success rate =  1.0 planning time = 0.288sec
planning: env=2, path=2055 || ( 55% complete) success rate =  1.0 planning time = 2.57sec
planning: env=2, path=2056 || ( 56% complete) success rate =  1.0 planning time = 0.494sec
planning: env=2, path=2057 || ( 57% complete) success rate =  1.0 planning time = 0.69sec
planning: env=2, path=2058 || ( 58% complete) success rate =  1.0 planning time = 0.327sec
planning: env=2, path=2059 || ( 59% complete) success rate =  1.0 planning time = 0.703sec
planning: env=2, path=2060 || ( 60% complete) success rate =  1.0 planning time = 0.485sec
planning: env=2, path=2061 || ( 61% complete) success rate =  1.0 planning time = 0.297sec
planning: env=2, path=2062 || ( 62% complete) success rate =  1.0 planning time =  1.4sec
planning: env=2, path=2063 || ( 63% complete) success rate =  1.0 planning time = 0.557sec
planning: env=2, path=2064 || ( 64% complete) success rate =  1.0 planning time = 0.501sec
planning: env=2, path=2065 || ( 65% complete) success rate =  1.0 planning time = 0.28sec
planning: env=2, path=2066 || ( 66% complete) success rate =  1.0 planning time = 0.831sec
planning: env=2, path=2067 || ( 67% complete) success rate =  1.0 planning time = 0.873sec
planning: env=2, path=2068 || ( 68% complete) success rate =  1.0 planning time = 0.496sec
planning: env=2, path=2069 || ( 69% complete) success rate =  1.0 planning time = 0.476sec
planning: env=2, path=2070 || ( 70% complete) success rate =  1.0 planning time = 0.343sec
planning: env=2, path=2071 || ( 71% complete) success rate =  1.0 planning time = 0.529sec
planning: env=2, path=2072 || ( 72% complete) success rate =  1.0 planning time = 0.377sec
planning: env=2, path=2073 || ( 73% complete) success rate =  1.0 planning time = 0.469sec
planning: env=2, path=2074 || ( 74% complete) success rate =  1.0 planning time = 0.0848sec
planning: env=2, path=2075 || ( 75% complete) success rate =  1.0 planning time = 0.52sec
planning: env=2, path=2076 || ( 76% complete) success rate =  1.0 planning time = 0.222sec
planning: env=2, path=2077 || ( 77% complete) success rate =  1.0 planning time = 7.81sec
planning: env=2, path=2078 || ( 78% complete) success rate =  1.0 planning time = 0.572sec
planning: env=2, path=2079 || ( 79% complete) success rate =  1.0 planning time = 2.55sec
planning: env=2, path=2080 || ( 80% complete) success rate =  1.0 planning time = 1.16sec
planning: env=2, path=2081 || ( 81% complete) success rate =  1.0 planning time = 0.0863sec
planning: env=2, path=2082 || ( 82% complete) success rate =  1.0 planning time = 1.01sec
planning: env=2, path=2083 || ( 83% complete) success rate =  1.0 planning time = 0.643sec
planning: env=2, path=2084 || ( 84% complete) success rate =  1.0 planning time = 4.06sec
planning: env=2, path=2085 || ( 85% complete) success rate =  1.0 planning time = 4.16sec
planning: env=2, path=2086 || ( 86% complete) success rate =  1.0 planning time = 0.609sec
planning: env=2, path=2087 || ( 87% complete) success rate =  1.0 planning time = 0.971sec
planning: env=2, path=2088 || ( 88% complete) success rate =  1.0 planning time = 0.331sec
planning: env=2, path=2089 || ( 89% complete) success rate =  1.0 planning time =  4.3sec
planning: env=2, path=2090 || ( 90% complete) success rate =  1.0 planning time = 6.85sec
planning: env=2, path=2091 || ( 91% complete) success rate =  1.0 planning time = 0.235sec
planning: env=2, path=2092 || ( 92% complete) success rate =  1.0 planning time = 13.2sec
planning: env=2, path=2093 || ( 93% complete) success rate =  1.0 planning time = 0.48sec
planning: env=2, path=2094 || ( 94% complete) success rate =  1.0 planning time = 0.344sec
planning: env=2, path=2095 || ( 95% complete) success rate =  1.0 planning time = 2.51sec
planning: env=2, path=2096 || ( 96% complete) success rate =  1.0 planning time = 0.653sec
planning: env=2, path=2097 || ( 97% complete) success rate =  1.0 planning time = 0.227sec
planning: env=2, path=2098 || ( 98% complete) success rate =  1.0 planning time = 1.67sec
planning: env=2, path=2099 || ( 99% complete) success rate =  1.0 planning time = 0.624sec
planning: env=2, path=2099 || (100% complete) success rate =  1.0 planning time = 0.624sec
planning: env=3, path=- || (  0% complete) success rate = ---- planning time = ----sec
planning: env=3, path=2000 || (  0% complete) success rate =  1.0 planning time = 0.424sec
planning: env=3, path=2001 || (  1% complete) success rate =  1.0 planning time = 0.391sec
planning: env=3, path=2002 || (  2% complete) success rate =  1.0 planning time = 0.201sec
planning: env=3, path=2003 || (  3% complete) success rate =  1.0 planning time = 0.549sec
planning: env=3, path=2004 || (  4% complete) success rate =  1.0 planning time = 0.222sec
planning: env=3, path=2005 || (  5% complete) success rate =  1.0 planning time = 0.449sec
planning: env=3, path=2006 || (  6% complete) success rate =  1.0 planning time = 0.246sec
planning: env=3, path=2007 || (  7% complete) success rate =  1.0 planning time = 0.289sec
planning: env=3, path=2008 || (  8% complete) success rate =  1.0 planning time = 5.65sec
planning: env=3, path=2009 || (  9% complete) success rate =  1.0 planning time = 0.589sec
planning: env=3, path=2010 || ( 10% complete) success rate =  1.0 planning time = 0.462sec
planning: env=3, path=2011 || ( 11% complete) success rate =  1.0 planning time = 0.179sec
planning: env=3, path=2012 || ( 12% complete) success rate =  1.0 planning time = 0.401sec
planning: env=3, path=2013 || ( 13% complete) success rate =  1.0 planning time = 0.629sec
planning: env=3, path=2014 || ( 14% complete) success rate =  1.0 planning time = 0.384sec
planning: env=3, path=2015 || ( 15% complete) success rate =  1.0 planning time = 11.6sec
planning: env=3, path=2016 || ( 16% complete) success rate =  1.0 planning time = 0.287sec
planning: env=3, path=2017 || ( 17% complete) success rate =  1.0 planning time = 8.03sec
planning: env=3, path=2018 || ( 18% complete) success rate =  1.0 planning time = 0.492sec
planning: env=3, path=2019 || ( 19% complete) success rate =  1.0 planning time = 2.36sec
planning: env=3, path=2020 || ( 20% complete) success rate =  1.0 planning time = 0.64sec
planning: env=3, path=2021 || ( 21% complete) success rate =  1.0 planning time = 0.281sec
planning: env=3, path=2022 || ( 22% complete) success rate =  1.0 planning time = 0.503sec
planning: env=3, path=2023 || ( 23% complete) success rate =  1.0 planning time = 0.466sec
planning: env=3, path=2024 || ( 24% complete) success rate =  1.0 planning time = 0.223sec
planning: env=3, path=2025 || ( 25% complete) success rate =  1.0 planning time = 1.73sec
planning: env=3, path=2026 || ( 26% complete) success rate =  1.0 planning time = 1.68sec
planning: env=3, path=2026 || ( 28% complete) success rate =  1.0 planning time = 1.68sec
planning: env=3, path=2028 || ( 28% complete) success rate = 0.966 planning time = 2.96sec
planning: env=3, path=2029 || ( 29% complete) success rate = 0.967 planning time = 0.425sec
planning: env=3, path=2030 || ( 30% complete) success rate = 0.968 planning time = 0.269sec
planning: env=3, path=2031 || ( 31% complete) success rate = 0.969 planning time = 0.654sec
planning: env=3, path=2032 || ( 32% complete) success rate = 0.97 planning time = 0.36sec
planning: env=3, path=2033 || ( 33% complete) success rate = 0.971 planning time = 1.63sec
planning: env=3, path=2034 || ( 34% complete) success rate = 0.971 planning time = 2.47sec
planning: env=3, path=2035 || ( 35% complete) success rate = 0.972 planning time = 0.609sec
planning: env=3, path=2036 || ( 36% complete) success rate = 0.973 planning time = 7.59sec
planning: env=3, path=2037 || ( 37% complete) success rate = 0.974 planning time = 1.58sec
planning: env=3, path=2038 || ( 38% complete) success rate = 0.974 planning time = 0.243sec
planning: env=3, path=2039 || ( 39% complete) success rate = 0.975 planning time = 0.347sec
planning: env=3, path=2040 || ( 40% complete) success rate = 0.976 planning time = 3.18sec
planning: env=3, path=2041 || ( 41% complete) success rate = 0.976 planning time = 1.48sec
planning: env=3, path=2042 || ( 42% complete) success rate = 0.977 planning time = 0.666sec
planning: env=3, path=2043 || ( 43% complete) success rate = 0.977 planning time = 1.51sec
planning: env=3, path=2044 || ( 44% complete) success rate = 0.978 planning time = 0.644sec
planning: env=3, path=2045 || ( 45% complete) success rate = 0.978 planning time = 0.627sec
planning: env=3, path=2046 || ( 46% complete) success rate = 0.979 planning time = 0.805sec
planning: env=3, path=2047 || ( 47% complete) success rate = 0.979 planning time = 0.261sec
planning: env=3, path=2048 || ( 48% complete) success rate = 0.98 planning time = 0.38sec
planning: env=3, path=2049 || ( 49% complete) success rate = 0.98 planning time = 0.137sec
planning: env=3, path=2050 || ( 50% complete) success rate = 0.98 planning time = 2.59sec
planning: env=3, path=2051 || ( 51% complete) success rate = 0.981 planning time = 0.713sec
planning: env=3, path=2052 || ( 52% complete) success rate = 0.981 planning time =  2.0sec
planning: env=3, path=2053 || ( 53% complete) success rate = 0.981 planning time = 2.25sec
planning: env=3, path=2054 || ( 54% complete) success rate = 0.982 planning time = 0.478sec
planning: env=3, path=2055 || ( 55% complete) success rate = 0.982 planning time = 0.174sec
planning: env=3, path=2056 || ( 56% complete) success rate = 0.982 planning time = 0.656sec
planning: env=3, path=2057 || ( 57% complete) success rate = 0.983 planning time = 0.244sec
planning: env=3, path=2058 || ( 58% complete) success rate = 0.983 planning time = 0.476sec
planning: env=3, path=2059 || ( 59% complete) success rate = 0.983 planning time = 0.391sec
planning: env=3, path=2060 || ( 60% complete) success rate = 0.984 planning time = 0.276sec
planning: env=3, path=2061 || ( 61% complete) success rate = 0.984 planning time = 0.238sec
planning: env=3, path=2062 || ( 62% complete) success rate = 0.984 planning time = 0.522sec
planning: env=3, path=2063 || ( 63% complete) success rate = 0.984 planning time = 0.24sec
planning: env=3, path=2064 || ( 64% complete) success rate = 0.985 planning time = 0.208sec
planning: env=3, path=2065 || ( 65% complete) success rate = 0.985 planning time = 0.263sec
planning: env=3, path=2066 || ( 66% complete) success rate = 0.985 planning time = 0.239sec
planning: env=3, path=2067 || ( 67% complete) success rate = 0.985 planning time = 0.783sec
planning: env=3, path=2068 || ( 68% complete) success rate = 0.986 planning time = 1.06sec
planning: env=3, path=2069 || ( 69% complete) success rate = 0.986 planning time = 0.447sec
planning: env=3, path=2070 || ( 70% complete) success rate = 0.986 planning time = 0.518sec
planning: env=3, path=2071 || ( 71% complete) success rate = 0.986 planning time = 0.417sec
planning: env=3, path=2072 || ( 72% complete) success rate = 0.986 planning time = 0.543sec
planning: env=3, path=2073 || ( 73% complete) success rate = 0.986 planning time = 2.23sec
planning: env=3, path=2074 || ( 74% complete) success rate = 0.987 planning time = 0.975sec
planning: env=3, path=2075 || ( 75% complete) success rate = 0.987 planning time = 1.27sec
planning: env=3, path=2076 || ( 76% complete) success rate = 0.987 planning time = 0.398sec
planning: env=3, path=2077 || ( 77% complete) success rate = 0.987 planning time = 1.22sec
planning: env=3, path=2078 || ( 78% complete) success rate = 0.987 planning time = 3.87sec
planning: env=3, path=2079 || ( 79% complete) success rate = 0.988 planning time = 0.606sec
planning: env=3, path=2080 || ( 80% complete) success rate = 0.988 planning time =  9.3sec
planning: env=3, path=2081 || ( 81% complete) success rate = 0.988 planning time = 8.86sec
planning: env=3, path=2082 || ( 82% complete) success rate = 0.988 planning time = 0.295sec
planning: env=3, path=2083 || ( 83% complete) success rate = 0.988 planning time = 0.532sec
planning: env=3, path=2084 || ( 84% complete) success rate = 0.988 planning time = 0.761sec
planning: env=3, path=2085 || ( 85% complete) success rate = 0.988 planning time = 0.792sec
planning: env=3, path=2086 || ( 86% complete) success rate = 0.989 planning time = 0.337sec
planning: env=3, path=2087 || ( 87% complete) success rate = 0.989 planning time = 3.84sec
planning: env=3, path=2088 || ( 88% complete) success rate = 0.989 planning time = 0.732sec
planning: env=3, path=2089 || ( 89% complete) success rate = 0.989 planning time = 0.229sec
planning: env=3, path=2090 || ( 90% complete) success rate = 0.989 planning time = 0.935sec
planning: env=3, path=2091 || ( 91% complete) success rate = 0.989 planning time = 2.06sec
planning: env=3, path=2092 || ( 92% complete) success rate = 0.989 planning time = 0.637sec
planning: env=3, path=2093 || ( 93% complete) success rate = 0.989 planning time = 0.524sec
planning: env=3, path=2094 || ( 94% complete) success rate = 0.989 planning time = 0.228sec
planning: env=3, path=2095 || ( 95% complete) success rate = 0.99 planning time = 0.631sec
planning: env=3, path=2096 || ( 96% complete) success rate = 0.99 planning time = 0.55sec
planning: env=3, path=2097 || ( 97% complete) success rate = 0.99 planning time = 0.547sec
planning: env=3, path=2098 || ( 98% complete) success rate = 0.99 planning time = 0.606sec
planning: env=3, path=2099 || ( 99% complete) success rate = 0.99 planning time = 0.476sec
planning: env=3, path=2099 || (100% complete) success rate = 0.99 planning time = 0.476sec
planning: env=4, path=- || (  0% complete) success rate = ---- planning time = ----sec
planning: env=4, path=2000 || (  0% complete) success rate =  1.0 planning time =  1.8sec
planning: env=4, path=2001 || (  1% complete) success rate =  1.0 planning time = 0.355sec
planning: env=4, path=2002 || (  2% complete) success rate =  1.0 planning time = 2.79sec
planning: env=4, path=2003 || (  3% complete) success rate =  1.0 planning time = 0.0665sec
planning: env=4, path=2004 || (  4% complete) success rate =  1.0 planning time = 2.44sec
planning: env=4, path=2005 || (  5% complete) success rate =  1.0 planning time = 0.412sec
planning: env=4, path=2006 || (  6% complete) success rate =  1.0 planning time = 12.4sec
planning: env=4, path=2006 || (  8% complete) success rate =  1.0 planning time = 12.4sec
planning: env=4, path=2008 || (  8% complete) success rate = 0.889 planning time = 0.529sec
planning: env=4, path=2009 || (  9% complete) success rate =  0.9 planning time = 3.08sec
planning: env=4, path=2010 || ( 10% complete) success rate = 0.909 planning time = 2.82sec
planning: env=4, path=2011 || ( 11% complete) success rate = 0.917 planning time = 1.17sec
planning: env=4, path=2012 || ( 12% complete) success rate = 0.923 planning time = 0.658sec
planning: env=4, path=2013 || ( 13% complete) success rate = 0.929 planning time = 0.526sec
planning: env=4, path=2014 || ( 14% complete) success rate = 0.933 planning time = 0.383sec
planning: env=4, path=2015 || ( 15% complete) success rate = 0.938 planning time = 1.38sec
planning: env=4, path=2016 || ( 16% complete) success rate = 0.941 planning time = 1.93sec
planning: env=4, path=2017 || ( 17% complete) success rate = 0.944 planning time = 0.459sec
planning: env=4, path=2018 || ( 18% complete) success rate = 0.947 planning time =  0.4sec
planning: env=4, path=2019 || ( 19% complete) success rate = 0.95 planning time = 1.78sec
planning: env=4, path=2020 || ( 20% complete) success rate = 0.952 planning time = 1.52sec
planning: env=4, path=2021 || ( 21% complete) success rate = 0.955 planning time = 3.81sec
planning: env=4, path=2022 || ( 22% complete) success rate = 0.957 planning time = 0.539sec
planning: env=4, path=2023 || ( 23% complete) success rate = 0.958 planning time = 0.671sec
planning: env=4, path=2024 || ( 24% complete) success rate = 0.96 planning time = 10.3sec
planning: env=4, path=2025 || ( 25% complete) success rate = 0.962 planning time = 0.69sec
planning: env=4, path=2026 || ( 26% complete) success rate = 0.963 planning time = 2.67sec
planning: env=4, path=2027 || ( 27% complete) success rate = 0.964 planning time = 3.55sec
planning: env=4, path=2028 || ( 28% complete) success rate = 0.966 planning time =  1.3sec
planning: env=4, path=2029 || ( 29% complete) success rate = 0.967 planning time = 1.15sec
planning: env=4, path=2030 || ( 30% complete) success rate = 0.968 planning time = 0.209sec
planning: env=4, path=2031 || ( 31% complete) success rate = 0.969 planning time = 0.448sec
planning: env=4, path=2032 || ( 32% complete) success rate = 0.97 planning time = 0.442sec
planning: env=4, path=2033 || ( 33% complete) success rate = 0.971 planning time = 0.554sec
planning: env=4, path=2034 || ( 34% complete) success rate = 0.971 planning time = 10.5sec
planning: env=4, path=2035 || ( 35% complete) success rate = 0.972 planning time = 0.586sec
planning: env=4, path=2036 || ( 36% complete) success rate = 0.973 planning time = 0.181sec
planning: env=4, path=2037 || ( 37% complete) success rate = 0.974 planning time = 0.486sec
planning: env=4, path=2038 || ( 38% complete) success rate = 0.974 planning time = 5.62sec
planning: env=4, path=2039 || ( 39% complete) success rate = 0.975 planning time = 0.661sec
planning: env=4, path=2040 || ( 40% complete) success rate = 0.976 planning time = 0.323sec
planning: env=4, path=2041 || ( 41% complete) success rate = 0.976 planning time = 4.71sec
planning: env=4, path=2042 || ( 42% complete) success rate = 0.977 planning time = 0.275sec
planning: env=4, path=2043 || ( 43% complete) success rate = 0.977 planning time = 0.294sec
planning: env=4, path=2044 || ( 44% complete) success rate = 0.978 planning time = 1.48sec
planning: env=4, path=2045 || ( 45% complete) success rate = 0.978 planning time = 0.879sec
planning: env=4, path=2046 || ( 46% complete) success rate = 0.979 planning time = 5.24sec
planning: env=4, path=2047 || ( 47% complete) success rate = 0.979 planning time = 1.47sec
planning: env=4, path=2048 || ( 48% complete) success rate = 0.98 planning time = 0.534sec
planning: env=4, path=2049 || ( 49% complete) success rate = 0.98 planning time = 0.62sec
planning: env=4, path=2050 || ( 50% complete) success rate = 0.98 planning time = 0.575sec
planning: env=4, path=2051 || ( 51% complete) success rate = 0.981 planning time = 0.654sec
planning: env=4, path=2052 || ( 52% complete) success rate = 0.981 planning time = 0.585sec
planning: env=4, path=2053 || ( 53% complete) success rate = 0.981 planning time = 0.708sec
planning: env=4, path=2054 || ( 54% complete) success rate = 0.982 planning time = 0.594sec
planning: env=4, path=2055 || ( 55% complete) success rate = 0.982 planning time = 4.54sec
planning: env=4, path=2056 || ( 56% complete) success rate = 0.982 planning time = 3.07sec
planning: env=4, path=2057 || ( 57% complete) success rate = 0.983 planning time = 0.636sec
planning: env=4, path=2058 || ( 58% complete) success rate = 0.983 planning time = 2.47sec
planning: env=4, path=2059 || ( 59% complete) success rate = 0.983 planning time = 0.239sec
planning: env=4, path=2060 || ( 60% complete) success rate = 0.984 planning time = 0.45sec
planning: env=4, path=2061 || ( 61% complete) success rate = 0.984 planning time = 0.51sec
planning: env=4, path=2062 || ( 62% complete) success rate = 0.984 planning time = 0.553sec
planning: env=4, path=2063 || ( 63% complete) success rate = 0.984 planning time = 0.775sec
planning: env=4, path=2064 || ( 64% complete) success rate = 0.985 planning time = 0.685sec
planning: env=4, path=2065 || ( 65% complete) success rate = 0.985 planning time = 0.261sec
planning: env=4, path=2066 || ( 66% complete) success rate = 0.985 planning time = 0.382sec
planning: env=4, path=2067 || ( 67% complete) success rate = 0.985 planning time = 0.0963sec
planning: env=4, path=2068 || ( 68% complete) success rate = 0.986 planning time = 0.123sec
planning: env=4, path=2069 || ( 69% complete) success rate = 0.986 planning time =  1.0sec
planning: env=4, path=2070 || ( 70% complete) success rate = 0.986 planning time = 10.9sec
planning: env=4, path=2071 || ( 71% complete) success rate = 0.986 planning time = 0.399sec
planning: env=4, path=2072 || ( 72% complete) success rate = 0.986 planning time = 0.587sec
planning: env=4, path=2073 || ( 73% complete) success rate = 0.986 planning time = 0.0776sec
planning: env=4, path=2074 || ( 74% complete) success rate = 0.987 planning time = 1.09sec
planning: env=4, path=2075 || ( 75% complete) success rate = 0.987 planning time = 0.262sec
planning: env=4, path=2076 || ( 76% complete) success rate = 0.987 planning time = 0.284sec
planning: env=4, path=2077 || ( 77% complete) success rate = 0.987 planning time = 7.45sec
planning: env=4, path=2078 || ( 78% complete) success rate = 0.987 planning time = 0.985sec
planning: env=4, path=2079 || ( 79% complete) success rate = 0.988 planning time = 11.4sec
planning: env=4, path=2080 || ( 80% complete) success rate = 0.988 planning time = 0.622sec
planning: env=4, path=2081 || ( 81% complete) success rate = 0.988 planning time = 0.549sec
planning: env=4, path=2082 || ( 82% complete) success rate = 0.988 planning time = 0.472sec
planning: env=4, path=2083 || ( 83% complete) success rate = 0.988 planning time = 1.96sec
planning: env=4, path=2084 || ( 84% complete) success rate = 0.988 planning time = 0.393sec
planning: env=4, path=2085 || ( 85% complete) success rate = 0.988 planning time = 1.14sec
planning: env=4, path=2086 || ( 86% complete) success rate = 0.989 planning time = 0.53sec
planning: env=4, path=2087 || ( 87% complete) success rate = 0.989 planning time = 0.565sec
planning: env=4, path=2088 || ( 88% complete) success rate = 0.989 planning time = 0.199sec
planning: env=4, path=2089 || ( 89% complete) success rate = 0.989 planning time = 0.377sec
planning: env=4, path=2090 || ( 90% complete) success rate = 0.989 planning time = 0.735sec
planning: env=4, path=2091 || ( 91% complete) success rate = 0.989 planning time = 0.362sec
planning: env=4, path=2092 || ( 92% complete) success rate = 0.989 planning time = 0.383sec
planning: env=4, path=2093 || ( 93% complete) success rate = 0.989 planning time = 0.187sec
planning: env=4, path=2094 || ( 94% complete) success rate = 0.989 planning time = 0.381sec
planning: env=4, path=2095 || ( 95% complete) success rate = 0.99 planning time = 0.384sec
planning: env=4, path=2096 || ( 96% complete) success rate = 0.99 planning time = 0.632sec
planning: env=4, path=2097 || ( 97% complete) success rate = 0.99 planning time = 0.836sec
planning: env=4, path=2098 || ( 98% complete) success rate = 0.99 planning time = 0.407sec
planning: env=4, path=2099 || ( 99% complete) success rate = 0.99 planning time = 0.546sec
planning: env=4, path=2099 || (100% complete) success rate = 0.99 planning time = 0.546sec
planning: env=5, path=- || (  0% complete) success rate = ---- planning time = ----sec
planning: env=5, path=2000 || (  0% complete) success rate =  1.0 planning time = 0.586sec
planning: env=5, path=2001 || (  1% complete) success rate =  1.0 planning time = 0.429sec
planning: env=5, path=2002 || (  2% complete) success rate =  1.0 planning time = 11.4sec
planning: env=5, path=2003 || (  3% complete) success rate =  1.0 planning time = 0.674sec
planning: env=5, path=2004 || (  4% complete) success rate =  1.0 planning time = 0.63sec
planning: env=5, path=2005 || (  5% complete) success rate =  1.0 planning time = 0.284sec
planning: env=5, path=2006 || (  6% complete) success rate =  1.0 planning time = 2.78sec
planning: env=5, path=2007 || (  7% complete) success rate =  1.0 planning time = 0.98sec
planning: env=5, path=2008 || (  8% complete) success rate =  1.0 planning time = 0.674sec
planning: env=5, path=2009 || (  9% complete) success rate =  1.0 planning time = 0.494sec
planning: env=5, path=2010 || ( 10% complete) success rate =  1.0 planning time = 0.321sec
planning: env=5, path=2011 || ( 11% complete) success rate =  1.0 planning time = 0.664sec
planning: env=5, path=2012 || ( 12% complete) success rate =  1.0 planning time = 2.72sec
planning: env=5, path=2013 || ( 13% complete) success rate =  1.0 planning time = 0.761sec
planning: env=5, path=2014 || ( 14% complete) success rate =  1.0 planning time = 0.438sec
planning: env=5, path=2015 || ( 15% complete) success rate =  1.0 planning time = 0.0772sec
planning: env=5, path=2016 || ( 16% complete) success rate =  1.0 planning time = 0.384sec
planning: env=5, path=2017 || ( 17% complete) success rate =  1.0 planning time = 0.41sec
planning: env=5, path=2018 || ( 18% complete) success rate =  1.0 planning time = 0.671sec
planning: env=5, path=2019 || ( 19% complete) success rate =  1.0 planning time = 0.365sec
planning: env=5, path=2020 || ( 20% complete) success rate =  1.0 planning time = 0.523sec
planning: env=5, path=2020 || ( 22% complete) success rate =  1.0 planning time = 0.523sec
planning: env=5, path=2022 || ( 22% complete) success rate = 0.957 planning time = 0.577sec
planning: env=5, path=2023 || ( 23% complete) success rate = 0.958 planning time = 0.588sec
planning: env=5, path=2024 || ( 24% complete) success rate = 0.96 planning time = 0.32sec
planning: env=5, path=2025 || ( 25% complete) success rate = 0.962 planning time = 0.438sec
planning: env=5, path=2026 || ( 26% complete) success rate = 0.963 planning time = 0.351sec
planning: env=5, path=2027 || ( 27% complete) success rate = 0.964 planning time = 0.495sec
planning: env=5, path=2028 || ( 28% complete) success rate = 0.966 planning time = 0.274sec
planning: env=5, path=2029 || ( 29% complete) success rate = 0.967 planning time = 0.377sec
planning: env=5, path=2030 || ( 30% complete) success rate = 0.968 planning time = 1.07sec
planning: env=5, path=2031 || ( 31% complete) success rate = 0.969 planning time = 0.266sec
planning: env=5, path=2032 || ( 32% complete) success rate = 0.97 planning time = 0.377sec
planning: env=5, path=2033 || ( 33% complete) success rate = 0.971 planning time = 0.516sec
planning: env=5, path=2034 || ( 34% complete) success rate = 0.971 planning time = 0.501sec
planning: env=5, path=2035 || ( 35% complete) success rate = 0.972 planning time = 1.82sec
planning: env=5, path=2036 || ( 36% complete) success rate = 0.973 planning time = 0.583sec
planning: env=5, path=2037 || ( 37% complete) success rate = 0.974 planning time = 0.373sec
planning: env=5, path=2038 || ( 38% complete) success rate = 0.974 planning time = 0.372sec
planning: env=5, path=2039 || ( 39% complete) success rate = 0.975 planning time = 0.423sec
planning: env=5, path=2040 || ( 40% complete) success rate = 0.976 planning time = 0.322sec
planning: env=5, path=2041 || ( 41% complete) success rate = 0.976 planning time = 0.495sec
planning: env=5, path=2042 || ( 42% complete) success rate = 0.977 planning time = 1.73sec
planning: env=5, path=2043 || ( 43% complete) success rate = 0.977 planning time = 0.389sec
planning: env=5, path=2044 || ( 44% complete) success rate = 0.978 planning time = 5.01sec
planning: env=5, path=2045 || ( 45% complete) success rate = 0.978 planning time = 5.29sec
planning: env=5, path=2046 || ( 46% complete) success rate = 0.979 planning time = 0.475sec
planning: env=5, path=2047 || ( 47% complete) success rate = 0.979 planning time = 0.224sec
planning: env=5, path=2048 || ( 48% complete) success rate = 0.98 planning time = 0.636sec
planning: env=5, path=2049 || ( 49% complete) success rate = 0.98 planning time = 0.697sec
planning: env=5, path=2050 || ( 50% complete) success rate = 0.98 planning time = 0.656sec
planning: env=5, path=2051 || ( 51% complete) success rate = 0.981 planning time = 0.558sec
planning: env=5, path=2052 || ( 52% complete) success rate = 0.981 planning time = 0.74sec
planning: env=5, path=2053 || ( 53% complete) success rate = 0.981 planning time = 0.481sec
planning: env=5, path=2054 || ( 54% complete) success rate = 0.982 planning time = 0.361sec
planning: env=5, path=2055 || ( 55% complete) success rate = 0.982 planning time =  3.3sec
planning: env=5, path=2056 || ( 56% complete) success rate = 0.982 planning time = 0.21sec
planning: env=5, path=2057 || ( 57% complete) success rate = 0.983 planning time = 0.673sec
planning: env=5, path=2058 || ( 58% complete) success rate = 0.983 planning time = 1.98sec
planning: env=5, path=2059 || ( 59% complete) success rate = 0.983 planning time = 0.521sec
planning: env=5, path=2060 || ( 60% complete) success rate = 0.984 planning time = 0.248sec
planning: env=5, path=2061 || ( 61% complete) success rate = 0.984 planning time = 0.231sec
planning: env=5, path=2062 || ( 62% complete) success rate = 0.984 planning time = 0.168sec
planning: env=5, path=2063 || ( 63% complete) success rate = 0.984 planning time = 0.232sec
planning: env=5, path=2064 || ( 64% complete) success rate = 0.985 planning time = 1.17sec
planning: env=5, path=2065 || ( 65% complete) success rate = 0.985 planning time = 0.336sec
planning: env=5, path=2066 || ( 66% complete) success rate = 0.985 planning time = 0.298sec
planning: env=5, path=2067 || ( 67% complete) success rate = 0.985 planning time = 4.38sec
planning: env=5, path=2068 || ( 68% complete) success rate = 0.986 planning time = 4.01sec
planning: env=5, path=2069 || ( 69% complete) success rate = 0.986 planning time = 0.207sec
planning: env=5, path=2070 || ( 70% complete) success rate = 0.986 planning time = 0.477sec
planning: env=5, path=2071 || ( 71% complete) success rate = 0.986 planning time = 1.66sec
planning: env=5, path=2072 || ( 72% complete) success rate = 0.986 planning time = 4.27sec
planning: env=5, path=2073 || ( 73% complete) success rate = 0.986 planning time = 0.501sec
planning: env=5, path=2074 || ( 74% complete) success rate = 0.987 planning time = 0.144sec
planning: env=5, path=2075 || ( 75% complete) success rate = 0.987 planning time = 0.468sec
planning: env=5, path=2076 || ( 76% complete) success rate = 0.987 planning time = 0.449sec
planning: env=5, path=2077 || ( 77% complete) success rate = 0.987 planning time = 0.272sec
planning: env=5, path=2078 || ( 78% complete) success rate = 0.987 planning time = 0.801sec
planning: env=5, path=2079 || ( 79% complete) success rate = 0.988 planning time = 0.649sec
planning: env=5, path=2080 || ( 80% complete) success rate = 0.988 planning time = 0.182sec
planning: env=5, path=2081 || ( 81% complete) success rate = 0.988 planning time = 0.337sec
planning: env=5, path=2082 || ( 82% complete) success rate = 0.988 planning time = 0.591sec
planning: env=5, path=2083 || ( 83% complete) success rate = 0.988 planning time = 0.667sec
planning: env=5, path=2084 || ( 84% complete) success rate = 0.988 planning time = 0.607sec
planning: env=5, path=2085 || ( 85% complete) success rate = 0.988 planning time =  1.4sec
planning: env=5, path=2086 || ( 86% complete) success rate = 0.989 planning time = 0.384sec
planning: env=5, path=2087 || ( 87% complete) success rate = 0.989 planning time = 0.187sec
planning: env=5, path=2088 || ( 88% complete) success rate = 0.989 planning time = 0.353sec
planning: env=5, path=2089 || ( 89% complete) success rate = 0.989 planning time = 0.335sec
planning: env=5, path=2090 || ( 90% complete) success rate = 0.989 planning time = 0.708sec
planning: env=5, path=2091 || ( 91% complete) success rate = 0.989 planning time = 0.71sec
planning: env=5, path=2092 || ( 92% complete) success rate = 0.989 planning time = 0.168sec
planning: env=5, path=2093 || ( 93% complete) success rate = 0.989 planning time = 0.433sec
planning: env=5, path=2094 || ( 94% complete) success rate = 0.989 planning time = 0.289sec
planning: env=5, path=2095 || ( 95% complete) success rate = 0.99 planning time = 0.289sec
planning: env=5, path=2096 || ( 96% complete) success rate = 0.99 planning time = 0.528sec
planning: env=5, path=2097 || ( 97% complete) success rate = 0.99 planning time = 0.541sec
planning: env=5, path=2098 || ( 98% complete) success rate = 0.99 planning time = 1.43sec
planning: env=5, path=2099 || ( 99% complete) success rate = 0.99 planning time = 0.24sec
planning: env=5, path=2099 || (100% complete) success rate = 0.99 planning time = 0.24sec
planning: env=6, path=- || (  0% complete) success rate = ---- planning time = ----sec
planning: env=6, path=2000 || (  0% complete) success rate =  1.0 planning time = 0.604sec
planning: env=6, path=2001 || (  1% complete) success rate =  1.0 planning time = 0.367sec
planning: env=6, path=2002 || (  2% complete) success rate =  1.0 planning time = 0.38sec
planning: env=6, path=2003 || (  3% complete) success rate =  1.0 planning time = 0.0887sec
planning: env=6, path=2004 || (  4% complete) success rate =  1.0 planning time = 0.617sec
planning: env=6, path=2005 || (  5% complete) success rate =  1.0 planning time = 0.166sec
planning: env=6, path=2006 || (  6% complete) success rate =  1.0 planning time = 0.277sec
planning: env=6, path=2007 || (  7% complete) success rate =  1.0 planning time = 0.85sec
planning: env=6, path=2008 || (  8% complete) success rate =  1.0 planning time = 0.91sec
planning: env=6, path=2009 || (  9% complete) success rate =  1.0 planning time = 0.112sec
planning: env=6, path=2010 || ( 10% complete) success rate =  1.0 planning time =  3.8sec
planning: env=6, path=2011 || ( 11% complete) success rate =  1.0 planning time = 0.524sec
planning: env=6, path=2012 || ( 12% complete) success rate =  1.0 planning time = 3.84sec
planning: env=6, path=2013 || ( 13% complete) success rate =  1.0 planning time = 7.86sec
planning: env=6, path=2014 || ( 14% complete) success rate =  1.0 planning time = 0.528sec
planning: env=6, path=2015 || ( 15% complete) success rate =  1.0 planning time = 0.78sec
planning: env=6, path=2016 || ( 16% complete) success rate =  1.0 planning time = 0.444sec
planning: env=6, path=2017 || ( 17% complete) success rate =  1.0 planning time = 0.211sec
planning: env=6, path=2018 || ( 18% complete) success rate =  1.0 planning time = 0.344sec
planning: env=6, path=2019 || ( 19% complete) success rate =  1.0 planning time = 0.295sec
planning: env=6, path=2020 || ( 20% complete) success rate =  1.0 planning time = 0.527sec
planning: env=6, path=2021 || ( 21% complete) success rate =  1.0 planning time = 0.488sec
planning: env=6, path=2022 || ( 22% complete) success rate =  1.0 planning time = 0.174sec
planning: env=6, path=2023 || ( 23% complete) success rate =  1.0 planning time = 0.201sec
planning: env=6, path=2024 || ( 24% complete) success rate =  1.0 planning time = 4.08sec
planning: env=6, path=2025 || ( 25% complete) success rate =  1.0 planning time = 0.513sec
planning: env=6, path=2026 || ( 26% complete) success rate =  1.0 planning time = 0.521sec
planning: env=6, path=2027 || ( 27% complete) success rate =  1.0 planning time = 0.857sec
planning: env=6, path=2028 || ( 28% complete) success rate =  1.0 planning time = 0.597sec
planning: env=6, path=2029 || ( 29% complete) success rate =  1.0 planning time = 0.487sec
planning: env=6, path=2030 || ( 30% complete) success rate =  1.0 planning time = 0.175sec
planning: env=6, path=2031 || ( 31% complete) success rate =  1.0 planning time = 0.72sec
planning: env=6, path=2032 || ( 32% complete) success rate =  1.0 planning time = 0.44sec
planning: env=6, path=2033 || ( 33% complete) success rate =  1.0 planning time = 0.474sec
planning: env=6, path=2034 || ( 34% complete) success rate =  1.0 planning time = 0.508sec
planning: env=6, path=2035 || ( 35% complete) success rate =  1.0 planning time = 0.522sec
planning: env=6, path=2036 || ( 36% complete) success rate =  1.0 planning time = 0.723sec
planning: env=6, path=2037 || ( 37% complete) success rate =  1.0 planning time = 0.418sec
planning: env=6, path=2038 || ( 38% complete) success rate =  1.0 planning time = 0.441sec
planning: env=6, path=2039 || ( 39% complete) success rate =  1.0 planning time = 0.246sec
planning: env=6, path=2040 || ( 40% complete) success rate =  1.0 planning time = 0.238sec
planning: env=6, path=2041 || ( 41% complete) success rate =  1.0 planning time = 0.449sec
planning: env=6, path=2042 || ( 42% complete) success rate =  1.0 planning time = 0.136sec
planning: env=6, path=2043 || ( 43% complete) success rate =  1.0 planning time = 0.443sec
planning: env=6, path=2044 || ( 44% complete) success rate =  1.0 planning time = 0.304sec
planning: env=6, path=2045 || ( 45% complete) success rate =  1.0 planning time = 0.554sec
planning: env=6, path=2046 || ( 46% complete) success rate =  1.0 planning time = 0.49sec
planning: env=6, path=2047 || ( 47% complete) success rate =  1.0 planning time = 0.728sec
planning: env=6, path=2048 || ( 48% complete) success rate =  1.0 planning time = 0.606sec
planning: env=6, path=2049 || ( 49% complete) success rate =  1.0 planning time = 0.528sec
planning: env=6, path=2050 || ( 50% complete) success rate =  1.0 planning time = 0.531sec
planning: env=6, path=2051 || ( 51% complete) success rate =  1.0 planning time = 0.554sec
planning: env=6, path=2052 || ( 52% complete) success rate =  1.0 planning time = 0.627sec
planning: env=6, path=2053 || ( 53% complete) success rate =  1.0 planning time = 2.01sec
planning: env=6, path=2054 || ( 54% complete) success rate =  1.0 planning time = 0.544sec
planning: env=6, path=2055 || ( 55% complete) success rate =  1.0 planning time =  0.7sec
planning: env=6, path=2056 || ( 56% complete) success rate =  1.0 planning time = 0.293sec
planning: env=6, path=2057 || ( 57% complete) success rate =  1.0 planning time = 0.332sec
planning: env=6, path=2058 || ( 58% complete) success rate =  1.0 planning time = 0.195sec
planning: env=6, path=2059 || ( 59% complete) success rate =  1.0 planning time = 0.615sec
planning: env=6, path=2060 || ( 60% complete) success rate =  1.0 planning time = 3.58sec
planning: env=6, path=2061 || ( 61% complete) success rate =  1.0 planning time = 1.61sec
planning: env=6, path=2062 || ( 62% complete) success rate =  1.0 planning time = 0.141sec
planning: env=6, path=2063 || ( 63% complete) success rate =  1.0 planning time = 2.02sec
planning: env=6, path=2064 || ( 64% complete) success rate =  1.0 planning time = 3.01sec
planning: env=6, path=2065 || ( 65% complete) success rate =  1.0 planning time = 0.499sec
planning: env=6, path=2066 || ( 66% complete) success rate =  1.0 planning time = 0.401sec
planning: env=6, path=2067 || ( 67% complete) success rate =  1.0 planning time = 2.78sec
planning: env=6, path=2068 || ( 68% complete) success rate =  1.0 planning time = 0.27sec
planning: env=6, path=2069 || ( 69% complete) success rate =  1.0 planning time = 0.153sec
planning: env=6, path=2070 || ( 70% complete) success rate =  1.0 planning time = 0.533sec
planning: env=6, path=2071 || ( 71% complete) success rate =  1.0 planning time = 2.86sec
planning: env=6, path=2072 || ( 72% complete) success rate =  1.0 planning time = 0.674sec
planning: env=6, path=2073 || ( 73% complete) success rate =  1.0 planning time = 0.131sec
planning: env=6, path=2074 || ( 74% complete) success rate =  1.0 planning time = 1.08sec
planning: env=6, path=2075 || ( 75% complete) success rate =  1.0 planning time = 0.487sec
planning: env=6, path=2076 || ( 76% complete) success rate =  1.0 planning time =  2.3sec
planning: env=6, path=2077 || ( 77% complete) success rate =  1.0 planning time = 0.284sec
planning: env=6, path=2078 || ( 78% complete) success rate =  1.0 planning time = 1.18sec
planning: env=6, path=2079 || ( 79% complete) success rate =  1.0 planning time = 0.529sec
planning: env=6, path=2080 || ( 80% complete) success rate =  1.0 planning time = 0.207sec
planning: env=6, path=2081 || ( 81% complete) success rate =  1.0 planning time = 0.286sec
planning: env=6, path=2082 || ( 82% complete) success rate =  1.0 planning time = 0.342sec
planning: env=6, path=2083 || ( 83% complete) success rate =  1.0 planning time = 0.506sec
planning: env=6, path=2084 || ( 84% complete) success rate =  1.0 planning time = 0.463sec
planning: env=6, path=2085 || ( 85% complete) success rate =  1.0 planning time = 0.254sec
planning: env=6, path=2086 || ( 86% complete) success rate =  1.0 planning time = 0.208sec
planning: env=6, path=2087 || ( 87% complete) success rate =  1.0 planning time = 0.362sec
planning: env=6, path=2088 || ( 88% complete) success rate =  1.0 planning time = 3.14sec
planning: env=6, path=2089 || ( 89% complete) success rate =  1.0 planning time = 0.72sec
planning: env=6, path=2090 || ( 90% complete) success rate =  1.0 planning time = 0.353sec
planning: env=6, path=2091 || ( 91% complete) success rate =  1.0 planning time = 0.625sec
planning: env=6, path=2092 || ( 92% complete) success rate =  1.0 planning time = 0.469sec
planning: env=6, path=2093 || ( 93% complete) success rate =  1.0 planning time = 0.868sec
planning: env=6, path=2094 || ( 94% complete) success rate =  1.0 planning time = 0.482sec
planning: env=6, path=2095 || ( 95% complete) success rate =  1.0 planning time = 0.333sec
planning: env=6, path=2096 || ( 96% complete) success rate =  1.0 planning time = 2.21sec
planning: env=6, path=2097 || ( 97% complete) success rate =  1.0 planning time = 0.767sec
planning: env=6, path=2098 || ( 98% complete) success rate =  1.0 planning time = 0.674sec
planning: env=6, path=2099 || ( 99% complete) success rate =  1.0 planning time = 0.577sec
planning: env=6, path=2099 || (100% complete) success rate =  1.0 planning time = 0.577sec
planning: env=7, path=- || (  0% complete) success rate = ---- planning time = ----sec
planning: env=7, path=2000 || (  0% complete) success rate =  1.0 planning time = 3.29sec
planning: env=7, path=2001 || (  1% complete) success rate =  1.0 planning time = 0.307sec
planning: env=7, path=2002 || (  2% complete) success rate =  1.0 planning time = 0.508sec
planning: env=7, path=2003 || (  3% complete) success rate =  1.0 planning time = 0.666sec
planning: env=7, path=2004 || (  4% complete) success rate =  1.0 planning time = 0.412sec
planning: env=7, path=2005 || (  5% complete) success rate =  1.0 planning time = 0.454sec
planning: env=7, path=2006 || (  6% complete) success rate =  1.0 planning time = 1.59sec
planning: env=7, path=2007 || (  7% complete) success rate =  1.0 planning time = 0.401sec
planning: env=7, path=2008 || (  8% complete) success rate =  1.0 planning time = 2.66sec
planning: env=7, path=2009 || (  9% complete) success rate =  1.0 planning time = 0.387sec
planning: env=7, path=2010 || ( 10% complete) success rate =  1.0 planning time = 0.651sec
planning: env=7, path=2011 || ( 11% complete) success rate =  1.0 planning time = 0.847sec
planning: env=7, path=2012 || ( 12% complete) success rate =  1.0 planning time = 0.187sec
planning: env=7, path=2013 || ( 13% complete) success rate =  1.0 planning time = 0.654sec
planning: env=7, path=2014 || ( 14% complete) success rate =  1.0 planning time = 0.517sec
planning: env=7, path=2015 || ( 15% complete) success rate =  1.0 planning time = 0.488sec
planning: env=7, path=2016 || ( 16% complete) success rate =  1.0 planning time = 0.582sec
planning: env=7, path=2017 || ( 17% complete) success rate =  1.0 planning time = 2.81sec
planning: env=7, path=2018 || ( 18% complete) success rate =  1.0 planning time = 0.291sec
planning: env=7, path=2019 || ( 19% complete) success rate =  1.0 planning time = 0.358sec
planning: env=7, path=2020 || ( 20% complete) success rate =  1.0 planning time = 0.73sec
planning: env=7, path=2021 || ( 21% complete) success rate =  1.0 planning time = 0.652sec
planning: env=7, path=2022 || ( 22% complete) success rate =  1.0 planning time = 4.03sec
planning: env=7, path=2023 || ( 23% complete) success rate =  1.0 planning time = 0.175sec
planning: env=7, path=2024 || ( 24% complete) success rate =  1.0 planning time = 0.581sec
planning: env=7, path=2025 || ( 25% complete) success rate =  1.0 planning time = 1.74sec
planning: env=7, path=2026 || ( 26% complete) success rate =  1.0 planning time = 5.85sec
planning: env=7, path=2027 || ( 27% complete) success rate =  1.0 planning time = 0.294sec
planning: env=7, path=2028 || ( 28% complete) success rate =  1.0 planning time = 0.348sec
planning: env=7, path=2029 || ( 29% complete) success rate =  1.0 planning time = 0.798sec
planning: env=7, path=2030 || ( 30% complete) success rate =  1.0 planning time = 0.254sec
planning: env=7, path=2031 || ( 31% complete) success rate =  1.0 planning time = 0.305sec
planning: env=7, path=2032 || ( 32% complete) success rate =  1.0 planning time = 0.287sec
planning: env=7, path=2033 || ( 33% complete) success rate =  1.0 planning time = 3.58sec
planning: env=7, path=2034 || ( 34% complete) success rate =  1.0 planning time = 0.52sec
planning: env=7, path=2035 || ( 35% complete) success rate =  1.0 planning time = 9.39sec
planning: env=7, path=2036 || ( 36% complete) success rate =  1.0 planning time = 1.32sec
planning: env=7, path=2037 || ( 37% complete) success rate =  1.0 planning time = 0.316sec
planning: env=7, path=2038 || ( 38% complete) success rate =  1.0 planning time = 0.427sec
planning: env=7, path=2039 || ( 39% complete) success rate =  1.0 planning time = 0.308sec
planning: env=7, path=2040 || ( 40% complete) success rate =  1.0 planning time = 0.322sec
planning: env=7, path=2041 || ( 41% complete) success rate =  1.0 planning time = 4.75sec
planning: env=7, path=2042 || ( 42% complete) success rate =  1.0 planning time = 0.148sec
planning: env=7, path=2043 || ( 43% complete) success rate =  1.0 planning time = 4.29sec
planning: env=7, path=2044 || ( 44% complete) success rate =  1.0 planning time = 0.293sec
planning: env=7, path=2045 || ( 45% complete) success rate =  1.0 planning time = 0.465sec
planning: env=7, path=2046 || ( 46% complete) success rate =  1.0 planning time = 4.43sec
planning: env=7, path=2047 || ( 47% complete) success rate =  1.0 planning time = 2.07sec
planning: env=7, path=2048 || ( 48% complete) success rate =  1.0 planning time = 0.495sec
planning: env=7, path=2049 || ( 49% complete) success rate =  1.0 planning time =  5.3sec
planning: env=7, path=2050 || ( 50% complete) success rate =  1.0 planning time = 6.25sec
planning: env=7, path=2051 || ( 51% complete) success rate =  1.0 planning time = 0.18sec
planning: env=7, path=2052 || ( 52% complete) success rate =  1.0 planning time = 0.252sec
planning: env=7, path=2053 || ( 53% complete) success rate =  1.0 planning time = 0.545sec
planning: env=7, path=2054 || ( 54% complete) success rate =  1.0 planning time = 0.572sec
planning: env=7, path=2055 || ( 55% complete) success rate =  1.0 planning time = 0.967sec
planning: env=7, path=2056 || ( 56% complete) success rate =  1.0 planning time = 1.59sec
planning: env=7, path=2057 || ( 57% complete) success rate =  1.0 planning time = 0.507sec
planning: env=7, path=2058 || ( 58% complete) success rate =  1.0 planning time = 0.306sec
planning: env=7, path=2059 || ( 59% complete) success rate =  1.0 planning time = 0.44sec
planning: env=7, path=2060 || ( 60% complete) success rate =  1.0 planning time = 0.664sec
planning: env=7, path=2061 || ( 61% complete) success rate =  1.0 planning time = 1.96sec
planning: env=7, path=2062 || ( 62% complete) success rate =  1.0 planning time = 0.294sec
planning: env=7, path=2063 || ( 63% complete) success rate =  1.0 planning time = 0.362sec
planning: env=7, path=2064 || ( 64% complete) success rate =  1.0 planning time = 3.83sec
planning: env=7, path=2065 || ( 65% complete) success rate =  1.0 planning time = 2.87sec
planning: env=7, path=2066 || ( 66% complete) success rate =  1.0 planning time = 0.187sec
planning: env=7, path=2067 || ( 67% complete) success rate =  1.0 planning time = 2.99sec
planning: env=7, path=2068 || ( 68% complete) success rate =  1.0 planning time = 0.232sec
planning: env=7, path=2069 || ( 69% complete) success rate =  1.0 planning time = 0.361sec
planning: env=7, path=2070 || ( 70% complete) success rate =  1.0 planning time = 0.462sec
planning: env=7, path=2071 || ( 71% complete) success rate =  1.0 planning time = 1.58sec
planning: env=7, path=2072 || ( 72% complete) success rate =  1.0 planning time = 0.88sec
planning: env=7, path=2073 || ( 73% complete) success rate =  1.0 planning time = 0.149sec
planning: env=7, path=2074 || ( 74% complete) success rate =  1.0 planning time = 0.397sec
planning: env=7, path=2075 || ( 75% complete) success rate =  1.0 planning time = 0.289sec
planning: env=7, path=2076 || ( 76% complete) success rate =  1.0 planning time = 0.655sec
planning: env=7, path=2077 || ( 77% complete) success rate =  1.0 planning time = 0.604sec
planning: env=7, path=2078 || ( 78% complete) success rate =  1.0 planning time = 0.44sec
planning: env=7, path=2079 || ( 79% complete) success rate =  1.0 planning time =  4.3sec
planning: env=7, path=2080 || ( 80% complete) success rate =  1.0 planning time = 12.4sec
planning: env=7, path=2081 || ( 81% complete) success rate =  1.0 planning time = 4.34sec
planning: env=7, path=2082 || ( 82% complete) success rate =  1.0 planning time = 16.6sec
planning: env=7, path=2083 || ( 83% complete) success rate =  1.0 planning time = 0.761sec
planning: env=7, path=2084 || ( 84% complete) success rate =  1.0 planning time = 0.247sec
planning: env=7, path=2085 || ( 85% complete) success rate =  1.0 planning time = 5.57sec
planning: env=7, path=2085 || ( 87% complete) success rate =  1.0 planning time = 5.57sec
planning: env=7, path=2087 || ( 87% complete) success rate = 0.989 planning time = 0.29sec
planning: env=7, path=2088 || ( 88% complete) success rate = 0.989 planning time = 0.377sec
planning: env=7, path=2089 || ( 89% complete) success rate = 0.989 planning time = 4.95sec
planning: env=7, path=2090 || ( 90% complete) success rate = 0.989 planning time = 1.79sec
planning: env=7, path=2091 || ( 91% complete) success rate = 0.989 planning time = 2.39sec
planning: env=7, path=2092 || ( 92% complete) success rate = 0.989 planning time = 7.65sec
planning: env=7, path=2093 || ( 93% complete) success rate = 0.989 planning time = 0.295sec
planning: env=7, path=2094 || ( 94% complete) success rate = 0.989 planning time = 17.0sec
planning: env=7, path=2095 || ( 95% complete) success rate = 0.99 planning time = 0.0771sec
planning: env=7, path=2096 || ( 96% complete) success rate = 0.99 planning time = 0.49sec
planning: env=7, path=2097 || ( 97% complete) success rate = 0.99 planning time = 3.64sec
planning: env=7, path=2098 || ( 98% complete) success rate = 0.99 planning time =  0.6sec
planning: env=7, path=2099 || ( 99% complete) success rate = 0.99 planning time = 0.546sec
planning: env=7, path=2099 || (100% complete) success rate = 0.99 planning time = 0.546sec
planning: env=8, path=- || (  0% complete) success rate = ---- planning time = ----sec
planning: env=8, path=2000 || (  0% complete) success rate =  1.0 planning time = 1.09sec
planning: env=8, path=2001 || (  1% complete) success rate =  1.0 planning time =  4.0sec
planning: env=8, path=2002 || (  2% complete) success rate =  1.0 planning time = 1.76sec
planning: env=8, path=2003 || (  3% complete) success rate =  1.0 planning time =  0.7sec
planning: env=8, path=2004 || (  4% complete) success rate =  1.0 planning time = 0.279sec
planning: env=8, path=2005 || (  5% complete) success rate =  1.0 planning time = 0.538sec
planning: env=8, path=2006 || (  6% complete) success rate =  1.0 planning time = 0.446sec
planning: env=8, path=2007 || (  7% complete) success rate =  1.0 planning time = 0.568sec
planning: env=8, path=2008 || (  8% complete) success rate =  1.0 planning time = 0.22sec
planning: env=8, path=2009 || (  9% complete) success rate =  1.0 planning time = 2.53sec
planning: env=8, path=2010 || ( 10% complete) success rate =  1.0 planning time = 0.429sec
planning: env=8, path=2011 || ( 11% complete) success rate =  1.0 planning time = 0.815sec
planning: env=8, path=2012 || ( 12% complete) success rate =  1.0 planning time = 1.24sec
planning: env=8, path=2013 || ( 13% complete) success rate =  1.0 planning time = 0.288sec
planning: env=8, path=2014 || ( 14% complete) success rate =  1.0 planning time = 0.271sec
planning: env=8, path=2015 || ( 15% complete) success rate =  1.0 planning time = 0.413sec
planning: env=8, path=2016 || ( 16% complete) success rate =  1.0 planning time = 0.785sec
planning: env=8, path=2017 || ( 17% complete) success rate =  1.0 planning time = 0.783sec
planning: env=8, path=2018 || ( 18% complete) success rate =  1.0 planning time = 0.498sec
planning: env=8, path=2019 || ( 19% complete) success rate =  1.0 planning time = 0.469sec
planning: env=8, path=2020 || ( 20% complete) success rate =  1.0 planning time = 3.71sec
planning: env=8, path=2021 || ( 21% complete) success rate =  1.0 planning time = 3.56sec
planning: env=8, path=2022 || ( 22% complete) success rate =  1.0 planning time = 0.351sec
planning: env=8, path=2023 || ( 23% complete) success rate =  1.0 planning time = 6.06sec
planning: env=8, path=2024 || ( 24% complete) success rate =  1.0 planning time = 10.2sec
planning: env=8, path=2025 || ( 25% complete) success rate =  1.0 planning time = 0.601sec
planning: env=8, path=2026 || ( 26% complete) success rate =  1.0 planning time = 0.244sec
planning: env=8, path=2027 || ( 27% complete) success rate =  1.0 planning time = 0.138sec
planning: env=8, path=2028 || ( 28% complete) success rate =  1.0 planning time = 1.13sec
planning: env=8, path=2029 || ( 29% complete) success rate =  1.0 planning time = 0.733sec
planning: env=8, path=2030 || ( 30% complete) success rate =  1.0 planning time = 0.422sec
planning: env=8, path=2031 || ( 31% complete) success rate =  1.0 planning time = 0.266sec
planning: env=8, path=2032 || ( 32% complete) success rate =  1.0 planning time = 0.394sec
planning: env=8, path=2033 || ( 33% complete) success rate =  1.0 planning time = 0.491sec
planning: env=8, path=2034 || ( 34% complete) success rate =  1.0 planning time = 0.433sec
planning: env=8, path=2035 || ( 35% complete) success rate =  1.0 planning time = 0.368sec
planning: env=8, path=2036 || ( 36% complete) success rate =  1.0 planning time = 0.393sec
planning: env=8, path=2037 || ( 37% complete) success rate =  1.0 planning time = 0.376sec
planning: env=8, path=2038 || ( 38% complete) success rate =  1.0 planning time = 0.495sec
planning: env=8, path=2039 || ( 39% complete) success rate =  1.0 planning time =  0.2sec
planning: env=8, path=2040 || ( 40% complete) success rate =  1.0 planning time = 0.419sec
planning: env=8, path=2041 || ( 41% complete) success rate =  1.0 planning time = 0.898sec
planning: env=8, path=2042 || ( 42% complete) success rate =  1.0 planning time = 0.65sec
planning: env=8, path=2043 || ( 43% complete) success rate =  1.0 planning time = 0.266sec
planning: env=8, path=2044 || ( 44% complete) success rate =  1.0 planning time = 4.96sec
planning: env=8, path=2045 || ( 45% complete) success rate =  1.0 planning time = 0.477sec
planning: env=8, path=2045 || ( 47% complete) success rate =  1.0 planning time = 0.477sec
planning: env=8, path=2047 || ( 47% complete) success rate = 0.979 planning time = 0.786sec
planning: env=8, path=2048 || ( 48% complete) success rate = 0.98 planning time = 0.636sec
planning: env=8, path=2049 || ( 49% complete) success rate = 0.98 planning time = 0.523sec
planning: env=8, path=2050 || ( 50% complete) success rate = 0.98 planning time = 0.665sec
planning: env=8, path=2051 || ( 51% complete) success rate = 0.981 planning time = 0.771sec
planning: env=8, path=2052 || ( 52% complete) success rate = 0.981 planning time = 0.326sec
planning: env=8, path=2053 || ( 53% complete) success rate = 0.981 planning time = 0.635sec
planning: env=8, path=2054 || ( 54% complete) success rate = 0.982 planning time =  0.4sec
planning: env=8, path=2055 || ( 55% complete) success rate = 0.982 planning time = 1.61sec
planning: env=8, path=2056 || ( 56% complete) success rate = 0.982 planning time = 2.83sec
planning: env=8, path=2057 || ( 57% complete) success rate = 0.983 planning time = 0.85sec
planning: env=8, path=2058 || ( 58% complete) success rate = 0.983 planning time = 0.156sec
planning: env=8, path=2059 || ( 59% complete) success rate = 0.983 planning time = 0.258sec
planning: env=8, path=2060 || ( 60% complete) success rate = 0.984 planning time = 0.462sec
planning: env=8, path=2061 || ( 61% complete) success rate = 0.984 planning time = 1.36sec
planning: env=8, path=2062 || ( 62% complete) success rate = 0.984 planning time = 1.49sec
planning: env=8, path=2063 || ( 63% complete) success rate = 0.984 planning time = 0.202sec
planning: env=8, path=2064 || ( 64% complete) success rate = 0.985 planning time = 0.592sec
planning: env=8, path=2065 || ( 65% complete) success rate = 0.985 planning time = 0.698sec
planning: env=8, path=2066 || ( 66% complete) success rate = 0.985 planning time = 0.189sec
planning: env=8, path=2067 || ( 67% complete) success rate = 0.985 planning time = 0.165sec
planning: env=8, path=2068 || ( 68% complete) success rate = 0.986 planning time = 0.533sec
planning: env=8, path=2069 || ( 69% complete) success rate = 0.986 planning time = 0.545sec
planning: env=8, path=2070 || ( 70% complete) success rate = 0.986 planning time = 0.268sec
planning: env=8, path=2071 || ( 71% complete) success rate = 0.986 planning time = 0.558sec
planning: env=8, path=2072 || ( 72% complete) success rate = 0.986 planning time = 0.887sec
planning: env=8, path=2073 || ( 73% complete) success rate = 0.986 planning time = 0.855sec
planning: env=8, path=2074 || ( 74% complete) success rate = 0.987 planning time = 0.353sec
planning: env=8, path=2075 || ( 75% complete) success rate = 0.987 planning time = 3.24sec
planning: env=8, path=2076 || ( 76% complete) success rate = 0.987 planning time = 0.244sec
planning: env=8, path=2077 || ( 77% complete) success rate = 0.987 planning time = 0.622sec
planning: env=8, path=2078 || ( 78% complete) success rate = 0.987 planning time = 0.302sec
planning: env=8, path=2079 || ( 79% complete) success rate = 0.988 planning time = 0.704sec
planning: env=8, path=2080 || ( 80% complete) success rate = 0.988 planning time = 0.881sec
planning: env=8, path=2081 || ( 81% complete) success rate = 0.988 planning time = 0.632sec
planning: env=8, path=2082 || ( 82% complete) success rate = 0.988 planning time = 2.65sec
planning: env=8, path=2083 || ( 83% complete) success rate = 0.988 planning time = 0.146sec
planning: env=8, path=2084 || ( 84% complete) success rate = 0.988 planning time = 0.16sec
planning: env=8, path=2085 || ( 85% complete) success rate = 0.988 planning time = 0.475sec
planning: env=8, path=2086 || ( 86% complete) success rate = 0.989 planning time = 0.323sec
planning: env=8, path=2087 || ( 87% complete) success rate = 0.989 planning time = 0.318sec
planning: env=8, path=2088 || ( 88% complete) success rate = 0.989 planning time = 0.416sec
planning: env=8, path=2089 || ( 89% complete) success rate = 0.989 planning time = 0.232sec
planning: env=8, path=2090 || ( 90% complete) success rate = 0.989 planning time = 0.735sec
planning: env=8, path=2091 || ( 91% complete) success rate = 0.989 planning time = 0.551sec
planning: env=8, path=2092 || ( 92% complete) success rate = 0.989 planning time = 0.21sec
planning: env=8, path=2093 || ( 93% complete) success rate = 0.989 planning time = 0.551sec
planning: env=8, path=2094 || ( 94% complete) success rate = 0.989 planning time = 0.672sec
planning: env=8, path=2095 || ( 95% complete) success rate = 0.99 planning time = 0.58sec
planning: env=8, path=2096 || ( 96% complete) success rate = 0.99 planning time = 0.156sec
planning: env=8, path=2097 || ( 97% complete) success rate = 0.99 planning time = 1.71sec
planning: env=8, path=2098 || ( 98% complete) success rate = 0.99 planning time = 0.831sec
planning: env=8, path=2099 || ( 99% complete) success rate = 0.99 planning time = 0.273sec
planning: env=8, path=2099 || (100% complete) success rate = 0.99 planning time = 0.273sec
planning: env=9, path=- || (  0% complete) success rate = ---- planning time = ----sec
planning: env=9, path=2000 || (  0% complete) success rate =  1.0 planning time = 0.627sec
planning: env=9, path=2001 || (  1% complete) success rate =  1.0 planning time = 0.469sec
planning: env=9, path=2002 || (  2% complete) success rate =  1.0 planning time = 0.589sec
planning: env=9, path=2003 || (  3% complete) success rate =  1.0 planning time = 0.447sec
planning: env=9, path=2004 || (  4% complete) success rate =  1.0 planning time = 0.605sec
planning: env=9, path=2005 || (  5% complete) success rate =  1.0 planning time = 0.463sec
planning: env=9, path=2006 || (  6% complete) success rate =  1.0 planning time = 0.281sec
planning: env=9, path=2007 || (  7% complete) success rate =  1.0 planning time = 0.49sec
planning: env=9, path=2008 || (  8% complete) success rate =  1.0 planning time = 0.601sec
planning: env=9, path=2009 || (  9% complete) success rate =  1.0 planning time = 1.85sec
planning: env=9, path=2010 || ( 10% complete) success rate =  1.0 planning time =  0.5sec
planning: env=9, path=2011 || ( 11% complete) success rate =  1.0 planning time = 0.366sec
planning: env=9, path=2012 || ( 12% complete) success rate =  1.0 planning time = 0.275sec
planning: env=9, path=2013 || ( 13% complete) success rate =  1.0 planning time = 0.484sec
planning: env=9, path=2014 || ( 14% complete) success rate =  1.0 planning time = 0.868sec
planning: env=9, path=2015 || ( 15% complete) success rate =  1.0 planning time = 0.874sec
planning: env=9, path=2016 || ( 16% complete) success rate =  1.0 planning time = 0.998sec
planning: env=9, path=2017 || ( 17% complete) success rate =  1.0 planning time = 0.25sec
planning: env=9, path=2018 || ( 18% complete) success rate =  1.0 planning time = 0.12sec
planning: env=9, path=2019 || ( 19% complete) success rate =  1.0 planning time = 0.256sec
planning: env=9, path=2020 || ( 20% complete) success rate =  1.0 planning time = 0.539sec
planning: env=9, path=2021 || ( 21% complete) success rate =  1.0 planning time = 3.31sec
planning: env=9, path=2022 || ( 22% complete) success rate =  1.0 planning time = 0.525sec
planning: env=9, path=2023 || ( 23% complete) success rate =  1.0 planning time = 0.309sec
planning: env=9, path=2024 || ( 24% complete) success rate =  1.0 planning time = 0.532sec
planning: env=9, path=2025 || ( 25% complete) success rate =  1.0 planning time = 0.627sec
planning: env=9, path=2026 || ( 26% complete) success rate =  1.0 planning time = 1.59sec
planning: env=9, path=2027 || ( 27% complete) success rate =  1.0 planning time = 0.665sec
planning: env=9, path=2028 || ( 28% complete) success rate =  1.0 planning time = 0.541sec
planning: env=9, path=2029 || ( 29% complete) success rate =  1.0 planning time = 1.73sec
planning: env=9, path=2030 || ( 30% complete) success rate =  1.0 planning time = 0.25sec
planning: env=9, path=2031 || ( 31% complete) success rate =  1.0 planning time = 1.13sec
planning: env=9, path=2032 || ( 32% complete) success rate =  1.0 planning time = 0.287sec
planning: env=9, path=2033 || ( 33% complete) success rate =  1.0 planning time = 0.439sec
planning: env=9, path=2034 || ( 34% complete) success rate =  1.0 planning time = 0.273sec
planning: env=9, path=2035 || ( 35% complete) success rate =  1.0 planning time = 0.434sec
planning: env=9, path=2036 || ( 36% complete) success rate =  1.0 planning time = 0.563sec
planning: env=9, path=2037 || ( 37% complete) success rate =  1.0 planning time = 0.425sec
planning: env=9, path=2038 || ( 38% complete) success rate =  1.0 planning time = 3.45sec
planning: env=9, path=2039 || ( 39% complete) success rate =  1.0 planning time = 2.23sec
planning: env=9, path=2040 || ( 40% complete) success rate =  1.0 planning time = 5.97sec
planning: env=9, path=2041 || ( 41% complete) success rate =  1.0 planning time = 0.862sec
planning: env=9, path=2042 || ( 42% complete) success rate =  1.0 planning time = 0.46sec
planning: env=9, path=2043 || ( 43% complete) success rate =  1.0 planning time = 0.489sec
planning: env=9, path=2044 || ( 44% complete) success rate =  1.0 planning time = 1.18sec
planning: env=9, path=2045 || ( 45% complete) success rate =  1.0 planning time = 0.388sec
planning: env=9, path=2046 || ( 46% complete) success rate =  1.0 planning time = 1.42sec
planning: env=9, path=2047 || ( 47% complete) success rate =  1.0 planning time = 0.119sec
planning: env=9, path=2048 || ( 48% complete) success rate =  1.0 planning time = 0.416sec
planning: env=9, path=2049 || ( 49% complete) success rate =  1.0 planning time = 0.891sec
planning: env=9, path=2050 || ( 50% complete) success rate =  1.0 planning time = 0.802sec
planning: env=9, path=2051 || ( 51% complete) success rate =  1.0 planning time = 0.198sec
planning: env=9, path=2052 || ( 52% complete) success rate =  1.0 planning time = 0.415sec
planning: env=9, path=2053 || ( 53% complete) success rate =  1.0 planning time = 0.686sec
planning: env=9, path=2054 || ( 54% complete) success rate =  1.0 planning time = 0.608sec
planning: env=9, path=2055 || ( 55% complete) success rate =  1.0 planning time = 0.532sec
planning: env=9, path=2056 || ( 56% complete) success rate =  1.0 planning time = 0.539sec
planning: env=9, path=2057 || ( 57% complete) success rate =  1.0 planning time = 0.312sec
planning: env=9, path=2058 || ( 58% complete) success rate =  1.0 planning time = 0.574sec
planning: env=9, path=2059 || ( 59% complete) success rate =  1.0 planning time = 0.137sec
planning: env=9, path=2060 || ( 60% complete) success rate =  1.0 planning time = 0.487sec
planning: env=9, path=2061 || ( 61% complete) success rate =  1.0 planning time = 0.525sec
planning: env=9, path=2062 || ( 62% complete) success rate =  1.0 planning time = 0.347sec
planning: env=9, path=2063 || ( 63% complete) success rate =  1.0 planning time = 0.721sec
planning: env=9, path=2064 || ( 64% complete) success rate =  1.0 planning time = 0.391sec
planning: env=9, path=2065 || ( 65% complete) success rate =  1.0 planning time = 0.221sec
planning: env=9, path=2066 || ( 66% complete) success rate =  1.0 planning time = 9.11sec
planning: env=9, path=2067 || ( 67% complete) success rate =  1.0 planning time = 0.234sec
planning: env=9, path=2068 || ( 68% complete) success rate =  1.0 planning time = 2.24sec
planning: env=9, path=2069 || ( 69% complete) success rate =  1.0 planning time = 0.335sec
planning: env=9, path=2070 || ( 70% complete) success rate =  1.0 planning time = 0.605sec
planning: env=9, path=2071 || ( 71% complete) success rate =  1.0 planning time = 0.402sec
planning: env=9, path=2072 || ( 72% complete) success rate =  1.0 planning time = 0.252sec
planning: env=9, path=2073 || ( 73% complete) success rate =  1.0 planning time = 0.61sec
planning: env=9, path=2074 || ( 74% complete) success rate =  1.0 planning time = 0.332sec
planning: env=9, path=2075 || ( 75% complete) success rate =  1.0 planning time = 0.631sec
planning: env=9, path=2076 || ( 76% complete) success rate =  1.0 planning time = 0.43sec
planning: env=9, path=2077 || ( 77% complete) success rate =  1.0 planning time = 0.642sec
planning: env=9, path=2078 || ( 78% complete) success rate =  1.0 planning time = 0.32sec
planning: env=9, path=2079 || ( 79% complete) success rate =  1.0 planning time = 0.67sec
planning: env=9, path=2080 || ( 80% complete) success rate =  1.0 planning time = 0.867sec
planning: env=9, path=2081 || ( 81% complete) success rate =  1.0 planning time = 3.08sec
planning: env=9, path=2082 || ( 82% complete) success rate =  1.0 planning time =  0.3sec
planning: env=9, path=2083 || ( 83% complete) success rate =  1.0 planning time = 2.22sec
planning: env=9, path=2084 || ( 84% complete) success rate =  1.0 planning time = 1.71sec
planning: env=9, path=2085 || ( 85% complete) success rate =  1.0 planning time = 2.53sec
planning: env=9, path=2086 || ( 86% complete) success rate =  1.0 planning time = 1.11sec
planning: env=9, path=2086 || ( 88% complete) success rate =  1.0 planning time = 1.11sec
planning: env=9, path=2088 || ( 88% complete) success rate = 0.989 planning time = 0.222sec
planning: env=9, path=2089 || ( 89% complete) success rate = 0.989 planning time = 0.218sec
planning: env=9, path=2090 || ( 90% complete) success rate = 0.989 planning time =  4.3sec
planning: env=9, path=2091 || ( 91% complete) success rate = 0.989 planning time = 0.482sec
planning: env=9, path=2092 || ( 92% complete) success rate = 0.989 planning time = 0.56sec
planning: env=9, path=2093 || ( 93% complete) success rate = 0.989 planning time = 0.164sec
planning: env=9, path=2094 || ( 94% complete) success rate = 0.989 planning time = 0.81sec
planning: env=9, path=2095 || ( 95% complete) success rate = 0.99 planning time = 0.237sec
planning: env=9, path=2096 || ( 96% complete) success rate = 0.99 planning time = 1.31sec
planning: env=9, path=2097 || ( 97% complete) success rate = 0.99 planning time = 0.611sec
planning: env=9, path=2098 || ( 98% complete) success rate = 0.99 planning time = 0.73sec
planning: env=9, path=2099 || ( 99% complete) success rate = 0.99 planning time = 0.184sec
planning: env=9, path=2099 || (100% complete) success rate = 0.99 planning time = 0.184sec
Namespace(N=10, NP=100, data_path='./data/complex/', device=0, disable_dropout=False, disable_lvc=False, env_type='c3d', epoch=200, model_path='./models_3d/', reproducible=False, result_path='./results_c3d_ep200/', s=0, sp=2000, world_size=[20.0])
using deep encoder, input_size=6000
loading...
cumulative: success rate=0.99, runtime (min/avg/max/stdev) = 0.05/1.65/19.18/3.32s
cumulative: success rate=0.99, runtime (min/avg/max/stdev) = 0.05/1.43/20.26/2.86s
cumulative: success rate=1.00, runtime (min/avg/max/stdev) = 0.05/1.43/20.26/2.71s
cumulative: success rate=0.99, runtime (min/avg/max/stdev) = 0.05/1.40/20.26/2.56s
cumulative: success rate=0.99, runtime (min/avg/max/stdev) = 0.05/1.47/20.26/2.64s
cumulative: success rate=0.99, runtime (min/avg/max/stdev) = 0.05/1.40/20.26/2.52s
cumulative: success rate=0.99, runtime (min/avg/max/stdev) = 0.05/1.32/20.26/2.38s
cumulative: success rate=0.99, runtime (min/avg/max/stdev) = 0.05/1.40/20.26/2.48s
cumulative: success rate=0.99, runtime (min/avg/max/stdev) = 0.05/1.35/20.26/2.39s
cumulative: success rate=0.99, runtime (min/avg/max/stdev) = 0.05/1.32/20.26/2.34s
